[0.240s] Invoking command in '/home/davide/sesasr_labs/build/examples_rclcpp_minimal_client': CMAKE_PREFIX_PATH=${CMAKE_PREFIX_PATH}:/home/davide/sesasr_labs/install/launch_testing_examples:/home/davide/sesasr_labs/install/examples_rclpy_pointcloud_publisher:/home/davide/sesasr_labs/install/examples_rclpy_minimal_subscriber:/home/davide/sesasr_labs/install/examples_rclpy_minimal_service:/home/davide/sesasr_labs/install/examples_rclpy_minimal_publisher:/home/davide/sesasr_labs/install/examples_rclpy_minimal_client:/home/davide/sesasr_labs/install/examples_rclpy_minimal_action_server:/home/davide/sesasr_labs/install/examples_rclpy_minimal_action_client:/home/davide/sesasr_labs/install/examples_rclpy_guard_conditions:/home/davide/sesasr_labs/install/examples_rclpy_executors:/opt/ros/humble /usr/bin/cmake /home/davide/sesasr_labs/src/examples/rclcpp/services/minimal_client -DAMENT_CMAKE_SYMLINK_INSTALL=1 -DCMAKE_INSTALL_PREFIX=/home/davide/sesasr_labs/install/examples_rclcpp_minimal_client
[0.359s] -- The C compiler identification is GNU 11.4.0
[0.729s] -- The CXX compiler identification is GNU 11.4.0
[1.022s] -- Detecting C compiler ABI info
[1.169s] -- Detecting C compiler ABI info - done
[1.175s] -- Check for working C compiler: /usr/bin/cc - skipped
[1.177s] -- Detecting C compile features
[1.177s] -- Detecting C compile features - done
[1.178s] -- Detecting CXX compiler ABI info
[1.331s] -- Detecting CXX compiler ABI info - done
[1.337s] -- Check for working CXX compiler: /usr/bin/c++ - skipped
[1.337s] -- Detecting CXX compile features
[1.337s] -- Detecting CXX compile features - done
[1.340s] -- Found ament_cmake: 1.3.6 (/opt/ros/humble/share/ament_cmake/cmake)
[1.521s] -- Found Python3: /usr/bin/python3.10 (found version "3.10.12") found components: Interpreter 
[1.594s] -- Override CMake install command with custom implementation using symlinks instead of copying resources
[1.628s] -- Found example_interfaces: 0.9.3 (/opt/ros/humble/share/example_interfaces/cmake)
[1.767s] -- Found rosidl_generator_c: 3.1.5 (/opt/ros/humble/share/rosidl_generator_c/cmake)
[1.772s] -- Found rosidl_adapter: 3.1.5 (/opt/ros/humble/share/rosidl_adapter/cmake)
[1.781s] -- Found rosidl_generator_cpp: 3.1.5 (/opt/ros/humble/share/rosidl_generator_cpp/cmake)
[1.797s] -- Using all available rosidl_typesupport_c: rosidl_typesupport_fastrtps_c;rosidl_typesupport_introspection_c
[1.819s] -- Using all available rosidl_typesupport_cpp: rosidl_typesupport_fastrtps_cpp;rosidl_typesupport_introspection_cpp
[1.972s] -- Found rclcpp: 16.0.7 (/opt/ros/humble/share/rclcpp/cmake)
[2.031s] -- Found rmw_implementation_cmake: 6.1.1 (/opt/ros/humble/share/rmw_implementation_cmake/cmake)
[2.034s] -- Found rmw_fastrtps_cpp: 6.2.5 (/opt/ros/humble/share/rmw_fastrtps_cpp/cmake)
[2.885s] -- Found OpenSSL: /usr/lib/x86_64-linux-gnu/libcrypto.so (found version "3.0.2")  
[3.901s] -- Found FastRTPS: /opt/ros/humble/include  
[6.253s] -- Using RMW implementation 'rmw_fastrtps_cpp' as default
[6.271s] -- Looking for pthread.h
[6.388s] -- Looking for pthread.h - found
[6.388s] -- Performing Test CMAKE_HAVE_LIBC_PTHREAD
[6.489s] -- Performing Test CMAKE_HAVE_LIBC_PTHREAD - Success
[6.490s] -- Found Threads: TRUE  
[6.641s] -- Found ament_lint_auto: 0.12.9 (/opt/ros/humble/share/ament_lint_auto/cmake)
[6.742s] -- Added test 'copyright' to check source files copyright and LICENSE
[6.743s] -- Added test 'cppcheck' to perform static code analysis on C / C++ code
[6.743s] -- Configured cppcheck include dirs: 
[6.743s] -- Configured cppcheck exclude dirs and/or files: 
[6.744s] -- Added test 'cpplint' to check C / C++ code against the Google style
[6.744s] -- Configured cpplint exclude dirs and/or files: 
[6.744s] -- Added test 'lint_cmake' to check CMake code style
[6.744s] -- Added test 'uncrustify' to check C / C++ code style
[6.744s] -- Configured uncrustify additional arguments: 
[6.746s] -- Added test 'xmllint' to check XML markup files
[6.747s] -- Configuring done
[6.749s] -- Generating done
[6.752s] -- Build files have been written to: /home/davide/sesasr_labs/build/examples_rclcpp_minimal_client
[6.928s] Invoked command in '/home/davide/sesasr_labs/build/examples_rclcpp_minimal_client' returned '0': CMAKE_PREFIX_PATH=${CMAKE_PREFIX_PATH}:/home/davide/sesasr_labs/install/launch_testing_examples:/home/davide/sesasr_labs/install/examples_rclpy_pointcloud_publisher:/home/davide/sesasr_labs/install/examples_rclpy_minimal_subscriber:/home/davide/sesasr_labs/install/examples_rclpy_minimal_service:/home/davide/sesasr_labs/install/examples_rclpy_minimal_publisher:/home/davide/sesasr_labs/install/examples_rclpy_minimal_client:/home/davide/sesasr_labs/install/examples_rclpy_minimal_action_server:/home/davide/sesasr_labs/install/examples_rclpy_minimal_action_client:/home/davide/sesasr_labs/install/examples_rclpy_guard_conditions:/home/davide/sesasr_labs/install/examples_rclpy_executors:/opt/ros/humble /usr/bin/cmake /home/davide/sesasr_labs/src/examples/rclcpp/services/minimal_client -DAMENT_CMAKE_SYMLINK_INSTALL=1 -DCMAKE_INSTALL_PREFIX=/home/davide/sesasr_labs/install/examples_rclcpp_minimal_client
[6.932s] Invoking command in '/home/davide/sesasr_labs/build/examples_rclcpp_minimal_client': CMAKE_PREFIX_PATH=${CMAKE_PREFIX_PATH}:/home/davide/sesasr_labs/install/launch_testing_examples:/home/davide/sesasr_labs/install/examples_rclpy_pointcloud_publisher:/home/davide/sesasr_labs/install/examples_rclpy_minimal_subscriber:/home/davide/sesasr_labs/install/examples_rclpy_minimal_service:/home/davide/sesasr_labs/install/examples_rclpy_minimal_publisher:/home/davide/sesasr_labs/install/examples_rclpy_minimal_client:/home/davide/sesasr_labs/install/examples_rclpy_minimal_action_server:/home/davide/sesasr_labs/install/examples_rclpy_minimal_action_client:/home/davide/sesasr_labs/install/examples_rclpy_guard_conditions:/home/davide/sesasr_labs/install/examples_rclpy_executors:/opt/ros/humble /usr/bin/cmake --build /home/davide/sesasr_labs/build/examples_rclcpp_minimal_client -- -j8 -l8
[6.974s] [35m[1mConsolidate compiler generated dependencies of target client_main[0m
[6.985s] [100%] Built target client_main
[7.089s] Invoked command in '/home/davide/sesasr_labs/build/examples_rclcpp_minimal_client' returned '0': CMAKE_PREFIX_PATH=${CMAKE_PREFIX_PATH}:/home/davide/sesasr_labs/install/launch_testing_examples:/home/davide/sesasr_labs/install/examples_rclpy_pointcloud_publisher:/home/davide/sesasr_labs/install/examples_rclpy_minimal_subscriber:/home/davide/sesasr_labs/install/examples_rclpy_minimal_service:/home/davide/sesasr_labs/install/examples_rclpy_minimal_publisher:/home/davide/sesasr_labs/install/examples_rclpy_minimal_client:/home/davide/sesasr_labs/install/examples_rclpy_minimal_action_server:/home/davide/sesasr_labs/install/examples_rclpy_minimal_action_client:/home/davide/sesasr_labs/install/examples_rclpy_guard_conditions:/home/davide/sesasr_labs/install/examples_rclpy_executors:/opt/ros/humble /usr/bin/cmake --build /home/davide/sesasr_labs/build/examples_rclcpp_minimal_client -- -j8 -l8
[7.108s] Invoking command in '/home/davide/sesasr_labs/build/examples_rclcpp_minimal_client': CMAKE_PREFIX_PATH=${CMAKE_PREFIX_PATH}:/home/davide/sesasr_labs/install/launch_testing_examples:/home/davide/sesasr_labs/install/examples_rclpy_pointcloud_publisher:/home/davide/sesasr_labs/install/examples_rclpy_minimal_subscriber:/home/davide/sesasr_labs/install/examples_rclpy_minimal_service:/home/davide/sesasr_labs/install/examples_rclpy_minimal_publisher:/home/davide/sesasr_labs/install/examples_rclpy_minimal_client:/home/davide/sesasr_labs/install/examples_rclpy_minimal_action_server:/home/davide/sesasr_labs/install/examples_rclpy_minimal_action_client:/home/davide/sesasr_labs/install/examples_rclpy_guard_conditions:/home/davide/sesasr_labs/install/examples_rclpy_executors:/opt/ros/humble /usr/bin/cmake --install /home/davide/sesasr_labs/build/examples_rclcpp_minimal_client
[7.114s] -- Install configuration: ""
[7.116s] -- Execute custom install script
[7.116s] -- Up-to-date symlink: /home/davide/sesasr_labs/install/examples_rclcpp_minimal_client/lib/examples_rclcpp_minimal_client/client_main
[7.116s] -- Up-to-date symlink: /home/davide/sesasr_labs/install/examples_rclcpp_minimal_client/share/ament_index/resource_index/package_run_dependencies/examples_rclcpp_minimal_client
[7.116s] -- Up-to-date symlink: /home/davide/sesasr_labs/install/examples_rclcpp_minimal_client/share/ament_index/resource_index/parent_prefix_path/examples_rclcpp_minimal_client
[7.116s] -- Up-to-date symlink: /home/davide/sesasr_labs/install/examples_rclcpp_minimal_client/share/examples_rclcpp_minimal_client/environment/ament_prefix_path.sh
[7.117s] -- Up-to-date symlink: /home/davide/sesasr_labs/install/examples_rclcpp_minimal_client/share/examples_rclcpp_minimal_client/environment/ament_prefix_path.dsv
[7.117s] -- Up-to-date symlink: /home/davide/sesasr_labs/install/examples_rclcpp_minimal_client/share/examples_rclcpp_minimal_client/environment/path.sh
[7.117s] -- Up-to-date symlink: /home/davide/sesasr_labs/install/examples_rclcpp_minimal_client/share/examples_rclcpp_minimal_client/environment/path.dsv
[7.117s] -- Up-to-date symlink: /home/davide/sesasr_labs/install/examples_rclcpp_minimal_client/share/examples_rclcpp_minimal_client/local_setup.bash
[7.117s] -- Up-to-date symlink: /home/davide/sesasr_labs/install/examples_rclcpp_minimal_client/share/examples_rclcpp_minimal_client/local_setup.sh
[7.118s] -- Up-to-date symlink: /home/davide/sesasr_labs/install/examples_rclcpp_minimal_client/share/examples_rclcpp_minimal_client/local_setup.zsh
[7.118s] -- Up-to-date symlink: /home/davide/sesasr_labs/install/examples_rclcpp_minimal_client/share/examples_rclcpp_minimal_client/local_setup.dsv
[7.118s] -- Symlinking: /home/davide/sesasr_labs/install/examples_rclcpp_minimal_client/share/examples_rclcpp_minimal_client/package.dsv
[7.124s] -- Up-to-date symlink: /home/davide/sesasr_labs/install/examples_rclcpp_minimal_client/share/ament_index/resource_index/packages/examples_rclcpp_minimal_client
[7.124s] -- Up-to-date symlink: /home/davide/sesasr_labs/install/examples_rclcpp_minimal_client/share/examples_rclcpp_minimal_client/cmake/examples_rclcpp_minimal_clientConfig.cmake
[7.124s] -- Up-to-date symlink: /home/davide/sesasr_labs/install/examples_rclcpp_minimal_client/share/examples_rclcpp_minimal_client/cmake/examples_rclcpp_minimal_clientConfig-version.cmake
[7.124s] -- Up-to-date symlink: /home/davide/sesasr_labs/install/examples_rclcpp_minimal_client/share/examples_rclcpp_minimal_client/package.xml
[7.217s] Invoked command in '/home/davide/sesasr_labs/build/examples_rclcpp_minimal_client' returned '0': CMAKE_PREFIX_PATH=${CMAKE_PREFIX_PATH}:/home/davide/sesasr_labs/install/launch_testing_examples:/home/davide/sesasr_labs/install/examples_rclpy_pointcloud_publisher:/home/davide/sesasr_labs/install/examples_rclpy_minimal_subscriber:/home/davide/sesasr_labs/install/examples_rclpy_minimal_service:/home/davide/sesasr_labs/install/examples_rclpy_minimal_publisher:/home/davide/sesasr_labs/install/examples_rclpy_minimal_client:/home/davide/sesasr_labs/install/examples_rclpy_minimal_action_server:/home/davide/sesasr_labs/install/examples_rclpy_minimal_action_client:/home/davide/sesasr_labs/install/examples_rclpy_guard_conditions:/home/davide/sesasr_labs/install/examples_rclpy_executors:/opt/ros/humble /usr/bin/cmake --install /home/davide/sesasr_labs/build/examples_rclcpp_minimal_client
