[1.787s] Invoking command in '/home/davide/sesasr_labs/build/examples_rclpy_minimal_action_server': PYTHONPATH=/home/davide/sesasr_labs/build/examples_rclpy_minimal_action_server/prefix_override:/home/davide/sesasr_labs/install/examples_rclpy_minimal_action_server/lib/python3.10/site-packages:${PYTHONPATH} /usr/bin/python3 setup.py develop --editable --build-directory /home/davide/sesasr_labs/build/examples_rclpy_minimal_action_server/build --no-deps install_data
[2.094s] running develop
[2.095s] /usr/lib/python3/dist-packages/setuptools/command/easy_install.py:158: EasyInstallDeprecationWarning: easy_install command is deprecated. Use build and pip and other standards-based tools.
[2.095s]   warnings.warn(
[2.095s] /usr/lib/python3/dist-packages/setuptools/command/install.py:34: SetuptoolsDeprecationWarning: setup.py install is deprecated. Use build and pip and other standards-based tools.
[2.095s]   warnings.warn(
[2.226s] running egg_info
[2.227s] writing examples_rclpy_minimal_action_server.egg-info/PKG-INFO
[2.228s] writing dependency_links to examples_rclpy_minimal_action_server.egg-info/dependency_links.txt
[2.237s] writing entry points to examples_rclpy_minimal_action_server.egg-info/entry_points.txt
[2.237s] writing requirements to examples_rclpy_minimal_action_server.egg-info/requires.txt
[2.237s] writing top-level names to examples_rclpy_minimal_action_server.egg-info/top_level.txt
[2.237s] reading manifest file 'examples_rclpy_minimal_action_server.egg-info/SOURCES.txt'
[2.237s] writing manifest file 'examples_rclpy_minimal_action_server.egg-info/SOURCES.txt'
[2.238s] running build_ext
[2.238s] Creating /home/davide/sesasr_labs/install/examples_rclpy_minimal_action_server/lib/python3.10/site-packages/examples-rclpy-minimal-action-server.egg-link (link to .)
[2.243s] Installing server script to /home/davide/sesasr_labs/install/examples_rclpy_minimal_action_server/lib/examples_rclpy_minimal_action_server
[2.243s] Installing server_defer script to /home/davide/sesasr_labs/install/examples_rclpy_minimal_action_server/lib/examples_rclpy_minimal_action_server
[2.243s] Installing server_not_composable script to /home/davide/sesasr_labs/install/examples_rclpy_minimal_action_server/lib/examples_rclpy_minimal_action_server
[2.243s] Installing server_queue_goals script to /home/davide/sesasr_labs/install/examples_rclpy_minimal_action_server/lib/examples_rclpy_minimal_action_server
[2.243s] Installing server_single_goal script to /home/davide/sesasr_labs/install/examples_rclpy_minimal_action_server/lib/examples_rclpy_minimal_action_server
[2.243s] 
[2.243s] Installed /home/davide/sesasr_labs/build/examples_rclpy_minimal_action_server
[2.243s] running install_data
[3.009s] Invoked command in '/home/davide/sesasr_labs/build/examples_rclpy_minimal_action_server' returned '0': PYTHONPATH=/home/davide/sesasr_labs/build/examples_rclpy_minimal_action_server/prefix_override:/home/davide/sesasr_labs/install/examples_rclpy_minimal_action_server/lib/python3.10/site-packages:${PYTHONPATH} /usr/bin/python3 setup.py develop --editable --build-directory /home/davide/sesasr_labs/build/examples_rclpy_minimal_action_server/build --no-deps install_data
