[2.657s] Invoking command in '/home/davide/sesasr_labs/build/examples_rclpy_minimal_client': PYTHONPATH=/home/davide/sesasr_labs/build/examples_rclpy_minimal_client/prefix_override:/home/davide/sesasr_labs/install/examples_rclpy_minimal_client/lib/python3.10/site-packages:${PYTHONPATH} /usr/bin/python3 setup.py develop --editable --build-directory /home/davide/sesasr_labs/build/examples_rclpy_minimal_client/build --no-deps install_data
[3.256s] running develop
[3.257s] /usr/lib/python3/dist-packages/setuptools/command/easy_install.py:158: EasyInstallDeprecationWarning: easy_install command is deprecated. Use build and pip and other standards-based tools.
[3.257s]   warnings.warn(
[3.265s] /usr/lib/python3/dist-packages/setuptools/command/install.py:34: SetuptoolsDeprecationWarning: setup.py install is deprecated. Use build and pip and other standards-based tools.
[3.265s]   warnings.warn(
[3.822s] running egg_info
[3.836s] creating examples_rclpy_minimal_client.egg-info
[3.839s] writing examples_rclpy_minimal_client.egg-info/PKG-INFO
[3.840s] writing dependency_links to examples_rclpy_minimal_client.egg-info/dependency_links.txt
[3.841s] writing entry points to examples_rclpy_minimal_client.egg-info/entry_points.txt
[3.842s] writing requirements to examples_rclpy_minimal_client.egg-info/requires.txt
[3.843s] writing top-level names to examples_rclpy_minimal_client.egg-info/top_level.txt
[3.845s] writing manifest file 'examples_rclpy_minimal_client.egg-info/SOURCES.txt'
[3.849s] reading manifest file 'examples_rclpy_minimal_client.egg-info/SOURCES.txt'
[3.854s] writing manifest file 'examples_rclpy_minimal_client.egg-info/SOURCES.txt'
[3.856s] running build_ext
[3.857s] Creating /home/davide/sesasr_labs/install/examples_rclpy_minimal_client/lib/python3.10/site-packages/examples-rclpy-minimal-client.egg-link (link to .)
[3.858s] Installing client script to /home/davide/sesasr_labs/install/examples_rclpy_minimal_client/lib/examples_rclpy_minimal_client
[3.859s] Installing client_async script to /home/davide/sesasr_labs/install/examples_rclpy_minimal_client/lib/examples_rclpy_minimal_client
[3.876s] Installing client_async_callback script to /home/davide/sesasr_labs/install/examples_rclpy_minimal_client/lib/examples_rclpy_minimal_client
[3.877s] Installing client_async_member_function script to /home/davide/sesasr_labs/install/examples_rclpy_minimal_client/lib/examples_rclpy_minimal_client
[3.878s] 
[3.878s] Installed /home/davide/sesasr_labs/build/examples_rclpy_minimal_client
[3.879s] running install_data
[3.880s] creating /home/davide/sesasr_labs/install/examples_rclpy_minimal_client/share/ament_index
[3.881s] creating /home/davide/sesasr_labs/install/examples_rclpy_minimal_client/share/ament_index/resource_index
[3.882s] creating /home/davide/sesasr_labs/install/examples_rclpy_minimal_client/share/ament_index/resource_index/packages
[3.883s] copying resource/examples_rclpy_minimal_client -> /home/davide/sesasr_labs/install/examples_rclpy_minimal_client/share/ament_index/resource_index/packages
[3.884s] copying package.xml -> /home/davide/sesasr_labs/install/examples_rclpy_minimal_client/share/examples_rclpy_minimal_client
[4.248s] Invoked command in '/home/davide/sesasr_labs/build/examples_rclpy_minimal_client' returned '0': PYTHONPATH=/home/davide/sesasr_labs/build/examples_rclpy_minimal_client/prefix_override:/home/davide/sesasr_labs/install/examples_rclpy_minimal_client/lib/python3.10/site-packages:${PYTHONPATH} /usr/bin/python3 setup.py develop --editable --build-directory /home/davide/sesasr_labs/build/examples_rclpy_minimal_client/build --no-deps install_data
