[2.417s] Invoking command in '/home/davide/sesasr_labs/src/examples/rclpy/services/minimal_service': PYTHONPATH=/home/davide/sesasr_labs/build/examples_rclpy_minimal_service/prefix_override:/home/davide/sesasr_labs/install/examples_rclpy_minimal_service/lib/python3.10/site-packages:${PYTHONPATH} /usr/bin/python3 setup.py egg_info --egg-base ../../../../../build/examples_rclpy_minimal_service build --build-base /home/davide/sesasr_labs/build/examples_rclpy_minimal_service/build install --record /home/davide/sesasr_labs/build/examples_rclpy_minimal_service/install.log --single-version-externally-managed
[2.627s] running egg_info
[2.628s] writing ../../../../../build/examples_rclpy_minimal_service/examples_rclpy_minimal_service.egg-info/PKG-INFO
[2.628s] writing dependency_links to ../../../../../build/examples_rclpy_minimal_service/examples_rclpy_minimal_service.egg-info/dependency_links.txt
[2.629s] writing entry points to ../../../../../build/examples_rclpy_minimal_service/examples_rclpy_minimal_service.egg-info/entry_points.txt
[2.629s] writing requirements to ../../../../../build/examples_rclpy_minimal_service/examples_rclpy_minimal_service.egg-info/requires.txt
[2.629s] writing top-level names to ../../../../../build/examples_rclpy_minimal_service/examples_rclpy_minimal_service.egg-info/top_level.txt
[2.630s] reading manifest file '../../../../../build/examples_rclpy_minimal_service/examples_rclpy_minimal_service.egg-info/SOURCES.txt'
[2.631s] writing manifest file '../../../../../build/examples_rclpy_minimal_service/examples_rclpy_minimal_service.egg-info/SOURCES.txt'
[2.631s] running build
[2.631s] running build_py
[2.631s] running install
[2.631s] /usr/lib/python3/dist-packages/setuptools/command/install.py:34: SetuptoolsDeprecationWarning: setup.py install is deprecated. Use build and pip and other standards-based tools.
[2.631s]   warnings.warn(
[2.632s] running install_lib
[2.633s] running install_data
[2.634s] running install_egg_info
[2.635s] removing '/home/davide/sesasr_labs/install/examples_rclpy_minimal_service/lib/python3.10/site-packages/examples_rclpy_minimal_service-0.15.1-py3.10.egg-info' (and everything under it)
[2.636s] Copying ../../../../../build/examples_rclpy_minimal_service/examples_rclpy_minimal_service.egg-info to /home/davide/sesasr_labs/install/examples_rclpy_minimal_service/lib/python3.10/site-packages/examples_rclpy_minimal_service-0.15.1-py3.10.egg-info
[2.643s] running install_scripts
[2.683s] Installing service script to /home/davide/sesasr_labs/install/examples_rclpy_minimal_service/lib/examples_rclpy_minimal_service
[2.683s] Installing service_member_function script to /home/davide/sesasr_labs/install/examples_rclpy_minimal_service/lib/examples_rclpy_minimal_service
[2.684s] writing list of installed files to '/home/davide/sesasr_labs/build/examples_rclpy_minimal_service/install.log'
[2.852s] Invoked command in '/home/davide/sesasr_labs/src/examples/rclpy/services/minimal_service' returned '0': PYTHONPATH=/home/davide/sesasr_labs/build/examples_rclpy_minimal_service/prefix_override:/home/davide/sesasr_labs/install/examples_rclpy_minimal_service/lib/python3.10/site-packages:${PYTHONPATH} /usr/bin/python3 setup.py egg_info --egg-base ../../../../../build/examples_rclpy_minimal_service build --build-base /home/davide/sesasr_labs/build/examples_rclpy_minimal_service/build install --record /home/davide/sesasr_labs/build/examples_rclpy_minimal_service/install.log --single-version-externally-managed
