[0.244s] Invoking command in '/home/davide/sesasr_labs/build/examples_rclcpp_minimal_client': CMAKE_PREFIX_PATH=${CMAKE_PREFIX_PATH}:/home/davide/sesasr_labs/install/launch_testing_examples:/home/davide/sesasr_labs/install/examples_rclpy_pointcloud_publisher:/home/davide/sesasr_labs/install/examples_rclpy_minimal_subscriber:/home/davide/sesasr_labs/install/examples_rclpy_minimal_service:/home/davide/sesasr_labs/install/examples_rclpy_minimal_publisher:/home/davide/sesasr_labs/install/examples_rclpy_minimal_client:/home/davide/sesasr_labs/install/examples_rclpy_minimal_action_server:/home/davide/sesasr_labs/install/examples_rclpy_minimal_action_client:/home/davide/sesasr_labs/install/examples_rclpy_guard_conditions:/home/davide/sesasr_labs/install/examples_rclpy_executors:/opt/ros/humble /usr/bin/cmake /home/davide/sesasr_labs/src/examples/rclcpp/services/minimal_client -DAMENT_CMAKE_SYMLINK_INSTALL=1 -DCMAKE_INSTALL_PREFIX=/home/davide/sesasr_labs/install/examples_rclcpp_minimal_client
[0.260s] -- Found ament_cmake: 1.3.6 (/opt/ros/humble/share/ament_cmake/cmake)
[0.404s] -- Override CMake install command with custom implementation using symlinks instead of copying resources
[0.404s] -- Found example_interfaces: 0.9.3 (/opt/ros/humble/share/example_interfaces/cmake)
[0.499s] -- Found rosidl_generator_c: 3.1.5 (/opt/ros/humble/share/rosidl_generator_c/cmake)
[0.501s] -- Found rosidl_adapter: 3.1.5 (/opt/ros/humble/share/rosidl_adapter/cmake)
[0.506s] -- Found rosidl_generator_cpp: 3.1.5 (/opt/ros/humble/share/rosidl_generator_cpp/cmake)
[0.517s] -- Using all available rosidl_typesupport_c: rosidl_typesupport_fastrtps_c;rosidl_typesupport_introspection_c
[0.531s] -- Using all available rosidl_typesupport_cpp: rosidl_typesupport_fastrtps_cpp;rosidl_typesupport_introspection_cpp
[0.672s] -- Found rclcpp: 16.0.7 (/opt/ros/humble/share/rclcpp/cmake)
[0.714s] -- Found rmw_implementation_cmake: 6.1.1 (/opt/ros/humble/share/rmw_implementation_cmake/cmake)
[0.716s] -- Found rmw_fastrtps_cpp: 6.2.5 (/opt/ros/humble/share/rmw_fastrtps_cpp/cmake)
[5.352s] -- Using RMW implementation 'rmw_fastrtps_cpp' as default
[5.499s] -- Found ament_lint_auto: 0.12.9 (/opt/ros/humble/share/ament_lint_auto/cmake)
[5.569s] -- Added test 'copyright' to check source files copyright and LICENSE
[5.569s] -- Added test 'cppcheck' to perform static code analysis on C / C++ code
[5.570s] -- Configured cppcheck include dirs: 
[5.571s] -- Configured cppcheck exclude dirs and/or files: 
[5.572s] -- Added test 'cpplint' to check C / C++ code against the Google style
[5.573s] -- Configured cpplint exclude dirs and/or files: 
[5.574s] -- Added test 'lint_cmake' to check CMake code style
[5.574s] -- Added test 'uncrustify' to check C / C++ code style
[5.575s] -- Configured uncrustify additional arguments: 
[5.576s] -- Added test 'xmllint' to check XML markup files
[5.576s] -- Configuring done
[5.578s] -- Generating done
[5.580s] -- Build files have been written to: /home/davide/sesasr_labs/build/examples_rclcpp_minimal_client
[5.763s] Invoked command in '/home/davide/sesasr_labs/build/examples_rclcpp_minimal_client' returned '0': CMAKE_PREFIX_PATH=${CMAKE_PREFIX_PATH}:/home/davide/sesasr_labs/install/launch_testing_examples:/home/davide/sesasr_labs/install/examples_rclpy_pointcloud_publisher:/home/davide/sesasr_labs/install/examples_rclpy_minimal_subscriber:/home/davide/sesasr_labs/install/examples_rclpy_minimal_service:/home/davide/sesasr_labs/install/examples_rclpy_minimal_publisher:/home/davide/sesasr_labs/install/examples_rclpy_minimal_client:/home/davide/sesasr_labs/install/examples_rclpy_minimal_action_server:/home/davide/sesasr_labs/install/examples_rclpy_minimal_action_client:/home/davide/sesasr_labs/install/examples_rclpy_guard_conditions:/home/davide/sesasr_labs/install/examples_rclpy_executors:/opt/ros/humble /usr/bin/cmake /home/davide/sesasr_labs/src/examples/rclcpp/services/minimal_client -DAMENT_CMAKE_SYMLINK_INSTALL=1 -DCMAKE_INSTALL_PREFIX=/home/davide/sesasr_labs/install/examples_rclcpp_minimal_client
[5.764s] Invoking command in '/home/davide/sesasr_labs/build/examples_rclcpp_minimal_client': CMAKE_PREFIX_PATH=${CMAKE_PREFIX_PATH}:/home/davide/sesasr_labs/install/launch_testing_examples:/home/davide/sesasr_labs/install/examples_rclpy_pointcloud_publisher:/home/davide/sesasr_labs/install/examples_rclpy_minimal_subscriber:/home/davide/sesasr_labs/install/examples_rclpy_minimal_service:/home/davide/sesasr_labs/install/examples_rclpy_minimal_publisher:/home/davide/sesasr_labs/install/examples_rclpy_minimal_client:/home/davide/sesasr_labs/install/examples_rclpy_minimal_action_server:/home/davide/sesasr_labs/install/examples_rclpy_minimal_action_client:/home/davide/sesasr_labs/install/examples_rclpy_guard_conditions:/home/davide/sesasr_labs/install/examples_rclpy_executors:/opt/ros/humble /usr/bin/cmake --build /home/davide/sesasr_labs/build/examples_rclcpp_minimal_client -- -j8 -l8
[5.798s] [35m[1mConsolidate compiler generated dependencies of target client_main[0m
[5.815s] [100%] Built target client_main
[6.001s] Invoked command in '/home/davide/sesasr_labs/build/examples_rclcpp_minimal_client' returned '0': CMAKE_PREFIX_PATH=${CMAKE_PREFIX_PATH}:/home/davide/sesasr_labs/install/launch_testing_examples:/home/davide/sesasr_labs/install/examples_rclpy_pointcloud_publisher:/home/davide/sesasr_labs/install/examples_rclpy_minimal_subscriber:/home/davide/sesasr_labs/install/examples_rclpy_minimal_service:/home/davide/sesasr_labs/install/examples_rclpy_minimal_publisher:/home/davide/sesasr_labs/install/examples_rclpy_minimal_client:/home/davide/sesasr_labs/install/examples_rclpy_minimal_action_server:/home/davide/sesasr_labs/install/examples_rclpy_minimal_action_client:/home/davide/sesasr_labs/install/examples_rclpy_guard_conditions:/home/davide/sesasr_labs/install/examples_rclpy_executors:/opt/ros/humble /usr/bin/cmake --build /home/davide/sesasr_labs/build/examples_rclcpp_minimal_client -- -j8 -l8
[6.691s] Invoking command in '/home/davide/sesasr_labs/build/examples_rclcpp_minimal_client': CMAKE_PREFIX_PATH=${CMAKE_PREFIX_PATH}:/home/davide/sesasr_labs/install/launch_testing_examples:/home/davide/sesasr_labs/install/examples_rclpy_pointcloud_publisher:/home/davide/sesasr_labs/install/examples_rclpy_minimal_subscriber:/home/davide/sesasr_labs/install/examples_rclpy_minimal_service:/home/davide/sesasr_labs/install/examples_rclpy_minimal_publisher:/home/davide/sesasr_labs/install/examples_rclpy_minimal_client:/home/davide/sesasr_labs/install/examples_rclpy_minimal_action_server:/home/davide/sesasr_labs/install/examples_rclpy_minimal_action_client:/home/davide/sesasr_labs/install/examples_rclpy_guard_conditions:/home/davide/sesasr_labs/install/examples_rclpy_executors:/opt/ros/humble /usr/bin/cmake --install /home/davide/sesasr_labs/build/examples_rclcpp_minimal_client
[6.787s] -- Install configuration: ""
[6.789s] -- Execute custom install script
[6.790s] -- Up-to-date symlink: /home/davide/sesasr_labs/install/examples_rclcpp_minimal_client/lib/examples_rclcpp_minimal_client/client_main
[6.790s] -- Up-to-date symlink: /home/davide/sesasr_labs/install/examples_rclcpp_minimal_client/share/ament_index/resource_index/package_run_dependencies/examples_rclcpp_minimal_client
[6.791s] -- Up-to-date symlink: /home/davide/sesasr_labs/install/examples_rclcpp_minimal_client/share/ament_index/resource_index/parent_prefix_path/examples_rclcpp_minimal_client
[6.791s] -- Up-to-date symlink: /home/davide/sesasr_labs/install/examples_rclcpp_minimal_client/share/examples_rclcpp_minimal_client/environment/ament_prefix_path.sh
[6.791s] -- Up-to-date symlink: /home/davide/sesasr_labs/install/examples_rclcpp_minimal_client/share/examples_rclcpp_minimal_client/environment/ament_prefix_path.dsv
[6.792s] -- Up-to-date symlink: /home/davide/sesasr_labs/install/examples_rclcpp_minimal_client/share/examples_rclcpp_minimal_client/environment/path.sh
[6.792s] -- Up-to-date symlink: /home/davide/sesasr_labs/install/examples_rclcpp_minimal_client/share/examples_rclcpp_minimal_client/environment/path.dsv
[6.792s] -- Up-to-date symlink: /home/davide/sesasr_labs/install/examples_rclcpp_minimal_client/share/examples_rclcpp_minimal_client/local_setup.bash
[6.792s] -- Up-to-date symlink: /home/davide/sesasr_labs/install/examples_rclcpp_minimal_client/share/examples_rclcpp_minimal_client/local_setup.sh
[6.792s] -- Up-to-date symlink: /home/davide/sesasr_labs/install/examples_rclcpp_minimal_client/share/examples_rclcpp_minimal_client/local_setup.zsh
[6.792s] -- Up-to-date symlink: /home/davide/sesasr_labs/install/examples_rclcpp_minimal_client/share/examples_rclcpp_minimal_client/local_setup.dsv
[6.792s] -- Symlinking: /home/davide/sesasr_labs/install/examples_rclcpp_minimal_client/share/examples_rclcpp_minimal_client/package.dsv
[6.792s] -- Up-to-date symlink: /home/davide/sesasr_labs/install/examples_rclcpp_minimal_client/share/ament_index/resource_index/packages/examples_rclcpp_minimal_client
[6.793s] -- Up-to-date symlink: /home/davide/sesasr_labs/install/examples_rclcpp_minimal_client/share/examples_rclcpp_minimal_client/cmake/examples_rclcpp_minimal_clientConfig.cmake
[6.793s] -- Up-to-date symlink: /home/davide/sesasr_labs/install/examples_rclcpp_minimal_client/share/examples_rclcpp_minimal_client/cmake/examples_rclcpp_minimal_clientConfig-version.cmake
[6.793s] -- Up-to-date symlink: /home/davide/sesasr_labs/install/examples_rclcpp_minimal_client/share/examples_rclcpp_minimal_client/package.xml
[6.794s] Invoked command in '/home/davide/sesasr_labs/build/examples_rclcpp_minimal_client' returned '0': CMAKE_PREFIX_PATH=${CMAKE_PREFIX_PATH}:/home/davide/sesasr_labs/install/launch_testing_examples:/home/davide/sesasr_labs/install/examples_rclpy_pointcloud_publisher:/home/davide/sesasr_labs/install/examples_rclpy_minimal_subscriber:/home/davide/sesasr_labs/install/examples_rclpy_minimal_service:/home/davide/sesasr_labs/install/examples_rclpy_minimal_publisher:/home/davide/sesasr_labs/install/examples_rclpy_minimal_client:/home/davide/sesasr_labs/install/examples_rclpy_minimal_action_server:/home/davide/sesasr_labs/install/examples_rclpy_minimal_action_client:/home/davide/sesasr_labs/install/examples_rclpy_guard_conditions:/home/davide/sesasr_labs/install/examples_rclpy_executors:/opt/ros/humble /usr/bin/cmake --install /home/davide/sesasr_labs/build/examples_rclcpp_minimal_client
