[2.059s] Invoking command in '/home/davide/sesasr_labs/build/examples_rclpy_minimal_service': PYTHONPATH=/home/davide/sesasr_labs/build/examples_rclpy_minimal_service/prefix_override:/home/davide/sesasr_labs/install/examples_rclpy_minimal_service/lib/python3.10/site-packages:${PYTHONPATH} /usr/bin/python3 setup.py develop --editable --build-directory /home/davide/sesasr_labs/build/examples_rclpy_minimal_service/build --no-deps install_data
[2.419s] running develop
[2.419s] /usr/lib/python3/dist-packages/setuptools/command/easy_install.py:158: EasyInstallDeprecationWarning: easy_install command is deprecated. Use build and pip and other standards-based tools.
[2.419s]   warnings.warn(
[2.424s] /usr/lib/python3/dist-packages/setuptools/command/install.py:34: SetuptoolsDeprecationWarning: setup.py install is deprecated. Use build and pip and other standards-based tools.
[2.425s]   warnings.warn(
[2.605s] running egg_info
[2.606s] writing examples_rclpy_minimal_service.egg-info/PKG-INFO
[2.606s] writing dependency_links to examples_rclpy_minimal_service.egg-info/dependency_links.txt
[2.607s] writing entry points to examples_rclpy_minimal_service.egg-info/entry_points.txt
[2.607s] writing requirements to examples_rclpy_minimal_service.egg-info/requires.txt
[2.607s] writing top-level names to examples_rclpy_minimal_service.egg-info/top_level.txt
[2.608s] reading manifest file 'examples_rclpy_minimal_service.egg-info/SOURCES.txt'
[2.609s] writing manifest file 'examples_rclpy_minimal_service.egg-info/SOURCES.txt'
[2.612s] running build_ext
[2.612s] Creating /home/davide/sesasr_labs/install/examples_rclpy_minimal_service/lib/python3.10/site-packages/examples-rclpy-minimal-service.egg-link (link to .)
[2.613s] Installing service script to /home/davide/sesasr_labs/install/examples_rclpy_minimal_service/lib/examples_rclpy_minimal_service
[2.614s] Installing service_member_function script to /home/davide/sesasr_labs/install/examples_rclpy_minimal_service/lib/examples_rclpy_minimal_service
[2.616s] 
[2.616s] Installed /home/davide/sesasr_labs/build/examples_rclpy_minimal_service
[2.616s] running install_data
[2.897s] Invoked command in '/home/davide/sesasr_labs/build/examples_rclpy_minimal_service' returned '0': PYTHONPATH=/home/davide/sesasr_labs/build/examples_rclpy_minimal_service/prefix_override:/home/davide/sesasr_labs/install/examples_rclpy_minimal_service/lib/python3.10/site-packages:${PYTHONPATH} /usr/bin/python3 setup.py develop --editable --build-directory /home/davide/sesasr_labs/build/examples_rclpy_minimal_service/build --no-deps install_data
