[0.256s] Invoking command in '/home/davide/sesasr_labs/build/examples_rclcpp_minimal_action_client': CMAKE_PREFIX_PATH=/opt/ros/humble /usr/bin/cmake /home/davide/sesasr_labs/src/examples/rclcpp/actions/minimal_action_client -DCMAKE_INSTALL_PREFIX=/home/davide/sesasr_labs/install/examples_rclcpp_minimal_action_client
[0.303s] -- Found ament_cmake: 1.3.6 (/opt/ros/humble/share/ament_cmake/cmake)
[0.388s] -- Override CMake install command with custom implementation using symlinks instead of copying resources
[0.388s] -- Found example_interfaces: 0.9.3 (/opt/ros/humble/share/example_interfaces/cmake)
[0.500s] -- Found rosidl_generator_c: 3.1.5 (/opt/ros/humble/share/rosidl_generator_c/cmake)
[0.501s] -- Found rosidl_adapter: 3.1.5 (/opt/ros/humble/share/rosidl_adapter/cmake)
[0.506s] -- Found rosidl_generator_cpp: 3.1.5 (/opt/ros/humble/share/rosidl_generator_cpp/cmake)
[0.517s] -- Using all available rosidl_typesupport_c: rosidl_typesupport_fastrtps_c;rosidl_typesupport_introspection_c
[0.530s] -- Using all available rosidl_typesupport_cpp: rosidl_typesupport_fastrtps_cpp;rosidl_typesupport_introspection_cpp
[0.662s] -- Found rclcpp: 16.0.7 (/opt/ros/humble/share/rclcpp/cmake)
[0.703s] -- Found rmw_implementation_cmake: 6.1.1 (/opt/ros/humble/share/rmw_implementation_cmake/cmake)
[0.704s] -- Found rmw_fastrtps_cpp: 6.2.5 (/opt/ros/humble/share/rmw_fastrtps_cpp/cmake)
[4.748s] -- Using RMW implementation 'rmw_fastrtps_cpp' as default
[4.895s] -- Found rclcpp_action: 16.0.7 (/opt/ros/humble/share/rclcpp_action/cmake)
[4.925s] -- Found ament_lint_auto: 0.12.9 (/opt/ros/humble/share/ament_lint_auto/cmake)
[4.989s] -- Added test 'copyright' to check source files copyright and LICENSE
[4.990s] -- Added test 'cppcheck' to perform static code analysis on C / C++ code
[4.990s] -- Configured cppcheck include dirs: 
[4.990s] -- Configured cppcheck exclude dirs and/or files: 
[4.990s] -- Added test 'cpplint' to check C / C++ code against the Google style
[4.990s] -- Configured cpplint exclude dirs and/or files: 
[4.991s] -- Added test 'lint_cmake' to check CMake code style
[4.991s] -- Added test 'uncrustify' to check C / C++ code style
[4.991s] -- Configured uncrustify additional arguments: 
[4.991s] -- Added test 'xmllint' to check XML markup files
[4.992s] -- Configuring done
[5.007s] -- Generating done
[5.009s] -- Build files have been written to: /home/davide/sesasr_labs/build/examples_rclcpp_minimal_action_client
[5.018s] Invoked command in '/home/davide/sesasr_labs/build/examples_rclcpp_minimal_action_client' returned '0': CMAKE_PREFIX_PATH=/opt/ros/humble /usr/bin/cmake /home/davide/sesasr_labs/src/examples/rclcpp/actions/minimal_action_client -DCMAKE_INSTALL_PREFIX=/home/davide/sesasr_labs/install/examples_rclcpp_minimal_action_client
[5.025s] Invoking command in '/home/davide/sesasr_labs/build/examples_rclcpp_minimal_action_client': CMAKE_PREFIX_PATH=/opt/ros/humble /usr/bin/cmake --build /home/davide/sesasr_labs/build/examples_rclcpp_minimal_action_client -- -j8 -l8
[5.051s] [35m[1mConsolidate compiler generated dependencies of target action_client_not_composable[0m
[5.054s] [35m[1mConsolidate compiler generated dependencies of target action_client_member_functions[0m
[5.060s] [35m[1mConsolidate compiler generated dependencies of target action_client_not_composable_with_feedback[0m
[5.065s] [ 25%] Built target action_client_not_composable
[5.066s] [35m[1mConsolidate compiler generated dependencies of target action_client_not_composable_with_cancel[0m
[5.067s] [ 50%] Built target action_client_member_functions
[5.076s] [ 75%] Built target action_client_not_composable_with_feedback
[5.081s] [100%] Built target action_client_not_composable_with_cancel
[5.095s] Invoked command in '/home/davide/sesasr_labs/build/examples_rclcpp_minimal_action_client' returned '0': CMAKE_PREFIX_PATH=/opt/ros/humble /usr/bin/cmake --build /home/davide/sesasr_labs/build/examples_rclcpp_minimal_action_client -- -j8 -l8
[5.121s] Invoking command in '/home/davide/sesasr_labs/build/examples_rclcpp_minimal_action_client': CMAKE_PREFIX_PATH=/opt/ros/humble /usr/bin/cmake --install /home/davide/sesasr_labs/build/examples_rclcpp_minimal_action_client
[5.125s] -- Install configuration: ""
[5.125s] -- Execute custom install script
[5.125s] -- Up-to-date symlink: /home/davide/sesasr_labs/install/examples_rclcpp_minimal_action_client/lib/examples_rclcpp_minimal_action_client/action_client_member_functions
[5.125s] -- Up-to-date symlink: /home/davide/sesasr_labs/install/examples_rclcpp_minimal_action_client/lib/examples_rclcpp_minimal_action_client/action_client_not_composable
[5.126s] -- Up-to-date symlink: /home/davide/sesasr_labs/install/examples_rclcpp_minimal_action_client/lib/examples_rclcpp_minimal_action_client/action_client_not_composable_with_cancel
[5.127s] -- Up-to-date symlink: /home/davide/sesasr_labs/install/examples_rclcpp_minimal_action_client/lib/examples_rclcpp_minimal_action_client/action_client_not_composable_with_feedback
[5.127s] -- Up-to-date symlink: /home/davide/sesasr_labs/install/examples_rclcpp_minimal_action_client/share/ament_index/resource_index/package_run_dependencies/examples_rclcpp_minimal_action_client
[5.127s] -- Up-to-date symlink: /home/davide/sesasr_labs/install/examples_rclcpp_minimal_action_client/share/ament_index/resource_index/parent_prefix_path/examples_rclcpp_minimal_action_client
[5.128s] -- Up-to-date symlink: /home/davide/sesasr_labs/install/examples_rclcpp_minimal_action_client/share/examples_rclcpp_minimal_action_client/environment/ament_prefix_path.sh
[5.128s] -- Up-to-date symlink: /home/davide/sesasr_labs/install/examples_rclcpp_minimal_action_client/share/examples_rclcpp_minimal_action_client/environment/ament_prefix_path.dsv
[5.128s] -- Up-to-date symlink: /home/davide/sesasr_labs/install/examples_rclcpp_minimal_action_client/share/examples_rclcpp_minimal_action_client/environment/path.sh
[5.128s] -- Up-to-date symlink: /home/davide/sesasr_labs/install/examples_rclcpp_minimal_action_client/share/examples_rclcpp_minimal_action_client/environment/path.dsv
[5.129s] -- Up-to-date symlink: /home/davide/sesasr_labs/install/examples_rclcpp_minimal_action_client/share/examples_rclcpp_minimal_action_client/local_setup.bash
[5.129s] -- Up-to-date symlink: /home/davide/sesasr_labs/install/examples_rclcpp_minimal_action_client/share/examples_rclcpp_minimal_action_client/local_setup.sh
[5.130s] -- Up-to-date symlink: /home/davide/sesasr_labs/install/examples_rclcpp_minimal_action_client/share/examples_rclcpp_minimal_action_client/local_setup.zsh
[5.131s] -- Up-to-date symlink: /home/davide/sesasr_labs/install/examples_rclcpp_minimal_action_client/share/examples_rclcpp_minimal_action_client/local_setup.dsv
[5.132s] -- Symlinking: /home/davide/sesasr_labs/install/examples_rclcpp_minimal_action_client/share/examples_rclcpp_minimal_action_client/package.dsv
[5.135s] -- Up-to-date symlink: /home/davide/sesasr_labs/install/examples_rclcpp_minimal_action_client/share/ament_index/resource_index/packages/examples_rclcpp_minimal_action_client
[5.135s] -- Up-to-date symlink: /home/davide/sesasr_labs/install/examples_rclcpp_minimal_action_client/share/examples_rclcpp_minimal_action_client/cmake/examples_rclcpp_minimal_action_clientConfig.cmake
[5.135s] -- Up-to-date symlink: /home/davide/sesasr_labs/install/examples_rclcpp_minimal_action_client/share/examples_rclcpp_minimal_action_client/cmake/examples_rclcpp_minimal_action_clientConfig-version.cmake
[5.135s] -- Up-to-date symlink: /home/davide/sesasr_labs/install/examples_rclcpp_minimal_action_client/share/examples_rclcpp_minimal_action_client/package.xml
[5.262s] Invoked command in '/home/davide/sesasr_labs/build/examples_rclcpp_minimal_action_client' returned '0': CMAKE_PREFIX_PATH=/opt/ros/humble /usr/bin/cmake --install /home/davide/sesasr_labs/build/examples_rclcpp_minimal_action_client
