[0.071s] Invoking command in '/home/davide/sesasr_labs/build/examples_rclcpp_minimal_timer': CMAKE_PREFIX_PATH=/opt/ros/humble /usr/bin/cmake /home/davide/sesasr_labs/src/examples/rclcpp/timers/minimal_timer -DAMENT_CMAKE_SYMLINK_INSTALL=1 -DCMAKE_INSTALL_PREFIX=/home/davide/sesasr_labs/install/examples_rclcpp_minimal_timer
[0.166s] -- The C compiler identification is GNU 11.4.0
[0.546s] -- The CXX compiler identification is GNU 11.4.0
[0.863s] -- Detecting C compiler ABI info
[1.017s] -- Detecting C compiler ABI info - done
[1.017s] -- Check for working C compiler: /usr/bin/cc - skipped
[1.017s] -- Detecting C compile features
[1.017s] -- Detecting C compile features - done
[1.017s] -- Detecting CXX compiler ABI info
[1.143s] -- Detecting CXX compiler ABI info - done
[1.143s] -- Check for working CXX compiler: /usr/bin/c++ - skipped
[1.143s] -- Detecting CXX compile features
[1.143s] -- Detecting CXX compile features - done
[1.143s] -- Found ament_cmake: 1.3.6 (/opt/ros/humble/share/ament_cmake/cmake)
[1.383s] -- Found Python3: /usr/bin/python3.10 (found version "3.10.12") found components: Interpreter 
[1.566s] -- Override CMake install command with custom implementation using symlinks instead of copying resources
[1.630s] -- Found rclcpp: 16.0.7 (/opt/ros/humble/share/rclcpp/cmake)
[1.937s] -- Found rosidl_generator_c: 3.1.5 (/opt/ros/humble/share/rosidl_generator_c/cmake)
[1.949s] -- Found rosidl_adapter: 3.1.5 (/opt/ros/humble/share/rosidl_adapter/cmake)
[1.972s] -- Found rosidl_generator_cpp: 3.1.5 (/opt/ros/humble/share/rosidl_generator_cpp/cmake)
[2.021s] -- Using all available rosidl_typesupport_c: rosidl_typesupport_fastrtps_c;rosidl_typesupport_introspection_c
[2.043s] -- Using all available rosidl_typesupport_cpp: rosidl_typesupport_fastrtps_cpp;rosidl_typesupport_introspection_cpp
[2.121s] -- Found rmw_implementation_cmake: 6.1.1 (/opt/ros/humble/share/rmw_implementation_cmake/cmake)
[2.124s] -- Found rmw_fastrtps_cpp: 6.2.5 (/opt/ros/humble/share/rmw_fastrtps_cpp/cmake)
[3.765s] -- Found OpenSSL: /usr/lib/x86_64-linux-gnu/libcrypto.so (found version "3.0.2")  
[4.604s] -- Found FastRTPS: /opt/ros/humble/include  
[7.228s] -- Using RMW implementation 'rmw_fastrtps_cpp' as default
[7.235s] -- Looking for pthread.h
[7.365s] -- Looking for pthread.h - found
[7.367s] -- Performing Test CMAKE_HAVE_LIBC_PTHREAD
[7.592s] -- Performing Test CMAKE_HAVE_LIBC_PTHREAD - Success
[7.593s] -- Found Threads: TRUE  
[8.068s] -- Found ament_lint_auto: 0.12.9 (/opt/ros/humble/share/ament_lint_auto/cmake)
[8.313s] -- Added test 'copyright' to check source files copyright and LICENSE
[8.314s] -- Added test 'cppcheck' to perform static code analysis on C / C++ code
[8.314s] -- Configured cppcheck include dirs: 
[8.314s] -- Configured cppcheck exclude dirs and/or files: 
[8.316s] -- Added test 'cpplint' to check C / C++ code against the Google style
[8.316s] -- Configured cpplint exclude dirs and/or files: 
[8.317s] -- Added test 'lint_cmake' to check CMake code style
[8.327s] -- Added test 'uncrustify' to check C / C++ code style
[8.327s] -- Configured uncrustify additional arguments: 
[8.327s] -- Added test 'xmllint' to check XML markup files
[8.336s] -- Configuring done
[8.357s] -- Generating done
[8.357s] -- Build files have been written to: /home/davide/sesasr_labs/build/examples_rclcpp_minimal_timer
[8.529s] Invoked command in '/home/davide/sesasr_labs/build/examples_rclcpp_minimal_timer' returned '0': CMAKE_PREFIX_PATH=/opt/ros/humble /usr/bin/cmake /home/davide/sesasr_labs/src/examples/rclcpp/timers/minimal_timer -DAMENT_CMAKE_SYMLINK_INSTALL=1 -DCMAKE_INSTALL_PREFIX=/home/davide/sesasr_labs/install/examples_rclcpp_minimal_timer
[8.530s] Invoking command in '/home/davide/sesasr_labs/build/examples_rclcpp_minimal_timer': CMAKE_PREFIX_PATH=/opt/ros/humble /usr/bin/cmake --build /home/davide/sesasr_labs/build/examples_rclcpp_minimal_timer -- -j8 -l8
[9.479s] [ 25%] [32mBuilding CXX object CMakeFiles/timer_member_function.dir/member_function.cpp.o[0m
[9.479s] [ 50%] [32mBuilding CXX object CMakeFiles/timer_lambda.dir/lambda.cpp.o[0m
[17.517s] [ 75%] [32m[1mLinking CXX executable timer_lambda[0m
[18.162s] [ 75%] Built target timer_lambda
[20.153s] [100%] [32m[1mLinking CXX executable timer_member_function[0m
[20.651s] [100%] Built target timer_member_function
[20.701s] Invoked command in '/home/davide/sesasr_labs/build/examples_rclcpp_minimal_timer' returned '0': CMAKE_PREFIX_PATH=/opt/ros/humble /usr/bin/cmake --build /home/davide/sesasr_labs/build/examples_rclcpp_minimal_timer -- -j8 -l8
[21.095s] Invoking command in '/home/davide/sesasr_labs/build/examples_rclcpp_minimal_timer': CMAKE_PREFIX_PATH=/opt/ros/humble /usr/bin/cmake --install /home/davide/sesasr_labs/build/examples_rclcpp_minimal_timer
[21.104s] -- Install configuration: ""
[21.104s] -- Execute custom install script
[21.104s] -- Symlinking: /home/davide/sesasr_labs/install/examples_rclcpp_minimal_timer/lib/examples_rclcpp_minimal_timer/timer_lambda
[21.112s] -- Symlinking: /home/davide/sesasr_labs/install/examples_rclcpp_minimal_timer/lib/examples_rclcpp_minimal_timer/timer_member_function
[21.119s] -- Symlinking: /home/davide/sesasr_labs/install/examples_rclcpp_minimal_timer/share/ament_index/resource_index/package_run_dependencies/examples_rclcpp_minimal_timer
[21.126s] -- Symlinking: /home/davide/sesasr_labs/install/examples_rclcpp_minimal_timer/share/ament_index/resource_index/parent_prefix_path/examples_rclcpp_minimal_timer
[21.133s] -- Symlinking: /home/davide/sesasr_labs/install/examples_rclcpp_minimal_timer/share/examples_rclcpp_minimal_timer/environment/ament_prefix_path.sh
[21.140s] -- Symlinking: /home/davide/sesasr_labs/install/examples_rclcpp_minimal_timer/share/examples_rclcpp_minimal_timer/environment/ament_prefix_path.dsv
[21.147s] -- Symlinking: /home/davide/sesasr_labs/install/examples_rclcpp_minimal_timer/share/examples_rclcpp_minimal_timer/environment/path.sh
[21.155s] -- Symlinking: /home/davide/sesasr_labs/install/examples_rclcpp_minimal_timer/share/examples_rclcpp_minimal_timer/environment/path.dsv
[21.161s] -- Symlinking: /home/davide/sesasr_labs/install/examples_rclcpp_minimal_timer/share/examples_rclcpp_minimal_timer/local_setup.bash
[21.169s] -- Symlinking: /home/davide/sesasr_labs/install/examples_rclcpp_minimal_timer/share/examples_rclcpp_minimal_timer/local_setup.sh
[21.176s] -- Symlinking: /home/davide/sesasr_labs/install/examples_rclcpp_minimal_timer/share/examples_rclcpp_minimal_timer/local_setup.zsh
[21.183s] -- Symlinking: /home/davide/sesasr_labs/install/examples_rclcpp_minimal_timer/share/examples_rclcpp_minimal_timer/local_setup.dsv
[21.190s] -- Symlinking: /home/davide/sesasr_labs/install/examples_rclcpp_minimal_timer/share/examples_rclcpp_minimal_timer/package.dsv
[21.199s] -- Symlinking: /home/davide/sesasr_labs/install/examples_rclcpp_minimal_timer/share/ament_index/resource_index/packages/examples_rclcpp_minimal_timer
[21.206s] -- Symlinking: /home/davide/sesasr_labs/install/examples_rclcpp_minimal_timer/share/examples_rclcpp_minimal_timer/cmake/examples_rclcpp_minimal_timerConfig.cmake
[21.213s] -- Symlinking: /home/davide/sesasr_labs/install/examples_rclcpp_minimal_timer/share/examples_rclcpp_minimal_timer/cmake/examples_rclcpp_minimal_timerConfig-version.cmake
[21.221s] -- Symlinking: /home/davide/sesasr_labs/install/examples_rclcpp_minimal_timer/share/examples_rclcpp_minimal_timer/package.xml
[21.237s] Invoked command in '/home/davide/sesasr_labs/build/examples_rclcpp_minimal_timer' returned '0': CMAKE_PREFIX_PATH=/opt/ros/humble /usr/bin/cmake --install /home/davide/sesasr_labs/build/examples_rclcpp_minimal_timer
