[0.433s] Invoking command in '/home/davide/sesasr_labs/build/dynamixel_sdk': CMAKE_PREFIX_PATH=${CMAKE_PREFIX_PATH}:/home/davide/sesasr_labs/install/my_package:/home/davide/sesasr_labs/install/launch_testing_examples:/home/davide/sesasr_labs/install/examples_rclpy_pointcloud_publisher:/home/davide/sesasr_labs/install/examples_rclpy_minimal_subscriber:/home/davide/sesasr_labs/install/examples_rclpy_minimal_service:/home/davide/sesasr_labs/install/examples_rclpy_minimal_publisher:/home/davide/sesasr_labs/install/examples_rclpy_minimal_client:/home/davide/sesasr_labs/install/examples_rclpy_minimal_action_server:/home/davide/sesasr_labs/install/examples_rclpy_minimal_action_client:/home/davide/sesasr_labs/install/examples_rclpy_guard_conditions:/home/davide/sesasr_labs/install/examples_rclpy_executors:/opt/ros/humble /usr/bin/cmake /home/davide/sesasr_labs/src/turtlebot3/utils/DynamixelSDK/dynamixel_sdk -DAMENT_CMAKE_SYMLINK_INSTALL=1 -DCMAKE_INSTALL_PREFIX=/home/davide/sesasr_labs/install/dynamixel_sdk
[0.763s] -- The C compiler identification is GNU 11.4.0
[1.122s] -- The CXX compiler identification is GNU 11.4.0
[1.452s] -- Detecting C compiler ABI info
[1.577s] -- Detecting C compiler ABI info - done
[1.584s] -- Check for working C compiler: /usr/bin/cc - skipped
[1.585s] -- Detecting C compile features
[1.585s] -- Detecting C compile features - done
[1.588s] -- Detecting CXX compiler ABI info
[1.731s] -- Detecting CXX compiler ABI info - done
[1.738s] -- Check for working CXX compiler: /usr/bin/c++ - skipped
[1.738s] -- Detecting CXX compile features
[1.739s] -- Detecting CXX compile features - done
[1.741s] -- Found ament_cmake: 1.3.6 (/opt/ros/humble/share/ament_cmake/cmake)
[1.912s] -- Found Python3: /usr/bin/python3.10 (found version "3.10.12") found components: Interpreter 
[2.000s] -- Override CMake install command with custom implementation using symlinks instead of copying resources
[2.135s] -- Configuring done
[2.139s] -- Generating done
[2.140s] -- Build files have been written to: /home/davide/sesasr_labs/build/dynamixel_sdk
[2.255s] Invoked command in '/home/davide/sesasr_labs/build/dynamixel_sdk' returned '0': CMAKE_PREFIX_PATH=${CMAKE_PREFIX_PATH}:/home/davide/sesasr_labs/install/my_package:/home/davide/sesasr_labs/install/launch_testing_examples:/home/davide/sesasr_labs/install/examples_rclpy_pointcloud_publisher:/home/davide/sesasr_labs/install/examples_rclpy_minimal_subscriber:/home/davide/sesasr_labs/install/examples_rclpy_minimal_service:/home/davide/sesasr_labs/install/examples_rclpy_minimal_publisher:/home/davide/sesasr_labs/install/examples_rclpy_minimal_client:/home/davide/sesasr_labs/install/examples_rclpy_minimal_action_server:/home/davide/sesasr_labs/install/examples_rclpy_minimal_action_client:/home/davide/sesasr_labs/install/examples_rclpy_guard_conditions:/home/davide/sesasr_labs/install/examples_rclpy_executors:/opt/ros/humble /usr/bin/cmake /home/davide/sesasr_labs/src/turtlebot3/utils/DynamixelSDK/dynamixel_sdk -DAMENT_CMAKE_SYMLINK_INSTALL=1 -DCMAKE_INSTALL_PREFIX=/home/davide/sesasr_labs/install/dynamixel_sdk
[2.256s] Invoking command in '/home/davide/sesasr_labs/build/dynamixel_sdk': CMAKE_PREFIX_PATH=${CMAKE_PREFIX_PATH}:/home/davide/sesasr_labs/install/my_package:/home/davide/sesasr_labs/install/launch_testing_examples:/home/davide/sesasr_labs/install/examples_rclpy_pointcloud_publisher:/home/davide/sesasr_labs/install/examples_rclpy_minimal_subscriber:/home/davide/sesasr_labs/install/examples_rclpy_minimal_service:/home/davide/sesasr_labs/install/examples_rclpy_minimal_publisher:/home/davide/sesasr_labs/install/examples_rclpy_minimal_client:/home/davide/sesasr_labs/install/examples_rclpy_minimal_action_server:/home/davide/sesasr_labs/install/examples_rclpy_minimal_action_client:/home/davide/sesasr_labs/install/examples_rclpy_guard_conditions:/home/davide/sesasr_labs/install/examples_rclpy_executors:/opt/ros/humble /usr/bin/cmake --build /home/davide/sesasr_labs/build/dynamixel_sdk -- -j8 -l8
[2.304s] [ 10%] [32mBuilding CXX object CMakeFiles/dynamixel_sdk.dir/src/dynamixel_sdk/packet_handler.cpp.o[0m
[2.312s] [ 20%] [32mBuilding CXX object CMakeFiles/dynamixel_sdk.dir/src/dynamixel_sdk/protocol1_packet_handler.cpp.o[0m
[2.324s] [ 30%] [32mBuilding CXX object CMakeFiles/dynamixel_sdk.dir/src/dynamixel_sdk/protocol2_packet_handler.cpp.o[0m
[2.342s] [ 40%] [32mBuilding CXX object CMakeFiles/dynamixel_sdk.dir/src/dynamixel_sdk/group_sync_read.cpp.o[0m
[2.385s] [ 50%] [32mBuilding CXX object CMakeFiles/dynamixel_sdk.dir/src/dynamixel_sdk/group_sync_write.cpp.o[0m
[2.411s] [ 60%] [32mBuilding CXX object CMakeFiles/dynamixel_sdk.dir/src/dynamixel_sdk/group_bulk_write.cpp.o[0m
[2.436s] [ 70%] [32mBuilding CXX object CMakeFiles/dynamixel_sdk.dir/src/dynamixel_sdk/group_bulk_read.cpp.o[0m
[2.441s] [ 80%] [32mBuilding CXX object CMakeFiles/dynamixel_sdk.dir/src/dynamixel_sdk/port_handler.cpp.o[0m
[2.448s] [ 90%] [32mBuilding CXX object CMakeFiles/dynamixel_sdk.dir/src/dynamixel_sdk/port_handler_linux.cpp.o[0m
[3.095s] [100%] [32m[1mLinking CXX shared library libdynamixel_sdk.so[0m
[3.265s] [100%] Built target dynamixel_sdk
[3.608s] Invoked command in '/home/davide/sesasr_labs/build/dynamixel_sdk' returned '0': CMAKE_PREFIX_PATH=${CMAKE_PREFIX_PATH}:/home/davide/sesasr_labs/install/my_package:/home/davide/sesasr_labs/install/launch_testing_examples:/home/davide/sesasr_labs/install/examples_rclpy_pointcloud_publisher:/home/davide/sesasr_labs/install/examples_rclpy_minimal_subscriber:/home/davide/sesasr_labs/install/examples_rclpy_minimal_service:/home/davide/sesasr_labs/install/examples_rclpy_minimal_publisher:/home/davide/sesasr_labs/install/examples_rclpy_minimal_client:/home/davide/sesasr_labs/install/examples_rclpy_minimal_action_server:/home/davide/sesasr_labs/install/examples_rclpy_minimal_action_client:/home/davide/sesasr_labs/install/examples_rclpy_guard_conditions:/home/davide/sesasr_labs/install/examples_rclpy_executors:/opt/ros/humble /usr/bin/cmake --build /home/davide/sesasr_labs/build/dynamixel_sdk -- -j8 -l8
[3.672s] Invoking command in '/home/davide/sesasr_labs/build/dynamixel_sdk': CMAKE_PREFIX_PATH=${CMAKE_PREFIX_PATH}:/home/davide/sesasr_labs/install/my_package:/home/davide/sesasr_labs/install/launch_testing_examples:/home/davide/sesasr_labs/install/examples_rclpy_pointcloud_publisher:/home/davide/sesasr_labs/install/examples_rclpy_minimal_subscriber:/home/davide/sesasr_labs/install/examples_rclpy_minimal_service:/home/davide/sesasr_labs/install/examples_rclpy_minimal_publisher:/home/davide/sesasr_labs/install/examples_rclpy_minimal_client:/home/davide/sesasr_labs/install/examples_rclpy_minimal_action_server:/home/davide/sesasr_labs/install/examples_rclpy_minimal_action_client:/home/davide/sesasr_labs/install/examples_rclpy_guard_conditions:/home/davide/sesasr_labs/install/examples_rclpy_executors:/opt/ros/humble /usr/bin/cmake --install /home/davide/sesasr_labs/build/dynamixel_sdk
[4.230s] -- Install configuration: ""
[4.230s] -- Execute custom install script
[4.230s] -- Symlinking: /home/davide/sesasr_labs/install/dynamixel_sdk/include//dynamixel_sdk/dynamixel_sdk.h
[4.230s] -- Symlinking: /home/davide/sesasr_labs/install/dynamixel_sdk/include//dynamixel_sdk/group_bulk_read.h
[4.230s] -- Symlinking: /home/davide/sesasr_labs/install/dynamixel_sdk/include//dynamixel_sdk/group_bulk_write.h
[4.231s] -- Symlinking: /home/davide/sesasr_labs/install/dynamixel_sdk/include//dynamixel_sdk/group_sync_read.h
[4.231s] -- Symlinking: /home/davide/sesasr_labs/install/dynamixel_sdk/include//dynamixel_sdk/group_sync_write.h
[4.231s] -- Symlinking: /home/davide/sesasr_labs/install/dynamixel_sdk/include//dynamixel_sdk/packet_handler.h
[4.231s] -- Symlinking: /home/davide/sesasr_labs/install/dynamixel_sdk/include//dynamixel_sdk/port_handler.h
[4.231s] -- Symlinking: /home/davide/sesasr_labs/install/dynamixel_sdk/include//dynamixel_sdk/port_handler_arduino.h
[4.231s] -- Symlinking: /home/davide/sesasr_labs/install/dynamixel_sdk/include//dynamixel_sdk/port_handler_linux.h
[4.231s] -- Symlinking: /home/davide/sesasr_labs/install/dynamixel_sdk/include//dynamixel_sdk/port_handler_mac.h
[4.231s] -- Symlinking: /home/davide/sesasr_labs/install/dynamixel_sdk/include//dynamixel_sdk/port_handler_windows.h
[4.231s] -- Symlinking: /home/davide/sesasr_labs/install/dynamixel_sdk/include//dynamixel_sdk/protocol1_packet_handler.h
[4.231s] -- Symlinking: /home/davide/sesasr_labs/install/dynamixel_sdk/include//dynamixel_sdk/protocol2_packet_handler.h
[4.231s] -- Symlinking: /home/davide/sesasr_labs/install/dynamixel_sdk/lib/libdynamixel_sdk.so
[4.231s] -- Symlinking: /home/davide/sesasr_labs/install/dynamixel_sdk/share/dynamixel_sdk/environment/library_path.sh
[4.231s] -- Symlinking: /home/davide/sesasr_labs/install/dynamixel_sdk/share/dynamixel_sdk/environment/library_path.dsv
[4.231s] -- Symlinking: /home/davide/sesasr_labs/install/dynamixel_sdk/share/ament_index/resource_index/package_run_dependencies/dynamixel_sdk
[4.231s] -- Symlinking: /home/davide/sesasr_labs/install/dynamixel_sdk/share/ament_index/resource_index/parent_prefix_path/dynamixel_sdk
[4.231s] -- Symlinking: /home/davide/sesasr_labs/install/dynamixel_sdk/share/dynamixel_sdk/environment/ament_prefix_path.sh
[4.231s] -- Symlinking: /home/davide/sesasr_labs/install/dynamixel_sdk/share/dynamixel_sdk/environment/ament_prefix_path.dsv
[4.231s] -- Symlinking: /home/davide/sesasr_labs/install/dynamixel_sdk/share/dynamixel_sdk/environment/path.sh
[4.231s] -- Symlinking: /home/davide/sesasr_labs/install/dynamixel_sdk/share/dynamixel_sdk/environment/path.dsv
[4.231s] -- Symlinking: /home/davide/sesasr_labs/install/dynamixel_sdk/share/dynamixel_sdk/local_setup.bash
[4.232s] -- Symlinking: /home/davide/sesasr_labs/install/dynamixel_sdk/share/dynamixel_sdk/local_setup.sh
[4.232s] -- Symlinking: /home/davide/sesasr_labs/install/dynamixel_sdk/share/dynamixel_sdk/local_setup.zsh
[4.232s] -- Symlinking: /home/davide/sesasr_labs/install/dynamixel_sdk/share/dynamixel_sdk/local_setup.dsv
[4.232s] -- Symlinking: /home/davide/sesasr_labs/install/dynamixel_sdk/share/dynamixel_sdk/package.dsv
[4.232s] -- Symlinking: /home/davide/sesasr_labs/install/dynamixel_sdk/share/ament_index/resource_index/packages/dynamixel_sdk
[4.232s] -- Symlinking: /home/davide/sesasr_labs/install/dynamixel_sdk/share/dynamixel_sdk/cmake/ament_cmake_export_include_directories-extras.cmake
[4.232s] -- Symlinking: /home/davide/sesasr_labs/install/dynamixel_sdk/share/dynamixel_sdk/cmake/ament_cmake_export_libraries-extras.cmake
[4.232s] -- Symlinking: /home/davide/sesasr_labs/install/dynamixel_sdk/share/dynamixel_sdk/cmake/dynamixel_sdkConfig.cmake
[4.232s] -- Symlinking: /home/davide/sesasr_labs/install/dynamixel_sdk/share/dynamixel_sdk/cmake/dynamixel_sdkConfig-version.cmake
[4.232s] -- Symlinking: /home/davide/sesasr_labs/install/dynamixel_sdk/share/dynamixel_sdk/package.xml
[4.253s] Invoked command in '/home/davide/sesasr_labs/build/dynamixel_sdk' returned '0': CMAKE_PREFIX_PATH=${CMAKE_PREFIX_PATH}:/home/davide/sesasr_labs/install/my_package:/home/davide/sesasr_labs/install/launch_testing_examples:/home/davide/sesasr_labs/install/examples_rclpy_pointcloud_publisher:/home/davide/sesasr_labs/install/examples_rclpy_minimal_subscriber:/home/davide/sesasr_labs/install/examples_rclpy_minimal_service:/home/davide/sesasr_labs/install/examples_rclpy_minimal_publisher:/home/davide/sesasr_labs/install/examples_rclpy_minimal_client:/home/davide/sesasr_labs/install/examples_rclpy_minimal_action_server:/home/davide/sesasr_labs/install/examples_rclpy_minimal_action_client:/home/davide/sesasr_labs/install/examples_rclpy_guard_conditions:/home/davide/sesasr_labs/install/examples_rclpy_executors:/opt/ros/humble /usr/bin/cmake --install /home/davide/sesasr_labs/build/dynamixel_sdk
