[2.410s] Invoking command in '/home/davide/sesasr_labs/build/examples_rclpy_guard_conditions': PYTHONPATH=/home/davide/sesasr_labs/build/examples_rclpy_guard_conditions/prefix_override:/home/davide/sesasr_labs/install/examples_rclpy_guard_conditions/lib/python3.10/site-packages:${PYTHONPATH} /usr/bin/python3 setup.py develop --editable --build-directory /home/davide/sesasr_labs/build/examples_rclpy_guard_conditions/build --no-deps install_data
[2.662s] running develop
[2.663s] /usr/lib/python3/dist-packages/setuptools/command/easy_install.py:158: EasyInstallDeprecationWarning: easy_install command is deprecated. Use build and pip and other standards-based tools.
[2.663s]   warnings.warn(
[2.664s] /usr/lib/python3/dist-packages/setuptools/command/install.py:34: SetuptoolsDeprecationWarning: setup.py install is deprecated. Use build and pip and other standards-based tools.
[2.664s]   warnings.warn(
[2.825s] running egg_info
[2.825s] writing examples_rclpy_guard_conditions.egg-info/PKG-INFO
[2.825s] writing dependency_links to examples_rclpy_guard_conditions.egg-info/dependency_links.txt
[2.825s] writing entry points to examples_rclpy_guard_conditions.egg-info/entry_points.txt
[2.825s] writing requirements to examples_rclpy_guard_conditions.egg-info/requires.txt
[2.825s] writing top-level names to examples_rclpy_guard_conditions.egg-info/top_level.txt
[2.827s] reading manifest file 'examples_rclpy_guard_conditions.egg-info/SOURCES.txt'
[2.828s] writing manifest file 'examples_rclpy_guard_conditions.egg-info/SOURCES.txt'
[2.830s] running build_ext
[2.830s] Creating /home/davide/sesasr_labs/install/examples_rclpy_guard_conditions/lib/python3.10/site-packages/examples-rclpy-guard-conditions.egg-link (link to .)
[2.831s] Installing trigger_guard_condition script to /home/davide/sesasr_labs/install/examples_rclpy_guard_conditions/lib/examples_rclpy_guard_conditions
[2.832s] 
[2.832s] Installed /home/davide/sesasr_labs/build/examples_rclpy_guard_conditions
[2.832s] running install_data
[3.034s] Invoked command in '/home/davide/sesasr_labs/build/examples_rclpy_guard_conditions' returned '0': PYTHONPATH=/home/davide/sesasr_labs/build/examples_rclpy_guard_conditions/prefix_override:/home/davide/sesasr_labs/install/examples_rclpy_guard_conditions/lib/python3.10/site-packages:${PYTHONPATH} /usr/bin/python3 setup.py develop --editable --build-directory /home/davide/sesasr_labs/build/examples_rclpy_guard_conditions/build --no-deps install_data
