[1.741s] Invoking command in '/home/davide/sesasr_labs/build/examples_rclpy_minimal_publisher': PYTHONPATH=/home/davide/sesasr_labs/build/examples_rclpy_minimal_publisher/prefix_override:/home/davide/sesasr_labs/install/examples_rclpy_minimal_publisher/lib/python3.10/site-packages:${PYTHONPATH} /usr/bin/python3 setup.py develop --editable --build-directory /home/davide/sesasr_labs/build/examples_rclpy_minimal_publisher/build --no-deps install_data
[2.079s] running develop
[2.079s] running egg_info
[2.079s] writing examples_rclpy_minimal_publisher.egg-info/PKG-INFO
[2.080s] writing dependency_links to examples_rclpy_minimal_publisher.egg-info/dependency_links.txt
[2.080s] writing entry points to examples_rclpy_minimal_publisher.egg-info/entry_points.txt
[2.080s] writing requirements to examples_rclpy_minimal_publisher.egg-info/requires.txt
[2.080s] writing top-level names to examples_rclpy_minimal_publisher.egg-info/top_level.txt
[2.081s] reading manifest file 'examples_rclpy_minimal_publisher.egg-info/SOURCES.txt'
[2.081s] writing manifest file 'examples_rclpy_minimal_publisher.egg-info/SOURCES.txt'
[2.081s] running build_ext
[2.081s] Creating /home/davide/sesasr_labs/install/examples_rclpy_minimal_publisher/lib/python3.10/site-packages/examples-rclpy-minimal-publisher.egg-link (link to .)
[2.082s] Installing publisher_local_function script to /home/davide/sesasr_labs/install/examples_rclpy_minimal_publisher/lib/examples_rclpy_minimal_publisher
[2.082s] Installing publisher_member_function script to /home/davide/sesasr_labs/install/examples_rclpy_minimal_publisher/lib/examples_rclpy_minimal_publisher
[2.083s] Installing publisher_old_school script to /home/davide/sesasr_labs/install/examples_rclpy_minimal_publisher/lib/examples_rclpy_minimal_publisher
[2.083s] 
[2.083s] Installed /home/davide/sesasr_labs/build/examples_rclpy_minimal_publisher
[2.083s] running install_data
[2.084s] /usr/lib/python3/dist-packages/setuptools/command/easy_install.py:158: EasyInstallDeprecationWarning: easy_install command is deprecated. Use build and pip and other standards-based tools.
[2.084s]   warnings.warn(
[2.084s] /usr/lib/python3/dist-packages/setuptools/command/install.py:34: SetuptoolsDeprecationWarning: setup.py install is deprecated. Use build and pip and other standards-based tools.
[2.084s]   warnings.warn(
[2.438s] Invoked command in '/home/davide/sesasr_labs/build/examples_rclpy_minimal_publisher' returned '0': PYTHONPATH=/home/davide/sesasr_labs/build/examples_rclpy_minimal_publisher/prefix_override:/home/davide/sesasr_labs/install/examples_rclpy_minimal_publisher/lib/python3.10/site-packages:${PYTHONPATH} /usr/bin/python3 setup.py develop --editable --build-directory /home/davide/sesasr_labs/build/examples_rclpy_minimal_publisher/build --no-deps install_data
