[0.176s] Invoking command in '/home/davide/sesasr_labs/build/examples_rclcpp_minimal_client': CMAKE_PREFIX_PATH=/opt/ros/humble /usr/bin/cmake /home/davide/sesasr_labs/src/examples/rclcpp/services/minimal_client -DAMENT_CMAKE_SYMLINK_INSTALL=1 -DCMAKE_INSTALL_PREFIX=/home/davide/sesasr_labs/install/examples_rclcpp_minimal_client
[0.357s] -- The C compiler identification is GNU 11.4.0
[0.761s] -- The CXX compiler identification is GNU 11.4.0
[1.002s] -- Detecting C compiler ABI info
[1.101s] -- Detecting C compiler ABI info - done
[1.107s] -- Check for working C compiler: /usr/bin/cc - skipped
[1.107s] -- Detecting C compile features
[1.107s] -- Detecting C compile features - done
[1.110s] -- Detecting CXX compiler ABI info
[1.256s] -- Detecting CXX compiler ABI info - done
[1.263s] -- Check for working CXX compiler: /usr/bin/c++ - skipped
[1.263s] -- Detecting CXX compile features
[1.263s] -- Detecting CXX compile features - done
[1.265s] -- Found ament_cmake: 1.3.6 (/opt/ros/humble/share/ament_cmake/cmake)
[1.414s] -- Found Python3: /usr/bin/python3.10 (found version "3.10.12") found components: Interpreter 
[1.471s] -- Override CMake install command with custom implementation using symlinks instead of copying resources
[1.499s] -- Found example_interfaces: 0.9.3 (/opt/ros/humble/share/example_interfaces/cmake)
[1.624s] -- Found rosidl_generator_c: 3.1.5 (/opt/ros/humble/share/rosidl_generator_c/cmake)
[1.630s] -- Found rosidl_adapter: 3.1.5 (/opt/ros/humble/share/rosidl_adapter/cmake)
[1.642s] -- Found rosidl_generator_cpp: 3.1.5 (/opt/ros/humble/share/rosidl_generator_cpp/cmake)
[1.663s] -- Using all available rosidl_typesupport_c: rosidl_typesupport_fastrtps_c;rosidl_typesupport_introspection_c
[1.686s] -- Using all available rosidl_typesupport_cpp: rosidl_typesupport_fastrtps_cpp;rosidl_typesupport_introspection_cpp
[1.838s] -- Found rclcpp: 16.0.7 (/opt/ros/humble/share/rclcpp/cmake)
[1.886s] -- Found rmw_implementation_cmake: 6.1.1 (/opt/ros/humble/share/rmw_implementation_cmake/cmake)
[1.888s] -- Found rmw_fastrtps_cpp: 6.2.5 (/opt/ros/humble/share/rmw_fastrtps_cpp/cmake)
[2.580s] -- Found OpenSSL: /usr/lib/x86_64-linux-gnu/libcrypto.so (found version "3.0.2")  
[4.045s] -- Found FastRTPS: /opt/ros/humble/include  
[6.083s] -- Using RMW implementation 'rmw_fastrtps_cpp' as default
[6.092s] -- Looking for pthread.h
[6.520s] -- Looking for pthread.h - found
[6.520s] -- Performing Test CMAKE_HAVE_LIBC_PTHREAD
[6.794s] -- Performing Test CMAKE_HAVE_LIBC_PTHREAD - Success
[6.795s] -- Found Threads: TRUE  
[7.108s] -- Found ament_lint_auto: 0.12.9 (/opt/ros/humble/share/ament_lint_auto/cmake)
[7.244s] -- Added test 'copyright' to check source files copyright and LICENSE
[7.244s] -- Added test 'cppcheck' to perform static code analysis on C / C++ code
[7.244s] -- Configured cppcheck include dirs: 
[7.244s] -- Configured cppcheck exclude dirs and/or files: 
[7.244s] -- Added test 'cpplint' to check C / C++ code against the Google style
[7.244s] -- Configured cpplint exclude dirs and/or files: 
[7.246s] -- Added test 'lint_cmake' to check CMake code style
[7.246s] -- Added test 'uncrustify' to check C / C++ code style
[7.246s] -- Configured uncrustify additional arguments: 
[7.247s] -- Added test 'xmllint' to check XML markup files
[7.280s] -- Configuring done
[7.312s] -- Generating done
[7.312s] -- Build files have been written to: /home/davide/sesasr_labs/build/examples_rclcpp_minimal_client
[7.362s] Invoked command in '/home/davide/sesasr_labs/build/examples_rclcpp_minimal_client' returned '0': CMAKE_PREFIX_PATH=/opt/ros/humble /usr/bin/cmake /home/davide/sesasr_labs/src/examples/rclcpp/services/minimal_client -DAMENT_CMAKE_SYMLINK_INSTALL=1 -DCMAKE_INSTALL_PREFIX=/home/davide/sesasr_labs/install/examples_rclcpp_minimal_client
[7.363s] Invoking command in '/home/davide/sesasr_labs/build/examples_rclcpp_minimal_client': CMAKE_PREFIX_PATH=/opt/ros/humble /usr/bin/cmake --build /home/davide/sesasr_labs/build/examples_rclcpp_minimal_client -- -j8 -l8
[18.259s] [ 50%] [32mBuilding CXX object CMakeFiles/client_main.dir/main.cpp.o[0m
[18.593s] [100%] [32m[1mLinking CXX executable client_main[0m
[19.117s] [100%] Built target client_main
[19.370s] Invoked command in '/home/davide/sesasr_labs/build/examples_rclcpp_minimal_client' returned '0': CMAKE_PREFIX_PATH=/opt/ros/humble /usr/bin/cmake --build /home/davide/sesasr_labs/build/examples_rclcpp_minimal_client -- -j8 -l8
[19.663s] Invoking command in '/home/davide/sesasr_labs/build/examples_rclcpp_minimal_client': CMAKE_PREFIX_PATH=/opt/ros/humble /usr/bin/cmake --install /home/davide/sesasr_labs/build/examples_rclcpp_minimal_client
[19.671s] -- Install configuration: ""
[19.671s] -- Execute custom install script
[19.671s] -- Symlinking: /home/davide/sesasr_labs/install/examples_rclcpp_minimal_client/lib/examples_rclcpp_minimal_client/client_main
[19.677s] -- Symlinking: /home/davide/sesasr_labs/install/examples_rclcpp_minimal_client/share/ament_index/resource_index/package_run_dependencies/examples_rclcpp_minimal_client
[19.683s] -- Symlinking: /home/davide/sesasr_labs/install/examples_rclcpp_minimal_client/share/ament_index/resource_index/parent_prefix_path/examples_rclcpp_minimal_client
[19.702s] -- Symlinking: /home/davide/sesasr_labs/install/examples_rclcpp_minimal_client/share/examples_rclcpp_minimal_client/environment/ament_prefix_path.sh
[19.702s] -- Symlinking: /home/davide/sesasr_labs/install/examples_rclcpp_minimal_client/share/examples_rclcpp_minimal_client/environment/ament_prefix_path.dsv
[19.742s] -- Symlinking: /home/davide/sesasr_labs/install/examples_rclcpp_minimal_client/share/examples_rclcpp_minimal_client/environment/path.sh
[19.759s] -- Symlinking: /home/davide/sesasr_labs/install/examples_rclcpp_minimal_client/share/examples_rclcpp_minimal_client/environment/path.dsv
[19.773s] -- Symlinking: /home/davide/sesasr_labs/install/examples_rclcpp_minimal_client/share/examples_rclcpp_minimal_client/local_setup.bash
[19.808s] -- Symlinking: /home/davide/sesasr_labs/install/examples_rclcpp_minimal_client/share/examples_rclcpp_minimal_client/local_setup.sh
[19.829s] -- Symlinking: /home/davide/sesasr_labs/install/examples_rclcpp_minimal_client/share/examples_rclcpp_minimal_client/local_setup.zsh
[19.855s] -- Symlinking: /home/davide/sesasr_labs/install/examples_rclcpp_minimal_client/share/examples_rclcpp_minimal_client/local_setup.dsv
[19.870s] -- Symlinking: /home/davide/sesasr_labs/install/examples_rclcpp_minimal_client/share/examples_rclcpp_minimal_client/package.dsv
[19.879s] -- Symlinking: /home/davide/sesasr_labs/install/examples_rclcpp_minimal_client/share/ament_index/resource_index/packages/examples_rclcpp_minimal_client
[19.894s] -- Symlinking: /home/davide/sesasr_labs/install/examples_rclcpp_minimal_client/share/examples_rclcpp_minimal_client/cmake/examples_rclcpp_minimal_clientConfig.cmake
[19.913s] -- Symlinking: /home/davide/sesasr_labs/install/examples_rclcpp_minimal_client/share/examples_rclcpp_minimal_client/cmake/examples_rclcpp_minimal_clientConfig-version.cmake
[19.940s] -- Symlinking: /home/davide/sesasr_labs/install/examples_rclcpp_minimal_client/share/examples_rclcpp_minimal_client/package.xml
[19.980s] Invoked command in '/home/davide/sesasr_labs/build/examples_rclcpp_minimal_client' returned '0': CMAKE_PREFIX_PATH=/opt/ros/humble /usr/bin/cmake --install /home/davide/sesasr_labs/build/examples_rclcpp_minimal_client
