[1.931s] Invoking command in '/home/davide/sesasr_labs/build/examples_rclpy_pointcloud_publisher': PYTHONPATH=/home/davide/sesasr_labs/build/examples_rclpy_pointcloud_publisher/prefix_override:/home/davide/sesasr_labs/install/examples_rclpy_pointcloud_publisher/lib/python3.10/site-packages:${PYTHONPATH} /usr/bin/python3 setup.py develop --editable --build-directory /home/davide/sesasr_labs/build/examples_rclpy_pointcloud_publisher/build --no-deps install_data
[2.211s] running develop
[2.212s] /usr/lib/python3/dist-packages/setuptools/command/easy_install.py:158: EasyInstallDeprecationWarning: easy_install command is deprecated. Use build and pip and other standards-based tools.
[2.212s]   warnings.warn(
[2.214s] /usr/lib/python3/dist-packages/setuptools/command/install.py:34: SetuptoolsDeprecationWarning: setup.py install is deprecated. Use build and pip and other standards-based tools.
[2.215s]   warnings.warn(
[2.410s] running egg_info
[2.413s] writing examples_rclpy_pointcloud_publisher.egg-info/PKG-INFO
[2.416s] writing dependency_links to examples_rclpy_pointcloud_publisher.egg-info/dependency_links.txt
[2.417s] writing entry points to examples_rclpy_pointcloud_publisher.egg-info/entry_points.txt
[2.419s] writing requirements to examples_rclpy_pointcloud_publisher.egg-info/requires.txt
[2.420s] writing top-level names to examples_rclpy_pointcloud_publisher.egg-info/top_level.txt
[2.423s] reading manifest file 'examples_rclpy_pointcloud_publisher.egg-info/SOURCES.txt'
[2.424s] writing manifest file 'examples_rclpy_pointcloud_publisher.egg-info/SOURCES.txt'
[2.427s] running build_ext
[2.427s] Creating /home/davide/sesasr_labs/install/examples_rclpy_pointcloud_publisher/lib/python3.10/site-packages/examples-rclpy-pointcloud-publisher.egg-link (link to .)
[2.429s] Installing pointcloud_publisher script to /home/davide/sesasr_labs/install/examples_rclpy_pointcloud_publisher/lib/examples_rclpy_pointcloud_publisher
[2.430s] 
[2.430s] Installed /home/davide/sesasr_labs/build/examples_rclpy_pointcloud_publisher
[2.430s] running install_data
[2.497s] Invoked command in '/home/davide/sesasr_labs/build/examples_rclpy_pointcloud_publisher' returned '0': PYTHONPATH=/home/davide/sesasr_labs/build/examples_rclpy_pointcloud_publisher/prefix_override:/home/davide/sesasr_labs/install/examples_rclpy_pointcloud_publisher/lib/python3.10/site-packages:${PYTHONPATH} /usr/bin/python3 setup.py develop --editable --build-directory /home/davide/sesasr_labs/build/examples_rclpy_pointcloud_publisher/build --no-deps install_data
