[2.086s] Invoking command in '/home/davide/sesasr_labs/build/examples_rclpy_guard_conditions': PYTHONPATH=/home/davide/sesasr_labs/build/examples_rclpy_guard_conditions/prefix_override:/home/davide/sesasr_labs/install/examples_rclpy_guard_conditions/lib/python3.10/site-packages:${PYTHONPATH} /usr/bin/python3 setup.py develop --editable --build-directory /home/davide/sesasr_labs/build/examples_rclpy_guard_conditions/build --no-deps install_data
[4.513s] running develop
[4.513s] running egg_info
[4.513s] creating examples_rclpy_guard_conditions.egg-info
[4.513s] writing examples_rclpy_guard_conditions.egg-info/PKG-INFO
[4.513s] writing dependency_links to examples_rclpy_guard_conditions.egg-info/dependency_links.txt
[4.513s] writing entry points to examples_rclpy_guard_conditions.egg-info/entry_points.txt
[4.513s] writing requirements to examples_rclpy_guard_conditions.egg-info/requires.txt
[4.513s] writing top-level names to examples_rclpy_guard_conditions.egg-info/top_level.txt
[4.513s] writing manifest file 'examples_rclpy_guard_conditions.egg-info/SOURCES.txt'
[4.513s] reading manifest file 'examples_rclpy_guard_conditions.egg-info/SOURCES.txt'
[4.513s] writing manifest file 'examples_rclpy_guard_conditions.egg-info/SOURCES.txt'
[4.513s] running build_ext
[4.513s] Creating /home/davide/sesasr_labs/install/examples_rclpy_guard_conditions/lib/python3.10/site-packages/examples-rclpy-guard-conditions.egg-link (link to .)
[4.513s] Installing trigger_guard_condition script to /home/davide/sesasr_labs/install/examples_rclpy_guard_conditions/lib/examples_rclpy_guard_conditions
[4.513s] 
[4.513s] Installed /home/davide/sesasr_labs/build/examples_rclpy_guard_conditions
[4.513s] running install_data
[4.513s] creating /home/davide/sesasr_labs/install/examples_rclpy_guard_conditions/share/ament_index
[4.514s] creating /home/davide/sesasr_labs/install/examples_rclpy_guard_conditions/share/ament_index/resource_index
[4.514s] creating /home/davide/sesasr_labs/install/examples_rclpy_guard_conditions/share/ament_index/resource_index/packages
[4.514s] copying resource/examples_rclpy_guard_conditions -> /home/davide/sesasr_labs/install/examples_rclpy_guard_conditions/share/ament_index/resource_index/packages
[4.514s] copying package.xml -> /home/davide/sesasr_labs/install/examples_rclpy_guard_conditions/share/examples_rclpy_guard_conditions
[4.514s] /usr/lib/python3/dist-packages/setuptools/command/easy_install.py:158: EasyInstallDeprecationWarning: easy_install command is deprecated. Use build and pip and other standards-based tools.
[4.514s]   warnings.warn(
[4.514s] /usr/lib/python3/dist-packages/setuptools/command/install.py:34: SetuptoolsDeprecationWarning: setup.py install is deprecated. Use build and pip and other standards-based tools.
[4.514s]   warnings.warn(
[4.679s] Invoked command in '/home/davide/sesasr_labs/build/examples_rclpy_guard_conditions' returned '0': PYTHONPATH=/home/davide/sesasr_labs/build/examples_rclpy_guard_conditions/prefix_override:/home/davide/sesasr_labs/install/examples_rclpy_guard_conditions/lib/python3.10/site-packages:${PYTHONPATH} /usr/bin/python3 setup.py develop --editable --build-directory /home/davide/sesasr_labs/build/examples_rclpy_guard_conditions/build --no-deps install_data
