[0.213s] Invoking command in '/home/davide/sesasr_labs/build/examples_rclcpp_minimal_action_server': CMAKE_PREFIX_PATH=/opt/ros/humble /usr/bin/cmake /home/davide/sesasr_labs/src/examples/rclcpp/actions/minimal_action_server -DAMENT_CMAKE_SYMLINK_INSTALL=1 -DCMAKE_INSTALL_PREFIX=/home/davide/sesasr_labs/install/examples_rclcpp_minimal_action_server
[0.397s] -- The C compiler identification is GNU 11.4.0
[0.739s] -- The CXX compiler identification is GNU 11.4.0
[0.998s] -- Detecting C compiler ABI info
[1.128s] -- Detecting C compiler ABI info - done
[1.134s] -- Check for working C compiler: /usr/bin/cc - skipped
[1.134s] -- Detecting C compile features
[1.134s] -- Detecting C compile features - done
[1.138s] -- Detecting CXX compiler ABI info
[1.256s] -- Detecting CXX compiler ABI info - done
[1.263s] -- Check for working CXX compiler: /usr/bin/c++ - skipped
[1.263s] -- Detecting CXX compile features
[1.264s] -- Detecting CXX compile features - done
[1.268s] -- Found ament_cmake: 1.3.6 (/opt/ros/humble/share/ament_cmake/cmake)
[1.432s] -- Found Python3: /usr/bin/python3.10 (found version "3.10.12") found components: Interpreter 
[1.496s] -- Override CMake install command with custom implementation using symlinks instead of copying resources
[1.540s] -- Found example_interfaces: 0.9.3 (/opt/ros/humble/share/example_interfaces/cmake)
[1.664s] -- Found rosidl_generator_c: 3.1.5 (/opt/ros/humble/share/rosidl_generator_c/cmake)
[1.670s] -- Found rosidl_adapter: 3.1.5 (/opt/ros/humble/share/rosidl_adapter/cmake)
[1.682s] -- Found rosidl_generator_cpp: 3.1.5 (/opt/ros/humble/share/rosidl_generator_cpp/cmake)
[1.703s] -- Using all available rosidl_typesupport_c: rosidl_typesupport_fastrtps_c;rosidl_typesupport_introspection_c
[1.726s] -- Using all available rosidl_typesupport_cpp: rosidl_typesupport_fastrtps_cpp;rosidl_typesupport_introspection_cpp
[1.878s] -- Found rclcpp: 16.0.7 (/opt/ros/humble/share/rclcpp/cmake)
[1.926s] -- Found rmw_implementation_cmake: 6.1.1 (/opt/ros/humble/share/rmw_implementation_cmake/cmake)
[1.928s] -- Found rmw_fastrtps_cpp: 6.2.5 (/opt/ros/humble/share/rmw_fastrtps_cpp/cmake)
[2.606s] -- Found OpenSSL: /usr/lib/x86_64-linux-gnu/libcrypto.so (found version "3.0.2")  
[3.427s] -- Found FastRTPS: /opt/ros/humble/include  
[5.638s] -- Using RMW implementation 'rmw_fastrtps_cpp' as default
[5.647s] -- Looking for pthread.h
[5.795s] -- Looking for pthread.h - found
[5.796s] -- Performing Test CMAKE_HAVE_LIBC_PTHREAD
[5.927s] -- Performing Test CMAKE_HAVE_LIBC_PTHREAD - Success
[5.927s] -- Found Threads: TRUE  
[6.123s] -- Found rclcpp_action: 16.0.7 (/opt/ros/humble/share/rclcpp_action/cmake)
[6.174s] -- Found ament_lint_auto: 0.12.9 (/opt/ros/humble/share/ament_lint_auto/cmake)
[6.385s] -- Added test 'copyright' to check source files copyright and LICENSE
[6.385s] -- Added test 'cppcheck' to perform static code analysis on C / C++ code
[6.385s] -- Configured cppcheck include dirs: 
[6.385s] -- Configured cppcheck exclude dirs and/or files: 
[6.385s] -- Added test 'cpplint' to check C / C++ code against the Google style
[6.385s] -- Configured cpplint exclude dirs and/or files: 
[6.385s] -- Added test 'lint_cmake' to check CMake code style
[6.386s] -- Added test 'uncrustify' to check C / C++ code style
[6.386s] -- Configured uncrustify additional arguments: 
[6.391s] -- Added test 'xmllint' to check XML markup files
[6.443s] -- Configuring done
[6.479s] -- Generating done
[6.481s] -- Build files have been written to: /home/davide/sesasr_labs/build/examples_rclcpp_minimal_action_server
[6.537s] Invoked command in '/home/davide/sesasr_labs/build/examples_rclcpp_minimal_action_server' returned '0': CMAKE_PREFIX_PATH=/opt/ros/humble /usr/bin/cmake /home/davide/sesasr_labs/src/examples/rclcpp/actions/minimal_action_server -DAMENT_CMAKE_SYMLINK_INSTALL=1 -DCMAKE_INSTALL_PREFIX=/home/davide/sesasr_labs/install/examples_rclcpp_minimal_action_server
[6.537s] Invoking command in '/home/davide/sesasr_labs/build/examples_rclcpp_minimal_action_server': CMAKE_PREFIX_PATH=/opt/ros/humble /usr/bin/cmake --build /home/davide/sesasr_labs/build/examples_rclcpp_minimal_action_server -- -j8 -l8
[7.390s] [ 50%] [32mBuilding CXX object CMakeFiles/action_server_member_functions.dir/member_functions.cpp.o[0m
[7.390s] [ 50%] [32mBuilding CXX object CMakeFiles/action_server_not_composable.dir/not_composable.cpp.o[0m
[18.512s] [ 75%] [32m[1mLinking CXX executable action_server_member_functions[0m
[18.589s] [100%] [32m[1mLinking CXX executable action_server_not_composable[0m
[19.007s] [100%] Built target action_server_not_composable
[19.090s] [100%] Built target action_server_member_functions
[19.393s] Invoked command in '/home/davide/sesasr_labs/build/examples_rclcpp_minimal_action_server' returned '0': CMAKE_PREFIX_PATH=/opt/ros/humble /usr/bin/cmake --build /home/davide/sesasr_labs/build/examples_rclcpp_minimal_action_server -- -j8 -l8
[19.639s] Invoking command in '/home/davide/sesasr_labs/build/examples_rclcpp_minimal_action_server': CMAKE_PREFIX_PATH=/opt/ros/humble /usr/bin/cmake --install /home/davide/sesasr_labs/build/examples_rclcpp_minimal_action_server
[19.692s] -- Install configuration: ""
[19.692s] -- Execute custom install script
[19.692s] -- Symlinking: /home/davide/sesasr_labs/install/examples_rclcpp_minimal_action_server/lib/examples_rclcpp_minimal_action_server/action_server_not_composable
[19.693s] -- Symlinking: /home/davide/sesasr_labs/install/examples_rclcpp_minimal_action_server/lib/examples_rclcpp_minimal_action_server/action_server_member_functions
[19.693s] -- Symlinking: /home/davide/sesasr_labs/install/examples_rclcpp_minimal_action_server/share/ament_index/resource_index/package_run_dependencies/examples_rclcpp_minimal_action_server
[19.693s] -- Symlinking: /home/davide/sesasr_labs/install/examples_rclcpp_minimal_action_server/share/ament_index/resource_index/parent_prefix_path/examples_rclcpp_minimal_action_server
[19.693s] -- Symlinking: /home/davide/sesasr_labs/install/examples_rclcpp_minimal_action_server/share/examples_rclcpp_minimal_action_server/environment/ament_prefix_path.sh
[19.693s] -- Symlinking: /home/davide/sesasr_labs/install/examples_rclcpp_minimal_action_server/share/examples_rclcpp_minimal_action_server/environment/ament_prefix_path.dsv
[19.693s] -- Symlinking: /home/davide/sesasr_labs/install/examples_rclcpp_minimal_action_server/share/examples_rclcpp_minimal_action_server/environment/path.sh
[19.701s] -- Symlinking: /home/davide/sesasr_labs/install/examples_rclcpp_minimal_action_server/share/examples_rclcpp_minimal_action_server/environment/path.dsv
[19.712s] -- Symlinking: /home/davide/sesasr_labs/install/examples_rclcpp_minimal_action_server/share/examples_rclcpp_minimal_action_server/local_setup.bash
[19.724s] -- Symlinking: /home/davide/sesasr_labs/install/examples_rclcpp_minimal_action_server/share/examples_rclcpp_minimal_action_server/local_setup.sh
[19.742s] -- Symlinking: /home/davide/sesasr_labs/install/examples_rclcpp_minimal_action_server/share/examples_rclcpp_minimal_action_server/local_setup.zsh
[19.742s] -- Symlinking: /home/davide/sesasr_labs/install/examples_rclcpp_minimal_action_server/share/examples_rclcpp_minimal_action_server/local_setup.dsv
[19.750s] -- Symlinking: /home/davide/sesasr_labs/install/examples_rclcpp_minimal_action_server/share/examples_rclcpp_minimal_action_server/package.dsv
[19.758s] -- Symlinking: /home/davide/sesasr_labs/install/examples_rclcpp_minimal_action_server/share/ament_index/resource_index/packages/examples_rclcpp_minimal_action_server
[19.765s] -- Symlinking: /home/davide/sesasr_labs/install/examples_rclcpp_minimal_action_server/share/examples_rclcpp_minimal_action_server/cmake/examples_rclcpp_minimal_action_serverConfig.cmake
[19.773s] -- Symlinking: /home/davide/sesasr_labs/install/examples_rclcpp_minimal_action_server/share/examples_rclcpp_minimal_action_server/cmake/examples_rclcpp_minimal_action_serverConfig-version.cmake
[19.781s] -- Symlinking: /home/davide/sesasr_labs/install/examples_rclcpp_minimal_action_server/share/examples_rclcpp_minimal_action_server/package.xml
[19.798s] Invoked command in '/home/davide/sesasr_labs/build/examples_rclcpp_minimal_action_server' returned '0': CMAKE_PREFIX_PATH=/opt/ros/humble /usr/bin/cmake --install /home/davide/sesasr_labs/build/examples_rclcpp_minimal_action_server
