[1.262s] Invoking command in '/home/davide/sesasr_labs/build/examples_rclpy_minimal_action_server': PYTHONPATH=/home/davide/sesasr_labs/build/examples_rclpy_minimal_action_server/prefix_override:/home/davide/sesasr_labs/install/examples_rclpy_minimal_action_server/lib/python3.10/site-packages:${PYTHONPATH} /usr/bin/python3 setup.py develop --editable --build-directory /home/davide/sesasr_labs/build/examples_rclpy_minimal_action_server/build --no-deps install_data
[1.485s] running develop
[1.485s] /usr/lib/python3/dist-packages/setuptools/command/easy_install.py:158: EasyInstallDeprecationWarning: easy_install command is deprecated. Use build and pip and other standards-based tools.
[1.485s]   warnings.warn(
[1.488s] /usr/lib/python3/dist-packages/setuptools/command/install.py:34: SetuptoolsDeprecationWarning: setup.py install is deprecated. Use build and pip and other standards-based tools.
[1.488s]   warnings.warn(
[1.625s] running egg_info
[1.625s] writing examples_rclpy_minimal_action_server.egg-info/PKG-INFO
[1.625s] writing dependency_links to examples_rclpy_minimal_action_server.egg-info/dependency_links.txt
[1.625s] writing entry points to examples_rclpy_minimal_action_server.egg-info/entry_points.txt
[1.625s] writing requirements to examples_rclpy_minimal_action_server.egg-info/requires.txt
[1.625s] writing top-level names to examples_rclpy_minimal_action_server.egg-info/top_level.txt
[1.628s] reading manifest file 'examples_rclpy_minimal_action_server.egg-info/SOURCES.txt'
[1.629s] writing manifest file 'examples_rclpy_minimal_action_server.egg-info/SOURCES.txt'
[1.630s] running build_ext
[1.630s] Creating /home/davide/sesasr_labs/install/examples_rclpy_minimal_action_server/lib/python3.10/site-packages/examples-rclpy-minimal-action-server.egg-link (link to .)
[1.631s] Installing server script to /home/davide/sesasr_labs/install/examples_rclpy_minimal_action_server/lib/examples_rclpy_minimal_action_server
[1.631s] Installing server_defer script to /home/davide/sesasr_labs/install/examples_rclpy_minimal_action_server/lib/examples_rclpy_minimal_action_server
[1.631s] Installing server_not_composable script to /home/davide/sesasr_labs/install/examples_rclpy_minimal_action_server/lib/examples_rclpy_minimal_action_server
[1.631s] Installing server_queue_goals script to /home/davide/sesasr_labs/install/examples_rclpy_minimal_action_server/lib/examples_rclpy_minimal_action_server
[1.632s] Installing server_single_goal script to /home/davide/sesasr_labs/install/examples_rclpy_minimal_action_server/lib/examples_rclpy_minimal_action_server
[1.632s] 
[1.632s] Installed /home/davide/sesasr_labs/build/examples_rclpy_minimal_action_server
[1.632s] running install_data
[1.796s] Invoked command in '/home/davide/sesasr_labs/build/examples_rclpy_minimal_action_server' returned '0': PYTHONPATH=/home/davide/sesasr_labs/build/examples_rclpy_minimal_action_server/prefix_override:/home/davide/sesasr_labs/install/examples_rclpy_minimal_action_server/lib/python3.10/site-packages:${PYTHONPATH} /usr/bin/python3 setup.py develop --editable --build-directory /home/davide/sesasr_labs/build/examples_rclpy_minimal_action_server/build --no-deps install_data
