[0.377s] Invoking command in '/home/davide/sesasr_labs/build/turtlebot3_description': CMAKE_PREFIX_PATH=${CMAKE_PREFIX_PATH}:/home/davide/sesasr_labs/install/my_package:/home/davide/sesasr_labs/install/launch_testing_examples:/home/davide/sesasr_labs/install/examples_rclpy_pointcloud_publisher:/home/davide/sesasr_labs/install/examples_rclpy_minimal_subscriber:/home/davide/sesasr_labs/install/examples_rclpy_minimal_service:/home/davide/sesasr_labs/install/examples_rclpy_minimal_publisher:/home/davide/sesasr_labs/install/examples_rclpy_minimal_client:/home/davide/sesasr_labs/install/examples_rclpy_minimal_action_server:/home/davide/sesasr_labs/install/examples_rclpy_minimal_action_client:/home/davide/sesasr_labs/install/examples_rclpy_guard_conditions:/home/davide/sesasr_labs/install/examples_rclpy_executors:/opt/ros/humble /usr/bin/cmake /home/davide/sesasr_labs/src/turtlebot3/turtlebot3_description -DAMENT_CMAKE_SYMLINK_INSTALL=1 -DCMAKE_INSTALL_PREFIX=/home/davide/sesasr_labs/install/turtlebot3_description
[0.705s] -- The C compiler identification is GNU 11.4.0
[0.986s] -- The CXX compiler identification is GNU 11.4.0
[1.292s] -- Detecting C compiler ABI info
[1.412s] -- Detecting C compiler ABI info - done
[1.412s] -- Check for working C compiler: /usr/bin/cc - skipped
[1.412s] -- Detecting C compile features
[1.412s] -- Detecting C compile features - done
[1.413s] -- Detecting CXX compiler ABI info
[1.530s] -- Detecting CXX compiler ABI info - done
[1.536s] -- Check for working CXX compiler: /usr/bin/c++ - skipped
[1.536s] -- Detecting CXX compile features
[1.537s] -- Detecting CXX compile features - done
[1.541s] -- Found ament_cmake: 1.3.6 (/opt/ros/humble/share/ament_cmake/cmake)
[1.732s] -- Found Python3: /usr/bin/python3.10 (found version "3.10.12") found components: Interpreter 
[1.798s] -- Override CMake install command with custom implementation using symlinks instead of copying resources
[1.948s] -- Configuring done
[1.948s] -- Generating done
[1.948s] -- Build files have been written to: /home/davide/sesasr_labs/build/turtlebot3_description
[1.948s] Invoked command in '/home/davide/sesasr_labs/build/turtlebot3_description' returned '0': CMAKE_PREFIX_PATH=${CMAKE_PREFIX_PATH}:/home/davide/sesasr_labs/install/my_package:/home/davide/sesasr_labs/install/launch_testing_examples:/home/davide/sesasr_labs/install/examples_rclpy_pointcloud_publisher:/home/davide/sesasr_labs/install/examples_rclpy_minimal_subscriber:/home/davide/sesasr_labs/install/examples_rclpy_minimal_service:/home/davide/sesasr_labs/install/examples_rclpy_minimal_publisher:/home/davide/sesasr_labs/install/examples_rclpy_minimal_client:/home/davide/sesasr_labs/install/examples_rclpy_minimal_action_server:/home/davide/sesasr_labs/install/examples_rclpy_minimal_action_client:/home/davide/sesasr_labs/install/examples_rclpy_guard_conditions:/home/davide/sesasr_labs/install/examples_rclpy_executors:/opt/ros/humble /usr/bin/cmake /home/davide/sesasr_labs/src/turtlebot3/turtlebot3_description -DAMENT_CMAKE_SYMLINK_INSTALL=1 -DCMAKE_INSTALL_PREFIX=/home/davide/sesasr_labs/install/turtlebot3_description
[1.948s] Invoking command in '/home/davide/sesasr_labs/build/turtlebot3_description': CMAKE_PREFIX_PATH=${CMAKE_PREFIX_PATH}:/home/davide/sesasr_labs/install/my_package:/home/davide/sesasr_labs/install/launch_testing_examples:/home/davide/sesasr_labs/install/examples_rclpy_pointcloud_publisher:/home/davide/sesasr_labs/install/examples_rclpy_minimal_subscriber:/home/davide/sesasr_labs/install/examples_rclpy_minimal_service:/home/davide/sesasr_labs/install/examples_rclpy_minimal_publisher:/home/davide/sesasr_labs/install/examples_rclpy_minimal_client:/home/davide/sesasr_labs/install/examples_rclpy_minimal_action_server:/home/davide/sesasr_labs/install/examples_rclpy_minimal_action_client:/home/davide/sesasr_labs/install/examples_rclpy_guard_conditions:/home/davide/sesasr_labs/install/examples_rclpy_executors:/opt/ros/humble /usr/bin/cmake --build /home/davide/sesasr_labs/build/turtlebot3_description -- -j8 -l8
[2.189s] Invoked command in '/home/davide/sesasr_labs/build/turtlebot3_description' returned '0': CMAKE_PREFIX_PATH=${CMAKE_PREFIX_PATH}:/home/davide/sesasr_labs/install/my_package:/home/davide/sesasr_labs/install/launch_testing_examples:/home/davide/sesasr_labs/install/examples_rclpy_pointcloud_publisher:/home/davide/sesasr_labs/install/examples_rclpy_minimal_subscriber:/home/davide/sesasr_labs/install/examples_rclpy_minimal_service:/home/davide/sesasr_labs/install/examples_rclpy_minimal_publisher:/home/davide/sesasr_labs/install/examples_rclpy_minimal_client:/home/davide/sesasr_labs/install/examples_rclpy_minimal_action_server:/home/davide/sesasr_labs/install/examples_rclpy_minimal_action_client:/home/davide/sesasr_labs/install/examples_rclpy_guard_conditions:/home/davide/sesasr_labs/install/examples_rclpy_executors:/opt/ros/humble /usr/bin/cmake --build /home/davide/sesasr_labs/build/turtlebot3_description -- -j8 -l8
[2.219s] Invoking command in '/home/davide/sesasr_labs/build/turtlebot3_description': CMAKE_PREFIX_PATH=${CMAKE_PREFIX_PATH}:/home/davide/sesasr_labs/install/my_package:/home/davide/sesasr_labs/install/launch_testing_examples:/home/davide/sesasr_labs/install/examples_rclpy_pointcloud_publisher:/home/davide/sesasr_labs/install/examples_rclpy_minimal_subscriber:/home/davide/sesasr_labs/install/examples_rclpy_minimal_service:/home/davide/sesasr_labs/install/examples_rclpy_minimal_publisher:/home/davide/sesasr_labs/install/examples_rclpy_minimal_client:/home/davide/sesasr_labs/install/examples_rclpy_minimal_action_server:/home/davide/sesasr_labs/install/examples_rclpy_minimal_action_client:/home/davide/sesasr_labs/install/examples_rclpy_guard_conditions:/home/davide/sesasr_labs/install/examples_rclpy_executors:/opt/ros/humble /usr/bin/cmake --install /home/davide/sesasr_labs/build/turtlebot3_description
[2.225s] -- Install configuration: ""
[2.226s] -- Execute custom install script
[2.226s] -- Symlinking: /home/davide/sesasr_labs/install/turtlebot3_description/share/turtlebot3_description/launch/model.launch.py
[2.232s] -- Symlinking: /home/davide/sesasr_labs/install/turtlebot3_description/share/turtlebot3_description/rviz/model.rviz
[2.240s] -- Symlinking: /home/davide/sesasr_labs/install/turtlebot3_description/share/turtlebot3_description/urdf/burger.urdf.xacro
[2.246s] -- Symlinking: /home/davide/sesasr_labs/install/turtlebot3_description/share/turtlebot3_description/urdf/burger_camera.urdf.xacro
[2.252s] -- Symlinking: /home/davide/sesasr_labs/install/turtlebot3_description/share/turtlebot3_description/urdf/turtlebot3_burger.urdf.xacro
[2.267s] -- Symlinking: /home/davide/sesasr_labs/install/turtlebot3_description/share/turtlebot3_description/urdf/turtlebot3_waffle_pi.urdf.xacro
[2.267s] -- Symlinking: /home/davide/sesasr_labs/install/turtlebot3_description/share/turtlebot3_description/urdf/waffle_pi.urdf.xacro
[2.293s] -- Symlinking: /home/davide/sesasr_labs/install/turtlebot3_description/share/turtlebot3_description/gazebo/burger.gazebo.xacro
[2.328s] -- Symlinking: /home/davide/sesasr_labs/install/turtlebot3_description/share/turtlebot3_description/gazebo/materials.xacro
[2.349s] -- Symlinking: /home/davide/sesasr_labs/install/turtlebot3_description/share/turtlebot3_description/gazebo/waffle_pi.gazebo.xacro
[2.370s] -- Symlinking: /home/davide/sesasr_labs/install/turtlebot3_description/share/turtlebot3_description/meshes/burger/base.stl
[2.378s] -- Symlinking: /home/davide/sesasr_labs/install/turtlebot3_description/share/turtlebot3_description/meshes/burger/ladar.stl
[2.392s] -- Symlinking: /home/davide/sesasr_labs/install/turtlebot3_description/share/turtlebot3_description/meshes/burger/left_tire.stl
[2.436s] -- Symlinking: /home/davide/sesasr_labs/install/turtlebot3_description/share/turtlebot3_description/meshes/burger/right_tire.stl
[2.482s] -- Symlinking: /home/davide/sesasr_labs/install/turtlebot3_description/share/turtlebot3_description/meshes/waffle_pi/base.stl
[2.509s] -- Symlinking: /home/davide/sesasr_labs/install/turtlebot3_description/share/turtlebot3_description/meshes/waffle_pi/ladar.stl
[2.544s] -- Symlinking: /home/davide/sesasr_labs/install/turtlebot3_description/share/turtlebot3_description/meshes/waffle_pi/left_tire.stl
[2.555s] -- Symlinking: /home/davide/sesasr_labs/install/turtlebot3_description/share/turtlebot3_description/meshes/waffle_pi/right_tire.stl
[2.562s] -- Symlinking: /home/davide/sesasr_labs/install/turtlebot3_description/share/turtlebot3_description/ros2_control/turtlebot3_system.ros2_control.xacro
[2.581s] -- Symlinking: /home/davide/sesasr_labs/install/turtlebot3_description/share/turtlebot3_description/environment/turtlebot3_description.dsv
[2.589s] -- Symlinking: /home/davide/sesasr_labs/install/turtlebot3_description/share/ament_index/resource_index/package_run_dependencies/turtlebot3_description
[2.598s] -- Symlinking: /home/davide/sesasr_labs/install/turtlebot3_description/share/ament_index/resource_index/parent_prefix_path/turtlebot3_description
[2.605s] -- Symlinking: /home/davide/sesasr_labs/install/turtlebot3_description/share/turtlebot3_description/environment/ament_prefix_path.sh
[2.611s] -- Symlinking: /home/davide/sesasr_labs/install/turtlebot3_description/share/turtlebot3_description/environment/ament_prefix_path.dsv
[2.624s] -- Symlinking: /home/davide/sesasr_labs/install/turtlebot3_description/share/turtlebot3_description/environment/path.sh
[2.644s] -- Symlinking: /home/davide/sesasr_labs/install/turtlebot3_description/share/turtlebot3_description/environment/path.dsv
[2.648s] -- Symlinking: /home/davide/sesasr_labs/install/turtlebot3_description/share/turtlebot3_description/local_setup.bash
[2.656s] -- Symlinking: /home/davide/sesasr_labs/install/turtlebot3_description/share/turtlebot3_description/local_setup.sh
[2.670s] -- Symlinking: /home/davide/sesasr_labs/install/turtlebot3_description/share/turtlebot3_description/local_setup.zsh
[2.681s] -- Symlinking: /home/davide/sesasr_labs/install/turtlebot3_description/share/turtlebot3_description/local_setup.dsv
[2.689s] -- Symlinking: /home/davide/sesasr_labs/install/turtlebot3_description/share/turtlebot3_description/package.dsv
[2.705s] -- Symlinking: /home/davide/sesasr_labs/install/turtlebot3_description/share/ament_index/resource_index/packages/turtlebot3_description
[2.714s] -- Symlinking: /home/davide/sesasr_labs/install/turtlebot3_description/share/turtlebot3_description/cmake/turtlebot3_descriptionConfig.cmake
[2.722s] -- Symlinking: /home/davide/sesasr_labs/install/turtlebot3_description/share/turtlebot3_description/cmake/turtlebot3_descriptionConfig-version.cmake
[2.731s] -- Symlinking: /home/davide/sesasr_labs/install/turtlebot3_description/share/turtlebot3_description/package.xml
[2.832s] Invoked command in '/home/davide/sesasr_labs/build/turtlebot3_description' returned '0': CMAKE_PREFIX_PATH=${CMAKE_PREFIX_PATH}:/home/davide/sesasr_labs/install/my_package:/home/davide/sesasr_labs/install/launch_testing_examples:/home/davide/sesasr_labs/install/examples_rclpy_pointcloud_publisher:/home/davide/sesasr_labs/install/examples_rclpy_minimal_subscriber:/home/davide/sesasr_labs/install/examples_rclpy_minimal_service:/home/davide/sesasr_labs/install/examples_rclpy_minimal_publisher:/home/davide/sesasr_labs/install/examples_rclpy_minimal_client:/home/davide/sesasr_labs/install/examples_rclpy_minimal_action_server:/home/davide/sesasr_labs/install/examples_rclpy_minimal_action_client:/home/davide/sesasr_labs/install/examples_rclpy_guard_conditions:/home/davide/sesasr_labs/install/examples_rclpy_executors:/opt/ros/humble /usr/bin/cmake --install /home/davide/sesasr_labs/build/turtlebot3_description
