[0.063s] Invoking command in '/home/davide/sesasr_labs/build/examples_rclcpp_minimal_service': CMAKE_PREFIX_PATH=/opt/ros/humble /usr/bin/cmake /home/davide/sesasr_labs/src/examples/rclcpp/services/minimal_service -DAMENT_CMAKE_SYMLINK_INSTALL=1 -DCMAKE_INSTALL_PREFIX=/home/davide/sesasr_labs/install/examples_rclcpp_minimal_service
[5.804s] -- The C compiler identification is GNU 11.4.0
[5.804s] -- The CXX compiler identification is GNU 11.4.0
[5.804s] -- Detecting C compiler ABI info
[5.804s] -- Detecting C compiler ABI info - done
[5.804s] -- Check for working C compiler: /usr/bin/cc - skipped
[5.804s] -- Detecting C compile features
[5.804s] -- Detecting C compile features - done
[5.804s] -- Detecting CXX compiler ABI info
[5.804s] -- Detecting CXX compiler ABI info - done
[5.804s] -- Check for working CXX compiler: /usr/bin/c++ - skipped
[5.804s] -- Detecting CXX compile features
[5.804s] -- Detecting CXX compile features - done
[5.805s] -- Found ament_cmake: 1.3.6 (/opt/ros/humble/share/ament_cmake/cmake)
[5.805s] -- Found Python3: /usr/bin/python3.10 (found version "3.10.12") found components: Interpreter 
[5.805s] -- Override CMake install command with custom implementation using symlinks instead of copying resources
[5.805s] -- Found example_interfaces: 0.9.3 (/opt/ros/humble/share/example_interfaces/cmake)
[5.805s] -- Found rosidl_generator_c: 3.1.5 (/opt/ros/humble/share/rosidl_generator_c/cmake)
[5.807s] -- Found rosidl_adapter: 3.1.5 (/opt/ros/humble/share/rosidl_adapter/cmake)
[5.807s] -- Found rosidl_generator_cpp: 3.1.5 (/opt/ros/humble/share/rosidl_generator_cpp/cmake)
[5.807s] -- Using all available rosidl_typesupport_c: rosidl_typesupport_fastrtps_c;rosidl_typesupport_introspection_c
[5.807s] -- Using all available rosidl_typesupport_cpp: rosidl_typesupport_fastrtps_cpp;rosidl_typesupport_introspection_cpp
[5.807s] -- Found rclcpp: 16.0.7 (/opt/ros/humble/share/rclcpp/cmake)
[5.807s] -- Found rmw_implementation_cmake: 6.1.1 (/opt/ros/humble/share/rmw_implementation_cmake/cmake)
[5.807s] -- Found rmw_fastrtps_cpp: 6.2.5 (/opt/ros/humble/share/rmw_fastrtps_cpp/cmake)
[5.807s] -- Found OpenSSL: /usr/lib/x86_64-linux-gnu/libcrypto.so (found version "3.0.2")  
[5.807s] -- Found FastRTPS: /opt/ros/humble/include  
[5.807s] -- Using RMW implementation 'rmw_fastrtps_cpp' as default
[5.808s] -- Looking for pthread.h
[5.808s] -- Looking for pthread.h - found
[5.808s] -- Performing Test CMAKE_HAVE_LIBC_PTHREAD
[5.822s] -- Performing Test CMAKE_HAVE_LIBC_PTHREAD - Success
[5.823s] -- Found Threads: TRUE  
[6.062s] -- Found ament_lint_auto: 0.12.9 (/opt/ros/humble/share/ament_lint_auto/cmake)
[6.217s] -- Added test 'copyright' to check source files copyright and LICENSE
[6.225s] -- Added test 'cppcheck' to perform static code analysis on C / C++ code
[6.225s] -- Configured cppcheck include dirs: 
[6.225s] -- Configured cppcheck exclude dirs and/or files: 
[6.225s] -- Added test 'cpplint' to check C / C++ code against the Google style
[6.225s] -- Configured cpplint exclude dirs and/or files: 
[6.225s] -- Added test 'lint_cmake' to check CMake code style
[6.225s] -- Added test 'uncrustify' to check C / C++ code style
[6.225s] -- Configured uncrustify additional arguments: 
[6.231s] -- Added test 'xmllint' to check XML markup files
[6.232s] -- Configuring done
[6.252s] -- Generating done
[6.253s] -- Build files have been written to: /home/davide/sesasr_labs/build/examples_rclcpp_minimal_service
[6.282s] Invoked command in '/home/davide/sesasr_labs/build/examples_rclcpp_minimal_service' returned '0': CMAKE_PREFIX_PATH=/opt/ros/humble /usr/bin/cmake /home/davide/sesasr_labs/src/examples/rclcpp/services/minimal_service -DAMENT_CMAKE_SYMLINK_INSTALL=1 -DCMAKE_INSTALL_PREFIX=/home/davide/sesasr_labs/install/examples_rclcpp_minimal_service
[6.282s] Invoking command in '/home/davide/sesasr_labs/build/examples_rclcpp_minimal_service': CMAKE_PREFIX_PATH=/opt/ros/humble /usr/bin/cmake --build /home/davide/sesasr_labs/build/examples_rclcpp_minimal_service -- -j8 -l8
[6.477s] [ 50%] [32mBuilding CXX object CMakeFiles/service_main.dir/main.cpp.o[0m
[16.421s] [100%] [32m[1mLinking CXX executable service_main[0m
[17.131s] [100%] Built target service_main
[17.196s] Invoked command in '/home/davide/sesasr_labs/build/examples_rclcpp_minimal_service' returned '0': CMAKE_PREFIX_PATH=/opt/ros/humble /usr/bin/cmake --build /home/davide/sesasr_labs/build/examples_rclcpp_minimal_service -- -j8 -l8
[17.496s] Invoking command in '/home/davide/sesasr_labs/build/examples_rclcpp_minimal_service': CMAKE_PREFIX_PATH=/opt/ros/humble /usr/bin/cmake --install /home/davide/sesasr_labs/build/examples_rclcpp_minimal_service
[18.968s] -- Install configuration: ""
[18.968s] -- Execute custom install script
[18.968s] -- Symlinking: /home/davide/sesasr_labs/install/examples_rclcpp_minimal_service/lib/examples_rclcpp_minimal_service/service_main
[18.968s] -- Symlinking: /home/davide/sesasr_labs/install/examples_rclcpp_minimal_service/share/ament_index/resource_index/package_run_dependencies/examples_rclcpp_minimal_service
[18.968s] -- Symlinking: /home/davide/sesasr_labs/install/examples_rclcpp_minimal_service/share/ament_index/resource_index/parent_prefix_path/examples_rclcpp_minimal_service
[18.968s] -- Symlinking: /home/davide/sesasr_labs/install/examples_rclcpp_minimal_service/share/examples_rclcpp_minimal_service/environment/ament_prefix_path.sh
[18.969s] -- Symlinking: /home/davide/sesasr_labs/install/examples_rclcpp_minimal_service/share/examples_rclcpp_minimal_service/environment/ament_prefix_path.dsv
[18.969s] -- Symlinking: /home/davide/sesasr_labs/install/examples_rclcpp_minimal_service/share/examples_rclcpp_minimal_service/environment/path.sh
[18.969s] -- Symlinking: /home/davide/sesasr_labs/install/examples_rclcpp_minimal_service/share/examples_rclcpp_minimal_service/environment/path.dsv
[18.969s] -- Symlinking: /home/davide/sesasr_labs/install/examples_rclcpp_minimal_service/share/examples_rclcpp_minimal_service/local_setup.bash
[18.969s] -- Symlinking: /home/davide/sesasr_labs/install/examples_rclcpp_minimal_service/share/examples_rclcpp_minimal_service/local_setup.sh
[18.969s] -- Symlinking: /home/davide/sesasr_labs/install/examples_rclcpp_minimal_service/share/examples_rclcpp_minimal_service/local_setup.zsh
[18.969s] -- Symlinking: /home/davide/sesasr_labs/install/examples_rclcpp_minimal_service/share/examples_rclcpp_minimal_service/local_setup.dsv
[18.969s] -- Symlinking: /home/davide/sesasr_labs/install/examples_rclcpp_minimal_service/share/examples_rclcpp_minimal_service/package.dsv
[18.969s] -- Symlinking: /home/davide/sesasr_labs/install/examples_rclcpp_minimal_service/share/ament_index/resource_index/packages/examples_rclcpp_minimal_service
[18.969s] -- Symlinking: /home/davide/sesasr_labs/install/examples_rclcpp_minimal_service/share/examples_rclcpp_minimal_service/cmake/examples_rclcpp_minimal_serviceConfig.cmake
[18.969s] -- Symlinking: /home/davide/sesasr_labs/install/examples_rclcpp_minimal_service/share/examples_rclcpp_minimal_service/cmake/examples_rclcpp_minimal_serviceConfig-version.cmake
[18.969s] -- Symlinking: /home/davide/sesasr_labs/install/examples_rclcpp_minimal_service/share/examples_rclcpp_minimal_service/package.xml
[18.996s] Invoked command in '/home/davide/sesasr_labs/build/examples_rclcpp_minimal_service' returned '0': CMAKE_PREFIX_PATH=/opt/ros/humble /usr/bin/cmake --install /home/davide/sesasr_labs/build/examples_rclcpp_minimal_service
