[0.572s] Invoking command in '/home/davide/sesasr_labs/build/turtlesim': CMAKE_PREFIX_PATH=${CMAKE_PREFIX_PATH}:/home/davide/sesasr_labs/install/launch_testing_examples:/home/davide/sesasr_labs/install/examples_rclpy_pointcloud_publisher:/home/davide/sesasr_labs/install/examples_rclpy_minimal_subscriber:/home/davide/sesasr_labs/install/examples_rclpy_minimal_service:/home/davide/sesasr_labs/install/examples_rclpy_minimal_publisher:/home/davide/sesasr_labs/install/examples_rclpy_minimal_client:/home/davide/sesasr_labs/install/examples_rclpy_minimal_action_server:/home/davide/sesasr_labs/install/examples_rclpy_minimal_action_client:/home/davide/sesasr_labs/install/examples_rclpy_guard_conditions:/home/davide/sesasr_labs/install/examples_rclpy_executors:/opt/ros/humble /usr/bin/cmake --build /home/davide/sesasr_labs/build/turtlesim -- -j8 -l8
[0.615s] [ 10%] Built target turtlesim__rosidl_generator_c
[0.620s] [ 11%] Built target turtlesim__cpp
[0.637s] [ 21%] Built target turtlesim__rosidl_typesupport_c
[0.639s] [ 31%] Built target turtlesim__rosidl_typesupport_introspection_cpp
[0.657s] [ 41%] Built target turtlesim__rosidl_typesupport_fastrtps_cpp
[0.664s] [ 51%] Built target turtlesim__rosidl_typesupport_fastrtps_c
[0.671s] [ 61%] Built target turtlesim__rosidl_typesupport_cpp
[0.687s] [ 71%] Built target turtlesim__rosidl_typesupport_introspection_c
[0.697s] [35m[1mConsolidate compiler generated dependencies of target turtlesim_node[0m
[0.710s] [ 71%] Built target ament_cmake_python_copy_turtlesim
[0.721s] [ 73%] Built target turtle_teleop_key
[0.725s] [ 74%] [32mBuilding CXX object CMakeFiles/turtlesim_node.dir/src/turtle_frame.cpp.o[0m
[0.730s] [ 76%] Built target draw_square
[0.742s] [ 78%] Built target mimic
[0.745s] [ 78%] Built target turtlesim
[0.790s] [ 79%] Built target turtlesim__py
[0.808s] [ 88%] Built target turtlesim__rosidl_generator_py
[0.855s] [ 90%] Built target turtlesim__rosidl_typesupport_fastrtps_c__pyext
[0.868s] [ 92%] Built target turtlesim__rosidl_typesupport_c__pyext
[0.870s] [ 94%] Built target turtlesim__rosidl_typesupport_introspection_c__pyext
[0.958s] running egg_info
[0.960s] writing turtlesim.egg-info/PKG-INFO
[0.960s] writing dependency_links to turtlesim.egg-info/dependency_links.txt
[0.962s] writing top-level names to turtlesim.egg-info/top_level.txt
[0.964s] reading manifest file 'turtlesim.egg-info/SOURCES.txt'
[0.964s] writing manifest file 'turtlesim.egg-info/SOURCES.txt'
[0.989s] [ 94%] Built target ament_cmake_python_build_turtlesim_egg
[9.668s] [ 95%] [32m[1mLinking CXX executable turtlesim_node[0m
[11.381s] [100%] Built target turtlesim_node
[11.388s] Invoked command in '/home/davide/sesasr_labs/build/turtlesim' returned '0': CMAKE_PREFIX_PATH=${CMAKE_PREFIX_PATH}:/home/davide/sesasr_labs/install/launch_testing_examples:/home/davide/sesasr_labs/install/examples_rclpy_pointcloud_publisher:/home/davide/sesasr_labs/install/examples_rclpy_minimal_subscriber:/home/davide/sesasr_labs/install/examples_rclpy_minimal_service:/home/davide/sesasr_labs/install/examples_rclpy_minimal_publisher:/home/davide/sesasr_labs/install/examples_rclpy_minimal_client:/home/davide/sesasr_labs/install/examples_rclpy_minimal_action_server:/home/davide/sesasr_labs/install/examples_rclpy_minimal_action_client:/home/davide/sesasr_labs/install/examples_rclpy_guard_conditions:/home/davide/sesasr_labs/install/examples_rclpy_executors:/opt/ros/humble /usr/bin/cmake --build /home/davide/sesasr_labs/build/turtlesim -- -j8 -l8
[11.498s] Invoking command in '/home/davide/sesasr_labs/build/turtlesim': CMAKE_PREFIX_PATH=${CMAKE_PREFIX_PATH}:/home/davide/sesasr_labs/install/launch_testing_examples:/home/davide/sesasr_labs/install/examples_rclpy_pointcloud_publisher:/home/davide/sesasr_labs/install/examples_rclpy_minimal_subscriber:/home/davide/sesasr_labs/install/examples_rclpy_minimal_service:/home/davide/sesasr_labs/install/examples_rclpy_minimal_publisher:/home/davide/sesasr_labs/install/examples_rclpy_minimal_client:/home/davide/sesasr_labs/install/examples_rclpy_minimal_action_server:/home/davide/sesasr_labs/install/examples_rclpy_minimal_action_client:/home/davide/sesasr_labs/install/examples_rclpy_guard_conditions:/home/davide/sesasr_labs/install/examples_rclpy_executors:/opt/ros/humble /usr/bin/cmake --install /home/davide/sesasr_labs/build/turtlesim
[11.503s] -- Install configuration: ""
[11.503s] -- Up-to-date: /home/davide/sesasr_labs/install/turtlesim/share/ament_index/resource_index/rosidl_interfaces/turtlesim
[11.503s] -- Up-to-date: /home/davide/sesasr_labs/install/turtlesim/include/turtlesim/turtlesim
[11.504s] -- Up-to-date: /home/davide/sesasr_labs/install/turtlesim/include/turtlesim/turtlesim/msg
[11.504s] -- Up-to-date: /home/davide/sesasr_labs/install/turtlesim/include/turtlesim/turtlesim/msg/detail
[11.504s] -- Up-to-date: /home/davide/sesasr_labs/install/turtlesim/include/turtlesim/turtlesim/msg/detail/color__struct.h
[11.504s] -- Up-to-date: /home/davide/sesasr_labs/install/turtlesim/include/turtlesim/turtlesim/msg/detail/pose__type_support.h
[11.505s] -- Up-to-date: /home/davide/sesasr_labs/install/turtlesim/include/turtlesim/turtlesim/msg/detail/pose__functions.c
[11.505s] -- Up-to-date: /home/davide/sesasr_labs/install/turtlesim/include/turtlesim/turtlesim/msg/detail/pose__struct.h
[11.505s] -- Up-to-date: /home/davide/sesasr_labs/install/turtlesim/include/turtlesim/turtlesim/msg/detail/pose__functions.h
[11.505s] -- Up-to-date: /home/davide/sesasr_labs/install/turtlesim/include/turtlesim/turtlesim/msg/detail/color__type_support.h
[11.506s] -- Up-to-date: /home/davide/sesasr_labs/install/turtlesim/include/turtlesim/turtlesim/msg/detail/color__functions.h
[11.506s] -- Up-to-date: /home/davide/sesasr_labs/install/turtlesim/include/turtlesim/turtlesim/msg/detail/color__functions.c
[11.506s] -- Up-to-date: /home/davide/sesasr_labs/install/turtlesim/include/turtlesim/turtlesim/msg/color.h
[11.507s] -- Up-to-date: /home/davide/sesasr_labs/install/turtlesim/include/turtlesim/turtlesim/msg/pose.h
[11.507s] -- Up-to-date: /home/davide/sesasr_labs/install/turtlesim/include/turtlesim/turtlesim/msg/rosidl_generator_c__visibility_control.h
[11.507s] -- Up-to-date: /home/davide/sesasr_labs/install/turtlesim/include/turtlesim/turtlesim/srv
[11.507s] -- Up-to-date: /home/davide/sesasr_labs/install/turtlesim/include/turtlesim/turtlesim/srv/kill.h
[11.507s] -- Up-to-date: /home/davide/sesasr_labs/install/turtlesim/include/turtlesim/turtlesim/srv/detail
[11.507s] -- Up-to-date: /home/davide/sesasr_labs/install/turtlesim/include/turtlesim/turtlesim/srv/detail/set_pen__struct.h
[11.507s] -- Up-to-date: /home/davide/sesasr_labs/install/turtlesim/include/turtlesim/turtlesim/srv/detail/set_pen__functions.h
[11.507s] -- Up-to-date: /home/davide/sesasr_labs/install/turtlesim/include/turtlesim/turtlesim/srv/detail/set_pen__type_support.h
[11.507s] -- Up-to-date: /home/davide/sesasr_labs/install/turtlesim/include/turtlesim/turtlesim/srv/detail/spawn__functions.h
[11.508s] -- Up-to-date: /home/davide/sesasr_labs/install/turtlesim/include/turtlesim/turtlesim/srv/detail/spawn__struct.h
[11.508s] -- Up-to-date: /home/davide/sesasr_labs/install/turtlesim/include/turtlesim/turtlesim/srv/detail/teleport_relative__functions.c
[11.508s] -- Up-to-date: /home/davide/sesasr_labs/install/turtlesim/include/turtlesim/turtlesim/srv/detail/set_pen__functions.c
[11.508s] -- Up-to-date: /home/davide/sesasr_labs/install/turtlesim/include/turtlesim/turtlesim/srv/detail/teleport_absolute__functions.h
[11.508s] -- Up-to-date: /home/davide/sesasr_labs/install/turtlesim/include/turtlesim/turtlesim/srv/detail/kill__functions.c
[11.508s] -- Up-to-date: /home/davide/sesasr_labs/install/turtlesim/include/turtlesim/turtlesim/srv/detail/spawn__functions.c
[11.508s] -- Up-to-date: /home/davide/sesasr_labs/install/turtlesim/include/turtlesim/turtlesim/srv/detail/teleport_relative__struct.h
[11.508s] -- Up-to-date: /home/davide/sesasr_labs/install/turtlesim/include/turtlesim/turtlesim/srv/detail/kill__type_support.h
[11.509s] -- Up-to-date: /home/davide/sesasr_labs/install/turtlesim/include/turtlesim/turtlesim/srv/detail/spawn__type_support.h
[11.509s] -- Up-to-date: /home/davide/sesasr_labs/install/turtlesim/include/turtlesim/turtlesim/srv/detail/teleport_absolute__struct.h
[11.509s] -- Up-to-date: /home/davide/sesasr_labs/install/turtlesim/include/turtlesim/turtlesim/srv/detail/kill__struct.h
[11.509s] -- Up-to-date: /home/davide/sesasr_labs/install/turtlesim/include/turtlesim/turtlesim/srv/detail/teleport_absolute__type_support.h
[11.509s] -- Up-to-date: /home/davide/sesasr_labs/install/turtlesim/include/turtlesim/turtlesim/srv/detail/teleport_relative__type_support.h
[11.509s] -- Up-to-date: /home/davide/sesasr_labs/install/turtlesim/include/turtlesim/turtlesim/srv/detail/kill__functions.h
[11.510s] -- Up-to-date: /home/davide/sesasr_labs/install/turtlesim/include/turtlesim/turtlesim/srv/detail/teleport_relative__functions.h
[11.510s] -- Up-to-date: /home/davide/sesasr_labs/install/turtlesim/include/turtlesim/turtlesim/srv/detail/teleport_absolute__functions.c
[11.510s] -- Up-to-date: /home/davide/sesasr_labs/install/turtlesim/include/turtlesim/turtlesim/srv/set_pen.h
[11.510s] -- Up-to-date: /home/davide/sesasr_labs/install/turtlesim/include/turtlesim/turtlesim/srv/teleport_absolute.h
[11.510s] -- Up-to-date: /home/davide/sesasr_labs/install/turtlesim/include/turtlesim/turtlesim/srv/teleport_relative.h
[11.510s] -- Up-to-date: /home/davide/sesasr_labs/install/turtlesim/include/turtlesim/turtlesim/srv/spawn.h
[11.510s] -- Up-to-date: /home/davide/sesasr_labs/install/turtlesim/include/turtlesim/turtlesim/action
[11.510s] -- Up-to-date: /home/davide/sesasr_labs/install/turtlesim/include/turtlesim/turtlesim/action/detail
[11.510s] -- Up-to-date: /home/davide/sesasr_labs/install/turtlesim/include/turtlesim/turtlesim/action/detail/rotate_absolute__struct.h
[11.510s] -- Up-to-date: /home/davide/sesasr_labs/install/turtlesim/include/turtlesim/turtlesim/action/detail/rotate_absolute__functions.c
[11.510s] -- Up-to-date: /home/davide/sesasr_labs/install/turtlesim/include/turtlesim/turtlesim/action/detail/rotate_absolute__functions.h
[11.510s] -- Up-to-date: /home/davide/sesasr_labs/install/turtlesim/include/turtlesim/turtlesim/action/detail/rotate_absolute__type_support.h
[11.510s] -- Up-to-date: /home/davide/sesasr_labs/install/turtlesim/include/turtlesim/turtlesim/action/rotate_absolute.h
[11.510s] -- Up-to-date: /home/davide/sesasr_labs/install/turtlesim/share/turtlesim/environment/library_path.sh
[11.511s] -- Up-to-date: /home/davide/sesasr_labs/install/turtlesim/share/turtlesim/environment/library_path.dsv
[11.511s] -- Up-to-date: /home/davide/sesasr_labs/install/turtlesim/lib/libturtlesim__rosidl_generator_c.so
[11.511s] -- Up-to-date: /home/davide/sesasr_labs/install/turtlesim/include/turtlesim/turtlesim
[11.511s] -- Up-to-date: /home/davide/sesasr_labs/install/turtlesim/include/turtlesim/turtlesim/msg
[11.511s] -- Up-to-date: /home/davide/sesasr_labs/install/turtlesim/include/turtlesim/turtlesim/msg/detail
[11.511s] -- Up-to-date: /home/davide/sesasr_labs/install/turtlesim/include/turtlesim/turtlesim/msg/detail/color__rosidl_typesupport_fastrtps_c.h
[11.511s] -- Up-to-date: /home/davide/sesasr_labs/install/turtlesim/include/turtlesim/turtlesim/msg/detail/pose__rosidl_typesupport_fastrtps_c.h
[11.511s] -- Up-to-date: /home/davide/sesasr_labs/install/turtlesim/include/turtlesim/turtlesim/msg/rosidl_typesupport_fastrtps_c__visibility_control.h
[11.511s] -- Up-to-date: /home/davide/sesasr_labs/install/turtlesim/include/turtlesim/turtlesim/srv
[11.511s] -- Up-to-date: /home/davide/sesasr_labs/install/turtlesim/include/turtlesim/turtlesim/srv/detail
[11.511s] -- Up-to-date: /home/davide/sesasr_labs/install/turtlesim/include/turtlesim/turtlesim/srv/detail/teleport_absolute__rosidl_typesupport_fastrtps_c.h
[11.511s] -- Up-to-date: /home/davide/sesasr_labs/install/turtlesim/include/turtlesim/turtlesim/srv/detail/set_pen__rosidl_typesupport_fastrtps_c.h
[11.511s] -- Up-to-date: /home/davide/sesasr_labs/install/turtlesim/include/turtlesim/turtlesim/srv/detail/kill__rosidl_typesupport_fastrtps_c.h
[11.511s] -- Up-to-date: /home/davide/sesasr_labs/install/turtlesim/include/turtlesim/turtlesim/srv/detail/spawn__rosidl_typesupport_fastrtps_c.h
[11.511s] -- Up-to-date: /home/davide/sesasr_labs/install/turtlesim/include/turtlesim/turtlesim/srv/detail/teleport_relative__rosidl_typesupport_fastrtps_c.h
[11.511s] -- Up-to-date: /home/davide/sesasr_labs/install/turtlesim/include/turtlesim/turtlesim/action
[11.511s] -- Up-to-date: /home/davide/sesasr_labs/install/turtlesim/include/turtlesim/turtlesim/action/detail
[11.511s] -- Up-to-date: /home/davide/sesasr_labs/install/turtlesim/include/turtlesim/turtlesim/action/detail/rotate_absolute__rosidl_typesupport_fastrtps_c.h
[11.511s] -- Up-to-date: /home/davide/sesasr_labs/install/turtlesim/lib/libturtlesim__rosidl_typesupport_fastrtps_c.so
[11.511s] -- Up-to-date: /home/davide/sesasr_labs/install/turtlesim/include/turtlesim/turtlesim
[11.511s] -- Up-to-date: /home/davide/sesasr_labs/install/turtlesim/include/turtlesim/turtlesim/msg
[11.511s] -- Up-to-date: /home/davide/sesasr_labs/install/turtlesim/include/turtlesim/turtlesim/msg/detail
[11.512s] -- Up-to-date: /home/davide/sesasr_labs/install/turtlesim/include/turtlesim/turtlesim/msg/detail/pose__struct.hpp
[11.512s] -- Up-to-date: /home/davide/sesasr_labs/install/turtlesim/include/turtlesim/turtlesim/msg/detail/color__traits.hpp
[11.512s] -- Up-to-date: /home/davide/sesasr_labs/install/turtlesim/include/turtlesim/turtlesim/msg/detail/color__builder.hpp
[11.512s] -- Up-to-date: /home/davide/sesasr_labs/install/turtlesim/include/turtlesim/turtlesim/msg/detail/color__struct.hpp
[11.512s] -- Up-to-date: /home/davide/sesasr_labs/install/turtlesim/include/turtlesim/turtlesim/msg/detail/pose__builder.hpp
[11.512s] -- Up-to-date: /home/davide/sesasr_labs/install/turtlesim/include/turtlesim/turtlesim/msg/detail/pose__traits.hpp
[11.512s] -- Up-to-date: /home/davide/sesasr_labs/install/turtlesim/include/turtlesim/turtlesim/msg/pose.hpp
[11.512s] -- Up-to-date: /home/davide/sesasr_labs/install/turtlesim/include/turtlesim/turtlesim/msg/color.hpp
[11.512s] -- Up-to-date: /home/davide/sesasr_labs/install/turtlesim/include/turtlesim/turtlesim/srv
[11.512s] -- Up-to-date: /home/davide/sesasr_labs/install/turtlesim/include/turtlesim/turtlesim/srv/kill.hpp
[11.512s] -- Up-to-date: /home/davide/sesasr_labs/install/turtlesim/include/turtlesim/turtlesim/srv/teleport_relative.hpp
[11.512s] -- Up-to-date: /home/davide/sesasr_labs/install/turtlesim/include/turtlesim/turtlesim/srv/teleport_absolute.hpp
[11.512s] -- Up-to-date: /home/davide/sesasr_labs/install/turtlesim/include/turtlesim/turtlesim/srv/detail
[11.512s] -- Up-to-date: /home/davide/sesasr_labs/install/turtlesim/include/turtlesim/turtlesim/srv/detail/teleport_relative__builder.hpp
[11.512s] -- Up-to-date: /home/davide/sesasr_labs/install/turtlesim/include/turtlesim/turtlesim/srv/detail/kill__builder.hpp
[11.512s] -- Up-to-date: /home/davide/sesasr_labs/install/turtlesim/include/turtlesim/turtlesim/srv/detail/spawn__builder.hpp
[11.512s] -- Up-to-date: /home/davide/sesasr_labs/install/turtlesim/include/turtlesim/turtlesim/srv/detail/teleport_absolute__struct.hpp
[11.512s] -- Up-to-date: /home/davide/sesasr_labs/install/turtlesim/include/turtlesim/turtlesim/srv/detail/kill__traits.hpp
[11.512s] -- Up-to-date: /home/davide/sesasr_labs/install/turtlesim/include/turtlesim/turtlesim/srv/detail/teleport_relative__traits.hpp
[11.512s] -- Up-to-date: /home/davide/sesasr_labs/install/turtlesim/include/turtlesim/turtlesim/srv/detail/set_pen__builder.hpp
[11.512s] -- Up-to-date: /home/davide/sesasr_labs/install/turtlesim/include/turtlesim/turtlesim/srv/detail/spawn__struct.hpp
[11.512s] -- Up-to-date: /home/davide/sesasr_labs/install/turtlesim/include/turtlesim/turtlesim/srv/detail/set_pen__struct.hpp
[11.513s] -- Up-to-date: /home/davide/sesasr_labs/install/turtlesim/include/turtlesim/turtlesim/srv/detail/kill__struct.hpp
[11.513s] -- Up-to-date: /home/davide/sesasr_labs/install/turtlesim/include/turtlesim/turtlesim/srv/detail/set_pen__traits.hpp
[11.513s] -- Up-to-date: /home/davide/sesasr_labs/install/turtlesim/include/turtlesim/turtlesim/srv/detail/teleport_absolute__traits.hpp
[11.513s] -- Up-to-date: /home/davide/sesasr_labs/install/turtlesim/include/turtlesim/turtlesim/srv/detail/teleport_absolute__builder.hpp
[11.513s] -- Up-to-date: /home/davide/sesasr_labs/install/turtlesim/include/turtlesim/turtlesim/srv/detail/teleport_relative__struct.hpp
[11.513s] -- Up-to-date: /home/davide/sesasr_labs/install/turtlesim/include/turtlesim/turtlesim/srv/detail/spawn__traits.hpp
[11.513s] -- Up-to-date: /home/davide/sesasr_labs/install/turtlesim/include/turtlesim/turtlesim/srv/spawn.hpp
[11.513s] -- Up-to-date: /home/davide/sesasr_labs/install/turtlesim/include/turtlesim/turtlesim/srv/set_pen.hpp
[11.513s] -- Up-to-date: /home/davide/sesasr_labs/install/turtlesim/include/turtlesim/turtlesim/action
[11.513s] -- Up-to-date: /home/davide/sesasr_labs/install/turtlesim/include/turtlesim/turtlesim/action/detail
[11.513s] -- Up-to-date: /home/davide/sesasr_labs/install/turtlesim/include/turtlesim/turtlesim/action/detail/rotate_absolute__struct.hpp
[11.513s] -- Up-to-date: /home/davide/sesasr_labs/install/turtlesim/include/turtlesim/turtlesim/action/detail/rotate_absolute__traits.hpp
[11.513s] -- Up-to-date: /home/davide/sesasr_labs/install/turtlesim/include/turtlesim/turtlesim/action/detail/rotate_absolute__builder.hpp
[11.513s] -- Up-to-date: /home/davide/sesasr_labs/install/turtlesim/include/turtlesim/turtlesim/action/rotate_absolute.hpp
[11.513s] -- Up-to-date: /home/davide/sesasr_labs/install/turtlesim/include/turtlesim/turtlesim
[11.513s] -- Up-to-date: /home/davide/sesasr_labs/install/turtlesim/include/turtlesim/turtlesim/msg
[11.513s] -- Up-to-date: /home/davide/sesasr_labs/install/turtlesim/include/turtlesim/turtlesim/msg/rosidl_typesupport_fastrtps_cpp__visibility_control.h
[11.513s] -- Up-to-date: /home/davide/sesasr_labs/install/turtlesim/include/turtlesim/turtlesim/msg/detail
[11.513s] -- Up-to-date: /home/davide/sesasr_labs/install/turtlesim/include/turtlesim/turtlesim/msg/detail/color__rosidl_typesupport_fastrtps_cpp.hpp
[11.513s] -- Up-to-date: /home/davide/sesasr_labs/install/turtlesim/include/turtlesim/turtlesim/msg/detail/dds_fastrtps
[11.513s] -- Up-to-date: /home/davide/sesasr_labs/install/turtlesim/include/turtlesim/turtlesim/msg/detail/pose__rosidl_typesupport_fastrtps_cpp.hpp
[11.514s] -- Up-to-date: /home/davide/sesasr_labs/install/turtlesim/include/turtlesim/turtlesim/srv
[11.514s] -- Up-to-date: /home/davide/sesasr_labs/install/turtlesim/include/turtlesim/turtlesim/srv/detail
[11.514s] -- Up-to-date: /home/davide/sesasr_labs/install/turtlesim/include/turtlesim/turtlesim/srv/detail/teleport_absolute__rosidl_typesupport_fastrtps_cpp.hpp
[11.514s] -- Up-to-date: /home/davide/sesasr_labs/install/turtlesim/include/turtlesim/turtlesim/srv/detail/teleport_relative__rosidl_typesupport_fastrtps_cpp.hpp
[11.514s] -- Up-to-date: /home/davide/sesasr_labs/install/turtlesim/include/turtlesim/turtlesim/srv/detail/spawn__rosidl_typesupport_fastrtps_cpp.hpp
[11.514s] -- Up-to-date: /home/davide/sesasr_labs/install/turtlesim/include/turtlesim/turtlesim/srv/detail/set_pen__rosidl_typesupport_fastrtps_cpp.hpp
[11.514s] -- Up-to-date: /home/davide/sesasr_labs/install/turtlesim/include/turtlesim/turtlesim/srv/detail/dds_fastrtps
[11.514s] -- Up-to-date: /home/davide/sesasr_labs/install/turtlesim/include/turtlesim/turtlesim/srv/detail/kill__rosidl_typesupport_fastrtps_cpp.hpp
[11.514s] -- Up-to-date: /home/davide/sesasr_labs/install/turtlesim/include/turtlesim/turtlesim/action
[11.514s] -- Up-to-date: /home/davide/sesasr_labs/install/turtlesim/include/turtlesim/turtlesim/action/detail
[11.514s] -- Up-to-date: /home/davide/sesasr_labs/install/turtlesim/include/turtlesim/turtlesim/action/detail/rotate_absolute__rosidl_typesupport_fastrtps_cpp.hpp
[11.514s] -- Up-to-date: /home/davide/sesasr_labs/install/turtlesim/include/turtlesim/turtlesim/action/detail/dds_fastrtps
[11.514s] -- Up-to-date: /home/davide/sesasr_labs/install/turtlesim/lib/libturtlesim__rosidl_typesupport_fastrtps_cpp.so
[11.514s] -- Up-to-date: /home/davide/sesasr_labs/install/turtlesim/include/turtlesim/turtlesim
[11.514s] -- Up-to-date: /home/davide/sesasr_labs/install/turtlesim/include/turtlesim/turtlesim/msg
[11.514s] -- Up-to-date: /home/davide/sesasr_labs/install/turtlesim/include/turtlesim/turtlesim/msg/detail
[11.514s] -- Up-to-date: /home/davide/sesasr_labs/install/turtlesim/include/turtlesim/turtlesim/msg/detail/pose__type_support.c
[11.514s] -- Up-to-date: /home/davide/sesasr_labs/install/turtlesim/include/turtlesim/turtlesim/msg/detail/color__type_support.c
[11.514s] -- Up-to-date: /home/davide/sesasr_labs/install/turtlesim/include/turtlesim/turtlesim/msg/detail/pose__rosidl_typesupport_introspection_c.h
[11.514s] -- Up-to-date: /home/davide/sesasr_labs/install/turtlesim/include/turtlesim/turtlesim/msg/detail/color__rosidl_typesupport_introspection_c.h
[11.514s] -- Up-to-date: /home/davide/sesasr_labs/install/turtlesim/include/turtlesim/turtlesim/msg/rosidl_typesupport_introspection_c__visibility_control.h
[11.515s] -- Up-to-date: /home/davide/sesasr_labs/install/turtlesim/include/turtlesim/turtlesim/srv
[11.515s] -- Up-to-date: /home/davide/sesasr_labs/install/turtlesim/include/turtlesim/turtlesim/srv/detail
[11.515s] -- Up-to-date: /home/davide/sesasr_labs/install/turtlesim/include/turtlesim/turtlesim/srv/detail/spawn__rosidl_typesupport_introspection_c.h
[11.515s] -- Up-to-date: /home/davide/sesasr_labs/install/turtlesim/include/turtlesim/turtlesim/srv/detail/set_pen__type_support.c
[11.515s] -- Up-to-date: /home/davide/sesasr_labs/install/turtlesim/include/turtlesim/turtlesim/srv/detail/kill__type_support.c
[11.515s] -- Up-to-date: /home/davide/sesasr_labs/install/turtlesim/include/turtlesim/turtlesim/srv/detail/set_pen__rosidl_typesupport_introspection_c.h
[11.515s] -- Up-to-date: /home/davide/sesasr_labs/install/turtlesim/include/turtlesim/turtlesim/srv/detail/kill__rosidl_typesupport_introspection_c.h
[11.515s] -- Up-to-date: /home/davide/sesasr_labs/install/turtlesim/include/turtlesim/turtlesim/srv/detail/teleport_relative__type_support.c
[11.515s] -- Up-to-date: /home/davide/sesasr_labs/install/turtlesim/include/turtlesim/turtlesim/srv/detail/spawn__type_support.c
[11.515s] -- Up-to-date: /home/davide/sesasr_labs/install/turtlesim/include/turtlesim/turtlesim/srv/detail/teleport_absolute__type_support.c
[11.515s] -- Up-to-date: /home/davide/sesasr_labs/install/turtlesim/include/turtlesim/turtlesim/srv/detail/teleport_absolute__rosidl_typesupport_introspection_c.h
[11.515s] -- Up-to-date: /home/davide/sesasr_labs/install/turtlesim/include/turtlesim/turtlesim/srv/detail/teleport_relative__rosidl_typesupport_introspection_c.h
[11.515s] -- Up-to-date: /home/davide/sesasr_labs/install/turtlesim/include/turtlesim/turtlesim/action
[11.515s] -- Up-to-date: /home/davide/sesasr_labs/install/turtlesim/include/turtlesim/turtlesim/action/detail
[11.515s] -- Up-to-date: /home/davide/sesasr_labs/install/turtlesim/include/turtlesim/turtlesim/action/detail/rotate_absolute__type_support.c
[11.515s] -- Up-to-date: /home/davide/sesasr_labs/install/turtlesim/include/turtlesim/turtlesim/action/detail/rotate_absolute__rosidl_typesupport_introspection_c.h
[11.515s] -- Up-to-date: /home/davide/sesasr_labs/install/turtlesim/lib/libturtlesim__rosidl_typesupport_introspection_c.so
[11.515s] -- Up-to-date: /home/davide/sesasr_labs/install/turtlesim/lib/libturtlesim__rosidl_typesupport_c.so
[11.515s] -- Up-to-date: /home/davide/sesasr_labs/install/turtlesim/include/turtlesim/turtlesim
[11.515s] -- Up-to-date: /home/davide/sesasr_labs/install/turtlesim/include/turtlesim/turtlesim/msg
[11.515s] -- Up-to-date: /home/davide/sesasr_labs/install/turtlesim/include/turtlesim/turtlesim/msg/detail
[11.516s] -- Up-to-date: /home/davide/sesasr_labs/install/turtlesim/include/turtlesim/turtlesim/msg/detail/color__type_support.cpp
[11.516s] -- Up-to-date: /home/davide/sesasr_labs/install/turtlesim/include/turtlesim/turtlesim/msg/detail/color__rosidl_typesupport_introspection_cpp.hpp
[11.516s] -- Up-to-date: /home/davide/sesasr_labs/install/turtlesim/include/turtlesim/turtlesim/msg/detail/pose__rosidl_typesupport_introspection_cpp.hpp
[11.516s] -- Up-to-date: /home/davide/sesasr_labs/install/turtlesim/include/turtlesim/turtlesim/msg/detail/pose__type_support.cpp
[11.516s] -- Up-to-date: /home/davide/sesasr_labs/install/turtlesim/include/turtlesim/turtlesim/srv
[11.516s] -- Up-to-date: /home/davide/sesasr_labs/install/turtlesim/include/turtlesim/turtlesim/srv/detail
[11.516s] -- Up-to-date: /home/davide/sesasr_labs/install/turtlesim/include/turtlesim/turtlesim/srv/detail/kill__type_support.cpp
[11.516s] -- Up-to-date: /home/davide/sesasr_labs/install/turtlesim/include/turtlesim/turtlesim/srv/detail/kill__rosidl_typesupport_introspection_cpp.hpp
[11.516s] -- Up-to-date: /home/davide/sesasr_labs/install/turtlesim/include/turtlesim/turtlesim/srv/detail/teleport_relative__type_support.cpp
[11.516s] -- Up-to-date: /home/davide/sesasr_labs/install/turtlesim/include/turtlesim/turtlesim/srv/detail/spawn__rosidl_typesupport_introspection_cpp.hpp
[11.516s] -- Up-to-date: /home/davide/sesasr_labs/install/turtlesim/include/turtlesim/turtlesim/srv/detail/set_pen__rosidl_typesupport_introspection_cpp.hpp
[11.516s] -- Up-to-date: /home/davide/sesasr_labs/install/turtlesim/include/turtlesim/turtlesim/srv/detail/teleport_absolute__rosidl_typesupport_introspection_cpp.hpp
[11.516s] -- Up-to-date: /home/davide/sesasr_labs/install/turtlesim/include/turtlesim/turtlesim/srv/detail/teleport_relative__rosidl_typesupport_introspection_cpp.hpp
[11.516s] -- Up-to-date: /home/davide/sesasr_labs/install/turtlesim/include/turtlesim/turtlesim/srv/detail/set_pen__type_support.cpp
[11.516s] -- Up-to-date: /home/davide/sesasr_labs/install/turtlesim/include/turtlesim/turtlesim/srv/detail/teleport_absolute__type_support.cpp
[11.516s] -- Up-to-date: /home/davide/sesasr_labs/install/turtlesim/include/turtlesim/turtlesim/srv/detail/spawn__type_support.cpp
[11.516s] -- Up-to-date: /home/davide/sesasr_labs/install/turtlesim/include/turtlesim/turtlesim/action
[11.516s] -- Up-to-date: /home/davide/sesasr_labs/install/turtlesim/include/turtlesim/turtlesim/action/detail
[11.516s] -- Up-to-date: /home/davide/sesasr_labs/install/turtlesim/include/turtlesim/turtlesim/action/detail/rotate_absolute__rosidl_typesupport_introspection_cpp.hpp
[11.516s] -- Up-to-date: /home/davide/sesasr_labs/install/turtlesim/include/turtlesim/turtlesim/action/detail/rotate_absolute__type_support.cpp
[11.516s] -- Up-to-date: /home/davide/sesasr_labs/install/turtlesim/lib/libturtlesim__rosidl_typesupport_introspection_cpp.so
[11.517s] -- Up-to-date: /home/davide/sesasr_labs/install/turtlesim/lib/libturtlesim__rosidl_typesupport_cpp.so
[11.517s] -- Up-to-date: /home/davide/sesasr_labs/install/turtlesim/share/turtlesim/environment/pythonpath.sh
[11.517s] -- Up-to-date: /home/davide/sesasr_labs/install/turtlesim/share/turtlesim/environment/pythonpath.dsv
[11.517s] -- Up-to-date: /home/davide/sesasr_labs/install/turtlesim/local/lib/python3.10/dist-packages/turtlesim-1.4.2-py3.10.egg-info
[11.517s] -- Installing: /home/davide/sesasr_labs/install/turtlesim/local/lib/python3.10/dist-packages/turtlesim-1.4.2-py3.10.egg-info/dependency_links.txt
[11.517s] -- Installing: /home/davide/sesasr_labs/install/turtlesim/local/lib/python3.10/dist-packages/turtlesim-1.4.2-py3.10.egg-info/top_level.txt
[11.517s] -- Installing: /home/davide/sesasr_labs/install/turtlesim/local/lib/python3.10/dist-packages/turtlesim-1.4.2-py3.10.egg-info/PKG-INFO
[11.517s] -- Installing: /home/davide/sesasr_labs/install/turtlesim/local/lib/python3.10/dist-packages/turtlesim-1.4.2-py3.10.egg-info/SOURCES.txt
[11.517s] -- Up-to-date: /home/davide/sesasr_labs/install/turtlesim/local/lib/python3.10/dist-packages/turtlesim
[11.517s] -- Up-to-date: /home/davide/sesasr_labs/install/turtlesim/local/lib/python3.10/dist-packages/turtlesim/libturtlesim__rosidl_generator_py.so
[11.517s] -- Up-to-date: /home/davide/sesasr_labs/install/turtlesim/local/lib/python3.10/dist-packages/turtlesim/turtlesim_s__rosidl_typesupport_c.cpython-310-x86_64-linux-gnu.so
[11.517s] -- Up-to-date: /home/davide/sesasr_labs/install/turtlesim/local/lib/python3.10/dist-packages/turtlesim/turtlesim_s__rosidl_typesupport_fastrtps_c.cpython-310-x86_64-linux-gnu.so
[11.517s] -- Up-to-date: /home/davide/sesasr_labs/install/turtlesim/local/lib/python3.10/dist-packages/turtlesim/_turtlesim_s.ep.rosidl_typesupport_introspection_c.c
[11.517s] -- Up-to-date: /home/davide/sesasr_labs/install/turtlesim/local/lib/python3.10/dist-packages/turtlesim/_turtlesim_s.ep.rosidl_typesupport_fastrtps_c.c
[11.517s] -- Up-to-date: /home/davide/sesasr_labs/install/turtlesim/local/lib/python3.10/dist-packages/turtlesim/turtlesim_s__rosidl_typesupport_introspection_c.cpython-310-x86_64-linux-gnu.so
[11.517s] -- Up-to-date: /home/davide/sesasr_labs/install/turtlesim/local/lib/python3.10/dist-packages/turtlesim/msg
[11.517s] -- Up-to-date: /home/davide/sesasr_labs/install/turtlesim/local/lib/python3.10/dist-packages/turtlesim/msg/_pose_s.c
[11.517s] -- Up-to-date: /home/davide/sesasr_labs/install/turtlesim/local/lib/python3.10/dist-packages/turtlesim/msg/_pose.py
[11.518s] -- Up-to-date: /home/davide/sesasr_labs/install/turtlesim/local/lib/python3.10/dist-packages/turtlesim/msg/_color_s.c
[11.518s] -- Up-to-date: /home/davide/sesasr_labs/install/turtlesim/local/lib/python3.10/dist-packages/turtlesim/msg/__init__.py
[11.518s] -- Up-to-date: /home/davide/sesasr_labs/install/turtlesim/local/lib/python3.10/dist-packages/turtlesim/msg/_color.py
[11.518s] -- Up-to-date: /home/davide/sesasr_labs/install/turtlesim/local/lib/python3.10/dist-packages/turtlesim/_turtlesim_s.ep.rosidl_typesupport_c.c
[11.518s] -- Up-to-date: /home/davide/sesasr_labs/install/turtlesim/local/lib/python3.10/dist-packages/turtlesim/srv
[11.518s] -- Up-to-date: /home/davide/sesasr_labs/install/turtlesim/local/lib/python3.10/dist-packages/turtlesim/srv/_teleport_relative_s.c
[11.518s] -- Up-to-date: /home/davide/sesasr_labs/install/turtlesim/local/lib/python3.10/dist-packages/turtlesim/srv/_teleport_absolute_s.c
[11.518s] -- Up-to-date: /home/davide/sesasr_labs/install/turtlesim/local/lib/python3.10/dist-packages/turtlesim/srv/_teleport_relative.py
[11.518s] -- Up-to-date: /home/davide/sesasr_labs/install/turtlesim/local/lib/python3.10/dist-packages/turtlesim/srv/_kill_s.c
[11.518s] -- Up-to-date: /home/davide/sesasr_labs/install/turtlesim/local/lib/python3.10/dist-packages/turtlesim/srv/_set_pen.py
[11.518s] -- Up-to-date: /home/davide/sesasr_labs/install/turtlesim/local/lib/python3.10/dist-packages/turtlesim/srv/_set_pen_s.c
[11.518s] -- Up-to-date: /home/davide/sesasr_labs/install/turtlesim/local/lib/python3.10/dist-packages/turtlesim/srv/_spawn.py
[11.518s] -- Up-to-date: /home/davide/sesasr_labs/install/turtlesim/local/lib/python3.10/dist-packages/turtlesim/srv/_kill.py
[11.518s] -- Up-to-date: /home/davide/sesasr_labs/install/turtlesim/local/lib/python3.10/dist-packages/turtlesim/srv/__init__.py
[11.518s] -- Up-to-date: /home/davide/sesasr_labs/install/turtlesim/local/lib/python3.10/dist-packages/turtlesim/srv/_spawn_s.c
[11.518s] -- Up-to-date: /home/davide/sesasr_labs/install/turtlesim/local/lib/python3.10/dist-packages/turtlesim/srv/_teleport_absolute.py
[11.518s] -- Up-to-date: /home/davide/sesasr_labs/install/turtlesim/local/lib/python3.10/dist-packages/turtlesim/__init__.py
[11.518s] -- Up-to-date: /home/davide/sesasr_labs/install/turtlesim/local/lib/python3.10/dist-packages/turtlesim/action
[11.518s] -- Up-to-date: /home/davide/sesasr_labs/install/turtlesim/local/lib/python3.10/dist-packages/turtlesim/action/_rotate_absolute_s.c
[11.518s] -- Up-to-date: /home/davide/sesasr_labs/install/turtlesim/local/lib/python3.10/dist-packages/turtlesim/action/_rotate_absolute.py
[11.518s] -- Up-to-date: /home/davide/sesasr_labs/install/turtlesim/local/lib/python3.10/dist-packages/turtlesim/action/__init__.py
[11.535s] Listing '/home/davide/sesasr_labs/install/turtlesim/local/lib/python3.10/dist-packages/turtlesim'...
[11.535s] Listing '/home/davide/sesasr_labs/install/turtlesim/local/lib/python3.10/dist-packages/turtlesim/action'...
[11.535s] Listing '/home/davide/sesasr_labs/install/turtlesim/local/lib/python3.10/dist-packages/turtlesim/msg'...
[11.535s] Listing '/home/davide/sesasr_labs/install/turtlesim/local/lib/python3.10/dist-packages/turtlesim/srv'...
[11.538s] -- Up-to-date: /home/davide/sesasr_labs/install/turtlesim/local/lib/python3.10/dist-packages/turtlesim/turtlesim_s__rosidl_typesupport_fastrtps_c.cpython-310-x86_64-linux-gnu.so
[11.538s] -- Up-to-date: /home/davide/sesasr_labs/install/turtlesim/local/lib/python3.10/dist-packages/turtlesim/turtlesim_s__rosidl_typesupport_introspection_c.cpython-310-x86_64-linux-gnu.so
[11.538s] -- Up-to-date: /home/davide/sesasr_labs/install/turtlesim/local/lib/python3.10/dist-packages/turtlesim/turtlesim_s__rosidl_typesupport_c.cpython-310-x86_64-linux-gnu.so
[11.538s] -- Up-to-date: /home/davide/sesasr_labs/install/turtlesim/lib/libturtlesim__rosidl_generator_py.so
[11.538s] -- Up-to-date: /home/davide/sesasr_labs/install/turtlesim/share/turtlesim/action/RotateAbsolute.idl
[11.539s] -- Up-to-date: /home/davide/sesasr_labs/install/turtlesim/share/turtlesim/msg/Color.idl
[11.539s] -- Up-to-date: /home/davide/sesasr_labs/install/turtlesim/share/turtlesim/msg/Pose.idl
[11.539s] -- Up-to-date: /home/davide/sesasr_labs/install/turtlesim/share/turtlesim/srv/Kill.idl
[11.539s] -- Up-to-date: /home/davide/sesasr_labs/install/turtlesim/share/turtlesim/srv/SetPen.idl
[11.539s] -- Up-to-date: /home/davide/sesasr_labs/install/turtlesim/share/turtlesim/srv/Spawn.idl
[11.539s] -- Up-to-date: /home/davide/sesasr_labs/install/turtlesim/share/turtlesim/srv/TeleportAbsolute.idl
[11.539s] -- Up-to-date: /home/davide/sesasr_labs/install/turtlesim/share/turtlesim/srv/TeleportRelative.idl
[11.540s] -- Up-to-date: /home/davide/sesasr_labs/install/turtlesim/share/turtlesim/action/RotateAbsolute.action
[11.540s] -- Up-to-date: /home/davide/sesasr_labs/install/turtlesim/share/turtlesim/msg/Color.msg
[11.540s] -- Up-to-date: /home/davide/sesasr_labs/install/turtlesim/share/turtlesim/msg/Pose.msg
[11.540s] -- Up-to-date: /home/davide/sesasr_labs/install/turtlesim/share/turtlesim/srv/Kill.srv
[11.540s] -- Up-to-date: /home/davide/sesasr_labs/install/turtlesim/share/turtlesim/srv/Kill_Request.msg
[11.540s] -- Up-to-date: /home/davide/sesasr_labs/install/turtlesim/share/turtlesim/srv/Kill_Response.msg
[11.540s] -- Up-to-date: /home/davide/sesasr_labs/install/turtlesim/share/turtlesim/srv/SetPen.srv
[11.540s] -- Up-to-date: /home/davide/sesasr_labs/install/turtlesim/share/turtlesim/srv/SetPen_Request.msg
[11.540s] -- Up-to-date: /home/davide/sesasr_labs/install/turtlesim/share/turtlesim/srv/SetPen_Response.msg
[11.540s] -- Up-to-date: /home/davide/sesasr_labs/install/turtlesim/share/turtlesim/srv/Spawn.srv
[11.540s] -- Up-to-date: /home/davide/sesasr_labs/install/turtlesim/share/turtlesim/srv/Spawn_Request.msg
[11.540s] -- Up-to-date: /home/davide/sesasr_labs/install/turtlesim/share/turtlesim/srv/Spawn_Response.msg
[11.540s] -- Up-to-date: /home/davide/sesasr_labs/install/turtlesim/share/turtlesim/srv/TeleportAbsolute.srv
[11.540s] -- Up-to-date: /home/davide/sesasr_labs/install/turtlesim/share/turtlesim/srv/TeleportAbsolute_Request.msg
[11.540s] -- Up-to-date: /home/davide/sesasr_labs/install/turtlesim/share/turtlesim/srv/TeleportAbsolute_Response.msg
[11.540s] -- Up-to-date: /home/davide/sesasr_labs/install/turtlesim/share/turtlesim/srv/TeleportRelative.srv
[11.540s] -- Up-to-date: /home/davide/sesasr_labs/install/turtlesim/share/turtlesim/srv/TeleportRelative_Request.msg
[11.540s] -- Up-to-date: /home/davide/sesasr_labs/install/turtlesim/share/turtlesim/srv/TeleportRelative_Response.msg
[11.540s] -- Installing: /home/davide/sesasr_labs/install/turtlesim/lib/turtlesim/turtlesim_node
[11.545s] -- Set runtime path of "/home/davide/sesasr_labs/install/turtlesim/lib/turtlesim/turtlesim_node" to ""
[11.545s] -- Up-to-date: /home/davide/sesasr_labs/install/turtlesim/lib/turtlesim/turtle_teleop_key
[11.545s] -- Up-to-date: /home/davide/sesasr_labs/install/turtlesim/lib/turtlesim/draw_square
[11.545s] -- Up-to-date: /home/davide/sesasr_labs/install/turtlesim/lib/turtlesim/mimic
[11.546s] -- Up-to-date: /home/davide/sesasr_labs/install/turtlesim/share/turtlesim/images
[11.546s] -- Up-to-date: /home/davide/sesasr_labs/install/turtlesim/share/turtlesim/images/eloquent.png
[11.546s] -- Up-to-date: /home/davide/sesasr_labs/install/turtlesim/share/turtlesim/images/foxy.png
[11.546s] -- Up-to-date: /home/davide/sesasr_labs/install/turtlesim/share/turtlesim/images/rolling.png
[11.547s] -- Up-to-date: /home/davide/sesasr_labs/install/turtlesim/share/turtlesim/images/ardent.png
[11.547s] -- Up-to-date: /home/davide/sesasr_labs/install/turtlesim/share/turtlesim/images/galactic.png
[11.547s] -- Up-to-date: /home/davide/sesasr_labs/install/turtlesim/share/turtlesim/images/dashing.png
[11.547s] -- Up-to-date: /home/davide/sesasr_labs/install/turtlesim/share/turtlesim/images/bouncy.png
[11.547s] -- Up-to-date: /home/davide/sesasr_labs/install/turtlesim/share/turtlesim/images/crystal.png
[11.547s] -- Up-to-date: /home/davide/sesasr_labs/install/turtlesim/share/turtlesim/images/humble.png
[11.547s] -- Up-to-date: /home/davide/sesasr_labs/install/turtlesim/share/turtlesim/launch
[11.548s] -- Up-to-date: /home/davide/sesasr_labs/install/turtlesim/share/turtlesim/launch/multisim.launch.py
[11.548s] -- Up-to-date: /home/davide/sesasr_labs/install/turtlesim/share/ament_index/resource_index/package_run_dependencies/turtlesim
[11.548s] -- Up-to-date: /home/davide/sesasr_labs/install/turtlesim/share/ament_index/resource_index/parent_prefix_path/turtlesim
[11.548s] -- Up-to-date: /home/davide/sesasr_labs/install/turtlesim/share/turtlesim/environment/ament_prefix_path.sh
[11.548s] -- Up-to-date: /home/davide/sesasr_labs/install/turtlesim/share/turtlesim/environment/ament_prefix_path.dsv
[11.548s] -- Up-to-date: /home/davide/sesasr_labs/install/turtlesim/share/turtlesim/environment/path.sh
[11.548s] -- Up-to-date: /home/davide/sesasr_labs/install/turtlesim/share/turtlesim/environment/path.dsv
[11.548s] -- Up-to-date: /home/davide/sesasr_labs/install/turtlesim/share/turtlesim/local_setup.bash
[11.548s] -- Up-to-date: /home/davide/sesasr_labs/install/turtlesim/share/turtlesim/local_setup.sh
[11.548s] -- Up-to-date: /home/davide/sesasr_labs/install/turtlesim/share/turtlesim/local_setup.zsh
[11.548s] -- Up-to-date: /home/davide/sesasr_labs/install/turtlesim/share/turtlesim/local_setup.dsv
[11.548s] -- Installing: /home/davide/sesasr_labs/install/turtlesim/share/turtlesim/package.dsv
[11.548s] -- Up-to-date: /home/davide/sesasr_labs/install/turtlesim/share/ament_index/resource_index/packages/turtlesim
[11.549s] -- Up-to-date: /home/davide/sesasr_labs/install/turtlesim/share/turtlesim/cmake/export_turtlesim__rosidl_generator_cExport.cmake
[11.549s] -- Up-to-date: /home/davide/sesasr_labs/install/turtlesim/share/turtlesim/cmake/export_turtlesim__rosidl_generator_cExport-noconfig.cmake
[11.549s] -- Up-to-date: /home/davide/sesasr_labs/install/turtlesim/share/turtlesim/cmake/export_turtlesim__rosidl_typesupport_fastrtps_cExport.cmake
[11.549s] -- Up-to-date: /home/davide/sesasr_labs/install/turtlesim/share/turtlesim/cmake/export_turtlesim__rosidl_typesupport_fastrtps_cExport-noconfig.cmake
[11.549s] -- Up-to-date: /home/davide/sesasr_labs/install/turtlesim/share/turtlesim/cmake/export_turtlesim__rosidl_generator_cppExport.cmake
[11.549s] -- Up-to-date: /home/davide/sesasr_labs/install/turtlesim/share/turtlesim/cmake/export_turtlesim__rosidl_typesupport_fastrtps_cppExport.cmake
[11.549s] -- Up-to-date: /home/davide/sesasr_labs/install/turtlesim/share/turtlesim/cmake/export_turtlesim__rosidl_typesupport_fastrtps_cppExport-noconfig.cmake
[11.549s] -- Up-to-date: /home/davide/sesasr_labs/install/turtlesim/share/turtlesim/cmake/turtlesim__rosidl_typesupport_introspection_cExport.cmake
[11.549s] -- Up-to-date: /home/davide/sesasr_labs/install/turtlesim/share/turtlesim/cmake/turtlesim__rosidl_typesupport_introspection_cExport-noconfig.cmake
[11.549s] -- Up-to-date: /home/davide/sesasr_labs/install/turtlesim/share/turtlesim/cmake/turtlesim__rosidl_typesupport_cExport.cmake
[11.549s] -- Up-to-date: /home/davide/sesasr_labs/install/turtlesim/share/turtlesim/cmake/turtlesim__rosidl_typesupport_cExport-noconfig.cmake
[11.549s] -- Up-to-date: /home/davide/sesasr_labs/install/turtlesim/share/turtlesim/cmake/turtlesim__rosidl_typesupport_introspection_cppExport.cmake
[11.550s] -- Up-to-date: /home/davide/sesasr_labs/install/turtlesim/share/turtlesim/cmake/turtlesim__rosidl_typesupport_introspection_cppExport-noconfig.cmake
[11.550s] -- Up-to-date: /home/davide/sesasr_labs/install/turtlesim/share/turtlesim/cmake/turtlesim__rosidl_typesupport_cppExport.cmake
[11.550s] -- Up-to-date: /home/davide/sesasr_labs/install/turtlesim/share/turtlesim/cmake/turtlesim__rosidl_typesupport_cppExport-noconfig.cmake
[11.550s] -- Up-to-date: /home/davide/sesasr_labs/install/turtlesim/share/turtlesim/cmake/export_turtlesim__rosidl_generator_pyExport.cmake
[11.550s] -- Up-to-date: /home/davide/sesasr_labs/install/turtlesim/share/turtlesim/cmake/export_turtlesim__rosidl_generator_pyExport-noconfig.cmake
[11.550s] -- Up-to-date: /home/davide/sesasr_labs/install/turtlesim/share/turtlesim/cmake/rosidl_cmake-extras.cmake
[11.551s] -- Up-to-date: /home/davide/sesasr_labs/install/turtlesim/share/turtlesim/cmake/ament_cmake_export_dependencies-extras.cmake
[11.551s] -- Up-to-date: /home/davide/sesasr_labs/install/turtlesim/share/turtlesim/cmake/ament_cmake_export_include_directories-extras.cmake
[11.551s] -- Up-to-date: /home/davide/sesasr_labs/install/turtlesim/share/turtlesim/cmake/ament_cmake_export_libraries-extras.cmake
[11.551s] -- Up-to-date: /home/davide/sesasr_labs/install/turtlesim/share/turtlesim/cmake/ament_cmake_export_targets-extras.cmake
[11.551s] -- Up-to-date: /home/davide/sesasr_labs/install/turtlesim/share/turtlesim/cmake/rosidl_cmake_export_typesupport_targets-extras.cmake
[11.551s] -- Up-to-date: /home/davide/sesasr_labs/install/turtlesim/share/turtlesim/cmake/rosidl_cmake_export_typesupport_libraries-extras.cmake
[11.551s] -- Up-to-date: /home/davide/sesasr_labs/install/turtlesim/share/turtlesim/cmake/turtlesimConfig.cmake
[11.551s] -- Up-to-date: /home/davide/sesasr_labs/install/turtlesim/share/turtlesim/cmake/turtlesimConfig-version.cmake
[11.552s] -- Up-to-date: /home/davide/sesasr_labs/install/turtlesim/share/turtlesim/package.xml
[11.552s] Invoked command in '/home/davide/sesasr_labs/build/turtlesim' returned '0': CMAKE_PREFIX_PATH=${CMAKE_PREFIX_PATH}:/home/davide/sesasr_labs/install/launch_testing_examples:/home/davide/sesasr_labs/install/examples_rclpy_pointcloud_publisher:/home/davide/sesasr_labs/install/examples_rclpy_minimal_subscriber:/home/davide/sesasr_labs/install/examples_rclpy_minimal_service:/home/davide/sesasr_labs/install/examples_rclpy_minimal_publisher:/home/davide/sesasr_labs/install/examples_rclpy_minimal_client:/home/davide/sesasr_labs/install/examples_rclpy_minimal_action_server:/home/davide/sesasr_labs/install/examples_rclpy_minimal_action_client:/home/davide/sesasr_labs/install/examples_rclpy_guard_conditions:/home/davide/sesasr_labs/install/examples_rclpy_executors:/opt/ros/humble /usr/bin/cmake --install /home/davide/sesasr_labs/build/turtlesim
