[0.175s] Invoking command in '/home/davide/sesasr_labs/build/examples_rclcpp_minimal_client': CMAKE_PREFIX_PATH=/opt/ros/humble /usr/bin/cmake /home/davide/sesasr_labs/src/examples/rclcpp/services/minimal_client -DCMAKE_INSTALL_PREFIX=/home/davide/sesasr_labs/install/examples_rclcpp_minimal_client
[0.237s] -- Found ament_cmake: 1.3.6 (/opt/ros/humble/share/ament_cmake/cmake)
[0.305s] -- Override CMake install command with custom implementation using symlinks instead of copying resources
[0.305s] -- Found example_interfaces: 0.9.3 (/opt/ros/humble/share/example_interfaces/cmake)
[0.416s] -- Found rosidl_generator_c: 3.1.5 (/opt/ros/humble/share/rosidl_generator_c/cmake)
[0.418s] -- Found rosidl_adapter: 3.1.5 (/opt/ros/humble/share/rosidl_adapter/cmake)
[0.423s] -- Found rosidl_generator_cpp: 3.1.5 (/opt/ros/humble/share/rosidl_generator_cpp/cmake)
[0.432s] -- Using all available rosidl_typesupport_c: rosidl_typesupport_fastrtps_c;rosidl_typesupport_introspection_c
[0.444s] -- Using all available rosidl_typesupport_cpp: rosidl_typesupport_fastrtps_cpp;rosidl_typesupport_introspection_cpp
[0.574s] -- Found rclcpp: 16.0.7 (/opt/ros/humble/share/rclcpp/cmake)
[0.615s] -- Found rmw_implementation_cmake: 6.1.1 (/opt/ros/humble/share/rmw_implementation_cmake/cmake)
[0.617s] -- Found rmw_fastrtps_cpp: 6.2.5 (/opt/ros/humble/share/rmw_fastrtps_cpp/cmake)
[3.417s] -- Using RMW implementation 'rmw_fastrtps_cpp' as default
[3.567s] -- Found ament_lint_auto: 0.12.9 (/opt/ros/humble/share/ament_lint_auto/cmake)
[3.691s] -- Added test 'copyright' to check source files copyright and LICENSE
[3.691s] -- Added test 'cppcheck' to perform static code analysis on C / C++ code
[3.691s] -- Configured cppcheck include dirs: 
[3.691s] -- Configured cppcheck exclude dirs and/or files: 
[3.691s] -- Added test 'cpplint' to check C / C++ code against the Google style
[3.692s] -- Configured cpplint exclude dirs and/or files: 
[3.692s] -- Added test 'lint_cmake' to check CMake code style
[3.692s] -- Added test 'uncrustify' to check C / C++ code style
[3.692s] -- Configured uncrustify additional arguments: 
[3.693s] -- Added test 'xmllint' to check XML markup files
[3.694s] -- Configuring done
[3.705s] -- Generating done
[3.705s] -- Build files have been written to: /home/davide/sesasr_labs/build/examples_rclcpp_minimal_client
[3.714s] Invoked command in '/home/davide/sesasr_labs/build/examples_rclcpp_minimal_client' returned '0': CMAKE_PREFIX_PATH=/opt/ros/humble /usr/bin/cmake /home/davide/sesasr_labs/src/examples/rclcpp/services/minimal_client -DCMAKE_INSTALL_PREFIX=/home/davide/sesasr_labs/install/examples_rclcpp_minimal_client
[3.716s] Invoking command in '/home/davide/sesasr_labs/build/examples_rclcpp_minimal_client': CMAKE_PREFIX_PATH=/opt/ros/humble /usr/bin/cmake --build /home/davide/sesasr_labs/build/examples_rclcpp_minimal_client -- -j8 -l8
[3.778s] [35m[1mConsolidate compiler generated dependencies of target client_main[0m
[3.778s] [100%] Built target client_main
[3.857s] Invoked command in '/home/davide/sesasr_labs/build/examples_rclcpp_minimal_client' returned '0': CMAKE_PREFIX_PATH=/opt/ros/humble /usr/bin/cmake --build /home/davide/sesasr_labs/build/examples_rclcpp_minimal_client -- -j8 -l8
[3.882s] Invoking command in '/home/davide/sesasr_labs/build/examples_rclcpp_minimal_client': CMAKE_PREFIX_PATH=/opt/ros/humble /usr/bin/cmake --install /home/davide/sesasr_labs/build/examples_rclcpp_minimal_client
[4.003s] -- Install configuration: ""
[4.003s] -- Execute custom install script
[4.003s] -- Up-to-date symlink: /home/davide/sesasr_labs/install/examples_rclcpp_minimal_client/lib/examples_rclcpp_minimal_client/client_main
[4.003s] -- Up-to-date symlink: /home/davide/sesasr_labs/install/examples_rclcpp_minimal_client/share/ament_index/resource_index/package_run_dependencies/examples_rclcpp_minimal_client
[4.004s] -- Up-to-date symlink: /home/davide/sesasr_labs/install/examples_rclcpp_minimal_client/share/ament_index/resource_index/parent_prefix_path/examples_rclcpp_minimal_client
[4.004s] -- Up-to-date symlink: /home/davide/sesasr_labs/install/examples_rclcpp_minimal_client/share/examples_rclcpp_minimal_client/environment/ament_prefix_path.sh
[4.004s] -- Up-to-date symlink: /home/davide/sesasr_labs/install/examples_rclcpp_minimal_client/share/examples_rclcpp_minimal_client/environment/ament_prefix_path.dsv
[4.005s] -- Up-to-date symlink: /home/davide/sesasr_labs/install/examples_rclcpp_minimal_client/share/examples_rclcpp_minimal_client/environment/path.sh
[4.005s] -- Up-to-date symlink: /home/davide/sesasr_labs/install/examples_rclcpp_minimal_client/share/examples_rclcpp_minimal_client/environment/path.dsv
[4.006s] -- Up-to-date symlink: /home/davide/sesasr_labs/install/examples_rclcpp_minimal_client/share/examples_rclcpp_minimal_client/local_setup.bash
[4.008s] -- Up-to-date symlink: /home/davide/sesasr_labs/install/examples_rclcpp_minimal_client/share/examples_rclcpp_minimal_client/local_setup.sh
[4.008s] -- Up-to-date symlink: /home/davide/sesasr_labs/install/examples_rclcpp_minimal_client/share/examples_rclcpp_minimal_client/local_setup.zsh
[4.009s] -- Up-to-date symlink: /home/davide/sesasr_labs/install/examples_rclcpp_minimal_client/share/examples_rclcpp_minimal_client/local_setup.dsv
[4.010s] -- Symlinking: /home/davide/sesasr_labs/install/examples_rclcpp_minimal_client/share/examples_rclcpp_minimal_client/package.dsv
[4.010s] -- Up-to-date symlink: /home/davide/sesasr_labs/install/examples_rclcpp_minimal_client/share/ament_index/resource_index/packages/examples_rclcpp_minimal_client
[4.010s] -- Up-to-date symlink: /home/davide/sesasr_labs/install/examples_rclcpp_minimal_client/share/examples_rclcpp_minimal_client/cmake/examples_rclcpp_minimal_clientConfig.cmake
[4.011s] -- Up-to-date symlink: /home/davide/sesasr_labs/install/examples_rclcpp_minimal_client/share/examples_rclcpp_minimal_client/cmake/examples_rclcpp_minimal_clientConfig-version.cmake
[4.012s] -- Up-to-date symlink: /home/davide/sesasr_labs/install/examples_rclcpp_minimal_client/share/examples_rclcpp_minimal_client/package.xml
[4.080s] Invoked command in '/home/davide/sesasr_labs/build/examples_rclcpp_minimal_client' returned '0': CMAKE_PREFIX_PATH=/opt/ros/humble /usr/bin/cmake --install /home/davide/sesasr_labs/build/examples_rclcpp_minimal_client
