[3.063s] Invoking command in '/home/davide/sesasr_labs/build/examples_rclpy_pointcloud_publisher': PYTHONPATH=/home/davide/sesasr_labs/build/examples_rclpy_pointcloud_publisher/prefix_override:/home/davide/sesasr_labs/install/examples_rclpy_pointcloud_publisher/lib/python3.10/site-packages:${PYTHONPATH} /usr/bin/python3 setup.py develop --editable --build-directory /home/davide/sesasr_labs/build/examples_rclpy_pointcloud_publisher/build --no-deps install_data
[3.457s] running develop
[3.465s] /usr/lib/python3/dist-packages/setuptools/command/easy_install.py:158: EasyInstallDeprecationWarning: easy_install command is deprecated. Use build and pip and other standards-based tools.
[3.465s]   warnings.warn(
[3.467s] /usr/lib/python3/dist-packages/setuptools/command/install.py:34: SetuptoolsDeprecationWarning: setup.py install is deprecated. Use build and pip and other standards-based tools.
[3.467s]   warnings.warn(
[3.629s] running egg_info
[3.631s] creating examples_rclpy_pointcloud_publisher.egg-info
[3.632s] writing examples_rclpy_pointcloud_publisher.egg-info/PKG-INFO
[3.638s] writing dependency_links to examples_rclpy_pointcloud_publisher.egg-info/dependency_links.txt
[3.640s] writing entry points to examples_rclpy_pointcloud_publisher.egg-info/entry_points.txt
[3.643s] writing requirements to examples_rclpy_pointcloud_publisher.egg-info/requires.txt
[3.644s] writing top-level names to examples_rclpy_pointcloud_publisher.egg-info/top_level.txt
[3.645s] writing manifest file 'examples_rclpy_pointcloud_publisher.egg-info/SOURCES.txt'
[3.647s] reading manifest file 'examples_rclpy_pointcloud_publisher.egg-info/SOURCES.txt'
[3.648s] writing manifest file 'examples_rclpy_pointcloud_publisher.egg-info/SOURCES.txt'
[3.652s] running build_ext
[3.652s] Creating /home/davide/sesasr_labs/install/examples_rclpy_pointcloud_publisher/lib/python3.10/site-packages/examples-rclpy-pointcloud-publisher.egg-link (link to .)
[3.654s] Installing pointcloud_publisher script to /home/davide/sesasr_labs/install/examples_rclpy_pointcloud_publisher/lib/examples_rclpy_pointcloud_publisher
[3.655s] 
[3.655s] Installed /home/davide/sesasr_labs/build/examples_rclpy_pointcloud_publisher
[3.656s] running install_data
[3.657s] creating /home/davide/sesasr_labs/install/examples_rclpy_pointcloud_publisher/share/ament_index
[3.661s] creating /home/davide/sesasr_labs/install/examples_rclpy_pointcloud_publisher/share/ament_index/resource_index
[3.662s] creating /home/davide/sesasr_labs/install/examples_rclpy_pointcloud_publisher/share/ament_index/resource_index/packages
[3.663s] copying resource/examples_rclpy_pointcloud_publisher -> /home/davide/sesasr_labs/install/examples_rclpy_pointcloud_publisher/share/ament_index/resource_index/packages
[3.664s] copying package.xml -> /home/davide/sesasr_labs/install/examples_rclpy_pointcloud_publisher/share/examples_rclpy_pointcloud_publisher
[3.709s] Invoked command in '/home/davide/sesasr_labs/build/examples_rclpy_pointcloud_publisher' returned '0': PYTHONPATH=/home/davide/sesasr_labs/build/examples_rclpy_pointcloud_publisher/prefix_override:/home/davide/sesasr_labs/install/examples_rclpy_pointcloud_publisher/lib/python3.10/site-packages:${PYTHONPATH} /usr/bin/python3 setup.py develop --editable --build-directory /home/davide/sesasr_labs/build/examples_rclpy_pointcloud_publisher/build --no-deps install_data
