[0.197s] Invoking command in '/home/davide/sesasr_labs/build/turtlebot3_gazebo': CMAKE_PREFIX_PATH=${CMAKE_PREFIX_PATH}:/home/davide/sesasr_labs/install/my_package:/home/davide/sesasr_labs/install/launch_testing_examples:/home/davide/sesasr_labs/install/examples_rclpy_pointcloud_publisher:/home/davide/sesasr_labs/install/examples_rclpy_minimal_subscriber:/home/davide/sesasr_labs/install/examples_rclpy_minimal_service:/home/davide/sesasr_labs/install/examples_rclpy_minimal_publisher:/home/davide/sesasr_labs/install/examples_rclpy_minimal_client:/home/davide/sesasr_labs/install/examples_rclpy_minimal_action_server:/home/davide/sesasr_labs/install/examples_rclpy_minimal_action_client:/home/davide/sesasr_labs/install/examples_rclpy_guard_conditions:/home/davide/sesasr_labs/install/examples_rclpy_executors:/opt/ros/humble /usr/bin/cmake /home/davide/sesasr_labs/src/turtlebot3/turtlebot3_simulations/turtlebot3_gazebo -DAMENT_CMAKE_SYMLINK_INSTALL=1 -DCMAKE_INSTALL_PREFIX=/home/davide/sesasr_labs/install/turtlebot3_gazebo
[0.317s] -- The C compiler identification is GNU 11.4.0
[0.774s] -- The CXX compiler identification is GNU 11.4.0
[1.101s] -- Detecting C compiler ABI info
[1.260s] -- Detecting C compiler ABI info - done
[1.262s] -- Check for working C compiler: /usr/bin/cc - skipped
[1.263s] -- Detecting C compile features
[1.264s] -- Detecting C compile features - done
[1.267s] -- Detecting CXX compiler ABI info
[1.429s] -- Detecting CXX compiler ABI info - done
[1.430s] -- Check for working CXX compiler: /usr/bin/c++ - skipped
[1.431s] -- Detecting CXX compile features
[1.432s] -- Detecting CXX compile features - done
[1.436s] -- Found ament_cmake: 1.3.6 (/opt/ros/humble/share/ament_cmake/cmake)
[1.611s] -- Found Python3: /usr/bin/python3.10 (found version "3.10.12") found components: Interpreter 
[1.681s] -- Override CMake install command with custom implementation using symlinks instead of copying resources
[1.708s] [33mCMake Warning (dev) at /usr/share/cmake-3.22/Modules/FindPackageHandleStandardArgs.cmake:438 (message):
[1.709s]   The package name passed to `find_package_handle_standard_args` (PkgConfig)
[1.709s]   does not match the name of the calling package (gazebo).  This can lead to
[1.710s]   problems in calling code that expects `find_package` result variables
[1.710s]   (e.g., `_FOUND`) to follow a certain pattern.
[1.710s] Call Stack (most recent call first):
[1.710s]   /usr/share/cmake-3.22/Modules/FindPkgConfig.cmake:99 (find_package_handle_standard_args)
[1.710s]   /usr/lib/x86_64-linux-gnu/cmake/gazebo/gazebo-config.cmake:72 (include)
[1.710s]   CMakeLists.txt:23 (find_package)
[1.710s] This warning is for project developers.  Use -Wno-dev to suppress it.
[1.711s] [0m
[1.711s] -- Found PkgConfig: /usr/bin/pkg-config (found version "0.29.2") 
[1.711s] -- Checking for module 'bullet>=2.82'
[1.719s] --   Found bullet, version 3.05
[1.812s] -- Found fcl: /usr/include (found suitable version "0.7.0", minimum required is "0.5.0") 
[1.867s] -- Found assimp: /usr/include (found version "5.2.0") 
[1.877s] -- Found DART: /usr/include (Required is at least version "6.6") found components: dart 
[2.131s] -- Found Boost: /usr/lib/x86_64-linux-gnu/cmake/Boost-1.74.0/BoostConfig.cmake (found suitable version "1.74.0", minimum required is "1.40.0") found components: thread system filesystem program_options regex iostreams date_time 
[2.429s] -- Found Protobuf: /usr/lib/x86_64-linux-gnu/libprotobuf.so (found version "3.12.4") 
[2.434s] -- Looking for ignition-math6 -- found version 6.15.0
[2.440s] -- Searching for dependencies of ignition-math6
[2.442s] -- Looking for OGRE...
[2.443s] -- OGRE_PREFIX_WATCH changed.
[2.445s] -- Checking for module 'OGRE'
[2.453s] --   Found OGRE, version 1.9.0
[2.484s] -- Found Ogre Ghadamon (1.9.0)
[2.828s] -- Found OGRE: optimized;/usr/lib/x86_64-linux-gnu/libOgreMain.so;debug;/usr/lib/x86_64-linux-gnu/libOgreMain.so
[2.837s] -- Looking for OGRE_Paging...
[3.198s] -- Found OGRE_Paging: optimized;/usr/lib/x86_64-linux-gnu/libOgrePaging.so;debug;/usr/lib/x86_64-linux-gnu/libOgrePaging.so
[3.198s] -- Looking for OGRE_Terrain...
[3.609s] -- Found OGRE_Terrain: optimized;/usr/lib/x86_64-linux-gnu/libOgreTerrain.so;debug;/usr/lib/x86_64-linux-gnu/libOgreTerrain.so
[3.610s] -- Looking for OGRE_Property...
[3.956s] -- Found OGRE_Property: optimized;/usr/lib/x86_64-linux-gnu/libOgreProperty.so;debug;/usr/lib/x86_64-linux-gnu/libOgreProperty.so
[3.956s] -- Looking for OGRE_RTShaderSystem...
[4.238s] -- Found OGRE_RTShaderSystem: optimized;/usr/lib/x86_64-linux-gnu/libOgreRTShaderSystem.so;debug;/usr/lib/x86_64-linux-gnu/libOgreRTShaderSystem.so
[4.238s] -- Looking for OGRE_Volume...
[4.585s] -- Found OGRE_Volume: optimized;/usr/lib/x86_64-linux-gnu/libOgreVolume.so;debug;/usr/lib/x86_64-linux-gnu/libOgreVolume.so
[4.585s] -- Looking for OGRE_Overlay...
[4.960s] -- Found OGRE_Overlay: optimized;/usr/lib/x86_64-linux-gnu/libOgreOverlay.so;debug;/usr/lib/x86_64-linux-gnu/libOgreOverlay.so
[22.349s] -- Looking for ignition-math6 -- found version 6.15.0
[22.352s] -- Looking for ignition-transport8 -- found version 8.2.1
[22.352s] -- Searching for dependencies of ignition-transport8
[23.253s] -- Found Protobuf: /usr/lib/x86_64-linux-gnu/libprotobuf.so (found suitable version "3.12.4", minimum required is "3") 
[24.155s] -- Config-file not installed for ZeroMQ -- checking for pkg-config
[24.159s] -- Checking for module 'libzmq >= 4'
[24.173s] --   Found libzmq , version 4.3.4
[24.205s] -- Found ZeroMQ: TRUE (Required is at least version "4") 
[24.237s] -- Checking for module 'uuid'
[24.254s] --   Found uuid, version 2.37.2
[24.286s] -- Found UUID: TRUE  
[24.290s] -- Looking for ignition-msgs5 -- found version 5.8.1
[24.290s] -- Searching for dependencies of ignition-msgs5
[25.038s] -- Looking for ignition-math6 -- found version 6.15.0
[25.042s] -- Checking for module 'tinyxml2'
[25.052s] --   Found tinyxml2, version 9.0.0
[25.077s] -- Looking for ignition-msgs5 -- found version 5.8.1
[25.079s] -- Looking for ignition-common3 -- found version 3.14.0
[25.080s] -- Searching for dependencies of ignition-common3
[25.103s] -- Looking for dlfcn.h - found
[25.125s] -- Looking for libdl - found
[25.127s] -- Found DL: TRUE  
[25.179s] -- Found tinyobjloader: /usr/lib/x86_64-linux-gnu/cmake/tinyobjloader/tinyobjloader-config.cmake (found version "2.0.0") 
[25.180s] -- Searching for <ignition-common3> component [graphics]
[25.182s] -- Looking for ignition-common3-graphics -- found version 3.14.0
[25.183s] -- Searching for dependencies of ignition-common3-graphics
[25.183s] -- Looking for ignition-math6 -- found version 6.15.0
[25.186s] -- Looking for ignition-fuel_tools4 -- found version 4.4.0
[25.186s] -- Searching for dependencies of ignition-fuel_tools4
[26.062s] -- Found CURL: /usr/lib/x86_64-linux-gnu/libcurl.so (found version "7.81.0")  
[26.070s] -- Checking for module 'jsoncpp'
[26.082s] --   Found jsoncpp, version 1.9.5
[26.104s] -- Found JSONCPP: TRUE  
[26.110s] -- Checking for module 'libzip'
[26.118s] --   Found libzip, version 1.7.3
[26.138s] -- Found ZIP: TRUE  
[26.139s] -- Looking for ignition-common3 -- found version 3.14.0
[26.139s] -- Looking for ignition-math6 -- found version 6.15.0
[26.140s] -- Looking for ignition-msgs5 -- found version 5.8.1
[26.145s] -- Found gazebo_ros_pkgs: 3.7.0 (/opt/ros/humble/share/gazebo_ros_pkgs/cmake)
[26.148s] -- Found geometry_msgs: 4.2.3 (/opt/ros/humble/share/geometry_msgs/cmake)
[26.207s] -- Found rosidl_generator_c: 3.1.5 (/opt/ros/humble/share/rosidl_generator_c/cmake)
[26.212s] -- Found rosidl_adapter: 3.1.5 (/opt/ros/humble/share/rosidl_adapter/cmake)
[26.222s] -- Found rosidl_generator_cpp: 3.1.5 (/opt/ros/humble/share/rosidl_generator_cpp/cmake)
[26.238s] -- Using all available rosidl_typesupport_c: rosidl_typesupport_fastrtps_c;rosidl_typesupport_introspection_c
[26.258s] -- Using all available rosidl_typesupport_cpp: rosidl_typesupport_fastrtps_cpp;rosidl_typesupport_introspection_cpp
[26.374s] -- Found nav_msgs: 4.2.3 (/opt/ros/humble/share/nav_msgs/cmake)
[26.460s] -- Found rclcpp: 16.0.7 (/opt/ros/humble/share/rclcpp/cmake)
[26.521s] -- Found rmw_implementation_cmake: 6.1.1 (/opt/ros/humble/share/rmw_implementation_cmake/cmake)
[26.525s] -- Found rmw_fastrtps_cpp: 6.2.5 (/opt/ros/humble/share/rmw_fastrtps_cpp/cmake)
[27.597s] -- Found OpenSSL: /usr/lib/x86_64-linux-gnu/libcrypto.so (found version "3.0.2")  
[28.623s] -- Found FastRTPS: /opt/ros/humble/include  
[30.595s] -- Using RMW implementation 'rmw_fastrtps_cpp' as default
[30.606s] -- Found Threads: TRUE  
[30.720s] -- Found sensor_msgs: 4.2.3 (/opt/ros/humble/share/sensor_msgs/cmake)
[30.795s] -- Found tf2: 0.25.5 (/opt/ros/humble/share/tf2/cmake)
[30.873s] -- Configuring done
[30.897s] -- Generating done
[30.899s] -- Build files have been written to: /home/davide/sesasr_labs/build/turtlebot3_gazebo
[30.913s] Invoked command in '/home/davide/sesasr_labs/build/turtlebot3_gazebo' returned '0': CMAKE_PREFIX_PATH=${CMAKE_PREFIX_PATH}:/home/davide/sesasr_labs/install/my_package:/home/davide/sesasr_labs/install/launch_testing_examples:/home/davide/sesasr_labs/install/examples_rclpy_pointcloud_publisher:/home/davide/sesasr_labs/install/examples_rclpy_minimal_subscriber:/home/davide/sesasr_labs/install/examples_rclpy_minimal_service:/home/davide/sesasr_labs/install/examples_rclpy_minimal_publisher:/home/davide/sesasr_labs/install/examples_rclpy_minimal_client:/home/davide/sesasr_labs/install/examples_rclpy_minimal_action_server:/home/davide/sesasr_labs/install/examples_rclpy_minimal_action_client:/home/davide/sesasr_labs/install/examples_rclpy_guard_conditions:/home/davide/sesasr_labs/install/examples_rclpy_executors:/opt/ros/humble /usr/bin/cmake /home/davide/sesasr_labs/src/turtlebot3/turtlebot3_simulations/turtlebot3_gazebo -DAMENT_CMAKE_SYMLINK_INSTALL=1 -DCMAKE_INSTALL_PREFIX=/home/davide/sesasr_labs/install/turtlebot3_gazebo
[30.915s] Invoking command in '/home/davide/sesasr_labs/build/turtlebot3_gazebo': CMAKE_PREFIX_PATH=${CMAKE_PREFIX_PATH}:/home/davide/sesasr_labs/install/my_package:/home/davide/sesasr_labs/install/launch_testing_examples:/home/davide/sesasr_labs/install/examples_rclpy_pointcloud_publisher:/home/davide/sesasr_labs/install/examples_rclpy_minimal_subscriber:/home/davide/sesasr_labs/install/examples_rclpy_minimal_service:/home/davide/sesasr_labs/install/examples_rclpy_minimal_publisher:/home/davide/sesasr_labs/install/examples_rclpy_minimal_client:/home/davide/sesasr_labs/install/examples_rclpy_minimal_action_server:/home/davide/sesasr_labs/install/examples_rclpy_minimal_action_client:/home/davide/sesasr_labs/install/examples_rclpy_guard_conditions:/home/davide/sesasr_labs/install/examples_rclpy_executors:/opt/ros/humble /usr/bin/cmake --build /home/davide/sesasr_labs/build/turtlebot3_gazebo -- -j8 -l8
[30.960s] [ 12%] [32mBuilding CXX object CMakeFiles/obstacles.dir/models/turtlebot3_dqn_world/obstacle_plugin/obstacles.cc.o[0m
[30.960s] [ 25%] [32mBuilding CXX object CMakeFiles/obstacle1.dir/models/turtlebot3_dqn_world/obstacle_plugin/obstacle1.cc.o[0m
[30.961s] [ 37%] [32mBuilding CXX object CMakeFiles/obstacle2.dir/models/turtlebot3_dqn_world/obstacle_plugin/obstacle2.cc.o[0m
[30.971s] [ 50%] [32mBuilding CXX object CMakeFiles/turtlebot3_drive.dir/src/turtlebot3_drive.cpp.o[0m
[47.717s] [ 62%] [32m[1mLinking CXX shared library libobstacle1.so[0m
[48.102s] [ 75%] [32m[1mLinking CXX shared library libobstacles.so[0m
[48.347s] [ 75%] Built target obstacle1
[48.467s] [ 75%] Built target obstacles
[49.566s] [ 87%] [32m[1mLinking CXX executable turtlebot3_drive[0m
[49.711s] [100%] [32m[1mLinking CXX shared library libobstacle2.so[0m
[50.167s] [100%] Built target obstacle2
[50.360s] [100%] Built target turtlebot3_drive
[50.370s] Invoked command in '/home/davide/sesasr_labs/build/turtlebot3_gazebo' returned '0': CMAKE_PREFIX_PATH=${CMAKE_PREFIX_PATH}:/home/davide/sesasr_labs/install/my_package:/home/davide/sesasr_labs/install/launch_testing_examples:/home/davide/sesasr_labs/install/examples_rclpy_pointcloud_publisher:/home/davide/sesasr_labs/install/examples_rclpy_minimal_subscriber:/home/davide/sesasr_labs/install/examples_rclpy_minimal_service:/home/davide/sesasr_labs/install/examples_rclpy_minimal_publisher:/home/davide/sesasr_labs/install/examples_rclpy_minimal_client:/home/davide/sesasr_labs/install/examples_rclpy_minimal_action_server:/home/davide/sesasr_labs/install/examples_rclpy_minimal_action_client:/home/davide/sesasr_labs/install/examples_rclpy_guard_conditions:/home/davide/sesasr_labs/install/examples_rclpy_executors:/opt/ros/humble /usr/bin/cmake --build /home/davide/sesasr_labs/build/turtlebot3_gazebo -- -j8 -l8
[50.396s] Invoking command in '/home/davide/sesasr_labs/build/turtlebot3_gazebo': CMAKE_PREFIX_PATH=${CMAKE_PREFIX_PATH}:/home/davide/sesasr_labs/install/my_package:/home/davide/sesasr_labs/install/launch_testing_examples:/home/davide/sesasr_labs/install/examples_rclpy_pointcloud_publisher:/home/davide/sesasr_labs/install/examples_rclpy_minimal_subscriber:/home/davide/sesasr_labs/install/examples_rclpy_minimal_service:/home/davide/sesasr_labs/install/examples_rclpy_minimal_publisher:/home/davide/sesasr_labs/install/examples_rclpy_minimal_client:/home/davide/sesasr_labs/install/examples_rclpy_minimal_action_server:/home/davide/sesasr_labs/install/examples_rclpy_minimal_action_client:/home/davide/sesasr_labs/install/examples_rclpy_guard_conditions:/home/davide/sesasr_labs/install/examples_rclpy_executors:/opt/ros/humble /usr/bin/cmake --install /home/davide/sesasr_labs/build/turtlebot3_gazebo
[50.404s] -- Install configuration: ""
[50.405s] -- Execute custom install script
[50.405s] -- Symlinking: /home/davide/sesasr_labs/install/turtlebot3_gazebo/lib/turtlebot3_gazebo/turtlebot3_drive
[50.408s] -- Symlinking: /home/davide/sesasr_labs/install/turtlebot3_gazebo/share/turtlebot3_gazebo//launch/empty_world.launch.py
[50.415s] -- Symlinking: /home/davide/sesasr_labs/install/turtlebot3_gazebo/share/turtlebot3_gazebo//launch/robot_state_publisher.launch.py
[50.422s] -- Symlinking: /home/davide/sesasr_labs/install/turtlebot3_gazebo/share/turtlebot3_gazebo//launch/spawn_turtlebot3.launch.py
[50.427s] -- Symlinking: /home/davide/sesasr_labs/install/turtlebot3_gazebo/share/turtlebot3_gazebo//launch/turtlebot3_dqn_stage1.launch.py
[50.434s] -- Symlinking: /home/davide/sesasr_labs/install/turtlebot3_gazebo/share/turtlebot3_gazebo//launch/turtlebot3_dqn_stage2.launch.py
[50.441s] -- Symlinking: /home/davide/sesasr_labs/install/turtlebot3_gazebo/share/turtlebot3_gazebo//launch/turtlebot3_dqn_stage3.launch.py
[50.448s] -- Symlinking: /home/davide/sesasr_labs/install/turtlebot3_gazebo/share/turtlebot3_gazebo//launch/turtlebot3_dqn_stage4.launch.py
[50.456s] -- Symlinking: /home/davide/sesasr_labs/install/turtlebot3_gazebo/share/turtlebot3_gazebo//launch/turtlebot3_house.launch.py
[50.464s] -- Symlinking: /home/davide/sesasr_labs/install/turtlebot3_gazebo/share/turtlebot3_gazebo//launch/turtlebot3_world.launch.py
[50.470s] -- Symlinking: /home/davide/sesasr_labs/install/turtlebot3_gazebo/share/turtlebot3_gazebo//models/turtlebot3_burger/model-1_4.sdf
[50.476s] -- Symlinking: /home/davide/sesasr_labs/install/turtlebot3_gazebo/share/turtlebot3_gazebo//models/turtlebot3_burger/model.config
[50.482s] -- Symlinking: /home/davide/sesasr_labs/install/turtlebot3_gazebo/share/turtlebot3_gazebo//models/turtlebot3_burger/model.sdf
[50.489s] -- Symlinking: /home/davide/sesasr_labs/install/turtlebot3_gazebo/share/turtlebot3_gazebo//models/turtlebot3_common/meshes/burger_base.dae
[50.496s] -- Symlinking: /home/davide/sesasr_labs/install/turtlebot3_gazebo/share/turtlebot3_gazebo//models/turtlebot3_common/meshes/lds.dae
[50.504s] -- Symlinking: /home/davide/sesasr_labs/install/turtlebot3_gazebo/share/turtlebot3_gazebo//models/turtlebot3_common/meshes/r200.dae
[50.509s] -- Symlinking: /home/davide/sesasr_labs/install/turtlebot3_gazebo/share/turtlebot3_gazebo//models/turtlebot3_common/meshes/tire.dae
[50.516s] -- Symlinking: /home/davide/sesasr_labs/install/turtlebot3_gazebo/share/turtlebot3_gazebo//models/turtlebot3_common/meshes/waffle_base.dae
[50.523s] -- Symlinking: /home/davide/sesasr_labs/install/turtlebot3_gazebo/share/turtlebot3_gazebo//models/turtlebot3_common/meshes/waffle_pi_base.dae
[50.532s] -- Symlinking: /home/davide/sesasr_labs/install/turtlebot3_gazebo/share/turtlebot3_gazebo//models/turtlebot3_common/model.config
[50.538s] -- Symlinking: /home/davide/sesasr_labs/install/turtlebot3_gazebo/share/turtlebot3_gazebo//models/turtlebot3_dqn_world/goal_box/model.config
[50.554s] -- Symlinking: /home/davide/sesasr_labs/install/turtlebot3_gazebo/share/turtlebot3_gazebo//models/turtlebot3_dqn_world/goal_box/model.sdf
[50.557s] -- Symlinking: /home/davide/sesasr_labs/install/turtlebot3_gazebo/share/turtlebot3_gazebo//models/turtlebot3_dqn_world/inner_walls/model.config
[50.565s] -- Symlinking: /home/davide/sesasr_labs/install/turtlebot3_gazebo/share/turtlebot3_gazebo//models/turtlebot3_dqn_world/inner_walls/model.sdf
[50.572s] -- Symlinking: /home/davide/sesasr_labs/install/turtlebot3_gazebo/share/turtlebot3_gazebo//models/turtlebot3_dqn_world/model.config
[50.579s] -- Symlinking: /home/davide/sesasr_labs/install/turtlebot3_gazebo/share/turtlebot3_gazebo//models/turtlebot3_dqn_world/model.sdf
[50.588s] -- Symlinking: /home/davide/sesasr_labs/install/turtlebot3_gazebo/share/turtlebot3_gazebo//models/turtlebot3_dqn_world/obstacle1/model.config
[50.595s] -- Symlinking: /home/davide/sesasr_labs/install/turtlebot3_gazebo/share/turtlebot3_gazebo//models/turtlebot3_dqn_world/obstacle1/model.sdf
[50.602s] -- Symlinking: /home/davide/sesasr_labs/install/turtlebot3_gazebo/share/turtlebot3_gazebo//models/turtlebot3_dqn_world/obstacle2/model.config
[50.608s] -- Symlinking: /home/davide/sesasr_labs/install/turtlebot3_gazebo/share/turtlebot3_gazebo//models/turtlebot3_dqn_world/obstacle2/model.sdf
[50.615s] -- Symlinking: /home/davide/sesasr_labs/install/turtlebot3_gazebo/share/turtlebot3_gazebo//models/turtlebot3_dqn_world/obstacle_plugin/CMakeLists.txt
[50.622s] -- Symlinking: /home/davide/sesasr_labs/install/turtlebot3_gazebo/share/turtlebot3_gazebo//models/turtlebot3_dqn_world/obstacle_plugin/obstacle1.cc
[50.630s] -- Symlinking: /home/davide/sesasr_labs/install/turtlebot3_gazebo/share/turtlebot3_gazebo//models/turtlebot3_dqn_world/obstacle_plugin/obstacle2.cc
[50.639s] -- Symlinking: /home/davide/sesasr_labs/install/turtlebot3_gazebo/share/turtlebot3_gazebo//models/turtlebot3_dqn_world/obstacle_plugin/obstacles.cc
[50.645s] -- Symlinking: /home/davide/sesasr_labs/install/turtlebot3_gazebo/share/turtlebot3_gazebo//models/turtlebot3_dqn_world/obstacles/model.config
[50.653s] -- Symlinking: /home/davide/sesasr_labs/install/turtlebot3_gazebo/share/turtlebot3_gazebo//models/turtlebot3_dqn_world/obstacles/model.sdf
[50.660s] -- Symlinking: /home/davide/sesasr_labs/install/turtlebot3_gazebo/share/turtlebot3_gazebo//models/turtlebot3_house/model.config
[50.666s] -- Symlinking: /home/davide/sesasr_labs/install/turtlebot3_gazebo/share/turtlebot3_gazebo//models/turtlebot3_house/model.sdf
[50.673s] -- Symlinking: /home/davide/sesasr_labs/install/turtlebot3_gazebo/share/turtlebot3_gazebo//models/turtlebot3_waffle/model-1_4.sdf
[50.679s] -- Symlinking: /home/davide/sesasr_labs/install/turtlebot3_gazebo/share/turtlebot3_gazebo//models/turtlebot3_waffle/model.config
[50.686s] -- Symlinking: /home/davide/sesasr_labs/install/turtlebot3_gazebo/share/turtlebot3_gazebo//models/turtlebot3_waffle/model.sdf
[50.694s] -- Symlinking: /home/davide/sesasr_labs/install/turtlebot3_gazebo/share/turtlebot3_gazebo//models/turtlebot3_waffle_pi/model-1_4_.sdf
[50.700s] -- Symlinking: /home/davide/sesasr_labs/install/turtlebot3_gazebo/share/turtlebot3_gazebo//models/turtlebot3_waffle_pi/model.config
[50.706s] -- Symlinking: /home/davide/sesasr_labs/install/turtlebot3_gazebo/share/turtlebot3_gazebo//models/turtlebot3_waffle_pi/model.sdf
[50.713s] -- Symlinking: /home/davide/sesasr_labs/install/turtlebot3_gazebo/share/turtlebot3_gazebo//models/turtlebot3_world/meshes/hexagon.dae
[50.719s] -- Symlinking: /home/davide/sesasr_labs/install/turtlebot3_gazebo/share/turtlebot3_gazebo//models/turtlebot3_world/meshes/wall.dae
[50.728s] -- Symlinking: /home/davide/sesasr_labs/install/turtlebot3_gazebo/share/turtlebot3_gazebo//models/turtlebot3_world/model-1_4.sdf
[50.736s] -- Symlinking: /home/davide/sesasr_labs/install/turtlebot3_gazebo/share/turtlebot3_gazebo//models/turtlebot3_world/model.config
[50.743s] -- Symlinking: /home/davide/sesasr_labs/install/turtlebot3_gazebo/share/turtlebot3_gazebo//models/turtlebot3_world/model.sdf
[50.750s] -- Symlinking: /home/davide/sesasr_labs/install/turtlebot3_gazebo/share/turtlebot3_gazebo//rviz/tb3_gazebo.rviz
[50.756s] -- Symlinking: /home/davide/sesasr_labs/install/turtlebot3_gazebo/share/turtlebot3_gazebo//urdf/common_properties.urdf
[50.763s] -- Symlinking: /home/davide/sesasr_labs/install/turtlebot3_gazebo/share/turtlebot3_gazebo//urdf/turtlebot3_burger.urdf
[50.769s] -- Symlinking: /home/davide/sesasr_labs/install/turtlebot3_gazebo/share/turtlebot3_gazebo//urdf/turtlebot3_waffle.urdf
[50.776s] -- Symlinking: /home/davide/sesasr_labs/install/turtlebot3_gazebo/share/turtlebot3_gazebo//urdf/turtlebot3_waffle_pi.urdf
[50.784s] -- Symlinking: /home/davide/sesasr_labs/install/turtlebot3_gazebo/share/turtlebot3_gazebo//worlds/empty_world.world
[50.791s] -- Symlinking: /home/davide/sesasr_labs/install/turtlebot3_gazebo/share/turtlebot3_gazebo//worlds/turtlebot3_dqn_stage1.world
[50.799s] -- Symlinking: /home/davide/sesasr_labs/install/turtlebot3_gazebo/share/turtlebot3_gazebo//worlds/turtlebot3_dqn_stage2.world
[50.807s] -- Symlinking: /home/davide/sesasr_labs/install/turtlebot3_gazebo/share/turtlebot3_gazebo//worlds/turtlebot3_dqn_stage3.world
[50.815s] -- Symlinking: /home/davide/sesasr_labs/install/turtlebot3_gazebo/share/turtlebot3_gazebo//worlds/turtlebot3_dqn_stage4.world
[50.822s] -- Symlinking: /home/davide/sesasr_labs/install/turtlebot3_gazebo/share/turtlebot3_gazebo//worlds/turtlebot3_house.world
[50.829s] -- Symlinking: /home/davide/sesasr_labs/install/turtlebot3_gazebo/share/turtlebot3_gazebo//worlds/turtlebot3_world.world
[50.837s] -- Symlinking: /home/davide/sesasr_labs/install/turtlebot3_gazebo/include//turtlebot3_gazebo/turtlebot3_drive.hpp
[50.849s] -- Symlinking: /home/davide/sesasr_labs/install/turtlebot3_gazebo/share/ament_index/resource_index/package_run_dependencies/turtlebot3_gazebo
[50.857s] -- Symlinking: /home/davide/sesasr_labs/install/turtlebot3_gazebo/share/ament_index/resource_index/parent_prefix_path/turtlebot3_gazebo
[50.866s] -- Symlinking: /home/davide/sesasr_labs/install/turtlebot3_gazebo/share/turtlebot3_gazebo/environment/ament_prefix_path.sh
[50.873s] -- Symlinking: /home/davide/sesasr_labs/install/turtlebot3_gazebo/share/turtlebot3_gazebo/environment/ament_prefix_path.dsv
[50.880s] -- Symlinking: /home/davide/sesasr_labs/install/turtlebot3_gazebo/share/turtlebot3_gazebo/environment/path.sh
[50.887s] -- Symlinking: /home/davide/sesasr_labs/install/turtlebot3_gazebo/share/turtlebot3_gazebo/environment/path.dsv
[50.895s] -- Symlinking: /home/davide/sesasr_labs/install/turtlebot3_gazebo/share/turtlebot3_gazebo/local_setup.bash
[50.902s] -- Symlinking: /home/davide/sesasr_labs/install/turtlebot3_gazebo/share/turtlebot3_gazebo/local_setup.sh
[50.910s] -- Symlinking: /home/davide/sesasr_labs/install/turtlebot3_gazebo/share/turtlebot3_gazebo/local_setup.zsh
[50.917s] -- Symlinking: /home/davide/sesasr_labs/install/turtlebot3_gazebo/share/turtlebot3_gazebo/local_setup.dsv
[50.923s] -- Symlinking: /home/davide/sesasr_labs/install/turtlebot3_gazebo/share/turtlebot3_gazebo/package.dsv
[50.933s] -- Symlinking: /home/davide/sesasr_labs/install/turtlebot3_gazebo/share/ament_index/resource_index/packages/turtlebot3_gazebo
[50.940s] -- Symlinking: /home/davide/sesasr_labs/install/turtlebot3_gazebo/share/turtlebot3_gazebo/cmake/ament_cmake_export_include_directories-extras.cmake
[50.947s] -- Symlinking: /home/davide/sesasr_labs/install/turtlebot3_gazebo/share/turtlebot3_gazebo/cmake/ament_cmake_export_dependencies-extras.cmake
[50.953s] -- Symlinking: /home/davide/sesasr_labs/install/turtlebot3_gazebo/share/turtlebot3_gazebo/cmake/turtlebot3_gazeboConfig.cmake
[50.959s] -- Symlinking: /home/davide/sesasr_labs/install/turtlebot3_gazebo/share/turtlebot3_gazebo/cmake/turtlebot3_gazeboConfig-version.cmake
[50.966s] -- Symlinking: /home/davide/sesasr_labs/install/turtlebot3_gazebo/share/turtlebot3_gazebo/package.xml
[50.974s] Invoked command in '/home/davide/sesasr_labs/build/turtlebot3_gazebo' returned '0': CMAKE_PREFIX_PATH=${CMAKE_PREFIX_PATH}:/home/davide/sesasr_labs/install/my_package:/home/davide/sesasr_labs/install/launch_testing_examples:/home/davide/sesasr_labs/install/examples_rclpy_pointcloud_publisher:/home/davide/sesasr_labs/install/examples_rclpy_minimal_subscriber:/home/davide/sesasr_labs/install/examples_rclpy_minimal_service:/home/davide/sesasr_labs/install/examples_rclpy_minimal_publisher:/home/davide/sesasr_labs/install/examples_rclpy_minimal_client:/home/davide/sesasr_labs/install/examples_rclpy_minimal_action_server:/home/davide/sesasr_labs/install/examples_rclpy_minimal_action_client:/home/davide/sesasr_labs/install/examples_rclpy_guard_conditions:/home/davide/sesasr_labs/install/examples_rclpy_executors:/opt/ros/humble /usr/bin/cmake --install /home/davide/sesasr_labs/build/turtlebot3_gazebo
