[0.195s] Invoking command in '/home/davide/sesasr_labs/build/turtlesim': CMAKE_PREFIX_PATH=${CMAKE_PREFIX_PATH}:/home/davide/sesasr_labs/install/launch_testing_examples:/home/davide/sesasr_labs/install/examples_rclpy_pointcloud_publisher:/home/davide/sesasr_labs/install/examples_rclpy_minimal_subscriber:/home/davide/sesasr_labs/install/examples_rclpy_minimal_service:/home/davide/sesasr_labs/install/examples_rclpy_minimal_publisher:/home/davide/sesasr_labs/install/examples_rclpy_minimal_client:/home/davide/sesasr_labs/install/examples_rclpy_minimal_action_server:/home/davide/sesasr_labs/install/examples_rclpy_minimal_action_client:/home/davide/sesasr_labs/install/examples_rclpy_guard_conditions:/home/davide/sesasr_labs/install/examples_rclpy_executors:/opt/ros/humble /usr/bin/cmake /home/davide/sesasr_labs/src/ros_tutorials/turtlesim -DCMAKE_INSTALL_PREFIX=/home/davide/sesasr_labs/install/turtlesim
[0.262s] -- The C compiler identification is GNU 11.4.0
[0.551s] -- The CXX compiler identification is GNU 11.4.0
[0.735s] -- Detecting C compiler ABI info
[0.820s] -- Detecting C compiler ABI info - done
[0.825s] -- Check for working C compiler: /usr/bin/cc - skipped
[0.825s] -- Detecting C compile features
[0.825s] -- Detecting C compile features - done
[0.827s] -- Detecting CXX compiler ABI info
[0.918s] -- Detecting CXX compiler ABI info - done
[0.924s] -- Check for working CXX compiler: /usr/bin/c++ - skipped
[0.924s] -- Detecting CXX compile features
[0.924s] -- Detecting CXX compile features - done
[0.927s] -- Found ament_cmake: 1.3.6 (/opt/ros/humble/share/ament_cmake/cmake)
[1.080s] -- Found Python3: /usr/bin/python3.10 (found version "3.10.12") found components: Interpreter 
[1.161s] -- Found ament_index_cpp: 1.4.0 (/opt/ros/humble/share/ament_index_cpp/cmake)
[1.162s] -- Found geometry_msgs: 4.2.3 (/opt/ros/humble/share/geometry_msgs/cmake)
[1.248s] -- Found rosidl_generator_c: 3.1.5 (/opt/ros/humble/share/rosidl_generator_c/cmake)
[1.252s] -- Found rosidl_adapter: 3.1.5 (/opt/ros/humble/share/rosidl_adapter/cmake)
[1.260s] -- Found rosidl_generator_cpp: 3.1.5 (/opt/ros/humble/share/rosidl_generator_cpp/cmake)
[1.271s] -- Using all available rosidl_typesupport_c: rosidl_typesupport_fastrtps_c;rosidl_typesupport_introspection_c
[1.288s] -- Using all available rosidl_typesupport_cpp: rosidl_typesupport_fastrtps_cpp;rosidl_typesupport_introspection_cpp
[1.424s] -- Found rclcpp: 16.0.7 (/opt/ros/humble/share/rclcpp/cmake)
[1.474s] -- Found rmw_implementation_cmake: 6.1.1 (/opt/ros/humble/share/rmw_implementation_cmake/cmake)
[1.477s] -- Found rmw_fastrtps_cpp: 6.2.5 (/opt/ros/humble/share/rmw_fastrtps_cpp/cmake)
[2.085s] -- Found OpenSSL: /usr/lib/x86_64-linux-gnu/libcrypto.so (found version "3.0.2")  
[2.665s] -- Found FastRTPS: /opt/ros/humble/include  
[3.959s] -- Using RMW implementation 'rmw_fastrtps_cpp' as default
[3.968s] -- Looking for pthread.h
[4.054s] -- Looking for pthread.h - found
[4.054s] -- Performing Test CMAKE_HAVE_LIBC_PTHREAD
[4.140s] -- Performing Test CMAKE_HAVE_LIBC_PTHREAD - Success
[4.141s] -- Found Threads: TRUE  
[4.246s] -- Found rclcpp_action: 16.0.7 (/opt/ros/humble/share/rclcpp_action/cmake)
[4.322s] -- Found rosidl_default_generators: 1.2.0 (/opt/ros/humble/share/rosidl_default_generators/cmake)
[4.332s] -- Found std_srvs: 4.2.3 (/opt/ros/humble/share/std_srvs/cmake)
[4.589s] -- Found ament_cmake_ros: 0.10.0 (/opt/ros/humble/share/ament_cmake_ros/cmake)
[4.845s] -- Using all available rosidl_typesupport_c: rosidl_typesupport_fastrtps_c;rosidl_typesupport_introspection_c
[4.945s] -- Using all available rosidl_typesupport_cpp: rosidl_typesupport_fastrtps_cpp;rosidl_typesupport_introspection_cpp
[5.011s] -- Found PythonInterp: /usr/bin/python3 (found suitable version "3.10.12", minimum required is "3.6") 
[5.013s] -- Found python_cmake_module: 0.10.0 (/opt/ros/humble/share/python_cmake_module/cmake)
[5.237s] -- Found PythonLibs: /usr/lib/x86_64-linux-gnu/libpython3.10.so (found suitable version "3.10.12", minimum required is "3.5") 
[5.237s] -- Using PYTHON_EXECUTABLE: /usr/bin/python3
[5.237s] -- Using PYTHON_INCLUDE_DIRS: /usr/include/python3.10
[5.238s] -- Using PYTHON_LIBRARIES: /usr/lib/x86_64-linux-gnu/libpython3.10.so
[5.255s] -- Found PythonExtra: .so  
[5.336s] -- Configuring done
[5.389s] -- Generating done
[5.391s] -- Build files have been written to: /home/davide/sesasr_labs/build/turtlesim
[5.402s] Invoked command in '/home/davide/sesasr_labs/build/turtlesim' returned '0': CMAKE_PREFIX_PATH=${CMAKE_PREFIX_PATH}:/home/davide/sesasr_labs/install/launch_testing_examples:/home/davide/sesasr_labs/install/examples_rclpy_pointcloud_publisher:/home/davide/sesasr_labs/install/examples_rclpy_minimal_subscriber:/home/davide/sesasr_labs/install/examples_rclpy_minimal_service:/home/davide/sesasr_labs/install/examples_rclpy_minimal_publisher:/home/davide/sesasr_labs/install/examples_rclpy_minimal_client:/home/davide/sesasr_labs/install/examples_rclpy_minimal_action_server:/home/davide/sesasr_labs/install/examples_rclpy_minimal_action_client:/home/davide/sesasr_labs/install/examples_rclpy_guard_conditions:/home/davide/sesasr_labs/install/examples_rclpy_executors:/opt/ros/humble /usr/bin/cmake /home/davide/sesasr_labs/src/ros_tutorials/turtlesim -DCMAKE_INSTALL_PREFIX=/home/davide/sesasr_labs/install/turtlesim
[5.403s] Invoking command in '/home/davide/sesasr_labs/build/turtlesim': CMAKE_PREFIX_PATH=${CMAKE_PREFIX_PATH}:/home/davide/sesasr_labs/install/launch_testing_examples:/home/davide/sesasr_labs/install/examples_rclpy_pointcloud_publisher:/home/davide/sesasr_labs/install/examples_rclpy_minimal_subscriber:/home/davide/sesasr_labs/install/examples_rclpy_minimal_service:/home/davide/sesasr_labs/install/examples_rclpy_minimal_publisher:/home/davide/sesasr_labs/install/examples_rclpy_minimal_client:/home/davide/sesasr_labs/install/examples_rclpy_minimal_action_server:/home/davide/sesasr_labs/install/examples_rclpy_minimal_action_client:/home/davide/sesasr_labs/install/examples_rclpy_guard_conditions:/home/davide/sesasr_labs/install/examples_rclpy_executors:/opt/ros/humble /usr/bin/cmake --build /home/davide/sesasr_labs/build/turtlesim -- -j8 -l8
[5.429s] [  1%] [34m[1mGenerating C code for ROS interfaces[0m
[5.434s] [  2%] [34m[1mGenerating C++ code for ROS interfaces[0m
[5.440s] [  2%] Built target ament_cmake_python_copy_turtlesim
[5.633s] running egg_info
[5.634s] creating turtlesim.egg-info
[5.634s] writing turtlesim.egg-info/PKG-INFO
[5.634s] writing dependency_links to turtlesim.egg-info/dependency_links.txt
[5.634s] writing top-level names to turtlesim.egg-info/top_level.txt
[5.635s] writing manifest file 'turtlesim.egg-info/SOURCES.txt'
[5.636s] reading manifest file 'turtlesim.egg-info/SOURCES.txt'
[5.636s] writing manifest file 'turtlesim.egg-info/SOURCES.txt'
[5.656s] [  2%] Built target ament_cmake_python_build_turtlesim_egg
[6.085s] [  2%] Built target turtlesim__cpp
[6.091s] [  3%] [34m[1mGenerating C++ type support dispatch for ROS interfaces[0m
[6.094s] [  5%] [34m[1mGenerating C++ type support for eProsima Fast-RTPS[0m
[6.094s] [  5%] [34m[1mGenerating C++ introspection for ROS interfaces[0m
[6.141s] [  7%] [32mBuilding C object CMakeFiles/turtlesim__rosidl_generator_c.dir/rosidl_generator_c/turtlesim/msg/detail/color__functions.c.o[0m
[6.141s] [  7%] [32mBuilding C object CMakeFiles/turtlesim__rosidl_generator_c.dir/rosidl_generator_c/turtlesim/msg/detail/pose__functions.c.o[0m
[6.142s] [  8%] [32mBuilding C object CMakeFiles/turtlesim__rosidl_generator_c.dir/rosidl_generator_c/turtlesim/action/detail/rotate_absolute__functions.c.o[0m
[6.143s] [  9%] [32mBuilding C object CMakeFiles/turtlesim__rosidl_generator_c.dir/rosidl_generator_c/turtlesim/srv/detail/kill__functions.c.o[0m
[6.148s] [ 10%] [32mBuilding C object CMakeFiles/turtlesim__rosidl_generator_c.dir/rosidl_generator_c/turtlesim/srv/detail/set_pen__functions.c.o[0m
[6.200s] [ 11%] [32mBuilding C object CMakeFiles/turtlesim__rosidl_generator_c.dir/rosidl_generator_c/turtlesim/srv/detail/spawn__functions.c.o[0m
[6.207s] [ 12%] [32mBuilding C object CMakeFiles/turtlesim__rosidl_generator_c.dir/rosidl_generator_c/turtlesim/srv/detail/teleport_absolute__functions.c.o[0m
[6.228s] [ 13%] [32mBuilding C object CMakeFiles/turtlesim__rosidl_generator_c.dir/rosidl_generator_c/turtlesim/srv/detail/teleport_relative__functions.c.o[0m
[6.267s] [ 14%] [32m[1mLinking C shared library libturtlesim__rosidl_generator_c.so[0m
[6.330s] [ 14%] Built target turtlesim__rosidl_generator_c
[6.337s] [ 17%] [34m[1mGenerating C type support dispatch for ROS interfaces[0m
[6.338s] [ 17%] [34m[1mGenerating C type support for eProsima Fast-RTPS[0m
[6.338s] [ 17%] [34m[1mGenerating C introspection for ROS interfaces[0m
[6.529s] [ 18%] [32mBuilding CXX object CMakeFiles/turtlesim__rosidl_typesupport_cpp.dir/rosidl_typesupport_cpp/turtlesim/action/rotate_absolute__type_support.cpp.o[0m
[6.548s] [ 19%] [32mBuilding CXX object CMakeFiles/turtlesim__rosidl_typesupport_cpp.dir/rosidl_typesupport_cpp/turtlesim/msg/pose__type_support.cpp.o[0m
[6.553s] [ 20%] [32mBuilding CXX object CMakeFiles/turtlesim__rosidl_typesupport_cpp.dir/rosidl_typesupport_cpp/turtlesim/msg/color__type_support.cpp.o[0m
[6.720s] [ 21%] [32mBuilding CXX object CMakeFiles/turtlesim__rosidl_typesupport_introspection_cpp.dir/rosidl_typesupport_introspection_cpp/turtlesim/action/detail/rotate_absolute__type_support.cpp.o[0m
[6.777s] [ 22%] [32mBuilding CXX object CMakeFiles/turtlesim__rosidl_typesupport_cpp.dir/rosidl_typesupport_cpp/turtlesim/srv/kill__type_support.cpp.o[0m
[6.874s] [ 23%] [32mBuilding CXX object CMakeFiles/turtlesim__rosidl_typesupport_cpp.dir/rosidl_typesupport_cpp/turtlesim/srv/set_pen__type_support.cpp.o[0m
[6.891s] [ 24%] [32mBuilding CXX object CMakeFiles/turtlesim__rosidl_typesupport_fastrtps_cpp.dir/rosidl_typesupport_fastrtps_cpp/turtlesim/action/detail/dds_fastrtps/rotate_absolute__type_support.cpp.o[0m
[6.910s] [ 25%] [32mBuilding CXX object CMakeFiles/turtlesim__rosidl_typesupport_c.dir/rosidl_typesupport_c/turtlesim/action/rotate_absolute__type_support.cpp.o[0m
[6.993s] [ 26%] [32mBuilding CXX object CMakeFiles/turtlesim__rosidl_typesupport_cpp.dir/rosidl_typesupport_cpp/turtlesim/srv/spawn__type_support.cpp.o[0m
[6.994s] [ 27%] [32mBuilding CXX object CMakeFiles/turtlesim__rosidl_typesupport_c.dir/rosidl_typesupport_c/turtlesim/msg/color__type_support.cpp.o[0m
[7.015s] [ 28%] [32mBuilding CXX object CMakeFiles/turtlesim__rosidl_typesupport_c.dir/rosidl_typesupport_c/turtlesim/msg/pose__type_support.cpp.o[0m
[7.017s] [ 29%] [32mBuilding CXX object CMakeFiles/turtlesim__rosidl_typesupport_cpp.dir/rosidl_typesupport_cpp/turtlesim/srv/teleport_absolute__type_support.cpp.o[0m
[7.035s] [ 30%] [32mBuilding CXX object CMakeFiles/turtlesim__rosidl_typesupport_c.dir/rosidl_typesupport_c/turtlesim/srv/kill__type_support.cpp.o[0m
[7.060s] [ 31%] [32mBuilding CXX object CMakeFiles/turtlesim__rosidl_typesupport_c.dir/rosidl_typesupport_c/turtlesim/srv/set_pen__type_support.cpp.o[0m
[7.092s] [ 32%] [32mBuilding C object CMakeFiles/turtlesim__rosidl_typesupport_introspection_c.dir/rosidl_typesupport_introspection_c/turtlesim/action/detail/rotate_absolute__type_support.c.o[0m
[7.096s] [ 33%] [32mBuilding CXX object CMakeFiles/turtlesim__rosidl_typesupport_c.dir/rosidl_typesupport_c/turtlesim/srv/spawn__type_support.cpp.o[0m
[7.101s] [ 34%] [32mBuilding CXX object CMakeFiles/turtlesim__rosidl_typesupport_fastrtps_c.dir/rosidl_typesupport_fastrtps_c/turtlesim/action/detail/rotate_absolute__type_support_c.cpp.o[0m
[7.107s] [ 35%] [32mBuilding CXX object CMakeFiles/turtlesim__rosidl_typesupport_fastrtps_c.dir/rosidl_typesupport_fastrtps_c/turtlesim/msg/detail/color__type_support_c.cpp.o[0m
[7.122s] [ 36%] [32mBuilding CXX object CMakeFiles/turtlesim__rosidl_typesupport_c.dir/rosidl_typesupport_c/turtlesim/srv/teleport_absolute__type_support.cpp.o[0m
[7.149s] [ 37%] [32mBuilding C object CMakeFiles/turtlesim__rosidl_typesupport_introspection_c.dir/rosidl_typesupport_introspection_c/turtlesim/msg/detail/color__type_support.c.o[0m
[7.155s] [ 38%] [32mBuilding CXX object CMakeFiles/turtlesim__rosidl_typesupport_c.dir/rosidl_typesupport_c/turtlesim/srv/teleport_relative__type_support.cpp.o[0m
[7.193s] [ 39%] [32m[1mLinking CXX shared library libturtlesim__rosidl_typesupport_c.so[0m
[7.229s] [ 40%] [32mBuilding C object CMakeFiles/turtlesim__rosidl_typesupport_introspection_c.dir/rosidl_typesupport_introspection_c/turtlesim/msg/detail/pose__type_support.c.o[0m
[7.239s] [ 41%] [32mBuilding C object CMakeFiles/turtlesim__rosidl_typesupport_introspection_c.dir/rosidl_typesupport_introspection_c/turtlesim/srv/detail/kill__type_support.c.o[0m
[7.242s] [ 42%] [32mBuilding CXX object CMakeFiles/turtlesim__rosidl_typesupport_cpp.dir/rosidl_typesupport_cpp/turtlesim/srv/teleport_relative__type_support.cpp.o[0m
[7.261s] [ 43%] [32mBuilding C object CMakeFiles/turtlesim__rosidl_typesupport_introspection_c.dir/rosidl_typesupport_introspection_c/turtlesim/srv/detail/set_pen__type_support.c.o[0m
[7.269s] [ 44%] [32mBuilding C object CMakeFiles/turtlesim__rosidl_typesupport_introspection_c.dir/rosidl_typesupport_introspection_c/turtlesim/srv/detail/spawn__type_support.c.o[0m
[7.288s] [ 44%] Built target turtlesim__rosidl_typesupport_c
[7.291s] [ 45%] [32mBuilding CXX object CMakeFiles/turtlesim__rosidl_typesupport_introspection_cpp.dir/rosidl_typesupport_introspection_cpp/turtlesim/msg/detail/color__type_support.cpp.o[0m
[7.293s] [ 46%] [32mBuilding C object CMakeFiles/turtlesim__rosidl_typesupport_introspection_c.dir/rosidl_typesupport_introspection_c/turtlesim/srv/detail/teleport_absolute__type_support.c.o[0m
[7.294s] [ 47%] [32mBuilding C object CMakeFiles/turtlesim__rosidl_typesupport_introspection_c.dir/rosidl_typesupport_introspection_c/turtlesim/srv/detail/teleport_relative__type_support.c.o[0m
[7.298s] [ 48%] [32mBuilding CXX object CMakeFiles/turtlesim__rosidl_typesupport_introspection_cpp.dir/rosidl_typesupport_introspection_cpp/turtlesim/msg/detail/pose__type_support.cpp.o[0m
[7.357s] [ 49%] [32mBuilding CXX object CMakeFiles/turtlesim__rosidl_typesupport_introspection_cpp.dir/rosidl_typesupport_introspection_cpp/turtlesim/srv/detail/kill__type_support.cpp.o[0m
[7.364s] [ 50%] [32m[1mLinking C shared library libturtlesim__rosidl_typesupport_introspection_c.so[0m
[7.421s] [ 51%] [32mBuilding CXX object CMakeFiles/turtlesim__rosidl_typesupport_fastrtps_cpp.dir/rosidl_typesupport_fastrtps_cpp/turtlesim/msg/detail/dds_fastrtps/color__type_support.cpp.o[0m
[7.441s] [ 52%] [32mBuilding CXX object CMakeFiles/turtlesim__rosidl_typesupport_fastrtps_c.dir/rosidl_typesupport_fastrtps_c/turtlesim/msg/detail/pose__type_support_c.cpp.o[0m
[7.451s] [ 53%] [32mBuilding CXX object CMakeFiles/turtlesim__rosidl_typesupport_fastrtps_c.dir/rosidl_typesupport_fastrtps_c/turtlesim/srv/detail/kill__type_support_c.cpp.o[0m
[7.502s] [ 53%] Built target turtlesim__rosidl_typesupport_introspection_c
[7.510s] [ 54%] [32m[1mLinking CXX shared library libturtlesim__rosidl_typesupport_cpp.so[0m
[7.521s] [ 55%] [32mBuilding CXX object CMakeFiles/turtlesim__rosidl_typesupport_fastrtps_c.dir/rosidl_typesupport_fastrtps_c/turtlesim/srv/detail/set_pen__type_support_c.cpp.o[0m
[7.651s] [ 55%] Built target turtlesim__rosidl_typesupport_cpp
[7.659s] [ 56%] [32mBuilding CXX object CMakeFiles/turtlesim__rosidl_typesupport_introspection_cpp.dir/rosidl_typesupport_introspection_cpp/turtlesim/srv/detail/set_pen__type_support.cpp.o[0m
[7.671s] [ 57%] [34m[1mGenerating include/turtlesim/moc_turtle_frame.cpp[0m
[7.703s] [ 58%] [32mBuilding CXX object CMakeFiles/turtlesim__rosidl_typesupport_introspection_cpp.dir/rosidl_typesupport_introspection_cpp/turtlesim/srv/detail/spawn__type_support.cpp.o[0m
[7.721s] [ 59%] [32mBuilding CXX object CMakeFiles/turtlesim__rosidl_typesupport_introspection_cpp.dir/rosidl_typesupport_introspection_cpp/turtlesim/srv/detail/teleport_absolute__type_support.cpp.o[0m
[7.724s] [ 60%] [32mBuilding CXX object CMakeFiles/turtlesim_node.dir/src/turtlesim.cpp.o[0m
[7.745s] [ 61%] [32mBuilding CXX object CMakeFiles/turtlesim_node.dir/src/turtle.cpp.o[0m
[7.769s] [ 62%] [32mBuilding CXX object CMakeFiles/turtlesim__rosidl_typesupport_fastrtps_c.dir/rosidl_typesupport_fastrtps_c/turtlesim/srv/detail/spawn__type_support_c.cpp.o[0m
[7.820s] [ 63%] [32mBuilding CXX object CMakeFiles/turtlesim__rosidl_typesupport_fastrtps_cpp.dir/rosidl_typesupport_fastrtps_cpp/turtlesim/msg/detail/dds_fastrtps/pose__type_support.cpp.o[0m
[7.826s] [ 64%] [32mBuilding CXX object CMakeFiles/turtlesim__rosidl_typesupport_fastrtps_c.dir/rosidl_typesupport_fastrtps_c/turtlesim/srv/detail/teleport_absolute__type_support_c.cpp.o[0m
[8.006s] [ 65%] [32mBuilding CXX object CMakeFiles/turtlesim__rosidl_typesupport_introspection_cpp.dir/rosidl_typesupport_introspection_cpp/turtlesim/srv/detail/teleport_relative__type_support.cpp.o[0m
[8.042s] [ 66%] [32mBuilding CXX object CMakeFiles/turtlesim__rosidl_typesupport_fastrtps_c.dir/rosidl_typesupport_fastrtps_c/turtlesim/srv/detail/teleport_relative__type_support_c.cpp.o[0m
[8.089s] [ 67%] [32mBuilding CXX object CMakeFiles/turtlesim__rosidl_typesupport_fastrtps_cpp.dir/rosidl_typesupport_fastrtps_cpp/turtlesim/srv/detail/dds_fastrtps/kill__type_support.cpp.o[0m
[8.095s] [ 68%] [32mBuilding CXX object CMakeFiles/turtlesim_node.dir/src/turtle_frame.cpp.o[0m
[8.199s] [ 69%] [32mBuilding CXX object CMakeFiles/turtlesim__rosidl_typesupport_fastrtps_cpp.dir/rosidl_typesupport_fastrtps_cpp/turtlesim/srv/detail/dds_fastrtps/set_pen__type_support.cpp.o[0m
[8.204s] [ 70%] [32mBuilding CXX object CMakeFiles/turtlesim__rosidl_typesupport_fastrtps_cpp.dir/rosidl_typesupport_fastrtps_cpp/turtlesim/srv/detail/dds_fastrtps/spawn__type_support.cpp.o[0m
[8.329s] [ 71%] [32m[1mLinking CXX shared library libturtlesim__rosidl_typesupport_fastrtps_c.so[0m
[8.376s] [ 72%] [32m[1mLinking CXX shared library libturtlesim__rosidl_typesupport_introspection_cpp.so[0m
[8.465s] [ 72%] Built target turtlesim__rosidl_typesupport_fastrtps_c
[8.515s] [ 73%] [32mBuilding CXX object CMakeFiles/turtlesim__rosidl_typesupport_fastrtps_cpp.dir/rosidl_typesupport_fastrtps_cpp/turtlesim/srv/detail/dds_fastrtps/teleport_absolute__type_support.cpp.o[0m
[8.529s] [ 74%] [32mBuilding CXX object CMakeFiles/turtle_teleop_key.dir/tutorials/teleop_turtle_key.cpp.o[0m
[8.536s] [ 74%] Built target turtlesim__rosidl_typesupport_introspection_cpp
[8.550s] [ 75%] [32mBuilding CXX object CMakeFiles/draw_square.dir/tutorials/draw_square.cpp.o[0m
[8.647s] [ 76%] [32mBuilding CXX object CMakeFiles/turtlesim__rosidl_typesupport_fastrtps_cpp.dir/rosidl_typesupport_fastrtps_cpp/turtlesim/srv/detail/dds_fastrtps/teleport_relative__type_support.cpp.o[0m
[8.653s] [ 77%] [32mBuilding CXX object CMakeFiles/mimic.dir/tutorials/mimic.cpp.o[0m
[8.974s] [ 78%] [32mBuilding CXX object CMakeFiles/turtlesim_node.dir/include/turtlesim/moc_turtle_frame.cpp.o[0m
[9.078s] [ 79%] [32m[1mLinking CXX shared library libturtlesim__rosidl_typesupport_fastrtps_cpp.so[0m
[9.379s] [ 79%] Built target turtlesim__rosidl_typesupport_fastrtps_cpp
[9.481s] [ 79%] Built target turtlesim
[9.558s] [ 80%] [34m[1mGenerating Python code for ROS interfaces[0m
[11.369s] [ 80%] Built target turtlesim__py
[11.384s] [ 81%] [32mBuilding C object CMakeFiles/turtlesim__rosidl_generator_py.dir/rosidl_generator_py/turtlesim/action/_rotate_absolute_s.c.o[0m
[11.514s] [ 82%] [32mBuilding C object CMakeFiles/turtlesim__rosidl_generator_py.dir/rosidl_generator_py/turtlesim/msg/_color_s.c.o[0m
[11.597s] [ 83%] [32mBuilding C object CMakeFiles/turtlesim__rosidl_generator_py.dir/rosidl_generator_py/turtlesim/msg/_pose_s.c.o[0m
[11.680s] [ 84%] [32mBuilding C object CMakeFiles/turtlesim__rosidl_generator_py.dir/rosidl_generator_py/turtlesim/srv/_kill_s.c.o[0m
[11.809s] [ 85%] [32mBuilding C object CMakeFiles/turtlesim__rosidl_generator_py.dir/rosidl_generator_py/turtlesim/srv/_set_pen_s.c.o[0m
[11.998s] [ 86%] [32mBuilding C object CMakeFiles/turtlesim__rosidl_generator_py.dir/rosidl_generator_py/turtlesim/srv/_spawn_s.c.o[0m
[12.249s] [ 87%] [32mBuilding C object CMakeFiles/turtlesim__rosidl_generator_py.dir/rosidl_generator_py/turtlesim/srv/_teleport_absolute_s.c.o[0m
[12.415s] [ 88%] [32mBuilding C object CMakeFiles/turtlesim__rosidl_generator_py.dir/rosidl_generator_py/turtlesim/srv/_teleport_relative_s.c.o[0m
[12.559s] [ 89%] [32m[1mLinking C shared library rosidl_generator_py/turtlesim/libturtlesim__rosidl_generator_py.so[0m
[12.650s] [ 89%] Built target turtlesim__rosidl_generator_py
[12.684s] [ 90%] [32mBuilding C object CMakeFiles/turtlesim__rosidl_typesupport_fastrtps_c__pyext.dir/rosidl_generator_py/turtlesim/_turtlesim_s.ep.rosidl_typesupport_fastrtps_c.c.o[0m
[12.698s] [ 91%] [32mBuilding C object CMakeFiles/turtlesim__rosidl_typesupport_introspection_c__pyext.dir/rosidl_generator_py/turtlesim/_turtlesim_s.ep.rosidl_typesupport_introspection_c.c.o[0m
[12.813s] [ 92%] [32m[1mLinking C shared library rosidl_generator_py/turtlesim/turtlesim_s__rosidl_typesupport_fastrtps_c.cpython-310-x86_64-linux-gnu.so[0m
[12.917s] [ 92%] Built target turtlesim__rosidl_typesupport_fastrtps_c__pyext
[12.931s] [ 93%] [32m[1mLinking C shared library rosidl_generator_py/turtlesim/turtlesim_s__rosidl_typesupport_introspection_c.cpython-310-x86_64-linux-gnu.so[0m
[12.955s] [ 94%] [32mBuilding C object CMakeFiles/turtlesim__rosidl_typesupport_c__pyext.dir/rosidl_generator_py/turtlesim/_turtlesim_s.ep.rosidl_typesupport_c.c.o[0m
[13.068s] [ 94%] Built target turtlesim__rosidl_typesupport_introspection_c__pyext
[13.096s] [ 95%] [32m[1mLinking C shared library rosidl_generator_py/turtlesim/turtlesim_s__rosidl_typesupport_c.cpython-310-x86_64-linux-gnu.so[0m
[13.207s] [ 95%] Built target turtlesim__rosidl_typesupport_c__pyext
[14.830s] [ 96%] [32m[1mLinking CXX executable turtle_teleop_key[0m
[15.093s] [ 96%] Built target turtle_teleop_key
[16.921s] [ 97%] [32m[1mLinking CXX executable mimic[0m
[17.320s] [ 97%] Built target mimic
[17.361s] [ 98%] [32m[1mLinking CXX executable draw_square[0m
[17.782s] [ 98%] Built target draw_square
[19.969s] [100%] [32m[1mLinking CXX executable turtlesim_node[0m
[21.761s] [100%] Built target turtlesim_node
[21.769s] Invoked command in '/home/davide/sesasr_labs/build/turtlesim' returned '0': CMAKE_PREFIX_PATH=${CMAKE_PREFIX_PATH}:/home/davide/sesasr_labs/install/launch_testing_examples:/home/davide/sesasr_labs/install/examples_rclpy_pointcloud_publisher:/home/davide/sesasr_labs/install/examples_rclpy_minimal_subscriber:/home/davide/sesasr_labs/install/examples_rclpy_minimal_service:/home/davide/sesasr_labs/install/examples_rclpy_minimal_publisher:/home/davide/sesasr_labs/install/examples_rclpy_minimal_client:/home/davide/sesasr_labs/install/examples_rclpy_minimal_action_server:/home/davide/sesasr_labs/install/examples_rclpy_minimal_action_client:/home/davide/sesasr_labs/install/examples_rclpy_guard_conditions:/home/davide/sesasr_labs/install/examples_rclpy_executors:/opt/ros/humble /usr/bin/cmake --build /home/davide/sesasr_labs/build/turtlesim -- -j8 -l8
[21.881s] Invoking command in '/home/davide/sesasr_labs/build/turtlesim': CMAKE_PREFIX_PATH=${CMAKE_PREFIX_PATH}:/home/davide/sesasr_labs/install/launch_testing_examples:/home/davide/sesasr_labs/install/examples_rclpy_pointcloud_publisher:/home/davide/sesasr_labs/install/examples_rclpy_minimal_subscriber:/home/davide/sesasr_labs/install/examples_rclpy_minimal_service:/home/davide/sesasr_labs/install/examples_rclpy_minimal_publisher:/home/davide/sesasr_labs/install/examples_rclpy_minimal_client:/home/davide/sesasr_labs/install/examples_rclpy_minimal_action_server:/home/davide/sesasr_labs/install/examples_rclpy_minimal_action_client:/home/davide/sesasr_labs/install/examples_rclpy_guard_conditions:/home/davide/sesasr_labs/install/examples_rclpy_executors:/opt/ros/humble /usr/bin/cmake --install /home/davide/sesasr_labs/build/turtlesim
[21.886s] -- Install configuration: ""
[21.886s] -- Installing: /home/davide/sesasr_labs/install/turtlesim/share/ament_index/resource_index/rosidl_interfaces/turtlesim
[21.886s] -- Up-to-date: /home/davide/sesasr_labs/install/turtlesim/include/turtlesim/turtlesim
[21.886s] -- Up-to-date: /home/davide/sesasr_labs/install/turtlesim/include/turtlesim/turtlesim/msg
[21.886s] -- Up-to-date: /home/davide/sesasr_labs/install/turtlesim/include/turtlesim/turtlesim/msg/detail
[21.886s] -- Installing: /home/davide/sesasr_labs/install/turtlesim/include/turtlesim/turtlesim/msg/detail/color__struct.h
[21.887s] -- Installing: /home/davide/sesasr_labs/install/turtlesim/include/turtlesim/turtlesim/msg/detail/pose__type_support.h
[21.887s] -- Installing: /home/davide/sesasr_labs/install/turtlesim/include/turtlesim/turtlesim/msg/detail/pose__functions.c
[21.887s] -- Installing: /home/davide/sesasr_labs/install/turtlesim/include/turtlesim/turtlesim/msg/detail/pose__struct.h
[21.887s] -- Installing: /home/davide/sesasr_labs/install/turtlesim/include/turtlesim/turtlesim/msg/detail/pose__functions.h
[21.887s] -- Installing: /home/davide/sesasr_labs/install/turtlesim/include/turtlesim/turtlesim/msg/detail/color__type_support.h
[21.887s] -- Installing: /home/davide/sesasr_labs/install/turtlesim/include/turtlesim/turtlesim/msg/detail/color__functions.h
[21.888s] -- Installing: /home/davide/sesasr_labs/install/turtlesim/include/turtlesim/turtlesim/msg/detail/color__functions.c
[21.888s] -- Installing: /home/davide/sesasr_labs/install/turtlesim/include/turtlesim/turtlesim/msg/color.h
[21.888s] -- Installing: /home/davide/sesasr_labs/install/turtlesim/include/turtlesim/turtlesim/msg/pose.h
[21.888s] -- Installing: /home/davide/sesasr_labs/install/turtlesim/include/turtlesim/turtlesim/msg/rosidl_generator_c__visibility_control.h
[21.888s] -- Up-to-date: /home/davide/sesasr_labs/install/turtlesim/include/turtlesim/turtlesim/srv
[21.888s] -- Installing: /home/davide/sesasr_labs/install/turtlesim/include/turtlesim/turtlesim/srv/kill.h
[21.888s] -- Up-to-date: /home/davide/sesasr_labs/install/turtlesim/include/turtlesim/turtlesim/srv/detail
[21.888s] -- Installing: /home/davide/sesasr_labs/install/turtlesim/include/turtlesim/turtlesim/srv/detail/set_pen__struct.h
[21.889s] -- Installing: /home/davide/sesasr_labs/install/turtlesim/include/turtlesim/turtlesim/srv/detail/set_pen__functions.h
[21.889s] -- Installing: /home/davide/sesasr_labs/install/turtlesim/include/turtlesim/turtlesim/srv/detail/set_pen__type_support.h
[21.889s] -- Installing: /home/davide/sesasr_labs/install/turtlesim/include/turtlesim/turtlesim/srv/detail/spawn__functions.h
[21.889s] -- Installing: /home/davide/sesasr_labs/install/turtlesim/include/turtlesim/turtlesim/srv/detail/spawn__struct.h
[21.889s] -- Installing: /home/davide/sesasr_labs/install/turtlesim/include/turtlesim/turtlesim/srv/detail/teleport_relative__functions.c
[21.889s] -- Installing: /home/davide/sesasr_labs/install/turtlesim/include/turtlesim/turtlesim/srv/detail/set_pen__functions.c
[21.889s] -- Installing: /home/davide/sesasr_labs/install/turtlesim/include/turtlesim/turtlesim/srv/detail/teleport_absolute__functions.h
[21.889s] -- Installing: /home/davide/sesasr_labs/install/turtlesim/include/turtlesim/turtlesim/srv/detail/kill__functions.c
[21.889s] -- Installing: /home/davide/sesasr_labs/install/turtlesim/include/turtlesim/turtlesim/srv/detail/spawn__functions.c
[21.889s] -- Installing: /home/davide/sesasr_labs/install/turtlesim/include/turtlesim/turtlesim/srv/detail/teleport_relative__struct.h
[21.890s] -- Installing: /home/davide/sesasr_labs/install/turtlesim/include/turtlesim/turtlesim/srv/detail/kill__type_support.h
[21.890s] -- Installing: /home/davide/sesasr_labs/install/turtlesim/include/turtlesim/turtlesim/srv/detail/spawn__type_support.h
[21.890s] -- Installing: /home/davide/sesasr_labs/install/turtlesim/include/turtlesim/turtlesim/srv/detail/teleport_absolute__struct.h
[21.890s] -- Installing: /home/davide/sesasr_labs/install/turtlesim/include/turtlesim/turtlesim/srv/detail/kill__struct.h
[21.890s] -- Installing: /home/davide/sesasr_labs/install/turtlesim/include/turtlesim/turtlesim/srv/detail/teleport_absolute__type_support.h
[21.890s] -- Installing: /home/davide/sesasr_labs/install/turtlesim/include/turtlesim/turtlesim/srv/detail/teleport_relative__type_support.h
[21.890s] -- Installing: /home/davide/sesasr_labs/install/turtlesim/include/turtlesim/turtlesim/srv/detail/kill__functions.h
[21.890s] -- Installing: /home/davide/sesasr_labs/install/turtlesim/include/turtlesim/turtlesim/srv/detail/teleport_relative__functions.h
[21.890s] -- Installing: /home/davide/sesasr_labs/install/turtlesim/include/turtlesim/turtlesim/srv/detail/teleport_absolute__functions.c
[21.890s] -- Installing: /home/davide/sesasr_labs/install/turtlesim/include/turtlesim/turtlesim/srv/set_pen.h
[21.890s] -- Installing: /home/davide/sesasr_labs/install/turtlesim/include/turtlesim/turtlesim/srv/teleport_absolute.h
[21.890s] -- Installing: /home/davide/sesasr_labs/install/turtlesim/include/turtlesim/turtlesim/srv/teleport_relative.h
[21.891s] -- Installing: /home/davide/sesasr_labs/install/turtlesim/include/turtlesim/turtlesim/srv/spawn.h
[21.891s] -- Up-to-date: /home/davide/sesasr_labs/install/turtlesim/include/turtlesim/turtlesim/action
[21.891s] -- Up-to-date: /home/davide/sesasr_labs/install/turtlesim/include/turtlesim/turtlesim/action/detail
[21.891s] -- Installing: /home/davide/sesasr_labs/install/turtlesim/include/turtlesim/turtlesim/action/detail/rotate_absolute__struct.h
[21.891s] -- Installing: /home/davide/sesasr_labs/install/turtlesim/include/turtlesim/turtlesim/action/detail/rotate_absolute__functions.c
[21.891s] -- Installing: /home/davide/sesasr_labs/install/turtlesim/include/turtlesim/turtlesim/action/detail/rotate_absolute__functions.h
[21.891s] -- Installing: /home/davide/sesasr_labs/install/turtlesim/include/turtlesim/turtlesim/action/detail/rotate_absolute__type_support.h
[21.891s] -- Installing: /home/davide/sesasr_labs/install/turtlesim/include/turtlesim/turtlesim/action/rotate_absolute.h
[21.891s] -- Up-to-date: /home/davide/sesasr_labs/install/turtlesim/share/turtlesim/environment/library_path.sh
[21.891s] -- Installing: /home/davide/sesasr_labs/install/turtlesim/share/turtlesim/environment/library_path.dsv
[21.891s] -- Installing: /home/davide/sesasr_labs/install/turtlesim/lib/libturtlesim__rosidl_generator_c.so
[21.892s] -- Set runtime path of "/home/davide/sesasr_labs/install/turtlesim/lib/libturtlesim__rosidl_generator_c.so" to ""
[21.892s] -- Up-to-date: /home/davide/sesasr_labs/install/turtlesim/include/turtlesim/turtlesim
[21.892s] -- Up-to-date: /home/davide/sesasr_labs/install/turtlesim/include/turtlesim/turtlesim/msg
[21.892s] -- Up-to-date: /home/davide/sesasr_labs/install/turtlesim/include/turtlesim/turtlesim/msg/detail
[21.892s] -- Installing: /home/davide/sesasr_labs/install/turtlesim/include/turtlesim/turtlesim/msg/detail/color__rosidl_typesupport_fastrtps_c.h
[21.892s] -- Installing: /home/davide/sesasr_labs/install/turtlesim/include/turtlesim/turtlesim/msg/detail/pose__rosidl_typesupport_fastrtps_c.h
[21.892s] -- Installing: /home/davide/sesasr_labs/install/turtlesim/include/turtlesim/turtlesim/msg/rosidl_typesupport_fastrtps_c__visibility_control.h
[21.892s] -- Up-to-date: /home/davide/sesasr_labs/install/turtlesim/include/turtlesim/turtlesim/srv
[21.893s] -- Up-to-date: /home/davide/sesasr_labs/install/turtlesim/include/turtlesim/turtlesim/srv/detail
[21.893s] -- Installing: /home/davide/sesasr_labs/install/turtlesim/include/turtlesim/turtlesim/srv/detail/teleport_absolute__rosidl_typesupport_fastrtps_c.h
[21.893s] -- Installing: /home/davide/sesasr_labs/install/turtlesim/include/turtlesim/turtlesim/srv/detail/set_pen__rosidl_typesupport_fastrtps_c.h
[21.893s] -- Installing: /home/davide/sesasr_labs/install/turtlesim/include/turtlesim/turtlesim/srv/detail/kill__rosidl_typesupport_fastrtps_c.h
[21.893s] -- Installing: /home/davide/sesasr_labs/install/turtlesim/include/turtlesim/turtlesim/srv/detail/spawn__rosidl_typesupport_fastrtps_c.h
[21.893s] -- Installing: /home/davide/sesasr_labs/install/turtlesim/include/turtlesim/turtlesim/srv/detail/teleport_relative__rosidl_typesupport_fastrtps_c.h
[21.893s] -- Up-to-date: /home/davide/sesasr_labs/install/turtlesim/include/turtlesim/turtlesim/action
[21.893s] -- Up-to-date: /home/davide/sesasr_labs/install/turtlesim/include/turtlesim/turtlesim/action/detail
[21.894s] -- Installing: /home/davide/sesasr_labs/install/turtlesim/include/turtlesim/turtlesim/action/detail/rotate_absolute__rosidl_typesupport_fastrtps_c.h
[21.894s] -- Installing: /home/davide/sesasr_labs/install/turtlesim/lib/libturtlesim__rosidl_typesupport_fastrtps_c.so
[21.894s] -- Set runtime path of "/home/davide/sesasr_labs/install/turtlesim/lib/libturtlesim__rosidl_typesupport_fastrtps_c.so" to ""
[21.894s] -- Up-to-date: /home/davide/sesasr_labs/install/turtlesim/include/turtlesim/turtlesim
[21.894s] -- Up-to-date: /home/davide/sesasr_labs/install/turtlesim/include/turtlesim/turtlesim/msg
[21.894s] -- Up-to-date: /home/davide/sesasr_labs/install/turtlesim/include/turtlesim/turtlesim/msg/detail
[21.894s] -- Installing: /home/davide/sesasr_labs/install/turtlesim/include/turtlesim/turtlesim/msg/detail/pose__struct.hpp
[21.895s] -- Installing: /home/davide/sesasr_labs/install/turtlesim/include/turtlesim/turtlesim/msg/detail/color__traits.hpp
[21.895s] -- Installing: /home/davide/sesasr_labs/install/turtlesim/include/turtlesim/turtlesim/msg/detail/color__builder.hpp
[21.895s] -- Installing: /home/davide/sesasr_labs/install/turtlesim/include/turtlesim/turtlesim/msg/detail/color__struct.hpp
[21.895s] -- Installing: /home/davide/sesasr_labs/install/turtlesim/include/turtlesim/turtlesim/msg/detail/pose__builder.hpp
[21.895s] -- Installing: /home/davide/sesasr_labs/install/turtlesim/include/turtlesim/turtlesim/msg/detail/pose__traits.hpp
[21.895s] -- Installing: /home/davide/sesasr_labs/install/turtlesim/include/turtlesim/turtlesim/msg/pose.hpp
[21.895s] -- Installing: /home/davide/sesasr_labs/install/turtlesim/include/turtlesim/turtlesim/msg/color.hpp
[21.896s] -- Up-to-date: /home/davide/sesasr_labs/install/turtlesim/include/turtlesim/turtlesim/srv
[21.896s] -- Installing: /home/davide/sesasr_labs/install/turtlesim/include/turtlesim/turtlesim/srv/kill.hpp
[21.896s] -- Installing: /home/davide/sesasr_labs/install/turtlesim/include/turtlesim/turtlesim/srv/teleport_relative.hpp
[21.896s] -- Installing: /home/davide/sesasr_labs/install/turtlesim/include/turtlesim/turtlesim/srv/teleport_absolute.hpp
[21.896s] -- Up-to-date: /home/davide/sesasr_labs/install/turtlesim/include/turtlesim/turtlesim/srv/detail
[21.896s] -- Installing: /home/davide/sesasr_labs/install/turtlesim/include/turtlesim/turtlesim/srv/detail/teleport_relative__builder.hpp
[21.896s] -- Installing: /home/davide/sesasr_labs/install/turtlesim/include/turtlesim/turtlesim/srv/detail/kill__builder.hpp
[21.896s] -- Installing: /home/davide/sesasr_labs/install/turtlesim/include/turtlesim/turtlesim/srv/detail/spawn__builder.hpp
[21.897s] -- Installing: /home/davide/sesasr_labs/install/turtlesim/include/turtlesim/turtlesim/srv/detail/teleport_absolute__struct.hpp
[21.897s] -- Installing: /home/davide/sesasr_labs/install/turtlesim/include/turtlesim/turtlesim/srv/detail/kill__traits.hpp
[21.897s] -- Installing: /home/davide/sesasr_labs/install/turtlesim/include/turtlesim/turtlesim/srv/detail/teleport_relative__traits.hpp
[21.897s] -- Installing: /home/davide/sesasr_labs/install/turtlesim/include/turtlesim/turtlesim/srv/detail/set_pen__builder.hpp
[21.897s] -- Installing: /home/davide/sesasr_labs/install/turtlesim/include/turtlesim/turtlesim/srv/detail/spawn__struct.hpp
[21.897s] -- Installing: /home/davide/sesasr_labs/install/turtlesim/include/turtlesim/turtlesim/srv/detail/set_pen__struct.hpp
[21.897s] -- Installing: /home/davide/sesasr_labs/install/turtlesim/include/turtlesim/turtlesim/srv/detail/kill__struct.hpp
[21.897s] -- Installing: /home/davide/sesasr_labs/install/turtlesim/include/turtlesim/turtlesim/srv/detail/set_pen__traits.hpp
[21.897s] -- Installing: /home/davide/sesasr_labs/install/turtlesim/include/turtlesim/turtlesim/srv/detail/teleport_absolute__traits.hpp
[21.898s] -- Installing: /home/davide/sesasr_labs/install/turtlesim/include/turtlesim/turtlesim/srv/detail/teleport_absolute__builder.hpp
[21.898s] -- Installing: /home/davide/sesasr_labs/install/turtlesim/include/turtlesim/turtlesim/srv/detail/teleport_relative__struct.hpp
[21.898s] -- Installing: /home/davide/sesasr_labs/install/turtlesim/include/turtlesim/turtlesim/srv/detail/spawn__traits.hpp
[21.898s] -- Installing: /home/davide/sesasr_labs/install/turtlesim/include/turtlesim/turtlesim/srv/spawn.hpp
[21.898s] -- Installing: /home/davide/sesasr_labs/install/turtlesim/include/turtlesim/turtlesim/srv/set_pen.hpp
[21.898s] -- Up-to-date: /home/davide/sesasr_labs/install/turtlesim/include/turtlesim/turtlesim/action
[21.899s] -- Up-to-date: /home/davide/sesasr_labs/install/turtlesim/include/turtlesim/turtlesim/action/detail
[21.899s] -- Installing: /home/davide/sesasr_labs/install/turtlesim/include/turtlesim/turtlesim/action/detail/rotate_absolute__struct.hpp
[21.899s] -- Installing: /home/davide/sesasr_labs/install/turtlesim/include/turtlesim/turtlesim/action/detail/rotate_absolute__traits.hpp
[21.899s] -- Installing: /home/davide/sesasr_labs/install/turtlesim/include/turtlesim/turtlesim/action/detail/rotate_absolute__builder.hpp
[21.899s] -- Installing: /home/davide/sesasr_labs/install/turtlesim/include/turtlesim/turtlesim/action/rotate_absolute.hpp
[21.899s] -- Up-to-date: /home/davide/sesasr_labs/install/turtlesim/include/turtlesim/turtlesim
[21.899s] -- Up-to-date: /home/davide/sesasr_labs/install/turtlesim/include/turtlesim/turtlesim/msg
[21.899s] -- Installing: /home/davide/sesasr_labs/install/turtlesim/include/turtlesim/turtlesim/msg/rosidl_typesupport_fastrtps_cpp__visibility_control.h
[21.899s] -- Up-to-date: /home/davide/sesasr_labs/install/turtlesim/include/turtlesim/turtlesim/msg/detail
[21.899s] -- Installing: /home/davide/sesasr_labs/install/turtlesim/include/turtlesim/turtlesim/msg/detail/color__rosidl_typesupport_fastrtps_cpp.hpp
[21.899s] -- Up-to-date: /home/davide/sesasr_labs/install/turtlesim/include/turtlesim/turtlesim/msg/detail/dds_fastrtps
[21.900s] -- Installing: /home/davide/sesasr_labs/install/turtlesim/include/turtlesim/turtlesim/msg/detail/pose__rosidl_typesupport_fastrtps_cpp.hpp
[21.900s] -- Up-to-date: /home/davide/sesasr_labs/install/turtlesim/include/turtlesim/turtlesim/srv
[21.900s] -- Up-to-date: /home/davide/sesasr_labs/install/turtlesim/include/turtlesim/turtlesim/srv/detail
[21.900s] -- Installing: /home/davide/sesasr_labs/install/turtlesim/include/turtlesim/turtlesim/srv/detail/teleport_absolute__rosidl_typesupport_fastrtps_cpp.hpp
[21.900s] -- Installing: /home/davide/sesasr_labs/install/turtlesim/include/turtlesim/turtlesim/srv/detail/teleport_relative__rosidl_typesupport_fastrtps_cpp.hpp
[21.900s] -- Installing: /home/davide/sesasr_labs/install/turtlesim/include/turtlesim/turtlesim/srv/detail/spawn__rosidl_typesupport_fastrtps_cpp.hpp
[21.901s] -- Installing: /home/davide/sesasr_labs/install/turtlesim/include/turtlesim/turtlesim/srv/detail/set_pen__rosidl_typesupport_fastrtps_cpp.hpp
[21.901s] -- Up-to-date: /home/davide/sesasr_labs/install/turtlesim/include/turtlesim/turtlesim/srv/detail/dds_fastrtps
[21.901s] -- Installing: /home/davide/sesasr_labs/install/turtlesim/include/turtlesim/turtlesim/srv/detail/kill__rosidl_typesupport_fastrtps_cpp.hpp
[21.901s] -- Up-to-date: /home/davide/sesasr_labs/install/turtlesim/include/turtlesim/turtlesim/action
[21.901s] -- Up-to-date: /home/davide/sesasr_labs/install/turtlesim/include/turtlesim/turtlesim/action/detail
[21.901s] -- Installing: /home/davide/sesasr_labs/install/turtlesim/include/turtlesim/turtlesim/action/detail/rotate_absolute__rosidl_typesupport_fastrtps_cpp.hpp
[21.901s] -- Up-to-date: /home/davide/sesasr_labs/install/turtlesim/include/turtlesim/turtlesim/action/detail/dds_fastrtps
[21.901s] -- Installing: /home/davide/sesasr_labs/install/turtlesim/lib/libturtlesim__rosidl_typesupport_fastrtps_cpp.so
[21.901s] -- Set runtime path of "/home/davide/sesasr_labs/install/turtlesim/lib/libturtlesim__rosidl_typesupport_fastrtps_cpp.so" to ""
[21.901s] -- Up-to-date: /home/davide/sesasr_labs/install/turtlesim/include/turtlesim/turtlesim
[21.902s] -- Up-to-date: /home/davide/sesasr_labs/install/turtlesim/include/turtlesim/turtlesim/msg
[21.902s] -- Up-to-date: /home/davide/sesasr_labs/install/turtlesim/include/turtlesim/turtlesim/msg/detail
[21.902s] -- Installing: /home/davide/sesasr_labs/install/turtlesim/include/turtlesim/turtlesim/msg/detail/pose__type_support.c
[21.902s] -- Installing: /home/davide/sesasr_labs/install/turtlesim/include/turtlesim/turtlesim/msg/detail/color__type_support.c
[21.902s] -- Installing: /home/davide/sesasr_labs/install/turtlesim/include/turtlesim/turtlesim/msg/detail/pose__rosidl_typesupport_introspection_c.h
[21.902s] -- Installing: /home/davide/sesasr_labs/install/turtlesim/include/turtlesim/turtlesim/msg/detail/color__rosidl_typesupport_introspection_c.h
[21.902s] -- Installing: /home/davide/sesasr_labs/install/turtlesim/include/turtlesim/turtlesim/msg/rosidl_typesupport_introspection_c__visibility_control.h
[21.902s] -- Up-to-date: /home/davide/sesasr_labs/install/turtlesim/include/turtlesim/turtlesim/srv
[21.902s] -- Up-to-date: /home/davide/sesasr_labs/install/turtlesim/include/turtlesim/turtlesim/srv/detail
[21.902s] -- Installing: /home/davide/sesasr_labs/install/turtlesim/include/turtlesim/turtlesim/srv/detail/spawn__rosidl_typesupport_introspection_c.h
[21.902s] -- Installing: /home/davide/sesasr_labs/install/turtlesim/include/turtlesim/turtlesim/srv/detail/set_pen__type_support.c
[21.902s] -- Installing: /home/davide/sesasr_labs/install/turtlesim/include/turtlesim/turtlesim/srv/detail/kill__type_support.c
[21.903s] -- Installing: /home/davide/sesasr_labs/install/turtlesim/include/turtlesim/turtlesim/srv/detail/set_pen__rosidl_typesupport_introspection_c.h
[21.903s] -- Installing: /home/davide/sesasr_labs/install/turtlesim/include/turtlesim/turtlesim/srv/detail/kill__rosidl_typesupport_introspection_c.h
[21.903s] -- Installing: /home/davide/sesasr_labs/install/turtlesim/include/turtlesim/turtlesim/srv/detail/teleport_relative__type_support.c
[21.903s] -- Installing: /home/davide/sesasr_labs/install/turtlesim/include/turtlesim/turtlesim/srv/detail/spawn__type_support.c
[21.903s] -- Installing: /home/davide/sesasr_labs/install/turtlesim/include/turtlesim/turtlesim/srv/detail/teleport_absolute__type_support.c
[21.903s] -- Installing: /home/davide/sesasr_labs/install/turtlesim/include/turtlesim/turtlesim/srv/detail/teleport_absolute__rosidl_typesupport_introspection_c.h
[21.903s] -- Installing: /home/davide/sesasr_labs/install/turtlesim/include/turtlesim/turtlesim/srv/detail/teleport_relative__rosidl_typesupport_introspection_c.h
[21.903s] -- Up-to-date: /home/davide/sesasr_labs/install/turtlesim/include/turtlesim/turtlesim/action
[21.903s] -- Up-to-date: /home/davide/sesasr_labs/install/turtlesim/include/turtlesim/turtlesim/action/detail
[21.903s] -- Installing: /home/davide/sesasr_labs/install/turtlesim/include/turtlesim/turtlesim/action/detail/rotate_absolute__type_support.c
[21.904s] -- Installing: /home/davide/sesasr_labs/install/turtlesim/include/turtlesim/turtlesim/action/detail/rotate_absolute__rosidl_typesupport_introspection_c.h
[21.904s] -- Installing: /home/davide/sesasr_labs/install/turtlesim/lib/libturtlesim__rosidl_typesupport_introspection_c.so
[21.904s] -- Set runtime path of "/home/davide/sesasr_labs/install/turtlesim/lib/libturtlesim__rosidl_typesupport_introspection_c.so" to ""
[21.904s] -- Installing: /home/davide/sesasr_labs/install/turtlesim/lib/libturtlesim__rosidl_typesupport_c.so
[21.904s] -- Set runtime path of "/home/davide/sesasr_labs/install/turtlesim/lib/libturtlesim__rosidl_typesupport_c.so" to ""
[21.904s] -- Up-to-date: /home/davide/sesasr_labs/install/turtlesim/include/turtlesim/turtlesim
[21.904s] -- Up-to-date: /home/davide/sesasr_labs/install/turtlesim/include/turtlesim/turtlesim/msg
[21.904s] -- Up-to-date: /home/davide/sesasr_labs/install/turtlesim/include/turtlesim/turtlesim/msg/detail
[21.904s] -- Installing: /home/davide/sesasr_labs/install/turtlesim/include/turtlesim/turtlesim/msg/detail/color__type_support.cpp
[21.905s] -- Installing: /home/davide/sesasr_labs/install/turtlesim/include/turtlesim/turtlesim/msg/detail/color__rosidl_typesupport_introspection_cpp.hpp
[21.905s] -- Installing: /home/davide/sesasr_labs/install/turtlesim/include/turtlesim/turtlesim/msg/detail/pose__rosidl_typesupport_introspection_cpp.hpp
[21.905s] -- Installing: /home/davide/sesasr_labs/install/turtlesim/include/turtlesim/turtlesim/msg/detail/pose__type_support.cpp
[21.905s] -- Up-to-date: /home/davide/sesasr_labs/install/turtlesim/include/turtlesim/turtlesim/srv
[21.905s] -- Up-to-date: /home/davide/sesasr_labs/install/turtlesim/include/turtlesim/turtlesim/srv/detail
[21.905s] -- Installing: /home/davide/sesasr_labs/install/turtlesim/include/turtlesim/turtlesim/srv/detail/kill__type_support.cpp
[21.905s] -- Installing: /home/davide/sesasr_labs/install/turtlesim/include/turtlesim/turtlesim/srv/detail/kill__rosidl_typesupport_introspection_cpp.hpp
[21.905s] -- Installing: /home/davide/sesasr_labs/install/turtlesim/include/turtlesim/turtlesim/srv/detail/teleport_relative__type_support.cpp
[21.906s] -- Installing: /home/davide/sesasr_labs/install/turtlesim/include/turtlesim/turtlesim/srv/detail/spawn__rosidl_typesupport_introspection_cpp.hpp
[21.906s] -- Installing: /home/davide/sesasr_labs/install/turtlesim/include/turtlesim/turtlesim/srv/detail/set_pen__rosidl_typesupport_introspection_cpp.hpp
[21.906s] -- Installing: /home/davide/sesasr_labs/install/turtlesim/include/turtlesim/turtlesim/srv/detail/teleport_absolute__rosidl_typesupport_introspection_cpp.hpp
[21.906s] -- Installing: /home/davide/sesasr_labs/install/turtlesim/include/turtlesim/turtlesim/srv/detail/teleport_relative__rosidl_typesupport_introspection_cpp.hpp
[21.906s] -- Installing: /home/davide/sesasr_labs/install/turtlesim/include/turtlesim/turtlesim/srv/detail/set_pen__type_support.cpp
[21.906s] -- Installing: /home/davide/sesasr_labs/install/turtlesim/include/turtlesim/turtlesim/srv/detail/teleport_absolute__type_support.cpp
[21.906s] -- Installing: /home/davide/sesasr_labs/install/turtlesim/include/turtlesim/turtlesim/srv/detail/spawn__type_support.cpp
[21.906s] -- Up-to-date: /home/davide/sesasr_labs/install/turtlesim/include/turtlesim/turtlesim/action
[21.906s] -- Up-to-date: /home/davide/sesasr_labs/install/turtlesim/include/turtlesim/turtlesim/action/detail
[21.907s] -- Installing: /home/davide/sesasr_labs/install/turtlesim/include/turtlesim/turtlesim/action/detail/rotate_absolute__rosidl_typesupport_introspection_cpp.hpp
[21.907s] -- Installing: /home/davide/sesasr_labs/install/turtlesim/include/turtlesim/turtlesim/action/detail/rotate_absolute__type_support.cpp
[21.907s] -- Installing: /home/davide/sesasr_labs/install/turtlesim/lib/libturtlesim__rosidl_typesupport_introspection_cpp.so
[21.907s] -- Set runtime path of "/home/davide/sesasr_labs/install/turtlesim/lib/libturtlesim__rosidl_typesupport_introspection_cpp.so" to ""
[21.907s] -- Installing: /home/davide/sesasr_labs/install/turtlesim/lib/libturtlesim__rosidl_typesupport_cpp.so
[21.907s] -- Set runtime path of "/home/davide/sesasr_labs/install/turtlesim/lib/libturtlesim__rosidl_typesupport_cpp.so" to ""
[21.907s] -- Installing: /home/davide/sesasr_labs/install/turtlesim/share/turtlesim/environment/pythonpath.sh
[21.907s] -- Installing: /home/davide/sesasr_labs/install/turtlesim/share/turtlesim/environment/pythonpath.dsv
[21.907s] -- Up-to-date: /home/davide/sesasr_labs/install/turtlesim/local/lib/python3.10/dist-packages/turtlesim-1.4.2-py3.10.egg-info
[21.907s] -- Installing: /home/davide/sesasr_labs/install/turtlesim/local/lib/python3.10/dist-packages/turtlesim-1.4.2-py3.10.egg-info/dependency_links.txt
[21.907s] -- Installing: /home/davide/sesasr_labs/install/turtlesim/local/lib/python3.10/dist-packages/turtlesim-1.4.2-py3.10.egg-info/top_level.txt
[21.907s] -- Installing: /home/davide/sesasr_labs/install/turtlesim/local/lib/python3.10/dist-packages/turtlesim-1.4.2-py3.10.egg-info/PKG-INFO
[21.907s] -- Installing: /home/davide/sesasr_labs/install/turtlesim/local/lib/python3.10/dist-packages/turtlesim-1.4.2-py3.10.egg-info/SOURCES.txt
[21.907s] -- Up-to-date: /home/davide/sesasr_labs/install/turtlesim/local/lib/python3.10/dist-packages/turtlesim
[21.907s] -- Installing: /home/davide/sesasr_labs/install/turtlesim/local/lib/python3.10/dist-packages/turtlesim/libturtlesim__rosidl_generator_py.so
[21.907s] -- Installing: /home/davide/sesasr_labs/install/turtlesim/local/lib/python3.10/dist-packages/turtlesim/turtlesim_s__rosidl_typesupport_c.cpython-310-x86_64-linux-gnu.so
[21.907s] -- Installing: /home/davide/sesasr_labs/install/turtlesim/local/lib/python3.10/dist-packages/turtlesim/turtlesim_s__rosidl_typesupport_fastrtps_c.cpython-310-x86_64-linux-gnu.so
[21.907s] -- Installing: /home/davide/sesasr_labs/install/turtlesim/local/lib/python3.10/dist-packages/turtlesim/_turtlesim_s.ep.rosidl_typesupport_introspection_c.c
[21.907s] -- Installing: /home/davide/sesasr_labs/install/turtlesim/local/lib/python3.10/dist-packages/turtlesim/_turtlesim_s.ep.rosidl_typesupport_fastrtps_c.c
[21.907s] -- Installing: /home/davide/sesasr_labs/install/turtlesim/local/lib/python3.10/dist-packages/turtlesim/turtlesim_s__rosidl_typesupport_introspection_c.cpython-310-x86_64-linux-gnu.so
[21.907s] -- Up-to-date: /home/davide/sesasr_labs/install/turtlesim/local/lib/python3.10/dist-packages/turtlesim/msg
[21.907s] -- Installing: /home/davide/sesasr_labs/install/turtlesim/local/lib/python3.10/dist-packages/turtlesim/msg/_pose_s.c
[21.908s] -- Installing: /home/davide/sesasr_labs/install/turtlesim/local/lib/python3.10/dist-packages/turtlesim/msg/_pose.py
[21.908s] -- Installing: /home/davide/sesasr_labs/install/turtlesim/local/lib/python3.10/dist-packages/turtlesim/msg/_color_s.c
[21.908s] -- Installing: /home/davide/sesasr_labs/install/turtlesim/local/lib/python3.10/dist-packages/turtlesim/msg/__init__.py
[21.908s] -- Installing: /home/davide/sesasr_labs/install/turtlesim/local/lib/python3.10/dist-packages/turtlesim/msg/_color.py
[21.908s] -- Installing: /home/davide/sesasr_labs/install/turtlesim/local/lib/python3.10/dist-packages/turtlesim/_turtlesim_s.ep.rosidl_typesupport_c.c
[21.908s] -- Up-to-date: /home/davide/sesasr_labs/install/turtlesim/local/lib/python3.10/dist-packages/turtlesim/srv
[21.908s] -- Installing: /home/davide/sesasr_labs/install/turtlesim/local/lib/python3.10/dist-packages/turtlesim/srv/_teleport_relative_s.c
[21.908s] -- Installing: /home/davide/sesasr_labs/install/turtlesim/local/lib/python3.10/dist-packages/turtlesim/srv/_teleport_absolute_s.c
[21.908s] -- Installing: /home/davide/sesasr_labs/install/turtlesim/local/lib/python3.10/dist-packages/turtlesim/srv/_teleport_relative.py
[21.908s] -- Installing: /home/davide/sesasr_labs/install/turtlesim/local/lib/python3.10/dist-packages/turtlesim/srv/_kill_s.c
[21.908s] -- Installing: /home/davide/sesasr_labs/install/turtlesim/local/lib/python3.10/dist-packages/turtlesim/srv/_set_pen.py
[21.908s] -- Installing: /home/davide/sesasr_labs/install/turtlesim/local/lib/python3.10/dist-packages/turtlesim/srv/_set_pen_s.c
[21.908s] -- Installing: /home/davide/sesasr_labs/install/turtlesim/local/lib/python3.10/dist-packages/turtlesim/srv/_spawn.py
[21.908s] -- Installing: /home/davide/sesasr_labs/install/turtlesim/local/lib/python3.10/dist-packages/turtlesim/srv/_kill.py
[21.908s] -- Installing: /home/davide/sesasr_labs/install/turtlesim/local/lib/python3.10/dist-packages/turtlesim/srv/__init__.py
[21.908s] -- Installing: /home/davide/sesasr_labs/install/turtlesim/local/lib/python3.10/dist-packages/turtlesim/srv/_spawn_s.c
[21.908s] -- Installing: /home/davide/sesasr_labs/install/turtlesim/local/lib/python3.10/dist-packages/turtlesim/srv/_teleport_absolute.py
[21.908s] -- Installing: /home/davide/sesasr_labs/install/turtlesim/local/lib/python3.10/dist-packages/turtlesim/__init__.py
[21.908s] -- Up-to-date: /home/davide/sesasr_labs/install/turtlesim/local/lib/python3.10/dist-packages/turtlesim/action
[21.908s] -- Installing: /home/davide/sesasr_labs/install/turtlesim/local/lib/python3.10/dist-packages/turtlesim/action/_rotate_absolute_s.c
[21.908s] -- Installing: /home/davide/sesasr_labs/install/turtlesim/local/lib/python3.10/dist-packages/turtlesim/action/_rotate_absolute.py
[21.908s] -- Installing: /home/davide/sesasr_labs/install/turtlesim/local/lib/python3.10/dist-packages/turtlesim/action/__init__.py
[21.946s] Listing '/home/davide/sesasr_labs/install/turtlesim/local/lib/python3.10/dist-packages/turtlesim'...
[21.946s] Compiling '/home/davide/sesasr_labs/install/turtlesim/local/lib/python3.10/dist-packages/turtlesim/__init__.py'...
[21.946s] Listing '/home/davide/sesasr_labs/install/turtlesim/local/lib/python3.10/dist-packages/turtlesim/action'...
[21.946s] Compiling '/home/davide/sesasr_labs/install/turtlesim/local/lib/python3.10/dist-packages/turtlesim/action/__init__.py'...
[21.946s] Compiling '/home/davide/sesasr_labs/install/turtlesim/local/lib/python3.10/dist-packages/turtlesim/action/_rotate_absolute.py'...
[21.946s] Listing '/home/davide/sesasr_labs/install/turtlesim/local/lib/python3.10/dist-packages/turtlesim/msg'...
[21.947s] Compiling '/home/davide/sesasr_labs/install/turtlesim/local/lib/python3.10/dist-packages/turtlesim/msg/__init__.py'...
[21.947s] Compiling '/home/davide/sesasr_labs/install/turtlesim/local/lib/python3.10/dist-packages/turtlesim/msg/_color.py'...
[21.947s] Compiling '/home/davide/sesasr_labs/install/turtlesim/local/lib/python3.10/dist-packages/turtlesim/msg/_pose.py'...
[21.947s] Listing '/home/davide/sesasr_labs/install/turtlesim/local/lib/python3.10/dist-packages/turtlesim/srv'...
[21.947s] Compiling '/home/davide/sesasr_labs/install/turtlesim/local/lib/python3.10/dist-packages/turtlesim/srv/__init__.py'...
[21.947s] Compiling '/home/davide/sesasr_labs/install/turtlesim/local/lib/python3.10/dist-packages/turtlesim/srv/_kill.py'...
[21.947s] Compiling '/home/davide/sesasr_labs/install/turtlesim/local/lib/python3.10/dist-packages/turtlesim/srv/_set_pen.py'...
[21.947s] Compiling '/home/davide/sesasr_labs/install/turtlesim/local/lib/python3.10/dist-packages/turtlesim/srv/_spawn.py'...
[21.947s] Compiling '/home/davide/sesasr_labs/install/turtlesim/local/lib/python3.10/dist-packages/turtlesim/srv/_teleport_absolute.py'...
[21.947s] Compiling '/home/davide/sesasr_labs/install/turtlesim/local/lib/python3.10/dist-packages/turtlesim/srv/_teleport_relative.py'...
[21.950s] -- Installing: /home/davide/sesasr_labs/install/turtlesim/local/lib/python3.10/dist-packages/turtlesim/turtlesim_s__rosidl_typesupport_fastrtps_c.cpython-310-x86_64-linux-gnu.so
[21.950s] -- Set runtime path of "/home/davide/sesasr_labs/install/turtlesim/local/lib/python3.10/dist-packages/turtlesim/turtlesim_s__rosidl_typesupport_fastrtps_c.cpython-310-x86_64-linux-gnu.so" to ""
[21.950s] -- Installing: /home/davide/sesasr_labs/install/turtlesim/local/lib/python3.10/dist-packages/turtlesim/turtlesim_s__rosidl_typesupport_introspection_c.cpython-310-x86_64-linux-gnu.so
[21.950s] -- Set runtime path of "/home/davide/sesasr_labs/install/turtlesim/local/lib/python3.10/dist-packages/turtlesim/turtlesim_s__rosidl_typesupport_introspection_c.cpython-310-x86_64-linux-gnu.so" to ""
[21.950s] -- Installing: /home/davide/sesasr_labs/install/turtlesim/local/lib/python3.10/dist-packages/turtlesim/turtlesim_s__rosidl_typesupport_c.cpython-310-x86_64-linux-gnu.so
[21.950s] -- Set runtime path of "/home/davide/sesasr_labs/install/turtlesim/local/lib/python3.10/dist-packages/turtlesim/turtlesim_s__rosidl_typesupport_c.cpython-310-x86_64-linux-gnu.so" to ""
[21.951s] -- Installing: /home/davide/sesasr_labs/install/turtlesim/lib/libturtlesim__rosidl_generator_py.so
[21.951s] -- Set runtime path of "/home/davide/sesasr_labs/install/turtlesim/lib/libturtlesim__rosidl_generator_py.so" to ""
[21.951s] -- Installing: /home/davide/sesasr_labs/install/turtlesim/share/turtlesim/action/RotateAbsolute.idl
[21.951s] -- Installing: /home/davide/sesasr_labs/install/turtlesim/share/turtlesim/msg/Color.idl
[21.951s] -- Installing: /home/davide/sesasr_labs/install/turtlesim/share/turtlesim/msg/Pose.idl
[21.951s] -- Installing: /home/davide/sesasr_labs/install/turtlesim/share/turtlesim/srv/Kill.idl
[21.951s] -- Installing: /home/davide/sesasr_labs/install/turtlesim/share/turtlesim/srv/SetPen.idl
[21.952s] -- Installing: /home/davide/sesasr_labs/install/turtlesim/share/turtlesim/srv/Spawn.idl
[21.952s] -- Installing: /home/davide/sesasr_labs/install/turtlesim/share/turtlesim/srv/TeleportAbsolute.idl
[21.952s] -- Installing: /home/davide/sesasr_labs/install/turtlesim/share/turtlesim/srv/TeleportRelative.idl
[21.952s] -- Up-to-date: /home/davide/sesasr_labs/install/turtlesim/share/turtlesim/action/RotateAbsolute.action
[21.952s] -- Up-to-date: /home/davide/sesasr_labs/install/turtlesim/share/turtlesim/msg/Color.msg
[21.952s] -- Up-to-date: /home/davide/sesasr_labs/install/turtlesim/share/turtlesim/msg/Pose.msg
[21.952s] -- Up-to-date: /home/davide/sesasr_labs/install/turtlesim/share/turtlesim/srv/Kill.srv
[21.953s] -- Installing: /home/davide/sesasr_labs/install/turtlesim/share/turtlesim/srv/Kill_Request.msg
[21.953s] -- Installing: /home/davide/sesasr_labs/install/turtlesim/share/turtlesim/srv/Kill_Response.msg
[21.953s] -- Up-to-date: /home/davide/sesasr_labs/install/turtlesim/share/turtlesim/srv/SetPen.srv
[21.953s] -- Installing: /home/davide/sesasr_labs/install/turtlesim/share/turtlesim/srv/SetPen_Request.msg
[21.953s] -- Installing: /home/davide/sesasr_labs/install/turtlesim/share/turtlesim/srv/SetPen_Response.msg
[21.953s] -- Up-to-date: /home/davide/sesasr_labs/install/turtlesim/share/turtlesim/srv/Spawn.srv
[21.953s] -- Installing: /home/davide/sesasr_labs/install/turtlesim/share/turtlesim/srv/Spawn_Request.msg
[21.953s] -- Installing: /home/davide/sesasr_labs/install/turtlesim/share/turtlesim/srv/Spawn_Response.msg
[21.953s] -- Up-to-date: /home/davide/sesasr_labs/install/turtlesim/share/turtlesim/srv/TeleportAbsolute.srv
[21.953s] -- Installing: /home/davide/sesasr_labs/install/turtlesim/share/turtlesim/srv/TeleportAbsolute_Request.msg
[21.954s] -- Installing: /home/davide/sesasr_labs/install/turtlesim/share/turtlesim/srv/TeleportAbsolute_Response.msg
[21.954s] -- Up-to-date: /home/davide/sesasr_labs/install/turtlesim/share/turtlesim/srv/TeleportRelative.srv
[21.954s] -- Installing: /home/davide/sesasr_labs/install/turtlesim/share/turtlesim/srv/TeleportRelative_Request.msg
[21.954s] -- Installing: /home/davide/sesasr_labs/install/turtlesim/share/turtlesim/srv/TeleportRelative_Response.msg
[21.954s] -- Installing: /home/davide/sesasr_labs/install/turtlesim/lib/turtlesim/turtlesim_node
[21.959s] -- Set runtime path of "/home/davide/sesasr_labs/install/turtlesim/lib/turtlesim/turtlesim_node" to ""
[21.959s] -- Installing: /home/davide/sesasr_labs/install/turtlesim/lib/turtlesim/turtle_teleop_key
[21.960s] -- Set runtime path of "/home/davide/sesasr_labs/install/turtlesim/lib/turtlesim/turtle_teleop_key" to ""
[21.960s] -- Installing: /home/davide/sesasr_labs/install/turtlesim/lib/turtlesim/draw_square
[21.963s] -- Set runtime path of "/home/davide/sesasr_labs/install/turtlesim/lib/turtlesim/draw_square" to ""
[21.963s] -- Installing: /home/davide/sesasr_labs/install/turtlesim/lib/turtlesim/mimic
[21.966s] -- Set runtime path of "/home/davide/sesasr_labs/install/turtlesim/lib/turtlesim/mimic" to ""
[21.966s] -- Up-to-date: /home/davide/sesasr_labs/install/turtlesim/share/turtlesim/images
[21.966s] -- Up-to-date: /home/davide/sesasr_labs/install/turtlesim/share/turtlesim/images/eloquent.png
[21.966s] -- Up-to-date: /home/davide/sesasr_labs/install/turtlesim/share/turtlesim/images/foxy.png
[21.966s] -- Up-to-date: /home/davide/sesasr_labs/install/turtlesim/share/turtlesim/images/rolling.png
[21.967s] -- Up-to-date: /home/davide/sesasr_labs/install/turtlesim/share/turtlesim/images/ardent.png
[21.967s] -- Up-to-date: /home/davide/sesasr_labs/install/turtlesim/share/turtlesim/images/galactic.png
[21.967s] -- Up-to-date: /home/davide/sesasr_labs/install/turtlesim/share/turtlesim/images/dashing.png
[21.967s] -- Up-to-date: /home/davide/sesasr_labs/install/turtlesim/share/turtlesim/images/bouncy.png
[21.967s] -- Up-to-date: /home/davide/sesasr_labs/install/turtlesim/share/turtlesim/images/crystal.png
[21.967s] -- Up-to-date: /home/davide/sesasr_labs/install/turtlesim/share/turtlesim/images/humble.png
[21.967s] -- Up-to-date: /home/davide/sesasr_labs/install/turtlesim/share/turtlesim/launch
[21.967s] -- Up-to-date: /home/davide/sesasr_labs/install/turtlesim/share/turtlesim/launch/multisim.launch.py
[21.967s] -- Installing: /home/davide/sesasr_labs/install/turtlesim/share/ament_index/resource_index/package_run_dependencies/turtlesim
[21.968s] -- Installing: /home/davide/sesasr_labs/install/turtlesim/share/ament_index/resource_index/parent_prefix_path/turtlesim
[21.968s] -- Up-to-date: /home/davide/sesasr_labs/install/turtlesim/share/turtlesim/environment/ament_prefix_path.sh
[21.968s] -- Installing: /home/davide/sesasr_labs/install/turtlesim/share/turtlesim/environment/ament_prefix_path.dsv
[21.968s] -- Up-to-date: /home/davide/sesasr_labs/install/turtlesim/share/turtlesim/environment/path.sh
[21.968s] -- Installing: /home/davide/sesasr_labs/install/turtlesim/share/turtlesim/environment/path.dsv
[21.968s] -- Installing: /home/davide/sesasr_labs/install/turtlesim/share/turtlesim/local_setup.bash
[21.968s] -- Installing: /home/davide/sesasr_labs/install/turtlesim/share/turtlesim/local_setup.sh
[21.968s] -- Installing: /home/davide/sesasr_labs/install/turtlesim/share/turtlesim/local_setup.zsh
[21.969s] -- Installing: /home/davide/sesasr_labs/install/turtlesim/share/turtlesim/local_setup.dsv
[21.969s] -- Installing: /home/davide/sesasr_labs/install/turtlesim/share/turtlesim/package.dsv
[21.969s] -- Installing: /home/davide/sesasr_labs/install/turtlesim/share/ament_index/resource_index/packages/turtlesim
[21.969s] -- Installing: /home/davide/sesasr_labs/install/turtlesim/share/turtlesim/cmake/export_turtlesim__rosidl_generator_cExport.cmake
[21.969s] -- Installing: /home/davide/sesasr_labs/install/turtlesim/share/turtlesim/cmake/export_turtlesim__rosidl_generator_cExport-noconfig.cmake
[21.969s] -- Installing: /home/davide/sesasr_labs/install/turtlesim/share/turtlesim/cmake/export_turtlesim__rosidl_typesupport_fastrtps_cExport.cmake
[21.969s] -- Installing: /home/davide/sesasr_labs/install/turtlesim/share/turtlesim/cmake/export_turtlesim__rosidl_typesupport_fastrtps_cExport-noconfig.cmake
[21.969s] -- Installing: /home/davide/sesasr_labs/install/turtlesim/share/turtlesim/cmake/export_turtlesim__rosidl_generator_cppExport.cmake
[21.969s] -- Installing: /home/davide/sesasr_labs/install/turtlesim/share/turtlesim/cmake/export_turtlesim__rosidl_typesupport_fastrtps_cppExport.cmake
[21.969s] -- Installing: /home/davide/sesasr_labs/install/turtlesim/share/turtlesim/cmake/export_turtlesim__rosidl_typesupport_fastrtps_cppExport-noconfig.cmake
[21.969s] -- Installing: /home/davide/sesasr_labs/install/turtlesim/share/turtlesim/cmake/turtlesim__rosidl_typesupport_introspection_cExport.cmake
[21.969s] -- Installing: /home/davide/sesasr_labs/install/turtlesim/share/turtlesim/cmake/turtlesim__rosidl_typesupport_introspection_cExport-noconfig.cmake
[21.970s] -- Installing: /home/davide/sesasr_labs/install/turtlesim/share/turtlesim/cmake/turtlesim__rosidl_typesupport_cExport.cmake
[21.970s] -- Installing: /home/davide/sesasr_labs/install/turtlesim/share/turtlesim/cmake/turtlesim__rosidl_typesupport_cExport-noconfig.cmake
[21.970s] -- Installing: /home/davide/sesasr_labs/install/turtlesim/share/turtlesim/cmake/turtlesim__rosidl_typesupport_introspection_cppExport.cmake
[21.970s] -- Installing: /home/davide/sesasr_labs/install/turtlesim/share/turtlesim/cmake/turtlesim__rosidl_typesupport_introspection_cppExport-noconfig.cmake
[21.970s] -- Installing: /home/davide/sesasr_labs/install/turtlesim/share/turtlesim/cmake/turtlesim__rosidl_typesupport_cppExport.cmake
[21.970s] -- Installing: /home/davide/sesasr_labs/install/turtlesim/share/turtlesim/cmake/turtlesim__rosidl_typesupport_cppExport-noconfig.cmake
[21.970s] -- Installing: /home/davide/sesasr_labs/install/turtlesim/share/turtlesim/cmake/export_turtlesim__rosidl_generator_pyExport.cmake
[21.970s] -- Installing: /home/davide/sesasr_labs/install/turtlesim/share/turtlesim/cmake/export_turtlesim__rosidl_generator_pyExport-noconfig.cmake
[21.970s] -- Installing: /home/davide/sesasr_labs/install/turtlesim/share/turtlesim/cmake/rosidl_cmake-extras.cmake
[21.971s] -- Installing: /home/davide/sesasr_labs/install/turtlesim/share/turtlesim/cmake/ament_cmake_export_dependencies-extras.cmake
[21.971s] -- Installing: /home/davide/sesasr_labs/install/turtlesim/share/turtlesim/cmake/ament_cmake_export_include_directories-extras.cmake
[21.971s] -- Installing: /home/davide/sesasr_labs/install/turtlesim/share/turtlesim/cmake/ament_cmake_export_libraries-extras.cmake
[21.971s] -- Installing: /home/davide/sesasr_labs/install/turtlesim/share/turtlesim/cmake/ament_cmake_export_targets-extras.cmake
[21.971s] -- Installing: /home/davide/sesasr_labs/install/turtlesim/share/turtlesim/cmake/rosidl_cmake_export_typesupport_targets-extras.cmake
[21.971s] -- Installing: /home/davide/sesasr_labs/install/turtlesim/share/turtlesim/cmake/rosidl_cmake_export_typesupport_libraries-extras.cmake
[21.971s] -- Installing: /home/davide/sesasr_labs/install/turtlesim/share/turtlesim/cmake/turtlesimConfig.cmake
[21.971s] -- Installing: /home/davide/sesasr_labs/install/turtlesim/share/turtlesim/cmake/turtlesimConfig-version.cmake
[21.971s] -- Up-to-date: /home/davide/sesasr_labs/install/turtlesim/share/turtlesim/package.xml
[21.972s] Invoked command in '/home/davide/sesasr_labs/build/turtlesim' returned '0': CMAKE_PREFIX_PATH=${CMAKE_PREFIX_PATH}:/home/davide/sesasr_labs/install/launch_testing_examples:/home/davide/sesasr_labs/install/examples_rclpy_pointcloud_publisher:/home/davide/sesasr_labs/install/examples_rclpy_minimal_subscriber:/home/davide/sesasr_labs/install/examples_rclpy_minimal_service:/home/davide/sesasr_labs/install/examples_rclpy_minimal_publisher:/home/davide/sesasr_labs/install/examples_rclpy_minimal_client:/home/davide/sesasr_labs/install/examples_rclpy_minimal_action_server:/home/davide/sesasr_labs/install/examples_rclpy_minimal_action_client:/home/davide/sesasr_labs/install/examples_rclpy_guard_conditions:/home/davide/sesasr_labs/install/examples_rclpy_executors:/opt/ros/humble /usr/bin/cmake --install /home/davide/sesasr_labs/build/turtlesim
