[0.167s] Invoking command in '/home/davide/sesasr_labs/build/examples_rclcpp_wait_set': CMAKE_PREFIX_PATH=/opt/ros/humble /usr/bin/cmake /home/davide/sesasr_labs/src/examples/rclcpp/wait_set -DCMAKE_INSTALL_PREFIX=/home/davide/sesasr_labs/install/examples_rclcpp_wait_set
[0.177s] -- Found ament_cmake: 1.3.6 (/opt/ros/humble/share/ament_cmake/cmake)
[0.308s] -- Override CMake install command with custom implementation using symlinks instead of copying resources
[0.313s] -- Found example_interfaces: 0.9.3 (/opt/ros/humble/share/example_interfaces/cmake)
[0.456s] -- Found rosidl_generator_c: 3.1.5 (/opt/ros/humble/share/rosidl_generator_c/cmake)
[0.465s] -- Found rosidl_adapter: 3.1.5 (/opt/ros/humble/share/rosidl_adapter/cmake)
[0.481s] -- Found rosidl_generator_cpp: 3.1.5 (/opt/ros/humble/share/rosidl_generator_cpp/cmake)
[0.513s] -- Using all available rosidl_typesupport_c: rosidl_typesupport_fastrtps_c;rosidl_typesupport_introspection_c
[0.560s] -- Using all available rosidl_typesupport_cpp: rosidl_typesupport_fastrtps_cpp;rosidl_typesupport_introspection_cpp
[0.986s] -- Found rclcpp: 16.0.7 (/opt/ros/humble/share/rclcpp/cmake)
[1.127s] -- Found rmw_implementation_cmake: 6.1.1 (/opt/ros/humble/share/rmw_implementation_cmake/cmake)
[1.132s] -- Found rmw_fastrtps_cpp: 6.2.5 (/opt/ros/humble/share/rmw_fastrtps_cpp/cmake)
[5.536s] -- Using RMW implementation 'rmw_fastrtps_cpp' as default
[5.662s] -- Found rclcpp_components: 16.0.7 (/opt/ros/humble/share/rclcpp_components/cmake)
[5.716s] -- Found ament_lint_auto: 0.12.9 (/opt/ros/humble/share/ament_lint_auto/cmake)
[5.764s] -- Added test 'copyright' to check source files copyright and LICENSE
[5.765s] -- Added test 'cppcheck' to perform static code analysis on C / C++ code
[5.766s] -- Configured cppcheck include dirs: /home/davide/sesasr_labs/src/examples/rclcpp/wait_set/include
[5.766s] -- Configured cppcheck exclude dirs and/or files: 
[5.766s] -- Added test 'cpplint' to check C / C++ code against the Google style
[5.766s] -- Configured cpplint exclude dirs and/or files: 
[5.767s] -- Added test 'lint_cmake' to check CMake code style
[5.768s] -- Added test 'uncrustify' to check C / C++ code style
[5.768s] -- Configured uncrustify additional arguments: 
[5.768s] -- Added test 'xmllint' to check XML markup files
[5.769s] -- Configuring done
[5.798s] -- Generating done
[5.800s] -- Build files have been written to: /home/davide/sesasr_labs/build/examples_rclcpp_wait_set
[6.122s] Invoked command in '/home/davide/sesasr_labs/build/examples_rclcpp_wait_set' returned '0': CMAKE_PREFIX_PATH=/opt/ros/humble /usr/bin/cmake /home/davide/sesasr_labs/src/examples/rclcpp/wait_set -DCMAKE_INSTALL_PREFIX=/home/davide/sesasr_labs/install/examples_rclcpp_wait_set
[6.124s] Invoking command in '/home/davide/sesasr_labs/build/examples_rclcpp_wait_set': CMAKE_PREFIX_PATH=/opt/ros/humble /usr/bin/cmake --build /home/davide/sesasr_labs/build/examples_rclcpp_wait_set -- -j8 -l8
[6.145s] [35m[1mConsolidate compiler generated dependencies of target wait_set_talker[0m
[6.145s] [35m[1mConsolidate compiler generated dependencies of target listener[0m
[6.145s] [35m[1mConsolidate compiler generated dependencies of target static_wait_set[0m
[6.149s] [35m[1mConsolidate compiler generated dependencies of target talker[0m
[6.151s] [35m[1mConsolidate compiler generated dependencies of target wait_set[0m
[6.155s] [35m[1mConsolidate compiler generated dependencies of target thread_safe_wait_set[0m
[6.163s] [35m[1mConsolidate compiler generated dependencies of target wait_set_topics_and_timer[0m
[6.164s] [35m[1mConsolidate compiler generated dependencies of target wait_set_listener[0m
[6.181s] [  8%] Built target static_wait_set
[6.181s] [ 16%] Built target wait_set_talker
[6.181s] [ 25%] Built target listener
[6.183s] [ 33%] Built target talker
[6.186s] [ 41%] Built target wait_set_topics_and_timer
[6.187s] [ 50%] Built target wait_set_listener
[6.191s] [35m[1mConsolidate compiler generated dependencies of target wait_set_random_order[0m
[6.192s] [35m[1mConsolidate compiler generated dependencies of target wait_set_topics_with_different_rates[0m
[6.194s] [35m[1mConsolidate compiler generated dependencies of target executor_random_order[0m
[6.194s] [ 58%] Built target thread_safe_wait_set
[6.196s] [ 66%] Built target wait_set
[6.197s] [35m[1mConsolidate compiler generated dependencies of target wait_set_composed[0m
[6.201s] [ 75%] Built target wait_set_random_order
[6.208s] [ 87%] Built target executor_random_order
[6.208s] [ 91%] Built target wait_set_topics_with_different_rates
[6.210s] [100%] Built target wait_set_composed
[6.267s] Invoked command in '/home/davide/sesasr_labs/build/examples_rclcpp_wait_set' returned '0': CMAKE_PREFIX_PATH=/opt/ros/humble /usr/bin/cmake --build /home/davide/sesasr_labs/build/examples_rclcpp_wait_set -- -j8 -l8
[6.338s] Invoking command in '/home/davide/sesasr_labs/build/examples_rclcpp_wait_set': CMAKE_PREFIX_PATH=/opt/ros/humble /usr/bin/cmake --install /home/davide/sesasr_labs/build/examples_rclcpp_wait_set
[6.343s] -- Install configuration: ""
[6.343s] -- Execute custom install script
[6.343s] -- Up-to-date symlink: /home/davide/sesasr_labs/install/examples_rclcpp_wait_set/lib/examples_rclcpp_wait_set/wait_set_talker
[6.343s] -- Up-to-date symlink: /home/davide/sesasr_labs/install/examples_rclcpp_wait_set/lib/examples_rclcpp_wait_set/wait_set_listener
[6.343s] -- Up-to-date symlink: /home/davide/sesasr_labs/install/examples_rclcpp_wait_set/lib/libtalker.so
[6.344s] -- Up-to-date symlink: /home/davide/sesasr_labs/install/examples_rclcpp_wait_set/lib/liblistener.so
[6.344s] -- Up-to-date symlink: /home/davide/sesasr_labs/install/examples_rclcpp_wait_set/lib/examples_rclcpp_wait_set/wait_set
[6.344s] -- Up-to-date symlink: /home/davide/sesasr_labs/install/examples_rclcpp_wait_set/lib/examples_rclcpp_wait_set/static_wait_set
[6.345s] -- Up-to-date symlink: /home/davide/sesasr_labs/install/examples_rclcpp_wait_set/lib/examples_rclcpp_wait_set/thread_safe_wait_set
[6.345s] -- Up-to-date symlink: /home/davide/sesasr_labs/install/examples_rclcpp_wait_set/lib/examples_rclcpp_wait_set/wait_set_topics_and_timer
[6.345s] -- Up-to-date symlink: /home/davide/sesasr_labs/install/examples_rclcpp_wait_set/lib/examples_rclcpp_wait_set/wait_set_random_order
[6.346s] -- Up-to-date symlink: /home/davide/sesasr_labs/install/examples_rclcpp_wait_set/lib/examples_rclcpp_wait_set/executor_random_order
[6.346s] -- Up-to-date symlink: /home/davide/sesasr_labs/install/examples_rclcpp_wait_set/lib/examples_rclcpp_wait_set/wait_set_topics_with_different_rates
[6.346s] -- Up-to-date symlink: /home/davide/sesasr_labs/install/examples_rclcpp_wait_set/lib/examples_rclcpp_wait_set/wait_set_composed
[6.346s] -- Up-to-date symlink: /home/davide/sesasr_labs/install/examples_rclcpp_wait_set/share/ament_index/resource_index/package_run_dependencies/examples_rclcpp_wait_set
[6.347s] -- Up-to-date symlink: /home/davide/sesasr_labs/install/examples_rclcpp_wait_set/share/ament_index/resource_index/parent_prefix_path/examples_rclcpp_wait_set
[6.347s] -- Up-to-date symlink: /home/davide/sesasr_labs/install/examples_rclcpp_wait_set/share/examples_rclcpp_wait_set/environment/ament_prefix_path.sh
[6.347s] -- Up-to-date symlink: /home/davide/sesasr_labs/install/examples_rclcpp_wait_set/share/examples_rclcpp_wait_set/environment/ament_prefix_path.dsv
[6.347s] -- Up-to-date symlink: /home/davide/sesasr_labs/install/examples_rclcpp_wait_set/share/examples_rclcpp_wait_set/environment/path.sh
[6.347s] -- Up-to-date symlink: /home/davide/sesasr_labs/install/examples_rclcpp_wait_set/share/examples_rclcpp_wait_set/environment/path.dsv
[6.347s] -- Up-to-date symlink: /home/davide/sesasr_labs/install/examples_rclcpp_wait_set/share/examples_rclcpp_wait_set/local_setup.bash
[6.347s] -- Up-to-date symlink: /home/davide/sesasr_labs/install/examples_rclcpp_wait_set/share/examples_rclcpp_wait_set/local_setup.sh
[6.347s] -- Up-to-date symlink: /home/davide/sesasr_labs/install/examples_rclcpp_wait_set/share/examples_rclcpp_wait_set/local_setup.zsh
[6.347s] -- Up-to-date symlink: /home/davide/sesasr_labs/install/examples_rclcpp_wait_set/share/examples_rclcpp_wait_set/local_setup.dsv
[6.347s] -- Symlinking: /home/davide/sesasr_labs/install/examples_rclcpp_wait_set/share/examples_rclcpp_wait_set/package.dsv
[6.354s] -- Up-to-date symlink: /home/davide/sesasr_labs/install/examples_rclcpp_wait_set/share/ament_index/resource_index/packages/examples_rclcpp_wait_set
[6.354s] -- Up-to-date symlink: /home/davide/sesasr_labs/install/examples_rclcpp_wait_set/share/ament_index/resource_index/rclcpp_components/examples_rclcpp_wait_set
[6.354s] -- Up-to-date symlink: /home/davide/sesasr_labs/install/examples_rclcpp_wait_set/share/examples_rclcpp_wait_set/cmake/examples_rclcpp_wait_setConfig.cmake
[6.354s] -- Up-to-date symlink: /home/davide/sesasr_labs/install/examples_rclcpp_wait_set/share/examples_rclcpp_wait_set/cmake/examples_rclcpp_wait_setConfig-version.cmake
[6.354s] -- Up-to-date symlink: /home/davide/sesasr_labs/install/examples_rclcpp_wait_set/share/examples_rclcpp_wait_set/package.xml
[6.357s] Invoked command in '/home/davide/sesasr_labs/build/examples_rclcpp_wait_set' returned '0': CMAKE_PREFIX_PATH=/opt/ros/humble /usr/bin/cmake --install /home/davide/sesasr_labs/build/examples_rclcpp_wait_set
