[2.063s] Invoking command in '/home/davide/sesasr_labs/build/examples_rclpy_minimal_client': PYTHONPATH=/home/davide/sesasr_labs/build/examples_rclpy_minimal_client/prefix_override:/home/davide/sesasr_labs/install/examples_rclpy_minimal_client/lib/python3.10/site-packages:${PYTHONPATH} /usr/bin/python3 setup.py develop --editable --build-directory /home/davide/sesasr_labs/build/examples_rclpy_minimal_client/build --no-deps install_data
[2.314s] /usr/lib/python3/dist-packages/setuptools/command/easy_install.py:158: EasyInstallDeprecationWarning: easy_install command is deprecated. Use build and pip and other standards-based tools.
[2.315s]   warnings.warn(
[2.315s] running develop
[2.316s] /usr/lib/python3/dist-packages/setuptools/command/install.py:34: SetuptoolsDeprecationWarning: setup.py install is deprecated. Use build and pip and other standards-based tools.
[2.317s]   warnings.warn(
[2.492s] running egg_info
[2.493s] writing examples_rclpy_minimal_client.egg-info/PKG-INFO
[2.493s] writing dependency_links to examples_rclpy_minimal_client.egg-info/dependency_links.txt
[2.494s] writing entry points to examples_rclpy_minimal_client.egg-info/entry_points.txt
[2.495s] writing requirements to examples_rclpy_minimal_client.egg-info/requires.txt
[2.495s] writing top-level names to examples_rclpy_minimal_client.egg-info/top_level.txt
[2.499s] reading manifest file 'examples_rclpy_minimal_client.egg-info/SOURCES.txt'
[2.500s] writing manifest file 'examples_rclpy_minimal_client.egg-info/SOURCES.txt'
[2.502s] running build_ext
[2.502s] Creating /home/davide/sesasr_labs/install/examples_rclpy_minimal_client/lib/python3.10/site-packages/examples-rclpy-minimal-client.egg-link (link to .)
[2.503s] Installing client script to /home/davide/sesasr_labs/install/examples_rclpy_minimal_client/lib/examples_rclpy_minimal_client
[2.504s] Installing client_async script to /home/davide/sesasr_labs/install/examples_rclpy_minimal_client/lib/examples_rclpy_minimal_client
[2.505s] Installing client_async_callback script to /home/davide/sesasr_labs/install/examples_rclpy_minimal_client/lib/examples_rclpy_minimal_client
[2.505s] Installing client_async_member_function script to /home/davide/sesasr_labs/install/examples_rclpy_minimal_client/lib/examples_rclpy_minimal_client
[2.506s] 
[2.506s] Installed /home/davide/sesasr_labs/build/examples_rclpy_minimal_client
[2.506s] running install_data
[3.195s] Invoked command in '/home/davide/sesasr_labs/build/examples_rclpy_minimal_client' returned '0': PYTHONPATH=/home/davide/sesasr_labs/build/examples_rclpy_minimal_client/prefix_override:/home/davide/sesasr_labs/install/examples_rclpy_minimal_client/lib/python3.10/site-packages:${PYTHONPATH} /usr/bin/python3 setup.py develop --editable --build-directory /home/davide/sesasr_labs/build/examples_rclpy_minimal_client/build --no-deps install_data
