[0.223s] Invoking command in '/home/davide/sesasr_labs/build/examples_rclcpp_wait_set': CMAKE_PREFIX_PATH=/opt/ros/humble /usr/bin/cmake /home/davide/sesasr_labs/src/examples/rclcpp/wait_set -DAMENT_CMAKE_SYMLINK_INSTALL=1 -DCMAKE_INSTALL_PREFIX=/home/davide/sesasr_labs/install/examples_rclcpp_wait_set
[0.232s] -- Found ament_cmake: 1.3.6 (/opt/ros/humble/share/ament_cmake/cmake)
[0.351s] -- Override CMake install command with custom implementation using symlinks instead of copying resources
[0.356s] -- Found example_interfaces: 0.9.3 (/opt/ros/humble/share/example_interfaces/cmake)
[0.498s] -- Found rosidl_generator_c: 3.1.5 (/opt/ros/humble/share/rosidl_generator_c/cmake)
[0.506s] -- Found rosidl_adapter: 3.1.5 (/opt/ros/humble/share/rosidl_adapter/cmake)
[0.524s] -- Found rosidl_generator_cpp: 3.1.5 (/opt/ros/humble/share/rosidl_generator_cpp/cmake)
[0.554s] -- Using all available rosidl_typesupport_c: rosidl_typesupport_fastrtps_c;rosidl_typesupport_introspection_c
[0.588s] -- Using all available rosidl_typesupport_cpp: rosidl_typesupport_fastrtps_cpp;rosidl_typesupport_introspection_cpp
[0.889s] -- Found rclcpp: 16.0.7 (/opt/ros/humble/share/rclcpp/cmake)
[1.030s] -- Found rmw_implementation_cmake: 6.1.1 (/opt/ros/humble/share/rmw_implementation_cmake/cmake)
[1.034s] -- Found rmw_fastrtps_cpp: 6.2.5 (/opt/ros/humble/share/rmw_fastrtps_cpp/cmake)
[4.098s] -- Using RMW implementation 'rmw_fastrtps_cpp' as default
[4.224s] -- Found rclcpp_components: 16.0.7 (/opt/ros/humble/share/rclcpp_components/cmake)
[4.277s] -- Found ament_lint_auto: 0.12.9 (/opt/ros/humble/share/ament_lint_auto/cmake)
[4.328s] -- Added test 'copyright' to check source files copyright and LICENSE
[4.329s] -- Added test 'cppcheck' to perform static code analysis on C / C++ code
[4.330s] -- Configured cppcheck include dirs: /home/davide/sesasr_labs/src/examples/rclcpp/wait_set/include
[4.330s] -- Configured cppcheck exclude dirs and/or files: 
[4.331s] -- Added test 'cpplint' to check C / C++ code against the Google style
[4.331s] -- Configured cpplint exclude dirs and/or files: 
[4.331s] -- Added test 'lint_cmake' to check CMake code style
[4.332s] -- Added test 'uncrustify' to check C / C++ code style
[4.332s] -- Configured uncrustify additional arguments: 
[4.332s] -- Added test 'xmllint' to check XML markup files
[4.333s] -- Configuring done
[4.362s] -- Generating done
[4.362s] -- Build files have been written to: /home/davide/sesasr_labs/build/examples_rclcpp_wait_set
[4.749s] Invoked command in '/home/davide/sesasr_labs/build/examples_rclcpp_wait_set' returned '0': CMAKE_PREFIX_PATH=/opt/ros/humble /usr/bin/cmake /home/davide/sesasr_labs/src/examples/rclcpp/wait_set -DAMENT_CMAKE_SYMLINK_INSTALL=1 -DCMAKE_INSTALL_PREFIX=/home/davide/sesasr_labs/install/examples_rclcpp_wait_set
[4.750s] Invoking command in '/home/davide/sesasr_labs/build/examples_rclcpp_wait_set': CMAKE_PREFIX_PATH=/opt/ros/humble /usr/bin/cmake --build /home/davide/sesasr_labs/build/examples_rclcpp_wait_set -- -j8 -l8
[4.985s] [35m[1mConsolidate compiler generated dependencies of target wait_set_talker[0m
[4.985s] [35m[1mConsolidate compiler generated dependencies of target wait_set_listener[0m
[4.986s] [35m[1mConsolidate compiler generated dependencies of target listener[0m
[4.986s] [35m[1mConsolidate compiler generated dependencies of target talker[0m
[4.986s] [35m[1mConsolidate compiler generated dependencies of target wait_set[0m
[4.987s] [35m[1mConsolidate compiler generated dependencies of target thread_safe_wait_set[0m
[4.987s] [35m[1mConsolidate compiler generated dependencies of target static_wait_set[0m
[4.987s] [ 16%] Built target talker
[4.987s] [ 16%] Built target wait_set_talker
[4.988s] [ 25%] Built target wait_set_listener
[4.988s] [ 33%] Built target listener
[4.988s] [ 41%] Built target wait_set
[4.989s] [35m[1mConsolidate compiler generated dependencies of target wait_set_topics_and_timer[0m
[4.989s] [ 50%] Built target thread_safe_wait_set
[4.990s] [35m[1mConsolidate compiler generated dependencies of target wait_set_random_order[0m
[4.990s] [35m[1mConsolidate compiler generated dependencies of target executor_random_order[0m
[4.990s] [ 58%] Built target static_wait_set
[4.991s] [35m[1mConsolidate compiler generated dependencies of target wait_set_composed[0m
[4.991s] [ 66%] Built target wait_set_topics_and_timer
[4.991s] [35m[1mConsolidate compiler generated dependencies of target wait_set_topics_with_different_rates[0m
[4.991s] [ 79%] Built target wait_set_random_order
[4.991s] [ 83%] Built target executor_random_order
[4.992s] [100%] Built target wait_set_composed
[4.992s] [100%] Built target wait_set_topics_with_different_rates
[5.121s] Invoked command in '/home/davide/sesasr_labs/build/examples_rclcpp_wait_set' returned '0': CMAKE_PREFIX_PATH=/opt/ros/humble /usr/bin/cmake --build /home/davide/sesasr_labs/build/examples_rclcpp_wait_set -- -j8 -l8
[5.152s] Invoking command in '/home/davide/sesasr_labs/build/examples_rclcpp_wait_set': CMAKE_PREFIX_PATH=/opt/ros/humble /usr/bin/cmake --install /home/davide/sesasr_labs/build/examples_rclcpp_wait_set
[5.158s] -- Install configuration: ""
[5.158s] -- Execute custom install script
[5.158s] -- Up-to-date symlink: /home/davide/sesasr_labs/install/examples_rclcpp_wait_set/lib/examples_rclcpp_wait_set/wait_set_talker
[5.158s] -- Up-to-date symlink: /home/davide/sesasr_labs/install/examples_rclcpp_wait_set/lib/examples_rclcpp_wait_set/wait_set_listener
[5.158s] -- Up-to-date symlink: /home/davide/sesasr_labs/install/examples_rclcpp_wait_set/lib/libtalker.so
[5.159s] -- Up-to-date symlink: /home/davide/sesasr_labs/install/examples_rclcpp_wait_set/lib/liblistener.so
[5.159s] -- Up-to-date symlink: /home/davide/sesasr_labs/install/examples_rclcpp_wait_set/lib/examples_rclcpp_wait_set/wait_set
[5.159s] -- Up-to-date symlink: /home/davide/sesasr_labs/install/examples_rclcpp_wait_set/lib/examples_rclcpp_wait_set/static_wait_set
[5.159s] -- Up-to-date symlink: /home/davide/sesasr_labs/install/examples_rclcpp_wait_set/lib/examples_rclcpp_wait_set/thread_safe_wait_set
[5.159s] -- Up-to-date symlink: /home/davide/sesasr_labs/install/examples_rclcpp_wait_set/lib/examples_rclcpp_wait_set/wait_set_topics_and_timer
[5.159s] -- Up-to-date symlink: /home/davide/sesasr_labs/install/examples_rclcpp_wait_set/lib/examples_rclcpp_wait_set/wait_set_random_order
[5.159s] -- Up-to-date symlink: /home/davide/sesasr_labs/install/examples_rclcpp_wait_set/lib/examples_rclcpp_wait_set/executor_random_order
[5.160s] -- Up-to-date symlink: /home/davide/sesasr_labs/install/examples_rclcpp_wait_set/lib/examples_rclcpp_wait_set/wait_set_topics_with_different_rates
[5.161s] -- Up-to-date symlink: /home/davide/sesasr_labs/install/examples_rclcpp_wait_set/lib/examples_rclcpp_wait_set/wait_set_composed
[5.162s] -- Up-to-date symlink: /home/davide/sesasr_labs/install/examples_rclcpp_wait_set/share/ament_index/resource_index/package_run_dependencies/examples_rclcpp_wait_set
[5.162s] -- Up-to-date symlink: /home/davide/sesasr_labs/install/examples_rclcpp_wait_set/share/ament_index/resource_index/parent_prefix_path/examples_rclcpp_wait_set
[5.162s] -- Up-to-date symlink: /home/davide/sesasr_labs/install/examples_rclcpp_wait_set/share/examples_rclcpp_wait_set/environment/ament_prefix_path.sh
[5.162s] -- Up-to-date symlink: /home/davide/sesasr_labs/install/examples_rclcpp_wait_set/share/examples_rclcpp_wait_set/environment/ament_prefix_path.dsv
[5.162s] -- Up-to-date symlink: /home/davide/sesasr_labs/install/examples_rclcpp_wait_set/share/examples_rclcpp_wait_set/environment/path.sh
[5.162s] -- Up-to-date symlink: /home/davide/sesasr_labs/install/examples_rclcpp_wait_set/share/examples_rclcpp_wait_set/environment/path.dsv
[5.162s] -- Up-to-date symlink: /home/davide/sesasr_labs/install/examples_rclcpp_wait_set/share/examples_rclcpp_wait_set/local_setup.bash
[5.162s] -- Up-to-date symlink: /home/davide/sesasr_labs/install/examples_rclcpp_wait_set/share/examples_rclcpp_wait_set/local_setup.sh
[5.162s] -- Up-to-date symlink: /home/davide/sesasr_labs/install/examples_rclcpp_wait_set/share/examples_rclcpp_wait_set/local_setup.zsh
[5.162s] -- Up-to-date symlink: /home/davide/sesasr_labs/install/examples_rclcpp_wait_set/share/examples_rclcpp_wait_set/local_setup.dsv
[5.162s] -- Symlinking: /home/davide/sesasr_labs/install/examples_rclcpp_wait_set/share/examples_rclcpp_wait_set/package.dsv
[5.178s] -- Up-to-date symlink: /home/davide/sesasr_labs/install/examples_rclcpp_wait_set/share/ament_index/resource_index/packages/examples_rclcpp_wait_set
[5.178s] -- Up-to-date symlink: /home/davide/sesasr_labs/install/examples_rclcpp_wait_set/share/ament_index/resource_index/rclcpp_components/examples_rclcpp_wait_set
[5.178s] -- Up-to-date symlink: /home/davide/sesasr_labs/install/examples_rclcpp_wait_set/share/examples_rclcpp_wait_set/cmake/examples_rclcpp_wait_setConfig.cmake
[5.178s] -- Up-to-date symlink: /home/davide/sesasr_labs/install/examples_rclcpp_wait_set/share/examples_rclcpp_wait_set/cmake/examples_rclcpp_wait_setConfig-version.cmake
[5.178s] -- Up-to-date symlink: /home/davide/sesasr_labs/install/examples_rclcpp_wait_set/share/examples_rclcpp_wait_set/package.xml
[5.193s] Invoked command in '/home/davide/sesasr_labs/build/examples_rclcpp_wait_set' returned '0': CMAKE_PREFIX_PATH=/opt/ros/humble /usr/bin/cmake --install /home/davide/sesasr_labs/build/examples_rclcpp_wait_set
