[1.528s] Invoking command in '/home/davide/sesasr_labs/build/examples_rclpy_executors': PYTHONPATH=/home/davide/sesasr_labs/build/examples_rclpy_executors/prefix_override:/home/davide/sesasr_labs/install/examples_rclpy_executors/lib/python3.10/site-packages:${PYTHONPATH} /usr/bin/python3 setup.py develop --editable --build-directory /home/davide/sesasr_labs/build/examples_rclpy_executors/build --no-deps install_data
[1.782s] running develop
[1.783s] /usr/lib/python3/dist-packages/setuptools/command/easy_install.py:158: EasyInstallDeprecationWarning: easy_install command is deprecated. Use build and pip and other standards-based tools.
[1.783s]   warnings.warn(
[1.783s] /usr/lib/python3/dist-packages/setuptools/command/install.py:34: SetuptoolsDeprecationWarning: setup.py install is deprecated. Use build and pip and other standards-based tools.
[1.783s]   warnings.warn(
[1.935s] running egg_info
[1.936s] writing examples_rclpy_executors.egg-info/PKG-INFO
[1.936s] writing dependency_links to examples_rclpy_executors.egg-info/dependency_links.txt
[1.936s] writing entry points to examples_rclpy_executors.egg-info/entry_points.txt
[1.936s] writing requirements to examples_rclpy_executors.egg-info/requires.txt
[1.937s] writing top-level names to examples_rclpy_executors.egg-info/top_level.txt
[1.938s] reading manifest file 'examples_rclpy_executors.egg-info/SOURCES.txt'
[1.939s] writing manifest file 'examples_rclpy_executors.egg-info/SOURCES.txt'
[1.941s] running build_ext
[1.941s] Creating /home/davide/sesasr_labs/install/examples_rclpy_executors/lib/python3.10/site-packages/examples-rclpy-executors.egg-link (link to .)
[1.942s] Installing callback_group script to /home/davide/sesasr_labs/install/examples_rclpy_executors/lib/examples_rclpy_executors
[1.942s] Installing composed script to /home/davide/sesasr_labs/install/examples_rclpy_executors/lib/examples_rclpy_executors
[1.942s] Installing custom_callback_group script to /home/davide/sesasr_labs/install/examples_rclpy_executors/lib/examples_rclpy_executors
[1.942s] Installing custom_executor script to /home/davide/sesasr_labs/install/examples_rclpy_executors/lib/examples_rclpy_executors
[1.942s] Installing listener script to /home/davide/sesasr_labs/install/examples_rclpy_executors/lib/examples_rclpy_executors
[1.943s] Installing talker script to /home/davide/sesasr_labs/install/examples_rclpy_executors/lib/examples_rclpy_executors
[1.943s] 
[1.943s] Installed /home/davide/sesasr_labs/build/examples_rclpy_executors
[1.943s] running install_data
[2.218s] Invoked command in '/home/davide/sesasr_labs/build/examples_rclpy_executors' returned '0': PYTHONPATH=/home/davide/sesasr_labs/build/examples_rclpy_executors/prefix_override:/home/davide/sesasr_labs/install/examples_rclpy_executors/lib/python3.10/site-packages:${PYTHONPATH} /usr/bin/python3 setup.py develop --editable --build-directory /home/davide/sesasr_labs/build/examples_rclpy_executors/build --no-deps install_data
