[0.288s] Invoking command in '/home/davide/sesasr_labs/build/examples_rclcpp_cbg_executor': CMAKE_PREFIX_PATH=/opt/ros/humble /usr/bin/cmake /home/davide/sesasr_labs/src/examples/rclcpp/executors/cbg_executor -DAMENT_CMAKE_SYMLINK_INSTALL=1 -DCMAKE_INSTALL_PREFIX=/home/davide/sesasr_labs/install/examples_rclcpp_cbg_executor
[0.479s] -- The C compiler identification is GNU 11.4.0
[0.818s] -- The CXX compiler identification is GNU 11.4.0
[1.149s] -- Detecting C compiler ABI info
[1.283s] -- Detecting C compiler ABI info - done
[1.285s] -- Check for working C compiler: /usr/bin/cc - skipped
[1.285s] -- Detecting C compile features
[1.285s] -- Detecting C compile features - done
[1.289s] -- Detecting CXX compiler ABI info
[1.415s] -- Detecting CXX compiler ABI info - done
[1.421s] -- Check for working CXX compiler: /usr/bin/c++ - skipped
[1.421s] -- Detecting CXX compile features
[1.421s] -- Detecting CXX compile features - done
[1.423s] -- Found ament_cmake: 1.3.6 (/opt/ros/humble/share/ament_cmake/cmake)
[1.564s] -- Found Python3: /usr/bin/python3.10 (found version "3.10.12") found components: Interpreter 
[1.620s] -- Override CMake install command with custom implementation using symlinks instead of copying resources
[1.636s] -- Found rclcpp: 16.0.7 (/opt/ros/humble/share/rclcpp/cmake)
[1.773s] -- Found rosidl_generator_c: 3.1.5 (/opt/ros/humble/share/rosidl_generator_c/cmake)
[1.776s] -- Found rosidl_adapter: 3.1.5 (/opt/ros/humble/share/rosidl_adapter/cmake)
[1.782s] -- Found rosidl_generator_cpp: 3.1.5 (/opt/ros/humble/share/rosidl_generator_cpp/cmake)
[1.793s] -- Using all available rosidl_typesupport_c: rosidl_typesupport_fastrtps_c;rosidl_typesupport_introspection_c
[1.809s] -- Using all available rosidl_typesupport_cpp: rosidl_typesupport_fastrtps_cpp;rosidl_typesupport_introspection_cpp
[1.880s] -- Found rmw_implementation_cmake: 6.1.1 (/opt/ros/humble/share/rmw_implementation_cmake/cmake)
[1.883s] -- Found rmw_fastrtps_cpp: 6.2.5 (/opt/ros/humble/share/rmw_fastrtps_cpp/cmake)
[2.514s] -- Found OpenSSL: /usr/lib/x86_64-linux-gnu/libcrypto.so (found version "3.0.2")  
[3.506s] -- Found FastRTPS: /opt/ros/humble/include  
[5.497s] -- Using RMW implementation 'rmw_fastrtps_cpp' as default
[5.503s] -- Looking for pthread.h
[5.629s] -- Looking for pthread.h - found
[5.634s] -- Performing Test CMAKE_HAVE_LIBC_PTHREAD
[5.760s] -- Performing Test CMAKE_HAVE_LIBC_PTHREAD - Success
[5.760s] -- Found Threads: TRUE  
[5.917s] -- Found ament_lint_auto: 0.12.9 (/opt/ros/humble/share/ament_lint_auto/cmake)
[6.030s] -- Added test 'copyright' to check source files copyright and LICENSE
[6.032s] -- Added test 'cppcheck' to perform static code analysis on C / C++ code
[6.032s] -- Configured cppcheck include dirs: /home/davide/sesasr_labs/src/examples/rclcpp/executors/cbg_executor/include
[6.032s] -- Configured cppcheck exclude dirs and/or files: 
[6.034s] -- Added test 'cpplint' to check C / C++ code against the Google style
[6.034s] -- Configured cpplint exclude dirs and/or files: 
[6.034s] -- Added test 'lint_cmake' to check CMake code style
[6.035s] -- Added test 'uncrustify' to check C / C++ code style
[6.035s] -- Configured uncrustify additional arguments: 
[6.036s] -- Added test 'xmllint' to check XML markup files
[6.039s] -- Configuring done
[6.055s] -- Generating done
[6.057s] -- Build files have been written to: /home/davide/sesasr_labs/build/examples_rclcpp_cbg_executor
[6.073s] Invoked command in '/home/davide/sesasr_labs/build/examples_rclcpp_cbg_executor' returned '0': CMAKE_PREFIX_PATH=/opt/ros/humble /usr/bin/cmake /home/davide/sesasr_labs/src/examples/rclcpp/executors/cbg_executor -DAMENT_CMAKE_SYMLINK_INSTALL=1 -DCMAKE_INSTALL_PREFIX=/home/davide/sesasr_labs/install/examples_rclcpp_cbg_executor
[6.074s] Invoking command in '/home/davide/sesasr_labs/build/examples_rclcpp_cbg_executor': CMAKE_PREFIX_PATH=/opt/ros/humble /usr/bin/cmake --build /home/davide/sesasr_labs/build/examples_rclcpp_cbg_executor -- -j8 -l8
[6.574s] [ 10%] [32mBuilding CXX object CMakeFiles/pong.dir/src/examples_rclcpp_cbg_executor/pong_node.cpp.o[0m
[6.574s] [ 20%] [32mBuilding CXX object CMakeFiles/pong.dir/src/pong.cpp.o[0m
[6.574s] [ 30%] [32mBuilding CXX object CMakeFiles/ping_pong.dir/src/ping_pong.cpp.o[0m
[6.574s] [ 40%] [32mBuilding CXX object CMakeFiles/ping_pong.dir/src/examples_rclcpp_cbg_executor/pong_node.cpp.o[0m
[6.574s] [ 50%] [32mBuilding CXX object CMakeFiles/ping_pong.dir/src/examples_rclcpp_cbg_executor/ping_node.cpp.o[0m
[6.574s] [ 60%] [32mBuilding CXX object CMakeFiles/ping.dir/src/ping.cpp.o[0m
[6.574s] [ 70%] [32mBuilding CXX object CMakeFiles/ping.dir/src/examples_rclcpp_cbg_executor/ping_node.cpp.o[0m
[23.559s] [ 80%] [32m[1mLinking CXX executable pong[0m
[24.215s] [ 80%] Built target pong
[24.437s] [ 90%] [32m[1mLinking CXX executable ping_pong[0m
[24.579s] [100%] [32m[1mLinking CXX executable ping[0m
[25.232s] [100%] Built target ping
[25.368s] [100%] Built target ping_pong
[25.478s] Invoked command in '/home/davide/sesasr_labs/build/examples_rclcpp_cbg_executor' returned '0': CMAKE_PREFIX_PATH=/opt/ros/humble /usr/bin/cmake --build /home/davide/sesasr_labs/build/examples_rclcpp_cbg_executor -- -j8 -l8
[25.697s] Invoking command in '/home/davide/sesasr_labs/build/examples_rclcpp_cbg_executor': CMAKE_PREFIX_PATH=/opt/ros/humble /usr/bin/cmake --install /home/davide/sesasr_labs/build/examples_rclcpp_cbg_executor
[26.039s] -- Install configuration: ""
[26.039s] -- Execute custom install script
[26.039s] -- Symlinking: /home/davide/sesasr_labs/install/examples_rclcpp_cbg_executor/lib/examples_rclcpp_cbg_executor/ping
[26.039s] -- Symlinking: /home/davide/sesasr_labs/install/examples_rclcpp_cbg_executor/lib/examples_rclcpp_cbg_executor/pong
[26.039s] -- Symlinking: /home/davide/sesasr_labs/install/examples_rclcpp_cbg_executor/lib/examples_rclcpp_cbg_executor/ping_pong
[26.039s] -- Symlinking: /home/davide/sesasr_labs/install/examples_rclcpp_cbg_executor/include/examples_rclcpp_cbg_executor/ping_node.hpp
[26.039s] -- Symlinking: /home/davide/sesasr_labs/install/examples_rclcpp_cbg_executor/include/examples_rclcpp_cbg_executor/pong_node.hpp
[26.039s] -- Symlinking: /home/davide/sesasr_labs/install/examples_rclcpp_cbg_executor/share/ament_index/resource_index/package_run_dependencies/examples_rclcpp_cbg_executor
[26.039s] -- Symlinking: /home/davide/sesasr_labs/install/examples_rclcpp_cbg_executor/share/ament_index/resource_index/parent_prefix_path/examples_rclcpp_cbg_executor
[26.039s] -- Symlinking: /home/davide/sesasr_labs/install/examples_rclcpp_cbg_executor/share/examples_rclcpp_cbg_executor/environment/ament_prefix_path.sh
[26.039s] -- Symlinking: /home/davide/sesasr_labs/install/examples_rclcpp_cbg_executor/share/examples_rclcpp_cbg_executor/environment/ament_prefix_path.dsv
[26.040s] -- Symlinking: /home/davide/sesasr_labs/install/examples_rclcpp_cbg_executor/share/examples_rclcpp_cbg_executor/environment/path.sh
[26.040s] -- Symlinking: /home/davide/sesasr_labs/install/examples_rclcpp_cbg_executor/share/examples_rclcpp_cbg_executor/environment/path.dsv
[26.040s] -- Symlinking: /home/davide/sesasr_labs/install/examples_rclcpp_cbg_executor/share/examples_rclcpp_cbg_executor/local_setup.bash
[26.040s] -- Symlinking: /home/davide/sesasr_labs/install/examples_rclcpp_cbg_executor/share/examples_rclcpp_cbg_executor/local_setup.sh
[26.040s] -- Symlinking: /home/davide/sesasr_labs/install/examples_rclcpp_cbg_executor/share/examples_rclcpp_cbg_executor/local_setup.zsh
[26.040s] -- Symlinking: /home/davide/sesasr_labs/install/examples_rclcpp_cbg_executor/share/examples_rclcpp_cbg_executor/local_setup.dsv
[26.040s] -- Symlinking: /home/davide/sesasr_labs/install/examples_rclcpp_cbg_executor/share/examples_rclcpp_cbg_executor/package.dsv
[26.040s] -- Symlinking: /home/davide/sesasr_labs/install/examples_rclcpp_cbg_executor/share/ament_index/resource_index/packages/examples_rclcpp_cbg_executor
[26.040s] -- Symlinking: /home/davide/sesasr_labs/install/examples_rclcpp_cbg_executor/share/examples_rclcpp_cbg_executor/cmake/ament_cmake_export_dependencies-extras.cmake
[26.040s] -- Symlinking: /home/davide/sesasr_labs/install/examples_rclcpp_cbg_executor/share/examples_rclcpp_cbg_executor/cmake/examples_rclcpp_cbg_executorConfig.cmake
[26.040s] -- Symlinking: /home/davide/sesasr_labs/install/examples_rclcpp_cbg_executor/share/examples_rclcpp_cbg_executor/cmake/examples_rclcpp_cbg_executorConfig-version.cmake
[26.040s] -- Symlinking: /home/davide/sesasr_labs/install/examples_rclcpp_cbg_executor/share/examples_rclcpp_cbg_executor/package.xml
[27.043s] Invoked command in '/home/davide/sesasr_labs/build/examples_rclcpp_cbg_executor' returned '0': CMAKE_PREFIX_PATH=/opt/ros/humble /usr/bin/cmake --install /home/davide/sesasr_labs/build/examples_rclcpp_cbg_executor
