[1.186s] Invoking command in '/home/davide/sesasr_labs/build/examples_rclpy_minimal_action_client': PYTHONPATH=/home/davide/sesasr_labs/build/examples_rclpy_minimal_action_client/prefix_override:/home/davide/sesasr_labs/install/examples_rclpy_minimal_action_client/lib/python3.10/site-packages:${PYTHONPATH} /usr/bin/python3 setup.py develop --uninstall --editable --build-directory /home/davide/sesasr_labs/build/examples_rclpy_minimal_action_client/build
[1.448s] running develop
[1.449s] /usr/lib/python3/dist-packages/setuptools/command/easy_install.py:158: EasyInstallDeprecationWarning: easy_install command is deprecated. Use build and pip and other standards-based tools.
[1.449s]   warnings.warn(
[1.450s] /usr/lib/python3/dist-packages/setuptools/command/install.py:34: SetuptoolsDeprecationWarning: setup.py install is deprecated. Use build and pip and other standards-based tools.
[1.450s]   warnings.warn(
[1.618s] Removing /home/davide/sesasr_labs/install/examples_rclpy_minimal_action_client/lib/python3.10/site-packages/examples-rclpy-minimal-action-client.egg-link (link to .)
[1.662s] Invoked command in '/home/davide/sesasr_labs/build/examples_rclpy_minimal_action_client' returned '0': PYTHONPATH=/home/davide/sesasr_labs/build/examples_rclpy_minimal_action_client/prefix_override:/home/davide/sesasr_labs/install/examples_rclpy_minimal_action_client/lib/python3.10/site-packages:${PYTHONPATH} /usr/bin/python3 setup.py develop --uninstall --editable --build-directory /home/davide/sesasr_labs/build/examples_rclpy_minimal_action_client/build
[1.686s] Invoking command in '/home/davide/sesasr_labs/src/examples/rclpy/actions/minimal_action_client': PYTHONPATH=/home/davide/sesasr_labs/build/examples_rclpy_minimal_action_client/prefix_override:/home/davide/sesasr_labs/install/examples_rclpy_minimal_action_client/lib/python3.10/site-packages:${PYTHONPATH} /usr/bin/python3 setup.py egg_info --egg-base ../../../../../build/examples_rclpy_minimal_action_client build --build-base /home/davide/sesasr_labs/build/examples_rclpy_minimal_action_client/build install --record /home/davide/sesasr_labs/build/examples_rclpy_minimal_action_client/install.log --single-version-externally-managed
[1.907s] running egg_info
[1.909s] writing ../../../../../build/examples_rclpy_minimal_action_client/examples_rclpy_minimal_action_client.egg-info/PKG-INFO
[1.909s] writing dependency_links to ../../../../../build/examples_rclpy_minimal_action_client/examples_rclpy_minimal_action_client.egg-info/dependency_links.txt
[1.910s] writing entry points to ../../../../../build/examples_rclpy_minimal_action_client/examples_rclpy_minimal_action_client.egg-info/entry_points.txt
[1.911s] writing requirements to ../../../../../build/examples_rclpy_minimal_action_client/examples_rclpy_minimal_action_client.egg-info/requires.txt
[1.912s] writing top-level names to ../../../../../build/examples_rclpy_minimal_action_client/examples_rclpy_minimal_action_client.egg-info/top_level.txt
[1.913s] reading manifest file '../../../../../build/examples_rclpy_minimal_action_client/examples_rclpy_minimal_action_client.egg-info/SOURCES.txt'
[1.913s] writing manifest file '../../../../../build/examples_rclpy_minimal_action_client/examples_rclpy_minimal_action_client.egg-info/SOURCES.txt'
[1.913s] running build
[1.913s] running build_py
[1.914s] /usr/lib/python3/dist-packages/setuptools/command/install.py:34: SetuptoolsDeprecationWarning: setup.py install is deprecated. Use build and pip and other standards-based tools.
[1.914s]   warnings.warn(
[1.915s] running install
[1.915s] running install_lib
[1.916s] creating /home/davide/sesasr_labs/install/examples_rclpy_minimal_action_client/lib/python3.10/site-packages/examples_rclpy_minimal_action_client
[1.917s] copying /home/davide/sesasr_labs/build/examples_rclpy_minimal_action_client/build/lib/examples_rclpy_minimal_action_client/client_cancel.py -> /home/davide/sesasr_labs/install/examples_rclpy_minimal_action_client/lib/python3.10/site-packages/examples_rclpy_minimal_action_client
[1.917s] copying /home/davide/sesasr_labs/build/examples_rclpy_minimal_action_client/build/lib/examples_rclpy_minimal_action_client/client.py -> /home/davide/sesasr_labs/install/examples_rclpy_minimal_action_client/lib/python3.10/site-packages/examples_rclpy_minimal_action_client
[1.918s] copying /home/davide/sesasr_labs/build/examples_rclpy_minimal_action_client/build/lib/examples_rclpy_minimal_action_client/client_asyncio.py -> /home/davide/sesasr_labs/install/examples_rclpy_minimal_action_client/lib/python3.10/site-packages/examples_rclpy_minimal_action_client
[1.919s] copying /home/davide/sesasr_labs/build/examples_rclpy_minimal_action_client/build/lib/examples_rclpy_minimal_action_client/__init__.py -> /home/davide/sesasr_labs/install/examples_rclpy_minimal_action_client/lib/python3.10/site-packages/examples_rclpy_minimal_action_client
[1.919s] copying /home/davide/sesasr_labs/build/examples_rclpy_minimal_action_client/build/lib/examples_rclpy_minimal_action_client/client_not_composable.py -> /home/davide/sesasr_labs/install/examples_rclpy_minimal_action_client/lib/python3.10/site-packages/examples_rclpy_minimal_action_client
[1.919s] byte-compiling /home/davide/sesasr_labs/install/examples_rclpy_minimal_action_client/lib/python3.10/site-packages/examples_rclpy_minimal_action_client/client_cancel.py to client_cancel.cpython-310.pyc
[1.920s] byte-compiling /home/davide/sesasr_labs/install/examples_rclpy_minimal_action_client/lib/python3.10/site-packages/examples_rclpy_minimal_action_client/client.py to client.cpython-310.pyc
[1.920s] byte-compiling /home/davide/sesasr_labs/install/examples_rclpy_minimal_action_client/lib/python3.10/site-packages/examples_rclpy_minimal_action_client/client_asyncio.py to client_asyncio.cpython-310.pyc
[1.921s] byte-compiling /home/davide/sesasr_labs/install/examples_rclpy_minimal_action_client/lib/python3.10/site-packages/examples_rclpy_minimal_action_client/__init__.py to __init__.cpython-310.pyc
[1.921s] byte-compiling /home/davide/sesasr_labs/install/examples_rclpy_minimal_action_client/lib/python3.10/site-packages/examples_rclpy_minimal_action_client/client_not_composable.py to client_not_composable.cpython-310.pyc
[1.921s] running install_data
[1.921s] running install_egg_info
[1.922s] Copying ../../../../../build/examples_rclpy_minimal_action_client/examples_rclpy_minimal_action_client.egg-info to /home/davide/sesasr_labs/install/examples_rclpy_minimal_action_client/lib/python3.10/site-packages/examples_rclpy_minimal_action_client-0.15.1-py3.10.egg-info
[1.922s] running install_scripts
[1.945s] Installing client script to /home/davide/sesasr_labs/install/examples_rclpy_minimal_action_client/lib/examples_rclpy_minimal_action_client
[1.945s] Installing client_asyncio script to /home/davide/sesasr_labs/install/examples_rclpy_minimal_action_client/lib/examples_rclpy_minimal_action_client
[1.945s] Installing client_cancel script to /home/davide/sesasr_labs/install/examples_rclpy_minimal_action_client/lib/examples_rclpy_minimal_action_client
[1.945s] Installing client_not_composable script to /home/davide/sesasr_labs/install/examples_rclpy_minimal_action_client/lib/examples_rclpy_minimal_action_client
[1.946s] writing list of installed files to '/home/davide/sesasr_labs/build/examples_rclpy_minimal_action_client/install.log'
[2.633s] Invoked command in '/home/davide/sesasr_labs/src/examples/rclpy/actions/minimal_action_client' returned '0': PYTHONPATH=/home/davide/sesasr_labs/build/examples_rclpy_minimal_action_client/prefix_override:/home/davide/sesasr_labs/install/examples_rclpy_minimal_action_client/lib/python3.10/site-packages:${PYTHONPATH} /usr/bin/python3 setup.py egg_info --egg-base ../../../../../build/examples_rclpy_minimal_action_client build --build-base /home/davide/sesasr_labs/build/examples_rclpy_minimal_action_client/build install --record /home/davide/sesasr_labs/build/examples_rclpy_minimal_action_client/install.log --single-version-externally-managed
