[2.126s] Invoking command in '/home/davide/sesasr_labs/build/examples_rclpy_executors': PYTHONPATH=/home/davide/sesasr_labs/build/examples_rclpy_executors/prefix_override:/home/davide/sesasr_labs/install/examples_rclpy_executors/lib/python3.10/site-packages:${PYTHONPATH} /usr/bin/python3 setup.py develop --editable --build-directory /home/davide/sesasr_labs/build/examples_rclpy_executors/build --no-deps install_data
[4.594s] running develop
[4.594s] running egg_info
[4.594s] creating examples_rclpy_executors.egg-info
[4.594s] writing examples_rclpy_executors.egg-info/PKG-INFO
[4.594s] writing dependency_links to examples_rclpy_executors.egg-info/dependency_links.txt
[4.594s] writing entry points to examples_rclpy_executors.egg-info/entry_points.txt
[4.594s] writing requirements to examples_rclpy_executors.egg-info/requires.txt
[4.595s] writing top-level names to examples_rclpy_executors.egg-info/top_level.txt
[4.595s] writing manifest file 'examples_rclpy_executors.egg-info/SOURCES.txt'
[4.595s] reading manifest file 'examples_rclpy_executors.egg-info/SOURCES.txt'
[4.595s] writing manifest file 'examples_rclpy_executors.egg-info/SOURCES.txt'
[4.595s] running build_ext
[4.595s] Creating /home/davide/sesasr_labs/install/examples_rclpy_executors/lib/python3.10/site-packages/examples-rclpy-executors.egg-link (link to .)
[4.595s] Installing callback_group script to /home/davide/sesasr_labs/install/examples_rclpy_executors/lib/examples_rclpy_executors
[4.595s] Installing composed script to /home/davide/sesasr_labs/install/examples_rclpy_executors/lib/examples_rclpy_executors
[4.595s] Installing custom_callback_group script to /home/davide/sesasr_labs/install/examples_rclpy_executors/lib/examples_rclpy_executors
[4.595s] Installing custom_executor script to /home/davide/sesasr_labs/install/examples_rclpy_executors/lib/examples_rclpy_executors
[4.595s] Installing listener script to /home/davide/sesasr_labs/install/examples_rclpy_executors/lib/examples_rclpy_executors
[4.595s] Installing talker script to /home/davide/sesasr_labs/install/examples_rclpy_executors/lib/examples_rclpy_executors
[4.595s] 
[4.595s] Installed /home/davide/sesasr_labs/build/examples_rclpy_executors
[4.595s] running install_data
[4.595s] creating /home/davide/sesasr_labs/install/examples_rclpy_executors/share/ament_index
[4.595s] creating /home/davide/sesasr_labs/install/examples_rclpy_executors/share/ament_index/resource_index
[4.595s] creating /home/davide/sesasr_labs/install/examples_rclpy_executors/share/ament_index/resource_index/packages
[4.595s] copying resource/examples_rclpy_executors -> /home/davide/sesasr_labs/install/examples_rclpy_executors/share/ament_index/resource_index/packages
[4.595s] copying package.xml -> /home/davide/sesasr_labs/install/examples_rclpy_executors/share/examples_rclpy_executors
[4.595s] /usr/lib/python3/dist-packages/setuptools/command/easy_install.py:158: EasyInstallDeprecationWarning: easy_install command is deprecated. Use build and pip and other standards-based tools.
[4.596s]   warnings.warn(
[4.596s] /usr/lib/python3/dist-packages/setuptools/command/install.py:34: SetuptoolsDeprecationWarning: setup.py install is deprecated. Use build and pip and other standards-based tools.
[4.596s]   warnings.warn(
[4.613s] Invoked command in '/home/davide/sesasr_labs/build/examples_rclpy_executors' returned '0': PYTHONPATH=/home/davide/sesasr_labs/build/examples_rclpy_executors/prefix_override:/home/davide/sesasr_labs/install/examples_rclpy_executors/lib/python3.10/site-packages:${PYTHONPATH} /usr/bin/python3 setup.py develop --editable --build-directory /home/davide/sesasr_labs/build/examples_rclpy_executors/build --no-deps install_data
