[1.791s] Invoking command in '/home/davide/sesasr_labs/src/examples/rclpy/actions/minimal_action_client': PYTHONPATH=/home/davide/sesasr_labs/build/examples_rclpy_minimal_action_client/prefix_override:/home/davide/sesasr_labs/install/examples_rclpy_minimal_action_client/lib/python3.10/site-packages:${PYTHONPATH} /usr/bin/python3 setup.py egg_info --egg-base ../../../../../build/examples_rclpy_minimal_action_client build --build-base /home/davide/sesasr_labs/build/examples_rclpy_minimal_action_client/build install --record /home/davide/sesasr_labs/build/examples_rclpy_minimal_action_client/install.log --single-version-externally-managed
[1.973s] running egg_info
[1.973s] writing ../../../../../build/examples_rclpy_minimal_action_client/examples_rclpy_minimal_action_client.egg-info/PKG-INFO
[1.974s] writing dependency_links to ../../../../../build/examples_rclpy_minimal_action_client/examples_rclpy_minimal_action_client.egg-info/dependency_links.txt
[1.974s] writing entry points to ../../../../../build/examples_rclpy_minimal_action_client/examples_rclpy_minimal_action_client.egg-info/entry_points.txt
[1.974s] writing requirements to ../../../../../build/examples_rclpy_minimal_action_client/examples_rclpy_minimal_action_client.egg-info/requires.txt
[1.974s] writing top-level names to ../../../../../build/examples_rclpy_minimal_action_client/examples_rclpy_minimal_action_client.egg-info/top_level.txt
[1.975s] reading manifest file '../../../../../build/examples_rclpy_minimal_action_client/examples_rclpy_minimal_action_client.egg-info/SOURCES.txt'
[1.976s] writing manifest file '../../../../../build/examples_rclpy_minimal_action_client/examples_rclpy_minimal_action_client.egg-info/SOURCES.txt'
[1.976s] running build
[1.976s] running build_py
[1.977s] running install
[1.977s] /usr/lib/python3/dist-packages/setuptools/command/install.py:34: SetuptoolsDeprecationWarning: setup.py install is deprecated. Use build and pip and other standards-based tools.
[1.977s]   warnings.warn(
[1.977s] running install_lib
[1.978s] running install_data
[1.979s] running install_egg_info
[1.980s] removing '/home/davide/sesasr_labs/install/examples_rclpy_minimal_action_client/lib/python3.10/site-packages/examples_rclpy_minimal_action_client-0.15.1-py3.10.egg-info' (and everything under it)
[1.980s] Copying ../../../../../build/examples_rclpy_minimal_action_client/examples_rclpy_minimal_action_client.egg-info to /home/davide/sesasr_labs/install/examples_rclpy_minimal_action_client/lib/python3.10/site-packages/examples_rclpy_minimal_action_client-0.15.1-py3.10.egg-info
[1.981s] running install_scripts
[1.999s] Installing client script to /home/davide/sesasr_labs/install/examples_rclpy_minimal_action_client/lib/examples_rclpy_minimal_action_client
[1.999s] Installing client_asyncio script to /home/davide/sesasr_labs/install/examples_rclpy_minimal_action_client/lib/examples_rclpy_minimal_action_client
[1.999s] Installing client_cancel script to /home/davide/sesasr_labs/install/examples_rclpy_minimal_action_client/lib/examples_rclpy_minimal_action_client
[1.999s] Installing client_not_composable script to /home/davide/sesasr_labs/install/examples_rclpy_minimal_action_client/lib/examples_rclpy_minimal_action_client
[2.000s] writing list of installed files to '/home/davide/sesasr_labs/build/examples_rclpy_minimal_action_client/install.log'
[2.771s] Invoked command in '/home/davide/sesasr_labs/src/examples/rclpy/actions/minimal_action_client' returned '0': PYTHONPATH=/home/davide/sesasr_labs/build/examples_rclpy_minimal_action_client/prefix_override:/home/davide/sesasr_labs/install/examples_rclpy_minimal_action_client/lib/python3.10/site-packages:${PYTHONPATH} /usr/bin/python3 setup.py egg_info --egg-base ../../../../../build/examples_rclpy_minimal_action_client build --build-base /home/davide/sesasr_labs/build/examples_rclpy_minimal_action_client/build install --record /home/davide/sesasr_labs/build/examples_rclpy_minimal_action_client/install.log --single-version-externally-managed
