[1.272s] Invoking command in '/home/davide/sesasr_labs/build/examples_rclpy_minimal_client': PYTHONPATH=/home/davide/sesasr_labs/build/examples_rclpy_minimal_client/prefix_override:/home/davide/sesasr_labs/install/examples_rclpy_minimal_client/lib/python3.10/site-packages:${PYTHONPATH} /usr/bin/python3 setup.py develop --editable --build-directory /home/davide/sesasr_labs/build/examples_rclpy_minimal_client/build --no-deps install_data
[1.986s] running develop
[1.987s] running egg_info
[1.987s] writing examples_rclpy_minimal_client.egg-info/PKG-INFO
[1.987s] writing dependency_links to examples_rclpy_minimal_client.egg-info/dependency_links.txt
[1.988s] writing entry points to examples_rclpy_minimal_client.egg-info/entry_points.txt
[1.988s] writing requirements to examples_rclpy_minimal_client.egg-info/requires.txt
[1.988s] writing top-level names to examples_rclpy_minimal_client.egg-info/top_level.txt
[1.988s] reading manifest file 'examples_rclpy_minimal_client.egg-info/SOURCES.txt'
[1.988s] writing manifest file 'examples_rclpy_minimal_client.egg-info/SOURCES.txt'
[1.988s] running build_ext
[1.988s] Creating /home/davide/sesasr_labs/install/examples_rclpy_minimal_client/lib/python3.10/site-packages/examples-rclpy-minimal-client.egg-link (link to .)
[1.989s] Installing client script to /home/davide/sesasr_labs/install/examples_rclpy_minimal_client/lib/examples_rclpy_minimal_client
[1.989s] Installing client_async script to /home/davide/sesasr_labs/install/examples_rclpy_minimal_client/lib/examples_rclpy_minimal_client
[1.989s] Installing client_async_callback script to /home/davide/sesasr_labs/install/examples_rclpy_minimal_client/lib/examples_rclpy_minimal_client
[1.989s] Installing client_async_member_function script to /home/davide/sesasr_labs/install/examples_rclpy_minimal_client/lib/examples_rclpy_minimal_client
[1.989s] 
[1.990s] Installed /home/davide/sesasr_labs/build/examples_rclpy_minimal_client
[1.990s] running install_data
[1.990s] /usr/lib/python3/dist-packages/setuptools/command/easy_install.py:158: EasyInstallDeprecationWarning: easy_install command is deprecated. Use build and pip and other standards-based tools.
[1.990s]   warnings.warn(
[1.991s] /usr/lib/python3/dist-packages/setuptools/command/install.py:34: SetuptoolsDeprecationWarning: setup.py install is deprecated. Use build and pip and other standards-based tools.
[1.991s]   warnings.warn(
[2.082s] Invoked command in '/home/davide/sesasr_labs/build/examples_rclpy_minimal_client' returned '0': PYTHONPATH=/home/davide/sesasr_labs/build/examples_rclpy_minimal_client/prefix_override:/home/davide/sesasr_labs/install/examples_rclpy_minimal_client/lib/python3.10/site-packages:${PYTHONPATH} /usr/bin/python3 setup.py develop --editable --build-directory /home/davide/sesasr_labs/build/examples_rclpy_minimal_client/build --no-deps install_data
