[0.231s] Invoking command in '/home/davide/sesasr_labs/build/turtlebot3_hardware': AMENT_PREFIX_PATH=/home/davide/sesasr_labs/install/dynamixel_sdk:${AMENT_PREFIX_PATH} CMAKE_PREFIX_PATH=/home/davide/sesasr_labs/install/dynamixel_sdk:/home/davide/sesasr_labs/install/turtlesim:/home/davide/sesasr_labs/install/examples_rclcpp_wait_set:/home/davide/sesasr_labs/install/examples_rclcpp_multithreaded_executor:/home/davide/sesasr_labs/install/examples_rclcpp_minimal_timer:/home/davide/sesasr_labs/install/examples_rclcpp_minimal_subscriber:/home/davide/sesasr_labs/install/examples_rclcpp_minimal_service:/home/davide/sesasr_labs/install/examples_rclcpp_minimal_publisher:/home/davide/sesasr_labs/install/examples_rclcpp_minimal_composition:/home/davide/sesasr_labs/install/examples_rclcpp_minimal_client:/home/davide/sesasr_labs/install/examples_rclcpp_minimal_action_server:/home/davide/sesasr_labs/install/examples_rclcpp_minimal_action_client:/home/davide/sesasr_labs/install/examples_rclcpp_cbg_executor:/home/davide/sesasr_labs/install/examples_rclcpp_async_client:/home/davide/sesasr_labs/install/my_package:/home/davide/sesasr_labs/install/launch_testing_examples:/home/davide/sesasr_labs/install/examples_rclpy_pointcloud_publisher:/home/davide/sesasr_labs/install/examples_rclpy_minimal_subscriber:/home/davide/sesasr_labs/install/examples_rclpy_minimal_service:/home/davide/sesasr_labs/install/examples_rclpy_minimal_publisher:/home/davide/sesasr_labs/install/examples_rclpy_minimal_client:/home/davide/sesasr_labs/install/examples_rclpy_minimal_action_server:/home/davide/sesasr_labs/install/examples_rclpy_minimal_action_client:/home/davide/sesasr_labs/install/examples_rclpy_guard_conditions:/home/davide/sesasr_labs/install/examples_rclpy_executors:/opt/ros/humble LD_LIBRARY_PATH=/home/davide/sesasr_labs/install/dynamixel_sdk/lib:${LD_LIBRARY_PATH} /usr/bin/cmake /home/davide/sesasr_labs/src/turtlebot3/turtlebot3_hardware -DAMENT_CMAKE_SYMLINK_INSTALL=1 -DCMAKE_INSTALL_PREFIX=/home/davide/sesasr_labs/install/turtlebot3_hardware
[0.706s] -- The C compiler identification is GNU 11.4.0
[1.004s] -- The CXX compiler identification is GNU 11.4.0
[1.301s] -- Detecting C compiler ABI info
[1.475s] -- Detecting C compiler ABI info - done
[1.482s] -- Check for working C compiler: /usr/bin/cc - skipped
[1.482s] -- Detecting C compile features
[1.482s] -- Detecting C compile features - done
[1.485s] -- Detecting CXX compiler ABI info
[1.718s] -- Detecting CXX compiler ABI info - done
[1.724s] -- Check for working CXX compiler: /usr/bin/c++ - skipped
[1.725s] -- Detecting CXX compile features
[1.725s] -- Detecting CXX compile features - done
[1.727s] -- Found ament_cmake: 1.3.6 (/opt/ros/humble/share/ament_cmake/cmake)
[1.918s] -- Found Python3: /usr/bin/python3.10 (found version "3.10.12") found components: Interpreter 
[2.035s] -- Override CMake install command with custom implementation using symlinks instead of copying resources
[2.074s] -- Found dynamixel_sdk: 3.7.60 (/home/davide/sesasr_labs/install/dynamixel_sdk/share/dynamixel_sdk/cmake)
[2.075s] -- Found hardware_interface: 2.36.0 (/opt/ros/humble/share/hardware_interface/cmake)
[2.262s] -- Found rosidl_generator_c: 3.1.5 (/opt/ros/humble/share/rosidl_generator_c/cmake)
[2.262s] -- Found rosidl_adapter: 3.1.5 (/opt/ros/humble/share/rosidl_adapter/cmake)
[2.274s] -- Found rosidl_generator_cpp: 3.1.5 (/opt/ros/humble/share/rosidl_generator_cpp/cmake)
[2.292s] -- Using all available rosidl_typesupport_c: rosidl_typesupport_fastrtps_c;rosidl_typesupport_introspection_c
[2.315s] -- Using all available rosidl_typesupport_cpp: rosidl_typesupport_fastrtps_cpp;rosidl_typesupport_introspection_cpp
[4.400s] -- Found rmw_implementation_cmake: 6.1.1 (/opt/ros/humble/share/rmw_implementation_cmake/cmake)
[4.404s] -- Found rmw_fastrtps_cpp: 6.2.5 (/opt/ros/humble/share/rmw_fastrtps_cpp/cmake)
[4.447s] -- Found TinyXML2 via Config file: TinyXML2_DIR-NOTFOUND
[4.497s] -- Found OpenSSL: /usr/lib/x86_64-linux-gnu/libcrypto.so (found version "3.0.2")  
[4.499s] -- Found TinyXML2 via Config file: TinyXML2_DIR-NOTFOUND
[4.664s] -- Found FastRTPS: /opt/ros/humble/include  
[4.673s] -- Found TinyXML2 via Config file: TinyXML2_DIR-NOTFOUND
[4.681s] -- Found TinyXML2 via Config file: TinyXML2_DIR-NOTFOUND
[4.759s] -- Using RMW implementation 'rmw_fastrtps_cpp' as default
[4.771s] -- Looking for pthread.h
[4.946s] -- Looking for pthread.h - found
[4.946s] -- Performing Test CMAKE_HAVE_LIBC_PTHREAD
[5.080s] -- Performing Test CMAKE_HAVE_LIBC_PTHREAD - Success
[5.081s] -- Found Threads: TRUE  
[5.361s] -- Configuring done
[5.380s] -- Generating done
[5.382s] -- Build files have been written to: /home/davide/sesasr_labs/build/turtlebot3_hardware
[5.397s] Invoked command in '/home/davide/sesasr_labs/build/turtlebot3_hardware' returned '0': AMENT_PREFIX_PATH=/home/davide/sesasr_labs/install/dynamixel_sdk:${AMENT_PREFIX_PATH} CMAKE_PREFIX_PATH=/home/davide/sesasr_labs/install/dynamixel_sdk:/home/davide/sesasr_labs/install/turtlesim:/home/davide/sesasr_labs/install/examples_rclcpp_wait_set:/home/davide/sesasr_labs/install/examples_rclcpp_multithreaded_executor:/home/davide/sesasr_labs/install/examples_rclcpp_minimal_timer:/home/davide/sesasr_labs/install/examples_rclcpp_minimal_subscriber:/home/davide/sesasr_labs/install/examples_rclcpp_minimal_service:/home/davide/sesasr_labs/install/examples_rclcpp_minimal_publisher:/home/davide/sesasr_labs/install/examples_rclcpp_minimal_composition:/home/davide/sesasr_labs/install/examples_rclcpp_minimal_client:/home/davide/sesasr_labs/install/examples_rclcpp_minimal_action_server:/home/davide/sesasr_labs/install/examples_rclcpp_minimal_action_client:/home/davide/sesasr_labs/install/examples_rclcpp_cbg_executor:/home/davide/sesasr_labs/install/examples_rclcpp_async_client:/home/davide/sesasr_labs/install/my_package:/home/davide/sesasr_labs/install/launch_testing_examples:/home/davide/sesasr_labs/install/examples_rclpy_pointcloud_publisher:/home/davide/sesasr_labs/install/examples_rclpy_minimal_subscriber:/home/davide/sesasr_labs/install/examples_rclpy_minimal_service:/home/davide/sesasr_labs/install/examples_rclpy_minimal_publisher:/home/davide/sesasr_labs/install/examples_rclpy_minimal_client:/home/davide/sesasr_labs/install/examples_rclpy_minimal_action_server:/home/davide/sesasr_labs/install/examples_rclpy_minimal_action_client:/home/davide/sesasr_labs/install/examples_rclpy_guard_conditions:/home/davide/sesasr_labs/install/examples_rclpy_executors:/opt/ros/humble LD_LIBRARY_PATH=/home/davide/sesasr_labs/install/dynamixel_sdk/lib:${LD_LIBRARY_PATH} /usr/bin/cmake /home/davide/sesasr_labs/src/turtlebot3/turtlebot3_hardware -DAMENT_CMAKE_SYMLINK_INSTALL=1 -DCMAKE_INSTALL_PREFIX=/home/davide/sesasr_labs/install/turtlebot3_hardware
[5.397s] Invoking command in '/home/davide/sesasr_labs/build/turtlebot3_hardware': AMENT_PREFIX_PATH=/home/davide/sesasr_labs/install/dynamixel_sdk:${AMENT_PREFIX_PATH} CMAKE_PREFIX_PATH=/home/davide/sesasr_labs/install/dynamixel_sdk:/home/davide/sesasr_labs/install/turtlesim:/home/davide/sesasr_labs/install/examples_rclcpp_wait_set:/home/davide/sesasr_labs/install/examples_rclcpp_multithreaded_executor:/home/davide/sesasr_labs/install/examples_rclcpp_minimal_timer:/home/davide/sesasr_labs/install/examples_rclcpp_minimal_subscriber:/home/davide/sesasr_labs/install/examples_rclcpp_minimal_service:/home/davide/sesasr_labs/install/examples_rclcpp_minimal_publisher:/home/davide/sesasr_labs/install/examples_rclcpp_minimal_composition:/home/davide/sesasr_labs/install/examples_rclcpp_minimal_client:/home/davide/sesasr_labs/install/examples_rclcpp_minimal_action_server:/home/davide/sesasr_labs/install/examples_rclcpp_minimal_action_client:/home/davide/sesasr_labs/install/examples_rclcpp_cbg_executor:/home/davide/sesasr_labs/install/examples_rclcpp_async_client:/home/davide/sesasr_labs/install/my_package:/home/davide/sesasr_labs/install/launch_testing_examples:/home/davide/sesasr_labs/install/examples_rclpy_pointcloud_publisher:/home/davide/sesasr_labs/install/examples_rclpy_minimal_subscriber:/home/davide/sesasr_labs/install/examples_rclpy_minimal_service:/home/davide/sesasr_labs/install/examples_rclpy_minimal_publisher:/home/davide/sesasr_labs/install/examples_rclpy_minimal_client:/home/davide/sesasr_labs/install/examples_rclpy_minimal_action_server:/home/davide/sesasr_labs/install/examples_rclpy_minimal_action_client:/home/davide/sesasr_labs/install/examples_rclpy_guard_conditions:/home/davide/sesasr_labs/install/examples_rclpy_executors:/opt/ros/humble LD_LIBRARY_PATH=/home/davide/sesasr_labs/install/dynamixel_sdk/lib:${LD_LIBRARY_PATH} /usr/bin/cmake --build /home/davide/sesasr_labs/build/turtlebot3_hardware -- -j8 -l8
[5.812s] [35m[1mConsolidate compiler generated dependencies of target turtlebot3_hardware[0m
[5.812s] [100%] Built target turtlebot3_hardware
[5.889s] Invoked command in '/home/davide/sesasr_labs/build/turtlebot3_hardware' returned '0': AMENT_PREFIX_PATH=/home/davide/sesasr_labs/install/dynamixel_sdk:${AMENT_PREFIX_PATH} CMAKE_PREFIX_PATH=/home/davide/sesasr_labs/install/dynamixel_sdk:/home/davide/sesasr_labs/install/turtlesim:/home/davide/sesasr_labs/install/examples_rclcpp_wait_set:/home/davide/sesasr_labs/install/examples_rclcpp_multithreaded_executor:/home/davide/sesasr_labs/install/examples_rclcpp_minimal_timer:/home/davide/sesasr_labs/install/examples_rclcpp_minimal_subscriber:/home/davide/sesasr_labs/install/examples_rclcpp_minimal_service:/home/davide/sesasr_labs/install/examples_rclcpp_minimal_publisher:/home/davide/sesasr_labs/install/examples_rclcpp_minimal_composition:/home/davide/sesasr_labs/install/examples_rclcpp_minimal_client:/home/davide/sesasr_labs/install/examples_rclcpp_minimal_action_server:/home/davide/sesasr_labs/install/examples_rclcpp_minimal_action_client:/home/davide/sesasr_labs/install/examples_rclcpp_cbg_executor:/home/davide/sesasr_labs/install/examples_rclcpp_async_client:/home/davide/sesasr_labs/install/my_package:/home/davide/sesasr_labs/install/launch_testing_examples:/home/davide/sesasr_labs/install/examples_rclpy_pointcloud_publisher:/home/davide/sesasr_labs/install/examples_rclpy_minimal_subscriber:/home/davide/sesasr_labs/install/examples_rclpy_minimal_service:/home/davide/sesasr_labs/install/examples_rclpy_minimal_publisher:/home/davide/sesasr_labs/install/examples_rclpy_minimal_client:/home/davide/sesasr_labs/install/examples_rclpy_minimal_action_server:/home/davide/sesasr_labs/install/examples_rclpy_minimal_action_client:/home/davide/sesasr_labs/install/examples_rclpy_guard_conditions:/home/davide/sesasr_labs/install/examples_rclpy_executors:/opt/ros/humble LD_LIBRARY_PATH=/home/davide/sesasr_labs/install/dynamixel_sdk/lib:${LD_LIBRARY_PATH} /usr/bin/cmake --build /home/davide/sesasr_labs/build/turtlebot3_hardware -- -j8 -l8
[5.961s] Invoking command in '/home/davide/sesasr_labs/build/turtlebot3_hardware': AMENT_PREFIX_PATH=/home/davide/sesasr_labs/install/dynamixel_sdk:${AMENT_PREFIX_PATH} CMAKE_PREFIX_PATH=/home/davide/sesasr_labs/install/dynamixel_sdk:/home/davide/sesasr_labs/install/turtlesim:/home/davide/sesasr_labs/install/examples_rclcpp_wait_set:/home/davide/sesasr_labs/install/examples_rclcpp_multithreaded_executor:/home/davide/sesasr_labs/install/examples_rclcpp_minimal_timer:/home/davide/sesasr_labs/install/examples_rclcpp_minimal_subscriber:/home/davide/sesasr_labs/install/examples_rclcpp_minimal_service:/home/davide/sesasr_labs/install/examples_rclcpp_minimal_publisher:/home/davide/sesasr_labs/install/examples_rclcpp_minimal_composition:/home/davide/sesasr_labs/install/examples_rclcpp_minimal_client:/home/davide/sesasr_labs/install/examples_rclcpp_minimal_action_server:/home/davide/sesasr_labs/install/examples_rclcpp_minimal_action_client:/home/davide/sesasr_labs/install/examples_rclcpp_cbg_executor:/home/davide/sesasr_labs/install/examples_rclcpp_async_client:/home/davide/sesasr_labs/install/my_package:/home/davide/sesasr_labs/install/launch_testing_examples:/home/davide/sesasr_labs/install/examples_rclpy_pointcloud_publisher:/home/davide/sesasr_labs/install/examples_rclpy_minimal_subscriber:/home/davide/sesasr_labs/install/examples_rclpy_minimal_service:/home/davide/sesasr_labs/install/examples_rclpy_minimal_publisher:/home/davide/sesasr_labs/install/examples_rclpy_minimal_client:/home/davide/sesasr_labs/install/examples_rclpy_minimal_action_server:/home/davide/sesasr_labs/install/examples_rclpy_minimal_action_client:/home/davide/sesasr_labs/install/examples_rclpy_guard_conditions:/home/davide/sesasr_labs/install/examples_rclpy_executors:/opt/ros/humble LD_LIBRARY_PATH=/home/davide/sesasr_labs/install/dynamixel_sdk/lib:${LD_LIBRARY_PATH} /usr/bin/cmake --install /home/davide/sesasr_labs/build/turtlebot3_hardware
[5.967s] -- Install configuration: ""
[5.967s] -- Execute custom install script
[5.968s] -- Up-to-date symlink: /home/davide/sesasr_labs/install/turtlebot3_hardware/share/turtlebot3_hardware//turtlebot3_hardware.xml
[5.968s] -- Up-to-date symlink: /home/davide/sesasr_labs/install/turtlebot3_hardware/include/turtlebot3_hardware/dynamixel_sdk_wrapper.hpp
[5.968s] -- Up-to-date symlink: /home/davide/sesasr_labs/install/turtlebot3_hardware/include/turtlebot3_hardware/opencr.hpp
[5.968s] -- Up-to-date symlink: /home/davide/sesasr_labs/install/turtlebot3_hardware/include/turtlebot3_hardware/opencr_control_table.hpp
[5.969s] -- Up-to-date symlink: /home/davide/sesasr_labs/install/turtlebot3_hardware/include/turtlebot3_hardware/opencr_definitions.hpp
[5.969s] -- Up-to-date symlink: /home/davide/sesasr_labs/install/turtlebot3_hardware/include/turtlebot3_hardware/turtlebot3_system.hpp
[5.969s] -- Up-to-date symlink: /home/davide/sesasr_labs/install/turtlebot3_hardware/include/turtlebot3_hardware/visibility_control.h
[5.969s] -- Up-to-date symlink: /home/davide/sesasr_labs/install/turtlebot3_hardware/lib/libturtlebot3_hardware.so
[5.970s] -- Up-to-date symlink: /home/davide/sesasr_labs/install/turtlebot3_hardware/share/turtlebot3_hardware/environment/library_path.sh
[5.970s] -- Up-to-date symlink: /home/davide/sesasr_labs/install/turtlebot3_hardware/share/turtlebot3_hardware/environment/library_path.dsv
[5.970s] -- Up-to-date symlink: /home/davide/sesasr_labs/install/turtlebot3_hardware/share/ament_index/resource_index/package_run_dependencies/turtlebot3_hardware
[5.971s] -- Up-to-date symlink: /home/davide/sesasr_labs/install/turtlebot3_hardware/share/ament_index/resource_index/parent_prefix_path/turtlebot3_hardware
[5.971s] -- Up-to-date symlink: /home/davide/sesasr_labs/install/turtlebot3_hardware/share/turtlebot3_hardware/environment/ament_prefix_path.sh
[5.971s] -- Up-to-date symlink: /home/davide/sesasr_labs/install/turtlebot3_hardware/share/turtlebot3_hardware/environment/ament_prefix_path.dsv
[5.971s] -- Up-to-date symlink: /home/davide/sesasr_labs/install/turtlebot3_hardware/share/turtlebot3_hardware/environment/path.sh
[5.972s] -- Up-to-date symlink: /home/davide/sesasr_labs/install/turtlebot3_hardware/share/turtlebot3_hardware/environment/path.dsv
[5.972s] -- Up-to-date symlink: /home/davide/sesasr_labs/install/turtlebot3_hardware/share/turtlebot3_hardware/local_setup.bash
[5.972s] -- Up-to-date symlink: /home/davide/sesasr_labs/install/turtlebot3_hardware/share/turtlebot3_hardware/local_setup.sh
[5.972s] -- Up-to-date symlink: /home/davide/sesasr_labs/install/turtlebot3_hardware/share/turtlebot3_hardware/local_setup.zsh
[5.973s] -- Up-to-date symlink: /home/davide/sesasr_labs/install/turtlebot3_hardware/share/turtlebot3_hardware/local_setup.dsv
[5.973s] -- Symlinking: /home/davide/sesasr_labs/install/turtlebot3_hardware/share/turtlebot3_hardware/package.dsv
[5.980s] -- Up-to-date symlink: /home/davide/sesasr_labs/install/turtlebot3_hardware/share/ament_index/resource_index/packages/turtlebot3_hardware
[5.981s] -- Up-to-date symlink: /home/davide/sesasr_labs/install/turtlebot3_hardware/share/ament_index/resource_index/hardware_interface__pluginlib__plugin/turtlebot3_hardware
[5.981s] -- Up-to-date symlink: /home/davide/sesasr_labs/install/turtlebot3_hardware/share/turtlebot3_hardware/cmake/ament_cmake_export_include_directories-extras.cmake
[5.983s] -- Up-to-date symlink: /home/davide/sesasr_labs/install/turtlebot3_hardware/share/turtlebot3_hardware/cmake/ament_cmake_export_libraries-extras.cmake
[5.984s] -- Up-to-date symlink: /home/davide/sesasr_labs/install/turtlebot3_hardware/share/turtlebot3_hardware/cmake/ament_cmake_export_dependencies-extras.cmake
[5.984s] -- Up-to-date symlink: /home/davide/sesasr_labs/install/turtlebot3_hardware/share/turtlebot3_hardware/cmake/turtlebot3_hardwareConfig.cmake
[5.985s] -- Up-to-date symlink: /home/davide/sesasr_labs/install/turtlebot3_hardware/share/turtlebot3_hardware/cmake/turtlebot3_hardwareConfig-version.cmake
[5.986s] -- Up-to-date symlink: /home/davide/sesasr_labs/install/turtlebot3_hardware/share/turtlebot3_hardware/package.xml
[5.987s] Invoked command in '/home/davide/sesasr_labs/build/turtlebot3_hardware' returned '0': AMENT_PREFIX_PATH=/home/davide/sesasr_labs/install/dynamixel_sdk:${AMENT_PREFIX_PATH} CMAKE_PREFIX_PATH=/home/davide/sesasr_labs/install/dynamixel_sdk:/home/davide/sesasr_labs/install/turtlesim:/home/davide/sesasr_labs/install/examples_rclcpp_wait_set:/home/davide/sesasr_labs/install/examples_rclcpp_multithreaded_executor:/home/davide/sesasr_labs/install/examples_rclcpp_minimal_timer:/home/davide/sesasr_labs/install/examples_rclcpp_minimal_subscriber:/home/davide/sesasr_labs/install/examples_rclcpp_minimal_service:/home/davide/sesasr_labs/install/examples_rclcpp_minimal_publisher:/home/davide/sesasr_labs/install/examples_rclcpp_minimal_composition:/home/davide/sesasr_labs/install/examples_rclcpp_minimal_client:/home/davide/sesasr_labs/install/examples_rclcpp_minimal_action_server:/home/davide/sesasr_labs/install/examples_rclcpp_minimal_action_client:/home/davide/sesasr_labs/install/examples_rclcpp_cbg_executor:/home/davide/sesasr_labs/install/examples_rclcpp_async_client:/home/davide/sesasr_labs/install/my_package:/home/davide/sesasr_labs/install/launch_testing_examples:/home/davide/sesasr_labs/install/examples_rclpy_pointcloud_publisher:/home/davide/sesasr_labs/install/examples_rclpy_minimal_subscriber:/home/davide/sesasr_labs/install/examples_rclpy_minimal_service:/home/davide/sesasr_labs/install/examples_rclpy_minimal_publisher:/home/davide/sesasr_labs/install/examples_rclpy_minimal_client:/home/davide/sesasr_labs/install/examples_rclpy_minimal_action_server:/home/davide/sesasr_labs/install/examples_rclpy_minimal_action_client:/home/davide/sesasr_labs/install/examples_rclpy_guard_conditions:/home/davide/sesasr_labs/install/examples_rclpy_executors:/opt/ros/humble LD_LIBRARY_PATH=/home/davide/sesasr_labs/install/dynamixel_sdk/lib:${LD_LIBRARY_PATH} /usr/bin/cmake --install /home/davide/sesasr_labs/build/turtlebot3_hardware
