[0.098s] Invoking command in '/home/davide/sesasr_labs/build/examples_rclcpp_minimal_publisher': CMAKE_PREFIX_PATH=/opt/ros/humble /usr/bin/cmake /home/davide/sesasr_labs/src/examples/rclcpp/topics/minimal_publisher -DCMAKE_INSTALL_PREFIX=/home/davide/sesasr_labs/install/examples_rclcpp_minimal_publisher
[3.561s] -- Found ament_cmake: 1.3.6 (/opt/ros/humble/share/ament_cmake/cmake)
[3.561s] -- Override CMake install command with custom implementation using symlinks instead of copying resources
[3.561s] -- Found rclcpp: 16.0.7 (/opt/ros/humble/share/rclcpp/cmake)
[3.561s] -- Found rosidl_generator_c: 3.1.5 (/opt/ros/humble/share/rosidl_generator_c/cmake)
[3.561s] -- Found rosidl_adapter: 3.1.5 (/opt/ros/humble/share/rosidl_adapter/cmake)
[3.561s] -- Found rosidl_generator_cpp: 3.1.5 (/opt/ros/humble/share/rosidl_generator_cpp/cmake)
[3.561s] -- Using all available rosidl_typesupport_c: rosidl_typesupport_fastrtps_c;rosidl_typesupport_introspection_c
[3.561s] -- Using all available rosidl_typesupport_cpp: rosidl_typesupport_fastrtps_cpp;rosidl_typesupport_introspection_cpp
[3.562s] -- Found rmw_implementation_cmake: 6.1.1 (/opt/ros/humble/share/rmw_implementation_cmake/cmake)
[3.562s] -- Found rmw_fastrtps_cpp: 6.2.5 (/opt/ros/humble/share/rmw_fastrtps_cpp/cmake)
[3.931s] -- Using RMW implementation 'rmw_fastrtps_cpp' as default
[4.083s] -- Found ament_lint_auto: 0.12.9 (/opt/ros/humble/share/ament_lint_auto/cmake)
[4.152s] -- Added test 'copyright' to check source files copyright and LICENSE
[4.154s] -- Added test 'cppcheck' to perform static code analysis on C / C++ code
[4.154s] -- Configured cppcheck include dirs: 
[4.154s] -- Configured cppcheck exclude dirs and/or files: 
[4.154s] -- Added test 'cpplint' to check C / C++ code against the Google style
[4.155s] -- Configured cpplint exclude dirs and/or files: 
[4.155s] -- Added test 'lint_cmake' to check CMake code style
[4.155s] -- Added test 'uncrustify' to check C / C++ code style
[4.155s] -- Configured uncrustify additional arguments: 
[4.155s] -- Added test 'xmllint' to check XML markup files
[4.156s] -- Configuring done
[4.181s] -- Generating done
[4.184s] -- Build files have been written to: /home/davide/sesasr_labs/build/examples_rclcpp_minimal_publisher
[4.332s] Invoked command in '/home/davide/sesasr_labs/build/examples_rclcpp_minimal_publisher' returned '0': CMAKE_PREFIX_PATH=/opt/ros/humble /usr/bin/cmake /home/davide/sesasr_labs/src/examples/rclcpp/topics/minimal_publisher -DCMAKE_INSTALL_PREFIX=/home/davide/sesasr_labs/install/examples_rclcpp_minimal_publisher
[4.333s] Invoking command in '/home/davide/sesasr_labs/build/examples_rclcpp_minimal_publisher': CMAKE_PREFIX_PATH=/opt/ros/humble /usr/bin/cmake --build /home/davide/sesasr_labs/build/examples_rclcpp_minimal_publisher -- -j8 -l8
[4.362s] [35m[1mConsolidate compiler generated dependencies of target publisher_member_function[0m
[4.362s] [35m[1mConsolidate compiler generated dependencies of target publisher_lambda[0m
[4.364s] [35m[1mConsolidate compiler generated dependencies of target publisher_member_function_with_unique_network_flow_endpoints[0m
[4.374s] [35m[1mConsolidate compiler generated dependencies of target publisher_member_function_with_type_adapter[0m
[4.374s] [35m[1mConsolidate compiler generated dependencies of target publisher_wait_for_all_acked[0m
[4.393s] [35m[1mConsolidate compiler generated dependencies of target publisher_not_composable[0m
[4.398s] [ 16%] Built target publisher_lambda
[4.400s] [ 33%] Built target publisher_member_function
[4.402s] [ 50%] Built target publisher_member_function_with_type_adapter
[4.406s] [ 66%] Built target publisher_wait_for_all_acked
[4.411s] [ 83%] Built target publisher_member_function_with_unique_network_flow_endpoints
[4.417s] [100%] Built target publisher_not_composable
[4.428s] Invoked command in '/home/davide/sesasr_labs/build/examples_rclcpp_minimal_publisher' returned '0': CMAKE_PREFIX_PATH=/opt/ros/humble /usr/bin/cmake --build /home/davide/sesasr_labs/build/examples_rclcpp_minimal_publisher -- -j8 -l8
[4.459s] Invoking command in '/home/davide/sesasr_labs/build/examples_rclcpp_minimal_publisher': CMAKE_PREFIX_PATH=/opt/ros/humble /usr/bin/cmake --install /home/davide/sesasr_labs/build/examples_rclcpp_minimal_publisher
[4.855s] -- Install configuration: ""
[4.856s] -- Execute custom install script
[4.857s] -- Up-to-date symlink: /home/davide/sesasr_labs/install/examples_rclcpp_minimal_publisher/lib/examples_rclcpp_minimal_publisher/publisher_lambda
[4.857s] -- Up-to-date symlink: /home/davide/sesasr_labs/install/examples_rclcpp_minimal_publisher/lib/examples_rclcpp_minimal_publisher/publisher_member_function
[4.858s] -- Up-to-date symlink: /home/davide/sesasr_labs/install/examples_rclcpp_minimal_publisher/lib/examples_rclcpp_minimal_publisher/publisher_member_function_with_type_adapter
[4.858s] -- Up-to-date symlink: /home/davide/sesasr_labs/install/examples_rclcpp_minimal_publisher/lib/examples_rclcpp_minimal_publisher/publisher_member_function_with_unique_network_flow_endpoints
[4.858s] -- Up-to-date symlink: /home/davide/sesasr_labs/install/examples_rclcpp_minimal_publisher/lib/examples_rclcpp_minimal_publisher/publisher_wait_for_all_acked
[4.858s] -- Up-to-date symlink: /home/davide/sesasr_labs/install/examples_rclcpp_minimal_publisher/lib/examples_rclcpp_minimal_publisher/publisher_not_composable
[4.858s] -- Up-to-date symlink: /home/davide/sesasr_labs/install/examples_rclcpp_minimal_publisher/share/ament_index/resource_index/package_run_dependencies/examples_rclcpp_minimal_publisher
[4.858s] -- Up-to-date symlink: /home/davide/sesasr_labs/install/examples_rclcpp_minimal_publisher/share/ament_index/resource_index/parent_prefix_path/examples_rclcpp_minimal_publisher
[4.858s] -- Up-to-date symlink: /home/davide/sesasr_labs/install/examples_rclcpp_minimal_publisher/share/examples_rclcpp_minimal_publisher/environment/ament_prefix_path.sh
[4.858s] -- Up-to-date symlink: /home/davide/sesasr_labs/install/examples_rclcpp_minimal_publisher/share/examples_rclcpp_minimal_publisher/environment/ament_prefix_path.dsv
[4.858s] -- Up-to-date symlink: /home/davide/sesasr_labs/install/examples_rclcpp_minimal_publisher/share/examples_rclcpp_minimal_publisher/environment/path.sh
[4.858s] -- Up-to-date symlink: /home/davide/sesasr_labs/install/examples_rclcpp_minimal_publisher/share/examples_rclcpp_minimal_publisher/environment/path.dsv
[4.858s] -- Up-to-date symlink: /home/davide/sesasr_labs/install/examples_rclcpp_minimal_publisher/share/examples_rclcpp_minimal_publisher/local_setup.bash
[4.858s] -- Up-to-date symlink: /home/davide/sesasr_labs/install/examples_rclcpp_minimal_publisher/share/examples_rclcpp_minimal_publisher/local_setup.sh
[4.858s] -- Up-to-date symlink: /home/davide/sesasr_labs/install/examples_rclcpp_minimal_publisher/share/examples_rclcpp_minimal_publisher/local_setup.zsh
[4.859s] -- Up-to-date symlink: /home/davide/sesasr_labs/install/examples_rclcpp_minimal_publisher/share/examples_rclcpp_minimal_publisher/local_setup.dsv
[4.859s] -- Symlinking: /home/davide/sesasr_labs/install/examples_rclcpp_minimal_publisher/share/examples_rclcpp_minimal_publisher/package.dsv
[4.859s] -- Up-to-date symlink: /home/davide/sesasr_labs/install/examples_rclcpp_minimal_publisher/share/ament_index/resource_index/packages/examples_rclcpp_minimal_publisher
[4.859s] -- Up-to-date symlink: /home/davide/sesasr_labs/install/examples_rclcpp_minimal_publisher/share/examples_rclcpp_minimal_publisher/cmake/examples_rclcpp_minimal_publisherConfig.cmake
[4.859s] -- Up-to-date symlink: /home/davide/sesasr_labs/install/examples_rclcpp_minimal_publisher/share/examples_rclcpp_minimal_publisher/cmake/examples_rclcpp_minimal_publisherConfig-version.cmake
[4.859s] -- Up-to-date symlink: /home/davide/sesasr_labs/install/examples_rclcpp_minimal_publisher/share/examples_rclcpp_minimal_publisher/package.xml
[4.860s] Invoked command in '/home/davide/sesasr_labs/build/examples_rclcpp_minimal_publisher' returned '0': CMAKE_PREFIX_PATH=/opt/ros/humble /usr/bin/cmake --install /home/davide/sesasr_labs/build/examples_rclcpp_minimal_publisher
