[1.708s] Invoking command in '/home/davide/sesasr_labs/build/examples_rclpy_guard_conditions': PYTHONPATH=/home/davide/sesasr_labs/build/examples_rclpy_guard_conditions/prefix_override:/home/davide/sesasr_labs/install/examples_rclpy_guard_conditions/lib/python3.10/site-packages:${PYTHONPATH} /usr/bin/python3 setup.py develop --uninstall --editable --build-directory /home/davide/sesasr_labs/build/examples_rclpy_guard_conditions/build
[1.965s] running develop
[1.965s] /usr/lib/python3/dist-packages/setuptools/command/easy_install.py:158: EasyInstallDeprecationWarning: easy_install command is deprecated. Use build and pip and other standards-based tools.
[1.966s]   warnings.warn(
[1.968s] /usr/lib/python3/dist-packages/setuptools/command/install.py:34: SetuptoolsDeprecationWarning: setup.py install is deprecated. Use build and pip and other standards-based tools.
[1.968s]   warnings.warn(
[2.125s] Removing /home/davide/sesasr_labs/install/examples_rclpy_guard_conditions/lib/python3.10/site-packages/examples-rclpy-guard-conditions.egg-link (link to .)
[2.176s] Invoked command in '/home/davide/sesasr_labs/build/examples_rclpy_guard_conditions' returned '0': PYTHONPATH=/home/davide/sesasr_labs/build/examples_rclpy_guard_conditions/prefix_override:/home/davide/sesasr_labs/install/examples_rclpy_guard_conditions/lib/python3.10/site-packages:${PYTHONPATH} /usr/bin/python3 setup.py develop --uninstall --editable --build-directory /home/davide/sesasr_labs/build/examples_rclpy_guard_conditions/build
[2.177s] Invoking command in '/home/davide/sesasr_labs/src/examples/rclpy/guard_conditions': PYTHONPATH=/home/davide/sesasr_labs/build/examples_rclpy_guard_conditions/prefix_override:/home/davide/sesasr_labs/install/examples_rclpy_guard_conditions/lib/python3.10/site-packages:${PYTHONPATH} /usr/bin/python3 setup.py egg_info --egg-base ../../../../build/examples_rclpy_guard_conditions build --build-base /home/davide/sesasr_labs/build/examples_rclpy_guard_conditions/build install --record /home/davide/sesasr_labs/build/examples_rclpy_guard_conditions/install.log --single-version-externally-managed
[2.564s] running egg_info
[2.571s] writing ../../../../build/examples_rclpy_guard_conditions/examples_rclpy_guard_conditions.egg-info/PKG-INFO
[2.573s] writing dependency_links to ../../../../build/examples_rclpy_guard_conditions/examples_rclpy_guard_conditions.egg-info/dependency_links.txt
[2.573s] writing entry points to ../../../../build/examples_rclpy_guard_conditions/examples_rclpy_guard_conditions.egg-info/entry_points.txt
[2.573s] writing requirements to ../../../../build/examples_rclpy_guard_conditions/examples_rclpy_guard_conditions.egg-info/requires.txt
[2.575s] writing top-level names to ../../../../build/examples_rclpy_guard_conditions/examples_rclpy_guard_conditions.egg-info/top_level.txt
[2.576s] reading manifest file '../../../../build/examples_rclpy_guard_conditions/examples_rclpy_guard_conditions.egg-info/SOURCES.txt'
[2.576s] writing manifest file '../../../../build/examples_rclpy_guard_conditions/examples_rclpy_guard_conditions.egg-info/SOURCES.txt'
[2.577s] running build
[2.578s] running build_py
[2.578s] running install
[2.580s] running install_lib
[2.581s] creating /home/davide/sesasr_labs/install/examples_rclpy_guard_conditions/lib/python3.10/site-packages/examples_rclpy_guard_conditions
[2.581s] copying /home/davide/sesasr_labs/build/examples_rclpy_guard_conditions/build/lib/examples_rclpy_guard_conditions/trigger_guard_condition.py -> /home/davide/sesasr_labs/install/examples_rclpy_guard_conditions/lib/python3.10/site-packages/examples_rclpy_guard_conditions
[2.582s] copying /home/davide/sesasr_labs/build/examples_rclpy_guard_conditions/build/lib/examples_rclpy_guard_conditions/__init__.py -> /home/davide/sesasr_labs/install/examples_rclpy_guard_conditions/lib/python3.10/site-packages/examples_rclpy_guard_conditions
[2.582s] byte-compiling /home/davide/sesasr_labs/install/examples_rclpy_guard_conditions/lib/python3.10/site-packages/examples_rclpy_guard_conditions/trigger_guard_condition.py to trigger_guard_condition.cpython-310.pyc
[2.582s] byte-compiling /home/davide/sesasr_labs/install/examples_rclpy_guard_conditions/lib/python3.10/site-packages/examples_rclpy_guard_conditions/__init__.py to __init__.cpython-310.pyc
[2.583s] running install_data
[2.583s] running install_egg_info
[2.583s] Copying ../../../../build/examples_rclpy_guard_conditions/examples_rclpy_guard_conditions.egg-info to /home/davide/sesasr_labs/install/examples_rclpy_guard_conditions/lib/python3.10/site-packages/examples_rclpy_guard_conditions-0.15.1-py3.10.egg-info
[2.583s] running install_scripts
[2.583s] Installing trigger_guard_condition script to /home/davide/sesasr_labs/install/examples_rclpy_guard_conditions/lib/examples_rclpy_guard_conditions
[2.583s] writing list of installed files to '/home/davide/sesasr_labs/build/examples_rclpy_guard_conditions/install.log'
[2.583s] /usr/lib/python3/dist-packages/setuptools/command/install.py:34: SetuptoolsDeprecationWarning: setup.py install is deprecated. Use build and pip and other standards-based tools.
[2.583s]   warnings.warn(
[2.585s] Invoked command in '/home/davide/sesasr_labs/src/examples/rclpy/guard_conditions' returned '0': PYTHONPATH=/home/davide/sesasr_labs/build/examples_rclpy_guard_conditions/prefix_override:/home/davide/sesasr_labs/install/examples_rclpy_guard_conditions/lib/python3.10/site-packages:${PYTHONPATH} /usr/bin/python3 setup.py egg_info --egg-base ../../../../build/examples_rclpy_guard_conditions build --build-base /home/davide/sesasr_labs/build/examples_rclpy_guard_conditions/build install --record /home/davide/sesasr_labs/build/examples_rclpy_guard_conditions/install.log --single-version-externally-managed
