[0.181s] Invoking command in '/home/davide/sesasr_labs/build/turtlebot3_fake_node': AMENT_PREFIX_PATH=/home/davide/sesasr_labs/install/turtlebot3_msgs:${AMENT_PREFIX_PATH} CMAKE_PREFIX_PATH=/home/davide/sesasr_labs/install/turtlebot3_msgs:/home/davide/sesasr_labs/install/turtlesim:/home/davide/sesasr_labs/install/examples_rclcpp_wait_set:/home/davide/sesasr_labs/install/examples_rclcpp_multithreaded_executor:/home/davide/sesasr_labs/install/examples_rclcpp_minimal_timer:/home/davide/sesasr_labs/install/examples_rclcpp_minimal_subscriber:/home/davide/sesasr_labs/install/examples_rclcpp_minimal_service:/home/davide/sesasr_labs/install/examples_rclcpp_minimal_publisher:/home/davide/sesasr_labs/install/examples_rclcpp_minimal_composition:/home/davide/sesasr_labs/install/examples_rclcpp_minimal_client:/home/davide/sesasr_labs/install/examples_rclcpp_minimal_action_server:/home/davide/sesasr_labs/install/examples_rclcpp_minimal_action_client:/home/davide/sesasr_labs/install/examples_rclcpp_cbg_executor:/home/davide/sesasr_labs/install/examples_rclcpp_async_client:/home/davide/sesasr_labs/install/my_package:/home/davide/sesasr_labs/install/launch_testing_examples:/home/davide/sesasr_labs/install/examples_rclpy_pointcloud_publisher:/home/davide/sesasr_labs/install/examples_rclpy_minimal_subscriber:/home/davide/sesasr_labs/install/examples_rclpy_minimal_service:/home/davide/sesasr_labs/install/examples_rclpy_minimal_publisher:/home/davide/sesasr_labs/install/examples_rclpy_minimal_client:/home/davide/sesasr_labs/install/examples_rclpy_minimal_action_server:/home/davide/sesasr_labs/install/examples_rclpy_minimal_action_client:/home/davide/sesasr_labs/install/examples_rclpy_guard_conditions:/home/davide/sesasr_labs/install/examples_rclpy_executors:/opt/ros/humble LD_LIBRARY_PATH=/home/davide/sesasr_labs/install/turtlebot3_msgs/lib:${LD_LIBRARY_PATH} PYTHONPATH=/home/davide/sesasr_labs/install/turtlebot3_msgs/local/lib/python3.10/dist-packages:${PYTHONPATH} /usr/bin/cmake /home/davide/sesasr_labs/src/turtlebot3/turtlebot3_simulations/turtlebot3_fake_node -DAMENT_CMAKE_SYMLINK_INSTALL=1 -DCMAKE_INSTALL_PREFIX=/home/davide/sesasr_labs/install/turtlebot3_fake_node
[0.301s] -- The C compiler identification is GNU 11.4.0
[0.714s] -- The CXX compiler identification is GNU 11.4.0
[1.188s] -- Detecting C compiler ABI info
[1.318s] -- Detecting C compiler ABI info - done
[1.328s] -- Check for working C compiler: /usr/bin/cc - skipped
[1.328s] -- Detecting C compile features
[1.328s] -- Detecting C compile features - done
[1.331s] -- Detecting CXX compiler ABI info
[1.479s] -- Detecting CXX compiler ABI info - done
[1.485s] -- Check for working CXX compiler: /usr/bin/c++ - skipped
[1.486s] -- Detecting CXX compile features
[1.486s] -- Detecting CXX compile features - done
[1.489s] -- Found ament_cmake: 1.3.6 (/opt/ros/humble/share/ament_cmake/cmake)
[1.670s] -- Found Python3: /usr/bin/python3.10 (found version "3.10.12") found components: Interpreter 
[1.736s] -- Override CMake install command with custom implementation using symlinks instead of copying resources
[1.775s] -- Found geometry_msgs: 4.2.3 (/opt/ros/humble/share/geometry_msgs/cmake)
[1.933s] -- Found rosidl_generator_c: 3.1.5 (/opt/ros/humble/share/rosidl_generator_c/cmake)
[1.941s] -- Found rosidl_adapter: 3.1.5 (/opt/ros/humble/share/rosidl_adapter/cmake)
[1.950s] -- Found rosidl_generator_cpp: 3.1.5 (/opt/ros/humble/share/rosidl_generator_cpp/cmake)
[1.966s] -- Using all available rosidl_typesupport_c: rosidl_typesupport_fastrtps_c;rosidl_typesupport_introspection_c
[1.992s] -- Using all available rosidl_typesupport_cpp: rosidl_typesupport_fastrtps_cpp;rosidl_typesupport_introspection_cpp
[2.111s] -- Found nav_msgs: 4.2.3 (/opt/ros/humble/share/nav_msgs/cmake)
[2.189s] -- Found rclcpp: 16.0.7 (/opt/ros/humble/share/rclcpp/cmake)
[2.254s] -- Found rmw_implementation_cmake: 6.1.1 (/opt/ros/humble/share/rmw_implementation_cmake/cmake)
[2.258s] -- Found rmw_fastrtps_cpp: 6.2.5 (/opt/ros/humble/share/rmw_fastrtps_cpp/cmake)
[3.211s] -- Found OpenSSL: /usr/lib/x86_64-linux-gnu/libcrypto.so (found version "3.0.2")  
[4.366s] -- Found FastRTPS: /opt/ros/humble/include  
[6.544s] -- Using RMW implementation 'rmw_fastrtps_cpp' as default
[6.550s] -- Looking for pthread.h
[6.710s] -- Looking for pthread.h - found
[6.711s] -- Performing Test CMAKE_HAVE_LIBC_PTHREAD
[6.828s] -- Performing Test CMAKE_HAVE_LIBC_PTHREAD - Success
[6.829s] -- Found Threads: TRUE  
[6.955s] -- Found sensor_msgs: 4.2.3 (/opt/ros/humble/share/sensor_msgs/cmake)
[7.035s] -- Found tf2: 0.25.5 (/opt/ros/humble/share/tf2/cmake)
[7.051s] -- Found tf2_msgs: 0.25.5 (/opt/ros/humble/share/tf2_msgs/cmake)
[7.186s] -- Found turtlebot3_msgs: 2.2.3 (/home/davide/sesasr_labs/install/turtlebot3_msgs/share/turtlebot3_msgs/cmake)
[7.336s] -- Configuring done
[7.347s] -- Generating done
[7.348s] -- Build files have been written to: /home/davide/sesasr_labs/build/turtlebot3_fake_node
[7.359s] Invoked command in '/home/davide/sesasr_labs/build/turtlebot3_fake_node' returned '0': AMENT_PREFIX_PATH=/home/davide/sesasr_labs/install/turtlebot3_msgs:${AMENT_PREFIX_PATH} CMAKE_PREFIX_PATH=/home/davide/sesasr_labs/install/turtlebot3_msgs:/home/davide/sesasr_labs/install/turtlesim:/home/davide/sesasr_labs/install/examples_rclcpp_wait_set:/home/davide/sesasr_labs/install/examples_rclcpp_multithreaded_executor:/home/davide/sesasr_labs/install/examples_rclcpp_minimal_timer:/home/davide/sesasr_labs/install/examples_rclcpp_minimal_subscriber:/home/davide/sesasr_labs/install/examples_rclcpp_minimal_service:/home/davide/sesasr_labs/install/examples_rclcpp_minimal_publisher:/home/davide/sesasr_labs/install/examples_rclcpp_minimal_composition:/home/davide/sesasr_labs/install/examples_rclcpp_minimal_client:/home/davide/sesasr_labs/install/examples_rclcpp_minimal_action_server:/home/davide/sesasr_labs/install/examples_rclcpp_minimal_action_client:/home/davide/sesasr_labs/install/examples_rclcpp_cbg_executor:/home/davide/sesasr_labs/install/examples_rclcpp_async_client:/home/davide/sesasr_labs/install/my_package:/home/davide/sesasr_labs/install/launch_testing_examples:/home/davide/sesasr_labs/install/examples_rclpy_pointcloud_publisher:/home/davide/sesasr_labs/install/examples_rclpy_minimal_subscriber:/home/davide/sesasr_labs/install/examples_rclpy_minimal_service:/home/davide/sesasr_labs/install/examples_rclpy_minimal_publisher:/home/davide/sesasr_labs/install/examples_rclpy_minimal_client:/home/davide/sesasr_labs/install/examples_rclpy_minimal_action_server:/home/davide/sesasr_labs/install/examples_rclpy_minimal_action_client:/home/davide/sesasr_labs/install/examples_rclpy_guard_conditions:/home/davide/sesasr_labs/install/examples_rclpy_executors:/opt/ros/humble LD_LIBRARY_PATH=/home/davide/sesasr_labs/install/turtlebot3_msgs/lib:${LD_LIBRARY_PATH} PYTHONPATH=/home/davide/sesasr_labs/install/turtlebot3_msgs/local/lib/python3.10/dist-packages:${PYTHONPATH} /usr/bin/cmake /home/davide/sesasr_labs/src/turtlebot3/turtlebot3_simulations/turtlebot3_fake_node -DAMENT_CMAKE_SYMLINK_INSTALL=1 -DCMAKE_INSTALL_PREFIX=/home/davide/sesasr_labs/install/turtlebot3_fake_node
[7.363s] Invoking command in '/home/davide/sesasr_labs/build/turtlebot3_fake_node': AMENT_PREFIX_PATH=/home/davide/sesasr_labs/install/turtlebot3_msgs:${AMENT_PREFIX_PATH} CMAKE_PREFIX_PATH=/home/davide/sesasr_labs/install/turtlebot3_msgs:/home/davide/sesasr_labs/install/turtlesim:/home/davide/sesasr_labs/install/examples_rclcpp_wait_set:/home/davide/sesasr_labs/install/examples_rclcpp_multithreaded_executor:/home/davide/sesasr_labs/install/examples_rclcpp_minimal_timer:/home/davide/sesasr_labs/install/examples_rclcpp_minimal_subscriber:/home/davide/sesasr_labs/install/examples_rclcpp_minimal_service:/home/davide/sesasr_labs/install/examples_rclcpp_minimal_publisher:/home/davide/sesasr_labs/install/examples_rclcpp_minimal_composition:/home/davide/sesasr_labs/install/examples_rclcpp_minimal_client:/home/davide/sesasr_labs/install/examples_rclcpp_minimal_action_server:/home/davide/sesasr_labs/install/examples_rclcpp_minimal_action_client:/home/davide/sesasr_labs/install/examples_rclcpp_cbg_executor:/home/davide/sesasr_labs/install/examples_rclcpp_async_client:/home/davide/sesasr_labs/install/my_package:/home/davide/sesasr_labs/install/launch_testing_examples:/home/davide/sesasr_labs/install/examples_rclpy_pointcloud_publisher:/home/davide/sesasr_labs/install/examples_rclpy_minimal_subscriber:/home/davide/sesasr_labs/install/examples_rclpy_minimal_service:/home/davide/sesasr_labs/install/examples_rclpy_minimal_publisher:/home/davide/sesasr_labs/install/examples_rclpy_minimal_client:/home/davide/sesasr_labs/install/examples_rclpy_minimal_action_server:/home/davide/sesasr_labs/install/examples_rclpy_minimal_action_client:/home/davide/sesasr_labs/install/examples_rclpy_guard_conditions:/home/davide/sesasr_labs/install/examples_rclpy_executors:/opt/ros/humble LD_LIBRARY_PATH=/home/davide/sesasr_labs/install/turtlebot3_msgs/lib:${LD_LIBRARY_PATH} PYTHONPATH=/home/davide/sesasr_labs/install/turtlebot3_msgs/local/lib/python3.10/dist-packages:${PYTHONPATH} /usr/bin/cmake --build /home/davide/sesasr_labs/build/turtlebot3_fake_node -- -j8 -l8
[8.066s] [ 50%] [32mBuilding CXX object CMakeFiles/turtlebot3_fake_node.dir/src/turtlebot3_fake_node.cpp.o[0m
[17.323s] [100%] [32m[1mLinking CXX executable turtlebot3_fake_node[0m
[17.906s] [100%] Built target turtlebot3_fake_node
[18.166s] Invoked command in '/home/davide/sesasr_labs/build/turtlebot3_fake_node' returned '0': AMENT_PREFIX_PATH=/home/davide/sesasr_labs/install/turtlebot3_msgs:${AMENT_PREFIX_PATH} CMAKE_PREFIX_PATH=/home/davide/sesasr_labs/install/turtlebot3_msgs:/home/davide/sesasr_labs/install/turtlesim:/home/davide/sesasr_labs/install/examples_rclcpp_wait_set:/home/davide/sesasr_labs/install/examples_rclcpp_multithreaded_executor:/home/davide/sesasr_labs/install/examples_rclcpp_minimal_timer:/home/davide/sesasr_labs/install/examples_rclcpp_minimal_subscriber:/home/davide/sesasr_labs/install/examples_rclcpp_minimal_service:/home/davide/sesasr_labs/install/examples_rclcpp_minimal_publisher:/home/davide/sesasr_labs/install/examples_rclcpp_minimal_composition:/home/davide/sesasr_labs/install/examples_rclcpp_minimal_client:/home/davide/sesasr_labs/install/examples_rclcpp_minimal_action_server:/home/davide/sesasr_labs/install/examples_rclcpp_minimal_action_client:/home/davide/sesasr_labs/install/examples_rclcpp_cbg_executor:/home/davide/sesasr_labs/install/examples_rclcpp_async_client:/home/davide/sesasr_labs/install/my_package:/home/davide/sesasr_labs/install/launch_testing_examples:/home/davide/sesasr_labs/install/examples_rclpy_pointcloud_publisher:/home/davide/sesasr_labs/install/examples_rclpy_minimal_subscriber:/home/davide/sesasr_labs/install/examples_rclpy_minimal_service:/home/davide/sesasr_labs/install/examples_rclpy_minimal_publisher:/home/davide/sesasr_labs/install/examples_rclpy_minimal_client:/home/davide/sesasr_labs/install/examples_rclpy_minimal_action_server:/home/davide/sesasr_labs/install/examples_rclpy_minimal_action_client:/home/davide/sesasr_labs/install/examples_rclpy_guard_conditions:/home/davide/sesasr_labs/install/examples_rclpy_executors:/opt/ros/humble LD_LIBRARY_PATH=/home/davide/sesasr_labs/install/turtlebot3_msgs/lib:${LD_LIBRARY_PATH} PYTHONPATH=/home/davide/sesasr_labs/install/turtlebot3_msgs/local/lib/python3.10/dist-packages:${PYTHONPATH} /usr/bin/cmake --build /home/davide/sesasr_labs/build/turtlebot3_fake_node -- -j8 -l8
[18.193s] Invoking command in '/home/davide/sesasr_labs/build/turtlebot3_fake_node': AMENT_PREFIX_PATH=/home/davide/sesasr_labs/install/turtlebot3_msgs:${AMENT_PREFIX_PATH} CMAKE_PREFIX_PATH=/home/davide/sesasr_labs/install/turtlebot3_msgs:/home/davide/sesasr_labs/install/turtlesim:/home/davide/sesasr_labs/install/examples_rclcpp_wait_set:/home/davide/sesasr_labs/install/examples_rclcpp_multithreaded_executor:/home/davide/sesasr_labs/install/examples_rclcpp_minimal_timer:/home/davide/sesasr_labs/install/examples_rclcpp_minimal_subscriber:/home/davide/sesasr_labs/install/examples_rclcpp_minimal_service:/home/davide/sesasr_labs/install/examples_rclcpp_minimal_publisher:/home/davide/sesasr_labs/install/examples_rclcpp_minimal_composition:/home/davide/sesasr_labs/install/examples_rclcpp_minimal_client:/home/davide/sesasr_labs/install/examples_rclcpp_minimal_action_server:/home/davide/sesasr_labs/install/examples_rclcpp_minimal_action_client:/home/davide/sesasr_labs/install/examples_rclcpp_cbg_executor:/home/davide/sesasr_labs/install/examples_rclcpp_async_client:/home/davide/sesasr_labs/install/my_package:/home/davide/sesasr_labs/install/launch_testing_examples:/home/davide/sesasr_labs/install/examples_rclpy_pointcloud_publisher:/home/davide/sesasr_labs/install/examples_rclpy_minimal_subscriber:/home/davide/sesasr_labs/install/examples_rclpy_minimal_service:/home/davide/sesasr_labs/install/examples_rclpy_minimal_publisher:/home/davide/sesasr_labs/install/examples_rclpy_minimal_client:/home/davide/sesasr_labs/install/examples_rclpy_minimal_action_server:/home/davide/sesasr_labs/install/examples_rclpy_minimal_action_client:/home/davide/sesasr_labs/install/examples_rclpy_guard_conditions:/home/davide/sesasr_labs/install/examples_rclpy_executors:/opt/ros/humble LD_LIBRARY_PATH=/home/davide/sesasr_labs/install/turtlebot3_msgs/lib:${LD_LIBRARY_PATH} PYTHONPATH=/home/davide/sesasr_labs/install/turtlebot3_msgs/local/lib/python3.10/dist-packages:${PYTHONPATH} /usr/bin/cmake --install /home/davide/sesasr_labs/build/turtlebot3_fake_node
[18.203s] -- Install configuration: ""
[18.203s] -- Execute custom install script
[18.204s] -- Symlinking: /home/davide/sesasr_labs/install/turtlebot3_fake_node/lib/turtlebot3_fake_node/turtlebot3_fake_node
[18.210s] -- Symlinking: /home/davide/sesasr_labs/install/turtlebot3_fake_node/share/turtlebot3_fake_node/launch/rviz2.launch.py
[18.220s] -- Symlinking: /home/davide/sesasr_labs/install/turtlebot3_fake_node/share/turtlebot3_fake_node/launch/turtlebot3_fake_node.launch.py
[18.229s] -- Symlinking: /home/davide/sesasr_labs/install/turtlebot3_fake_node/share/turtlebot3_fake_node/param/burger.yaml
[18.237s] -- Symlinking: /home/davide/sesasr_labs/install/turtlebot3_fake_node/share/turtlebot3_fake_node/param/waffle.yaml
[18.249s] -- Symlinking: /home/davide/sesasr_labs/install/turtlebot3_fake_node/share/turtlebot3_fake_node/param/waffle_pi.yaml
[18.253s] -- Symlinking: /home/davide/sesasr_labs/install/turtlebot3_fake_node/include//turtlebot3_fake_node/turtlebot3_fake_node.hpp
[18.273s] -- Symlinking: /home/davide/sesasr_labs/install/turtlebot3_fake_node/share/ament_index/resource_index/package_run_dependencies/turtlebot3_fake_node
[18.282s] -- Symlinking: /home/davide/sesasr_labs/install/turtlebot3_fake_node/share/ament_index/resource_index/parent_prefix_path/turtlebot3_fake_node
[18.290s] -- Symlinking: /home/davide/sesasr_labs/install/turtlebot3_fake_node/share/turtlebot3_fake_node/environment/ament_prefix_path.sh
[18.297s] -- Symlinking: /home/davide/sesasr_labs/install/turtlebot3_fake_node/share/turtlebot3_fake_node/environment/ament_prefix_path.dsv
[18.304s] -- Symlinking: /home/davide/sesasr_labs/install/turtlebot3_fake_node/share/turtlebot3_fake_node/environment/path.sh
[18.313s] -- Symlinking: /home/davide/sesasr_labs/install/turtlebot3_fake_node/share/turtlebot3_fake_node/environment/path.dsv
[18.320s] -- Symlinking: /home/davide/sesasr_labs/install/turtlebot3_fake_node/share/turtlebot3_fake_node/local_setup.bash
[18.326s] -- Symlinking: /home/davide/sesasr_labs/install/turtlebot3_fake_node/share/turtlebot3_fake_node/local_setup.sh
[18.334s] -- Symlinking: /home/davide/sesasr_labs/install/turtlebot3_fake_node/share/turtlebot3_fake_node/local_setup.zsh
[18.341s] -- Symlinking: /home/davide/sesasr_labs/install/turtlebot3_fake_node/share/turtlebot3_fake_node/local_setup.dsv
[18.348s] -- Symlinking: /home/davide/sesasr_labs/install/turtlebot3_fake_node/share/turtlebot3_fake_node/package.dsv
[18.359s] -- Symlinking: /home/davide/sesasr_labs/install/turtlebot3_fake_node/share/ament_index/resource_index/packages/turtlebot3_fake_node
[18.367s] -- Symlinking: /home/davide/sesasr_labs/install/turtlebot3_fake_node/share/turtlebot3_fake_node/cmake/ament_cmake_export_include_directories-extras.cmake
[18.372s] -- Symlinking: /home/davide/sesasr_labs/install/turtlebot3_fake_node/share/turtlebot3_fake_node/cmake/ament_cmake_export_dependencies-extras.cmake
[18.392s] -- Symlinking: /home/davide/sesasr_labs/install/turtlebot3_fake_node/share/turtlebot3_fake_node/cmake/turtlebot3_fake_nodeConfig.cmake
[18.401s] -- Symlinking: /home/davide/sesasr_labs/install/turtlebot3_fake_node/share/turtlebot3_fake_node/cmake/turtlebot3_fake_nodeConfig-version.cmake
[18.410s] -- Symlinking: /home/davide/sesasr_labs/install/turtlebot3_fake_node/share/turtlebot3_fake_node/package.xml
[18.457s] Invoked command in '/home/davide/sesasr_labs/build/turtlebot3_fake_node' returned '0': AMENT_PREFIX_PATH=/home/davide/sesasr_labs/install/turtlebot3_msgs:${AMENT_PREFIX_PATH} CMAKE_PREFIX_PATH=/home/davide/sesasr_labs/install/turtlebot3_msgs:/home/davide/sesasr_labs/install/turtlesim:/home/davide/sesasr_labs/install/examples_rclcpp_wait_set:/home/davide/sesasr_labs/install/examples_rclcpp_multithreaded_executor:/home/davide/sesasr_labs/install/examples_rclcpp_minimal_timer:/home/davide/sesasr_labs/install/examples_rclcpp_minimal_subscriber:/home/davide/sesasr_labs/install/examples_rclcpp_minimal_service:/home/davide/sesasr_labs/install/examples_rclcpp_minimal_publisher:/home/davide/sesasr_labs/install/examples_rclcpp_minimal_composition:/home/davide/sesasr_labs/install/examples_rclcpp_minimal_client:/home/davide/sesasr_labs/install/examples_rclcpp_minimal_action_server:/home/davide/sesasr_labs/install/examples_rclcpp_minimal_action_client:/home/davide/sesasr_labs/install/examples_rclcpp_cbg_executor:/home/davide/sesasr_labs/install/examples_rclcpp_async_client:/home/davide/sesasr_labs/install/my_package:/home/davide/sesasr_labs/install/launch_testing_examples:/home/davide/sesasr_labs/install/examples_rclpy_pointcloud_publisher:/home/davide/sesasr_labs/install/examples_rclpy_minimal_subscriber:/home/davide/sesasr_labs/install/examples_rclpy_minimal_service:/home/davide/sesasr_labs/install/examples_rclpy_minimal_publisher:/home/davide/sesasr_labs/install/examples_rclpy_minimal_client:/home/davide/sesasr_labs/install/examples_rclpy_minimal_action_server:/home/davide/sesasr_labs/install/examples_rclpy_minimal_action_client:/home/davide/sesasr_labs/install/examples_rclpy_guard_conditions:/home/davide/sesasr_labs/install/examples_rclpy_executors:/opt/ros/humble LD_LIBRARY_PATH=/home/davide/sesasr_labs/install/turtlebot3_msgs/lib:${LD_LIBRARY_PATH} PYTHONPATH=/home/davide/sesasr_labs/install/turtlebot3_msgs/local/lib/python3.10/dist-packages:${PYTHONPATH} /usr/bin/cmake --install /home/davide/sesasr_labs/build/turtlebot3_fake_node
