[0.198s] Invoking command in '/home/davide/sesasr_labs/build/examples_rclcpp_minimal_composition': CMAKE_PREFIX_PATH=${CMAKE_PREFIX_PATH}:/home/davide/sesasr_labs/install/launch_testing_examples:/home/davide/sesasr_labs/install/examples_rclpy_pointcloud_publisher:/home/davide/sesasr_labs/install/examples_rclpy_minimal_subscriber:/home/davide/sesasr_labs/install/examples_rclpy_minimal_service:/home/davide/sesasr_labs/install/examples_rclpy_minimal_publisher:/home/davide/sesasr_labs/install/examples_rclpy_minimal_client:/home/davide/sesasr_labs/install/examples_rclpy_minimal_action_server:/home/davide/sesasr_labs/install/examples_rclpy_minimal_action_client:/home/davide/sesasr_labs/install/examples_rclpy_guard_conditions:/home/davide/sesasr_labs/install/examples_rclpy_executors:/opt/ros/humble /usr/bin/cmake /home/davide/sesasr_labs/src/examples/rclcpp/composition/minimal_composition -DAMENT_CMAKE_SYMLINK_INSTALL=1 -DCMAKE_INSTALL_PREFIX=/home/davide/sesasr_labs/install/examples_rclcpp_minimal_composition
[0.275s] -- The C compiler identification is GNU 11.4.0
[0.702s] -- The CXX compiler identification is GNU 11.4.0
[1.035s] -- Detecting C compiler ABI info
[1.143s] -- Detecting C compiler ABI info - done
[1.149s] -- Check for working C compiler: /usr/bin/cc - skipped
[1.149s] -- Detecting C compile features
[1.149s] -- Detecting C compile features - done
[1.153s] -- Detecting CXX compiler ABI info
[1.281s] -- Detecting CXX compiler ABI info - done
[1.285s] -- Check for working CXX compiler: /usr/bin/c++ - skipped
[1.286s] -- Detecting CXX compile features
[1.289s] -- Detecting CXX compile features - done
[1.293s] -- Found ament_cmake: 1.3.6 (/opt/ros/humble/share/ament_cmake/cmake)
[1.482s] -- Found Python3: /usr/bin/python3.10 (found version "3.10.12") found components: Interpreter 
[1.566s] -- Override CMake install command with custom implementation using symlinks instead of copying resources
[1.589s] -- Found rclcpp: 16.0.7 (/opt/ros/humble/share/rclcpp/cmake)
[1.731s] -- Found rosidl_generator_c: 3.1.5 (/opt/ros/humble/share/rosidl_generator_c/cmake)
[1.741s] -- Found rosidl_adapter: 3.1.5 (/opt/ros/humble/share/rosidl_adapter/cmake)
[1.752s] -- Found rosidl_generator_cpp: 3.1.5 (/opt/ros/humble/share/rosidl_generator_cpp/cmake)
[1.766s] -- Using all available rosidl_typesupport_c: rosidl_typesupport_fastrtps_c;rosidl_typesupport_introspection_c
[1.786s] -- Using all available rosidl_typesupport_cpp: rosidl_typesupport_fastrtps_cpp;rosidl_typesupport_introspection_cpp
[1.855s] -- Found rmw_implementation_cmake: 6.1.1 (/opt/ros/humble/share/rmw_implementation_cmake/cmake)
[1.860s] -- Found rmw_fastrtps_cpp: 6.2.5 (/opt/ros/humble/share/rmw_fastrtps_cpp/cmake)
[2.562s] -- Found OpenSSL: /usr/lib/x86_64-linux-gnu/libcrypto.so (found version "3.0.2")  
[3.390s] -- Found FastRTPS: /opt/ros/humble/include  
[5.349s] -- Using RMW implementation 'rmw_fastrtps_cpp' as default
[5.360s] -- Looking for pthread.h
[5.489s] -- Looking for pthread.h - found
[5.489s] -- Performing Test CMAKE_HAVE_LIBC_PTHREAD
[5.639s] -- Performing Test CMAKE_HAVE_LIBC_PTHREAD - Success
[5.639s] -- Found Threads: TRUE  
[5.810s] -- Found rclcpp_components: 16.0.7 (/opt/ros/humble/share/rclcpp_components/cmake)
[5.882s] -- Found ament_lint_auto: 0.12.9 (/opt/ros/humble/share/ament_lint_auto/cmake)
[5.980s] -- Added test 'copyright' to check source files copyright and LICENSE
[5.981s] -- Added test 'cppcheck' to perform static code analysis on C / C++ code
[5.981s] -- Configured cppcheck include dirs: /home/davide/sesasr_labs/src/examples/rclcpp/composition/minimal_composition/include
[5.981s] -- Configured cppcheck exclude dirs and/or files: 
[5.982s] -- Added test 'cpplint' to check C / C++ code against the Google style
[5.982s] -- Configured cpplint exclude dirs and/or files: 
[5.982s] -- Added test 'lint_cmake' to check CMake code style
[5.984s] -- Added test 'uncrustify' to check C / C++ code style
[5.984s] -- Configured uncrustify additional arguments: 
[5.984s] -- Added test 'xmllint' to check XML markup files
[5.986s] -- Configuring done
[6.002s] -- Generating done
[6.004s] -- Build files have been written to: /home/davide/sesasr_labs/build/examples_rclcpp_minimal_composition
[6.019s] Invoked command in '/home/davide/sesasr_labs/build/examples_rclcpp_minimal_composition' returned '0': CMAKE_PREFIX_PATH=${CMAKE_PREFIX_PATH}:/home/davide/sesasr_labs/install/launch_testing_examples:/home/davide/sesasr_labs/install/examples_rclpy_pointcloud_publisher:/home/davide/sesasr_labs/install/examples_rclpy_minimal_subscriber:/home/davide/sesasr_labs/install/examples_rclpy_minimal_service:/home/davide/sesasr_labs/install/examples_rclpy_minimal_publisher:/home/davide/sesasr_labs/install/examples_rclpy_minimal_client:/home/davide/sesasr_labs/install/examples_rclpy_minimal_action_server:/home/davide/sesasr_labs/install/examples_rclpy_minimal_action_client:/home/davide/sesasr_labs/install/examples_rclpy_guard_conditions:/home/davide/sesasr_labs/install/examples_rclpy_executors:/opt/ros/humble /usr/bin/cmake /home/davide/sesasr_labs/src/examples/rclcpp/composition/minimal_composition -DAMENT_CMAKE_SYMLINK_INSTALL=1 -DCMAKE_INSTALL_PREFIX=/home/davide/sesasr_labs/install/examples_rclcpp_minimal_composition
[6.019s] Invoking command in '/home/davide/sesasr_labs/build/examples_rclcpp_minimal_composition': CMAKE_PREFIX_PATH=${CMAKE_PREFIX_PATH}:/home/davide/sesasr_labs/install/launch_testing_examples:/home/davide/sesasr_labs/install/examples_rclpy_pointcloud_publisher:/home/davide/sesasr_labs/install/examples_rclpy_minimal_subscriber:/home/davide/sesasr_labs/install/examples_rclpy_minimal_service:/home/davide/sesasr_labs/install/examples_rclpy_minimal_publisher:/home/davide/sesasr_labs/install/examples_rclpy_minimal_client:/home/davide/sesasr_labs/install/examples_rclpy_minimal_action_server:/home/davide/sesasr_labs/install/examples_rclpy_minimal_action_client:/home/davide/sesasr_labs/install/examples_rclpy_guard_conditions:/home/davide/sesasr_labs/install/examples_rclpy_executors:/opt/ros/humble /usr/bin/cmake --build /home/davide/sesasr_labs/build/examples_rclcpp_minimal_composition -- -j8 -l8
[6.070s] [35m[1mConsolidate compiler generated dependencies of target composition_nodes[0m
[6.078s] [ 33%] Built target composition_nodes
[6.090s] [35m[1mConsolidate compiler generated dependencies of target composition_publisher[0m
[6.092s] [35m[1mConsolidate compiler generated dependencies of target composition_subscriber[0m
[6.092s] [35m[1mConsolidate compiler generated dependencies of target composition_composed[0m
[6.109s] [ 55%] Built target composition_subscriber
[6.109s] [ 77%] Built target composition_composed
[6.136s] [100%] Built target composition_publisher
[6.208s] Invoked command in '/home/davide/sesasr_labs/build/examples_rclcpp_minimal_composition' returned '0': CMAKE_PREFIX_PATH=${CMAKE_PREFIX_PATH}:/home/davide/sesasr_labs/install/launch_testing_examples:/home/davide/sesasr_labs/install/examples_rclpy_pointcloud_publisher:/home/davide/sesasr_labs/install/examples_rclpy_minimal_subscriber:/home/davide/sesasr_labs/install/examples_rclpy_minimal_service:/home/davide/sesasr_labs/install/examples_rclpy_minimal_publisher:/home/davide/sesasr_labs/install/examples_rclpy_minimal_client:/home/davide/sesasr_labs/install/examples_rclpy_minimal_action_server:/home/davide/sesasr_labs/install/examples_rclpy_minimal_action_client:/home/davide/sesasr_labs/install/examples_rclpy_guard_conditions:/home/davide/sesasr_labs/install/examples_rclpy_executors:/opt/ros/humble /usr/bin/cmake --build /home/davide/sesasr_labs/build/examples_rclcpp_minimal_composition -- -j8 -l8
[6.340s] Invoking command in '/home/davide/sesasr_labs/build/examples_rclcpp_minimal_composition': CMAKE_PREFIX_PATH=${CMAKE_PREFIX_PATH}:/home/davide/sesasr_labs/install/launch_testing_examples:/home/davide/sesasr_labs/install/examples_rclpy_pointcloud_publisher:/home/davide/sesasr_labs/install/examples_rclpy_minimal_subscriber:/home/davide/sesasr_labs/install/examples_rclpy_minimal_service:/home/davide/sesasr_labs/install/examples_rclpy_minimal_publisher:/home/davide/sesasr_labs/install/examples_rclpy_minimal_client:/home/davide/sesasr_labs/install/examples_rclpy_minimal_action_server:/home/davide/sesasr_labs/install/examples_rclpy_minimal_action_client:/home/davide/sesasr_labs/install/examples_rclpy_guard_conditions:/home/davide/sesasr_labs/install/examples_rclpy_executors:/opt/ros/humble /usr/bin/cmake --install /home/davide/sesasr_labs/build/examples_rclcpp_minimal_composition
[6.418s] -- Install configuration: ""
[6.418s] -- Execute custom install script
[6.418s] -- Up-to-date symlink: /home/davide/sesasr_labs/install/examples_rclcpp_minimal_composition/share/examples_rclcpp_minimal_composition/environment/library_path.sh
[6.419s] -- Up-to-date symlink: /home/davide/sesasr_labs/install/examples_rclcpp_minimal_composition/share/examples_rclcpp_minimal_composition/environment/library_path.dsv
[6.419s] -- Up-to-date symlink: /home/davide/sesasr_labs/install/examples_rclcpp_minimal_composition/lib/libcomposition_nodes.so
[6.419s] -- Up-to-date symlink: /home/davide/sesasr_labs/install/examples_rclcpp_minimal_composition/lib/examples_rclcpp_minimal_composition/composition_publisher
[6.420s] -- Up-to-date symlink: /home/davide/sesasr_labs/install/examples_rclcpp_minimal_composition/lib/examples_rclcpp_minimal_composition/composition_subscriber
[6.420s] -- Up-to-date symlink: /home/davide/sesasr_labs/install/examples_rclcpp_minimal_composition/lib/examples_rclcpp_minimal_composition/composition_composed
[6.420s] -- Up-to-date symlink: /home/davide/sesasr_labs/install/examples_rclcpp_minimal_composition/share/ament_index/resource_index/package_run_dependencies/examples_rclcpp_minimal_composition
[6.420s] -- Up-to-date symlink: /home/davide/sesasr_labs/install/examples_rclcpp_minimal_composition/share/ament_index/resource_index/parent_prefix_path/examples_rclcpp_minimal_composition
[6.421s] -- Up-to-date symlink: /home/davide/sesasr_labs/install/examples_rclcpp_minimal_composition/share/examples_rclcpp_minimal_composition/environment/ament_prefix_path.sh
[6.421s] -- Up-to-date symlink: /home/davide/sesasr_labs/install/examples_rclcpp_minimal_composition/share/examples_rclcpp_minimal_composition/environment/ament_prefix_path.dsv
[6.421s] -- Up-to-date symlink: /home/davide/sesasr_labs/install/examples_rclcpp_minimal_composition/share/examples_rclcpp_minimal_composition/environment/path.sh
[6.421s] -- Up-to-date symlink: /home/davide/sesasr_labs/install/examples_rclcpp_minimal_composition/share/examples_rclcpp_minimal_composition/environment/path.dsv
[6.422s] -- Up-to-date symlink: /home/davide/sesasr_labs/install/examples_rclcpp_minimal_composition/share/examples_rclcpp_minimal_composition/local_setup.bash
[6.423s] -- Up-to-date symlink: /home/davide/sesasr_labs/install/examples_rclcpp_minimal_composition/share/examples_rclcpp_minimal_composition/local_setup.sh
[6.423s] -- Up-to-date symlink: /home/davide/sesasr_labs/install/examples_rclcpp_minimal_composition/share/examples_rclcpp_minimal_composition/local_setup.zsh
[6.423s] -- Up-to-date symlink: /home/davide/sesasr_labs/install/examples_rclcpp_minimal_composition/share/examples_rclcpp_minimal_composition/local_setup.dsv
[6.423s] -- Symlinking: /home/davide/sesasr_labs/install/examples_rclcpp_minimal_composition/share/examples_rclcpp_minimal_composition/package.dsv
[6.424s] -- Up-to-date symlink: /home/davide/sesasr_labs/install/examples_rclcpp_minimal_composition/share/ament_index/resource_index/packages/examples_rclcpp_minimal_composition
[6.424s] -- Up-to-date symlink: /home/davide/sesasr_labs/install/examples_rclcpp_minimal_composition/share/examples_rclcpp_minimal_composition/cmake/examples_rclcpp_minimal_compositionConfig.cmake
[6.425s] -- Up-to-date symlink: /home/davide/sesasr_labs/install/examples_rclcpp_minimal_composition/share/examples_rclcpp_minimal_composition/cmake/examples_rclcpp_minimal_compositionConfig-version.cmake
[6.425s] -- Up-to-date symlink: /home/davide/sesasr_labs/install/examples_rclcpp_minimal_composition/share/examples_rclcpp_minimal_composition/package.xml
[6.555s] Invoked command in '/home/davide/sesasr_labs/build/examples_rclcpp_minimal_composition' returned '0': CMAKE_PREFIX_PATH=${CMAKE_PREFIX_PATH}:/home/davide/sesasr_labs/install/launch_testing_examples:/home/davide/sesasr_labs/install/examples_rclpy_pointcloud_publisher:/home/davide/sesasr_labs/install/examples_rclpy_minimal_subscriber:/home/davide/sesasr_labs/install/examples_rclpy_minimal_service:/home/davide/sesasr_labs/install/examples_rclpy_minimal_publisher:/home/davide/sesasr_labs/install/examples_rclpy_minimal_client:/home/davide/sesasr_labs/install/examples_rclpy_minimal_action_server:/home/davide/sesasr_labs/install/examples_rclpy_minimal_action_client:/home/davide/sesasr_labs/install/examples_rclpy_guard_conditions:/home/davide/sesasr_labs/install/examples_rclpy_executors:/opt/ros/humble /usr/bin/cmake --install /home/davide/sesasr_labs/build/examples_rclcpp_minimal_composition
