[1.392s] Invoking command in '/home/davide/sesasr_labs/build/examples_rclpy_guard_conditions': PYTHONPATH=/home/davide/sesasr_labs/build/examples_rclpy_guard_conditions/prefix_override:/home/davide/sesasr_labs/install/examples_rclpy_guard_conditions/lib/python3.10/site-packages:${PYTHONPATH} /usr/bin/python3 setup.py develop --editable --build-directory /home/davide/sesasr_labs/build/examples_rclpy_guard_conditions/build --no-deps install_data
[1.610s] running develop
[1.610s] /usr/lib/python3/dist-packages/setuptools/command/easy_install.py:158: EasyInstallDeprecationWarning: easy_install command is deprecated. Use build and pip and other standards-based tools.
[1.611s]   warnings.warn(
[1.612s] /usr/lib/python3/dist-packages/setuptools/command/install.py:34: SetuptoolsDeprecationWarning: setup.py install is deprecated. Use build and pip and other standards-based tools.
[1.612s]   warnings.warn(
[1.741s] running egg_info
[1.741s] writing examples_rclpy_guard_conditions.egg-info/PKG-INFO
[1.741s] writing dependency_links to examples_rclpy_guard_conditions.egg-info/dependency_links.txt
[1.741s] writing entry points to examples_rclpy_guard_conditions.egg-info/entry_points.txt
[1.742s] writing requirements to examples_rclpy_guard_conditions.egg-info/requires.txt
[1.742s] writing top-level names to examples_rclpy_guard_conditions.egg-info/top_level.txt
[1.743s] reading manifest file 'examples_rclpy_guard_conditions.egg-info/SOURCES.txt'
[1.744s] writing manifest file 'examples_rclpy_guard_conditions.egg-info/SOURCES.txt'
[1.745s] running build_ext
[1.745s] Creating /home/davide/sesasr_labs/install/examples_rclpy_guard_conditions/lib/python3.10/site-packages/examples-rclpy-guard-conditions.egg-link (link to .)
[1.746s] Installing trigger_guard_condition script to /home/davide/sesasr_labs/install/examples_rclpy_guard_conditions/lib/examples_rclpy_guard_conditions
[1.746s] 
[1.747s] Installed /home/davide/sesasr_labs/build/examples_rclpy_guard_conditions
[1.747s] running install_data
[1.876s] Invoked command in '/home/davide/sesasr_labs/build/examples_rclpy_guard_conditions' returned '0': PYTHONPATH=/home/davide/sesasr_labs/build/examples_rclpy_guard_conditions/prefix_override:/home/davide/sesasr_labs/install/examples_rclpy_guard_conditions/lib/python3.10/site-packages:${PYTHONPATH} /usr/bin/python3 setup.py develop --editable --build-directory /home/davide/sesasr_labs/build/examples_rclpy_guard_conditions/build --no-deps install_data
