[0.088s] Invoking command in '/home/davide/sesasr_labs/build/examples_rclcpp_minimal_timer': CMAKE_PREFIX_PATH=${CMAKE_PREFIX_PATH}:/home/davide/sesasr_labs/install/my_package:/home/davide/sesasr_labs/install/launch_testing_examples:/home/davide/sesasr_labs/install/examples_rclpy_pointcloud_publisher:/home/davide/sesasr_labs/install/examples_rclpy_minimal_subscriber:/home/davide/sesasr_labs/install/examples_rclpy_minimal_service:/home/davide/sesasr_labs/install/examples_rclpy_minimal_publisher:/home/davide/sesasr_labs/install/examples_rclpy_minimal_client:/home/davide/sesasr_labs/install/examples_rclpy_minimal_action_server:/home/davide/sesasr_labs/install/examples_rclpy_minimal_action_client:/home/davide/sesasr_labs/install/examples_rclpy_guard_conditions:/home/davide/sesasr_labs/install/examples_rclpy_executors:/opt/ros/humble /usr/bin/cmake /home/davide/sesasr_labs/src/examples/rclcpp/timers/minimal_timer -DAMENT_CMAKE_SYMLINK_INSTALL=1 -DCMAKE_INSTALL_PREFIX=/home/davide/sesasr_labs/install/examples_rclcpp_minimal_timer
[2.630s] -- The C compiler identification is GNU 11.4.0
[2.631s] -- The CXX compiler identification is GNU 11.4.0
[2.632s] -- Detecting C compiler ABI info
[2.632s] -- Detecting C compiler ABI info - done
[2.633s] -- Check for working C compiler: /usr/bin/cc - skipped
[2.633s] -- Detecting C compile features
[2.633s] -- Detecting C compile features - done
[2.633s] -- Detecting CXX compiler ABI info
[2.633s] -- Detecting CXX compiler ABI info - done
[2.633s] -- Check for working CXX compiler: /usr/bin/c++ - skipped
[2.633s] -- Detecting CXX compile features
[2.634s] -- Detecting CXX compile features - done
[2.634s] -- Found ament_cmake: 1.3.6 (/opt/ros/humble/share/ament_cmake/cmake)
[2.634s] -- Found Python3: /usr/bin/python3.10 (found version "3.10.12") found components: Interpreter 
[2.634s] -- Override CMake install command with custom implementation using symlinks instead of copying resources
[2.634s] -- Found rclcpp: 16.0.7 (/opt/ros/humble/share/rclcpp/cmake)
[2.634s] -- Found rosidl_generator_c: 3.1.5 (/opt/ros/humble/share/rosidl_generator_c/cmake)
[2.634s] -- Found rosidl_adapter: 3.1.5 (/opt/ros/humble/share/rosidl_adapter/cmake)
[2.635s] -- Found rosidl_generator_cpp: 3.1.5 (/opt/ros/humble/share/rosidl_generator_cpp/cmake)
[2.635s] -- Using all available rosidl_typesupport_c: rosidl_typesupport_fastrtps_c;rosidl_typesupport_introspection_c
[2.635s] -- Using all available rosidl_typesupport_cpp: rosidl_typesupport_fastrtps_cpp;rosidl_typesupport_introspection_cpp
[2.635s] -- Found rmw_implementation_cmake: 6.1.1 (/opt/ros/humble/share/rmw_implementation_cmake/cmake)
[2.635s] -- Found rmw_fastrtps_cpp: 6.2.5 (/opt/ros/humble/share/rmw_fastrtps_cpp/cmake)
[3.533s] -- Found OpenSSL: /usr/lib/x86_64-linux-gnu/libcrypto.so (found version "3.0.2")  
[4.754s] -- Found FastRTPS: /opt/ros/humble/include  
[6.463s] -- Using RMW implementation 'rmw_fastrtps_cpp' as default
[6.474s] -- Looking for pthread.h
[6.634s] -- Looking for pthread.h - found
[6.634s] -- Performing Test CMAKE_HAVE_LIBC_PTHREAD
[6.764s] -- Performing Test CMAKE_HAVE_LIBC_PTHREAD - Success
[6.766s] -- Found Threads: TRUE  
[6.931s] -- Found ament_lint_auto: 0.12.9 (/opt/ros/humble/share/ament_lint_auto/cmake)
[7.021s] -- Added test 'copyright' to check source files copyright and LICENSE
[7.024s] -- Added test 'cppcheck' to perform static code analysis on C / C++ code
[7.028s] -- Configured cppcheck include dirs: 
[7.031s] -- Configured cppcheck exclude dirs and/or files: 
[7.031s] -- Added test 'cpplint' to check C / C++ code against the Google style
[7.031s] -- Configured cpplint exclude dirs and/or files: 
[7.032s] -- Added test 'lint_cmake' to check CMake code style
[7.033s] -- Added test 'uncrustify' to check C / C++ code style
[7.034s] -- Configured uncrustify additional arguments: 
[7.034s] -- Added test 'xmllint' to check XML markup files
[7.034s] -- Configuring done
[7.040s] -- Generating done
[7.042s] -- Build files have been written to: /home/davide/sesasr_labs/build/examples_rclcpp_minimal_timer
[7.507s] Invoked command in '/home/davide/sesasr_labs/build/examples_rclcpp_minimal_timer' returned '0': CMAKE_PREFIX_PATH=${CMAKE_PREFIX_PATH}:/home/davide/sesasr_labs/install/my_package:/home/davide/sesasr_labs/install/launch_testing_examples:/home/davide/sesasr_labs/install/examples_rclpy_pointcloud_publisher:/home/davide/sesasr_labs/install/examples_rclpy_minimal_subscriber:/home/davide/sesasr_labs/install/examples_rclpy_minimal_service:/home/davide/sesasr_labs/install/examples_rclpy_minimal_publisher:/home/davide/sesasr_labs/install/examples_rclpy_minimal_client:/home/davide/sesasr_labs/install/examples_rclpy_minimal_action_server:/home/davide/sesasr_labs/install/examples_rclpy_minimal_action_client:/home/davide/sesasr_labs/install/examples_rclpy_guard_conditions:/home/davide/sesasr_labs/install/examples_rclpy_executors:/opt/ros/humble /usr/bin/cmake /home/davide/sesasr_labs/src/examples/rclcpp/timers/minimal_timer -DAMENT_CMAKE_SYMLINK_INSTALL=1 -DCMAKE_INSTALL_PREFIX=/home/davide/sesasr_labs/install/examples_rclcpp_minimal_timer
[7.511s] Invoking command in '/home/davide/sesasr_labs/build/examples_rclcpp_minimal_timer': CMAKE_PREFIX_PATH=${CMAKE_PREFIX_PATH}:/home/davide/sesasr_labs/install/my_package:/home/davide/sesasr_labs/install/launch_testing_examples:/home/davide/sesasr_labs/install/examples_rclpy_pointcloud_publisher:/home/davide/sesasr_labs/install/examples_rclpy_minimal_subscriber:/home/davide/sesasr_labs/install/examples_rclpy_minimal_service:/home/davide/sesasr_labs/install/examples_rclpy_minimal_publisher:/home/davide/sesasr_labs/install/examples_rclpy_minimal_client:/home/davide/sesasr_labs/install/examples_rclpy_minimal_action_server:/home/davide/sesasr_labs/install/examples_rclpy_minimal_action_client:/home/davide/sesasr_labs/install/examples_rclpy_guard_conditions:/home/davide/sesasr_labs/install/examples_rclpy_executors:/opt/ros/humble /usr/bin/cmake --build /home/davide/sesasr_labs/build/examples_rclcpp_minimal_timer -- -j8 -l8
[7.541s] [35m[1mConsolidate compiler generated dependencies of target timer_lambda[0m
[7.541s] [35m[1mConsolidate compiler generated dependencies of target timer_member_function[0m
[7.553s] [ 50%] Built target timer_lambda
[7.555s] [100%] Built target timer_member_function
[8.420s] Invoked command in '/home/davide/sesasr_labs/build/examples_rclcpp_minimal_timer' returned '0': CMAKE_PREFIX_PATH=${CMAKE_PREFIX_PATH}:/home/davide/sesasr_labs/install/my_package:/home/davide/sesasr_labs/install/launch_testing_examples:/home/davide/sesasr_labs/install/examples_rclpy_pointcloud_publisher:/home/davide/sesasr_labs/install/examples_rclpy_minimal_subscriber:/home/davide/sesasr_labs/install/examples_rclpy_minimal_service:/home/davide/sesasr_labs/install/examples_rclpy_minimal_publisher:/home/davide/sesasr_labs/install/examples_rclpy_minimal_client:/home/davide/sesasr_labs/install/examples_rclpy_minimal_action_server:/home/davide/sesasr_labs/install/examples_rclpy_minimal_action_client:/home/davide/sesasr_labs/install/examples_rclpy_guard_conditions:/home/davide/sesasr_labs/install/examples_rclpy_executors:/opt/ros/humble /usr/bin/cmake --build /home/davide/sesasr_labs/build/examples_rclcpp_minimal_timer -- -j8 -l8
[8.764s] Invoking command in '/home/davide/sesasr_labs/build/examples_rclcpp_minimal_timer': CMAKE_PREFIX_PATH=${CMAKE_PREFIX_PATH}:/home/davide/sesasr_labs/install/my_package:/home/davide/sesasr_labs/install/launch_testing_examples:/home/davide/sesasr_labs/install/examples_rclpy_pointcloud_publisher:/home/davide/sesasr_labs/install/examples_rclpy_minimal_subscriber:/home/davide/sesasr_labs/install/examples_rclpy_minimal_service:/home/davide/sesasr_labs/install/examples_rclpy_minimal_publisher:/home/davide/sesasr_labs/install/examples_rclpy_minimal_client:/home/davide/sesasr_labs/install/examples_rclpy_minimal_action_server:/home/davide/sesasr_labs/install/examples_rclpy_minimal_action_client:/home/davide/sesasr_labs/install/examples_rclpy_guard_conditions:/home/davide/sesasr_labs/install/examples_rclpy_executors:/opt/ros/humble /usr/bin/cmake --install /home/davide/sesasr_labs/build/examples_rclcpp_minimal_timer
[8.775s] -- Install configuration: ""
[8.775s] -- Execute custom install script
[8.775s] -- Up-to-date symlink: /home/davide/sesasr_labs/install/examples_rclcpp_minimal_timer/lib/examples_rclcpp_minimal_timer/timer_lambda
[8.775s] -- Up-to-date symlink: /home/davide/sesasr_labs/install/examples_rclcpp_minimal_timer/lib/examples_rclcpp_minimal_timer/timer_member_function
[8.775s] -- Up-to-date symlink: /home/davide/sesasr_labs/install/examples_rclcpp_minimal_timer/share/ament_index/resource_index/package_run_dependencies/examples_rclcpp_minimal_timer
[8.775s] -- Up-to-date symlink: /home/davide/sesasr_labs/install/examples_rclcpp_minimal_timer/share/ament_index/resource_index/parent_prefix_path/examples_rclcpp_minimal_timer
[8.775s] -- Up-to-date symlink: /home/davide/sesasr_labs/install/examples_rclcpp_minimal_timer/share/examples_rclcpp_minimal_timer/environment/ament_prefix_path.sh
[8.775s] -- Up-to-date symlink: /home/davide/sesasr_labs/install/examples_rclcpp_minimal_timer/share/examples_rclcpp_minimal_timer/environment/ament_prefix_path.dsv
[8.775s] -- Up-to-date symlink: /home/davide/sesasr_labs/install/examples_rclcpp_minimal_timer/share/examples_rclcpp_minimal_timer/environment/path.sh
[8.775s] -- Up-to-date symlink: /home/davide/sesasr_labs/install/examples_rclcpp_minimal_timer/share/examples_rclcpp_minimal_timer/environment/path.dsv
[8.775s] -- Up-to-date symlink: /home/davide/sesasr_labs/install/examples_rclcpp_minimal_timer/share/examples_rclcpp_minimal_timer/local_setup.bash
[8.775s] -- Up-to-date symlink: /home/davide/sesasr_labs/install/examples_rclcpp_minimal_timer/share/examples_rclcpp_minimal_timer/local_setup.sh
[8.776s] -- Up-to-date symlink: /home/davide/sesasr_labs/install/examples_rclcpp_minimal_timer/share/examples_rclcpp_minimal_timer/local_setup.zsh
[8.776s] -- Up-to-date symlink: /home/davide/sesasr_labs/install/examples_rclcpp_minimal_timer/share/examples_rclcpp_minimal_timer/local_setup.dsv
[8.776s] -- Symlinking: /home/davide/sesasr_labs/install/examples_rclcpp_minimal_timer/share/examples_rclcpp_minimal_timer/package.dsv
[8.781s] -- Up-to-date symlink: /home/davide/sesasr_labs/install/examples_rclcpp_minimal_timer/share/ament_index/resource_index/packages/examples_rclcpp_minimal_timer
[8.781s] -- Up-to-date symlink: /home/davide/sesasr_labs/install/examples_rclcpp_minimal_timer/share/examples_rclcpp_minimal_timer/cmake/examples_rclcpp_minimal_timerConfig.cmake
[8.781s] -- Up-to-date symlink: /home/davide/sesasr_labs/install/examples_rclcpp_minimal_timer/share/examples_rclcpp_minimal_timer/cmake/examples_rclcpp_minimal_timerConfig-version.cmake
[8.781s] -- Up-to-date symlink: /home/davide/sesasr_labs/install/examples_rclcpp_minimal_timer/share/examples_rclcpp_minimal_timer/package.xml
[8.783s] Invoked command in '/home/davide/sesasr_labs/build/examples_rclcpp_minimal_timer' returned '0': CMAKE_PREFIX_PATH=${CMAKE_PREFIX_PATH}:/home/davide/sesasr_labs/install/my_package:/home/davide/sesasr_labs/install/launch_testing_examples:/home/davide/sesasr_labs/install/examples_rclpy_pointcloud_publisher:/home/davide/sesasr_labs/install/examples_rclpy_minimal_subscriber:/home/davide/sesasr_labs/install/examples_rclpy_minimal_service:/home/davide/sesasr_labs/install/examples_rclpy_minimal_publisher:/home/davide/sesasr_labs/install/examples_rclpy_minimal_client:/home/davide/sesasr_labs/install/examples_rclpy_minimal_action_server:/home/davide/sesasr_labs/install/examples_rclpy_minimal_action_client:/home/davide/sesasr_labs/install/examples_rclpy_guard_conditions:/home/davide/sesasr_labs/install/examples_rclpy_executors:/opt/ros/humble /usr/bin/cmake --install /home/davide/sesasr_labs/build/examples_rclcpp_minimal_timer
