[0.416s] Invoking command in '/home/davide/sesasr_labs/build/dynamixel_sdk': CMAKE_PREFIX_PATH=${CMAKE_PREFIX_PATH}:/home/davide/sesasr_labs/install/my_package:/home/davide/sesasr_labs/install/launch_testing_examples:/home/davide/sesasr_labs/install/examples_rclpy_pointcloud_publisher:/home/davide/sesasr_labs/install/examples_rclpy_minimal_subscriber:/home/davide/sesasr_labs/install/examples_rclpy_minimal_service:/home/davide/sesasr_labs/install/examples_rclpy_minimal_publisher:/home/davide/sesasr_labs/install/examples_rclpy_minimal_client:/home/davide/sesasr_labs/install/examples_rclpy_minimal_action_server:/home/davide/sesasr_labs/install/examples_rclpy_minimal_action_client:/home/davide/sesasr_labs/install/examples_rclpy_guard_conditions:/home/davide/sesasr_labs/install/examples_rclpy_executors:/opt/ros/humble /usr/bin/cmake /home/davide/sesasr_labs/src/turtlebot3/utils/DynamixelSDK/dynamixel_sdk -DAMENT_CMAKE_SYMLINK_INSTALL=1 -DCMAKE_INSTALL_PREFIX=/home/davide/sesasr_labs/install/dynamixel_sdk
[0.506s] -- The C compiler identification is GNU 11.4.0
[0.934s] -- The CXX compiler identification is GNU 11.4.0
[1.217s] -- Detecting C compiler ABI info
[1.343s] -- Detecting C compiler ABI info - done
[1.346s] -- Check for working C compiler: /usr/bin/cc - skipped
[1.346s] -- Detecting C compile features
[1.347s] -- Detecting C compile features - done
[1.349s] -- Detecting CXX compiler ABI info
[1.495s] -- Detecting CXX compiler ABI info - done
[1.502s] -- Check for working CXX compiler: /usr/bin/c++ - skipped
[1.502s] -- Detecting CXX compile features
[1.502s] -- Detecting CXX compile features - done
[1.505s] -- Found ament_cmake: 1.3.6 (/opt/ros/humble/share/ament_cmake/cmake)
[1.687s] -- Found Python3: /usr/bin/python3.10 (found version "3.10.12") found components: Interpreter 
[1.754s] -- Override CMake install command with custom implementation using symlinks instead of copying resources
[1.857s] -- Configuring done
[1.857s] -- Generating done
[1.857s] -- Build files have been written to: /home/davide/sesasr_labs/build/dynamixel_sdk
[1.866s] Invoked command in '/home/davide/sesasr_labs/build/dynamixel_sdk' returned '0': CMAKE_PREFIX_PATH=${CMAKE_PREFIX_PATH}:/home/davide/sesasr_labs/install/my_package:/home/davide/sesasr_labs/install/launch_testing_examples:/home/davide/sesasr_labs/install/examples_rclpy_pointcloud_publisher:/home/davide/sesasr_labs/install/examples_rclpy_minimal_subscriber:/home/davide/sesasr_labs/install/examples_rclpy_minimal_service:/home/davide/sesasr_labs/install/examples_rclpy_minimal_publisher:/home/davide/sesasr_labs/install/examples_rclpy_minimal_client:/home/davide/sesasr_labs/install/examples_rclpy_minimal_action_server:/home/davide/sesasr_labs/install/examples_rclpy_minimal_action_client:/home/davide/sesasr_labs/install/examples_rclpy_guard_conditions:/home/davide/sesasr_labs/install/examples_rclpy_executors:/opt/ros/humble /usr/bin/cmake /home/davide/sesasr_labs/src/turtlebot3/utils/DynamixelSDK/dynamixel_sdk -DAMENT_CMAKE_SYMLINK_INSTALL=1 -DCMAKE_INSTALL_PREFIX=/home/davide/sesasr_labs/install/dynamixel_sdk
[1.867s] Invoking command in '/home/davide/sesasr_labs/build/dynamixel_sdk': CMAKE_PREFIX_PATH=${CMAKE_PREFIX_PATH}:/home/davide/sesasr_labs/install/my_package:/home/davide/sesasr_labs/install/launch_testing_examples:/home/davide/sesasr_labs/install/examples_rclpy_pointcloud_publisher:/home/davide/sesasr_labs/install/examples_rclpy_minimal_subscriber:/home/davide/sesasr_labs/install/examples_rclpy_minimal_service:/home/davide/sesasr_labs/install/examples_rclpy_minimal_publisher:/home/davide/sesasr_labs/install/examples_rclpy_minimal_client:/home/davide/sesasr_labs/install/examples_rclpy_minimal_action_server:/home/davide/sesasr_labs/install/examples_rclpy_minimal_action_client:/home/davide/sesasr_labs/install/examples_rclpy_guard_conditions:/home/davide/sesasr_labs/install/examples_rclpy_executors:/opt/ros/humble /usr/bin/cmake --build /home/davide/sesasr_labs/build/dynamixel_sdk -- -j8 -l8
[2.019s] [35m[1mConsolidate compiler generated dependencies of target dynamixel_sdk[0m
[2.019s] [100%] Built target dynamixel_sdk
[2.023s] Invoked command in '/home/davide/sesasr_labs/build/dynamixel_sdk' returned '0': CMAKE_PREFIX_PATH=${CMAKE_PREFIX_PATH}:/home/davide/sesasr_labs/install/my_package:/home/davide/sesasr_labs/install/launch_testing_examples:/home/davide/sesasr_labs/install/examples_rclpy_pointcloud_publisher:/home/davide/sesasr_labs/install/examples_rclpy_minimal_subscriber:/home/davide/sesasr_labs/install/examples_rclpy_minimal_service:/home/davide/sesasr_labs/install/examples_rclpy_minimal_publisher:/home/davide/sesasr_labs/install/examples_rclpy_minimal_client:/home/davide/sesasr_labs/install/examples_rclpy_minimal_action_server:/home/davide/sesasr_labs/install/examples_rclpy_minimal_action_client:/home/davide/sesasr_labs/install/examples_rclpy_guard_conditions:/home/davide/sesasr_labs/install/examples_rclpy_executors:/opt/ros/humble /usr/bin/cmake --build /home/davide/sesasr_labs/build/dynamixel_sdk -- -j8 -l8
[2.066s] Invoking command in '/home/davide/sesasr_labs/build/dynamixel_sdk': CMAKE_PREFIX_PATH=${CMAKE_PREFIX_PATH}:/home/davide/sesasr_labs/install/my_package:/home/davide/sesasr_labs/install/launch_testing_examples:/home/davide/sesasr_labs/install/examples_rclpy_pointcloud_publisher:/home/davide/sesasr_labs/install/examples_rclpy_minimal_subscriber:/home/davide/sesasr_labs/install/examples_rclpy_minimal_service:/home/davide/sesasr_labs/install/examples_rclpy_minimal_publisher:/home/davide/sesasr_labs/install/examples_rclpy_minimal_client:/home/davide/sesasr_labs/install/examples_rclpy_minimal_action_server:/home/davide/sesasr_labs/install/examples_rclpy_minimal_action_client:/home/davide/sesasr_labs/install/examples_rclpy_guard_conditions:/home/davide/sesasr_labs/install/examples_rclpy_executors:/opt/ros/humble /usr/bin/cmake --install /home/davide/sesasr_labs/build/dynamixel_sdk
[2.084s] -- Install configuration: ""
[2.084s] -- Execute custom install script
[2.085s] -- Up-to-date symlink: /home/davide/sesasr_labs/install/dynamixel_sdk/include//dynamixel_sdk/dynamixel_sdk.h
[2.085s] -- Up-to-date symlink: /home/davide/sesasr_labs/install/dynamixel_sdk/include//dynamixel_sdk/group_bulk_read.h
[2.085s] -- Up-to-date symlink: /home/davide/sesasr_labs/install/dynamixel_sdk/include//dynamixel_sdk/group_bulk_write.h
[2.085s] -- Up-to-date symlink: /home/davide/sesasr_labs/install/dynamixel_sdk/include//dynamixel_sdk/group_sync_read.h
[2.086s] -- Up-to-date symlink: /home/davide/sesasr_labs/install/dynamixel_sdk/include//dynamixel_sdk/group_sync_write.h
[2.086s] -- Up-to-date symlink: /home/davide/sesasr_labs/install/dynamixel_sdk/include//dynamixel_sdk/packet_handler.h
[2.086s] -- Up-to-date symlink: /home/davide/sesasr_labs/install/dynamixel_sdk/include//dynamixel_sdk/port_handler.h
[2.086s] -- Up-to-date symlink: /home/davide/sesasr_labs/install/dynamixel_sdk/include//dynamixel_sdk/port_handler_arduino.h
[2.086s] -- Up-to-date symlink: /home/davide/sesasr_labs/install/dynamixel_sdk/include//dynamixel_sdk/port_handler_linux.h
[2.086s] -- Up-to-date symlink: /home/davide/sesasr_labs/install/dynamixel_sdk/include//dynamixel_sdk/port_handler_mac.h
[2.087s] -- Up-to-date symlink: /home/davide/sesasr_labs/install/dynamixel_sdk/include//dynamixel_sdk/port_handler_windows.h
[2.087s] -- Up-to-date symlink: /home/davide/sesasr_labs/install/dynamixel_sdk/include//dynamixel_sdk/protocol1_packet_handler.h
[2.087s] -- Up-to-date symlink: /home/davide/sesasr_labs/install/dynamixel_sdk/include//dynamixel_sdk/protocol2_packet_handler.h
[2.087s] -- Up-to-date symlink: /home/davide/sesasr_labs/install/dynamixel_sdk/lib/libdynamixel_sdk.so
[2.087s] -- Up-to-date symlink: /home/davide/sesasr_labs/install/dynamixel_sdk/share/dynamixel_sdk/environment/library_path.sh
[2.087s] -- Up-to-date symlink: /home/davide/sesasr_labs/install/dynamixel_sdk/share/dynamixel_sdk/environment/library_path.dsv
[2.087s] -- Up-to-date symlink: /home/davide/sesasr_labs/install/dynamixel_sdk/share/ament_index/resource_index/package_run_dependencies/dynamixel_sdk
[2.088s] -- Up-to-date symlink: /home/davide/sesasr_labs/install/dynamixel_sdk/share/ament_index/resource_index/parent_prefix_path/dynamixel_sdk
[2.088s] -- Up-to-date symlink: /home/davide/sesasr_labs/install/dynamixel_sdk/share/dynamixel_sdk/environment/ament_prefix_path.sh
[2.088s] -- Up-to-date symlink: /home/davide/sesasr_labs/install/dynamixel_sdk/share/dynamixel_sdk/environment/ament_prefix_path.dsv
[2.088s] -- Up-to-date symlink: /home/davide/sesasr_labs/install/dynamixel_sdk/share/dynamixel_sdk/environment/path.sh
[2.089s] -- Up-to-date symlink: /home/davide/sesasr_labs/install/dynamixel_sdk/share/dynamixel_sdk/environment/path.dsv
[2.089s] -- Up-to-date symlink: /home/davide/sesasr_labs/install/dynamixel_sdk/share/dynamixel_sdk/local_setup.bash
[2.089s] -- Up-to-date symlink: /home/davide/sesasr_labs/install/dynamixel_sdk/share/dynamixel_sdk/local_setup.sh
[2.089s] -- Up-to-date symlink: /home/davide/sesasr_labs/install/dynamixel_sdk/share/dynamixel_sdk/local_setup.zsh
[2.089s] -- Up-to-date symlink: /home/davide/sesasr_labs/install/dynamixel_sdk/share/dynamixel_sdk/local_setup.dsv
[2.090s] -- Symlinking: /home/davide/sesasr_labs/install/dynamixel_sdk/share/dynamixel_sdk/package.dsv
[2.092s] -- Up-to-date symlink: /home/davide/sesasr_labs/install/dynamixel_sdk/share/ament_index/resource_index/packages/dynamixel_sdk
[2.092s] -- Up-to-date symlink: /home/davide/sesasr_labs/install/dynamixel_sdk/share/dynamixel_sdk/cmake/ament_cmake_export_include_directories-extras.cmake
[2.092s] -- Up-to-date symlink: /home/davide/sesasr_labs/install/dynamixel_sdk/share/dynamixel_sdk/cmake/ament_cmake_export_libraries-extras.cmake
[2.093s] -- Up-to-date symlink: /home/davide/sesasr_labs/install/dynamixel_sdk/share/dynamixel_sdk/cmake/dynamixel_sdkConfig.cmake
[2.093s] -- Up-to-date symlink: /home/davide/sesasr_labs/install/dynamixel_sdk/share/dynamixel_sdk/cmake/dynamixel_sdkConfig-version.cmake
[2.094s] -- Up-to-date symlink: /home/davide/sesasr_labs/install/dynamixel_sdk/share/dynamixel_sdk/package.xml
[2.204s] Invoked command in '/home/davide/sesasr_labs/build/dynamixel_sdk' returned '0': CMAKE_PREFIX_PATH=${CMAKE_PREFIX_PATH}:/home/davide/sesasr_labs/install/my_package:/home/davide/sesasr_labs/install/launch_testing_examples:/home/davide/sesasr_labs/install/examples_rclpy_pointcloud_publisher:/home/davide/sesasr_labs/install/examples_rclpy_minimal_subscriber:/home/davide/sesasr_labs/install/examples_rclpy_minimal_service:/home/davide/sesasr_labs/install/examples_rclpy_minimal_publisher:/home/davide/sesasr_labs/install/examples_rclpy_minimal_client:/home/davide/sesasr_labs/install/examples_rclpy_minimal_action_server:/home/davide/sesasr_labs/install/examples_rclpy_minimal_action_client:/home/davide/sesasr_labs/install/examples_rclpy_guard_conditions:/home/davide/sesasr_labs/install/examples_rclpy_executors:/opt/ros/humble /usr/bin/cmake --install /home/davide/sesasr_labs/build/dynamixel_sdk
