[1.584s] Invoking command in '/home/davide/sesasr_labs/build/examples_rclpy_guard_conditions': PYTHONPATH=/home/davide/sesasr_labs/build/examples_rclpy_guard_conditions/prefix_override:/home/davide/sesasr_labs/install/examples_rclpy_guard_conditions/lib/python3.10/site-packages:${PYTHONPATH} /usr/bin/python3 setup.py develop --editable --build-directory /home/davide/sesasr_labs/build/examples_rclpy_guard_conditions/build --no-deps install_data
[1.874s] running develop
[1.875s] /usr/lib/python3/dist-packages/setuptools/command/easy_install.py:158: EasyInstallDeprecationWarning: easy_install command is deprecated. Use build and pip and other standards-based tools.
[1.875s]   warnings.warn(
[1.876s] /usr/lib/python3/dist-packages/setuptools/command/install.py:34: SetuptoolsDeprecationWarning: setup.py install is deprecated. Use build and pip and other standards-based tools.
[1.876s]   warnings.warn(
[2.060s] running egg_info
[2.060s] writing examples_rclpy_guard_conditions.egg-info/PKG-INFO
[2.060s] writing dependency_links to examples_rclpy_guard_conditions.egg-info/dependency_links.txt
[2.061s] writing entry points to examples_rclpy_guard_conditions.egg-info/entry_points.txt
[2.061s] writing requirements to examples_rclpy_guard_conditions.egg-info/requires.txt
[2.062s] writing top-level names to examples_rclpy_guard_conditions.egg-info/top_level.txt
[2.064s] reading manifest file 'examples_rclpy_guard_conditions.egg-info/SOURCES.txt'
[2.065s] writing manifest file 'examples_rclpy_guard_conditions.egg-info/SOURCES.txt'
[2.067s] running build_ext
[2.067s] Creating /home/davide/sesasr_labs/install/examples_rclpy_guard_conditions/lib/python3.10/site-packages/examples-rclpy-guard-conditions.egg-link (link to .)
[2.068s] Installing trigger_guard_condition script to /home/davide/sesasr_labs/install/examples_rclpy_guard_conditions/lib/examples_rclpy_guard_conditions
[2.068s] 
[2.068s] Installed /home/davide/sesasr_labs/build/examples_rclpy_guard_conditions
[2.068s] running install_data
[2.431s] Invoked command in '/home/davide/sesasr_labs/build/examples_rclpy_guard_conditions' returned '0': PYTHONPATH=/home/davide/sesasr_labs/build/examples_rclpy_guard_conditions/prefix_override:/home/davide/sesasr_labs/install/examples_rclpy_guard_conditions/lib/python3.10/site-packages:${PYTHONPATH} /usr/bin/python3 setup.py develop --editable --build-directory /home/davide/sesasr_labs/build/examples_rclpy_guard_conditions/build --no-deps install_data
