[0.688s] Invoking command in '/home/davide/sesasr_labs/build/turtlesim': CMAKE_PREFIX_PATH=${CMAKE_PREFIX_PATH}:/home/davide/sesasr_labs/install/my_package:/home/davide/sesasr_labs/install/launch_testing_examples:/home/davide/sesasr_labs/install/examples_rclpy_pointcloud_publisher:/home/davide/sesasr_labs/install/examples_rclpy_minimal_subscriber:/home/davide/sesasr_labs/install/examples_rclpy_minimal_service:/home/davide/sesasr_labs/install/examples_rclpy_minimal_publisher:/home/davide/sesasr_labs/install/examples_rclpy_minimal_client:/home/davide/sesasr_labs/install/examples_rclpy_minimal_action_server:/home/davide/sesasr_labs/install/examples_rclpy_minimal_action_client:/home/davide/sesasr_labs/install/examples_rclpy_guard_conditions:/home/davide/sesasr_labs/install/examples_rclpy_executors:/opt/ros/humble /usr/bin/cmake /home/davide/sesasr_labs/src/ros_tutorials/turtlesim -DAMENT_CMAKE_SYMLINK_INSTALL=1 -DCMAKE_INSTALL_PREFIX=/home/davide/sesasr_labs/install/turtlesim
[0.779s] -- The C compiler identification is GNU 11.4.0
[1.099s] -- The CXX compiler identification is GNU 11.4.0
[1.369s] -- Detecting C compiler ABI info
[1.515s] -- Detecting C compiler ABI info - done
[1.523s] -- Check for working C compiler: /usr/bin/cc - skipped
[1.523s] -- Detecting C compile features
[1.523s] -- Detecting C compile features - done
[1.525s] -- Detecting CXX compiler ABI info
[1.684s] -- Detecting CXX compiler ABI info - done
[1.700s] -- Check for working CXX compiler: /usr/bin/c++ - skipped
[1.700s] -- Detecting CXX compile features
[1.701s] -- Detecting CXX compile features - done
[1.711s] -- Found ament_cmake: 1.3.6 (/opt/ros/humble/share/ament_cmake/cmake)
[1.926s] -- Found Python3: /usr/bin/python3.10 (found version "3.10.12") found components: Interpreter 
[1.993s] -- Override CMake install command with custom implementation using symlinks instead of copying resources
[2.029s] -- Found ament_index_cpp: 1.4.0 (/opt/ros/humble/share/ament_index_cpp/cmake)
[2.031s] -- Found geometry_msgs: 4.2.3 (/opt/ros/humble/share/geometry_msgs/cmake)
[2.159s] -- Found rosidl_generator_c: 3.1.5 (/opt/ros/humble/share/rosidl_generator_c/cmake)
[2.165s] -- Found rosidl_adapter: 3.1.5 (/opt/ros/humble/share/rosidl_adapter/cmake)
[2.174s] -- Found rosidl_generator_cpp: 3.1.5 (/opt/ros/humble/share/rosidl_generator_cpp/cmake)
[2.189s] -- Using all available rosidl_typesupport_c: rosidl_typesupport_fastrtps_c;rosidl_typesupport_introspection_c
[2.211s] -- Using all available rosidl_typesupport_cpp: rosidl_typesupport_fastrtps_cpp;rosidl_typesupport_introspection_cpp
[2.383s] -- Found rclcpp: 16.0.7 (/opt/ros/humble/share/rclcpp/cmake)
[2.445s] -- Found rmw_implementation_cmake: 6.1.1 (/opt/ros/humble/share/rmw_implementation_cmake/cmake)
[2.449s] -- Found rmw_fastrtps_cpp: 6.2.5 (/opt/ros/humble/share/rmw_fastrtps_cpp/cmake)
[3.584s] -- Found OpenSSL: /usr/lib/x86_64-linux-gnu/libcrypto.so (found version "3.0.2")  
[4.702s] -- Found FastRTPS: /opt/ros/humble/include  
[6.598s] -- Using RMW implementation 'rmw_fastrtps_cpp' as default
[6.611s] -- Looking for pthread.h
[6.735s] -- Looking for pthread.h - found
[6.735s] -- Performing Test CMAKE_HAVE_LIBC_PTHREAD
[6.854s] -- Performing Test CMAKE_HAVE_LIBC_PTHREAD - Success
[6.855s] -- Found Threads: TRUE  
[6.978s] -- Found rclcpp_action: 16.0.7 (/opt/ros/humble/share/rclcpp_action/cmake)
[7.070s] -- Found rosidl_default_generators: 1.2.0 (/opt/ros/humble/share/rosidl_default_generators/cmake)
[7.082s] -- Found std_srvs: 4.2.3 (/opt/ros/humble/share/std_srvs/cmake)
[7.384s] -- Found ament_cmake_ros: 0.10.0 (/opt/ros/humble/share/ament_cmake_ros/cmake)
[7.686s] -- Using all available rosidl_typesupport_c: rosidl_typesupport_fastrtps_c;rosidl_typesupport_introspection_c
[7.800s] -- Using all available rosidl_typesupport_cpp: rosidl_typesupport_fastrtps_cpp;rosidl_typesupport_introspection_cpp
[7.890s] -- Found PythonInterp: /usr/bin/python3 (found suitable version "3.10.12", minimum required is "3.6") 
[7.891s] -- Found python_cmake_module: 0.10.0 (/opt/ros/humble/share/python_cmake_module/cmake)
[8.154s] -- Found PythonLibs: /usr/lib/x86_64-linux-gnu/libpython3.10.so (found suitable version "3.10.12", minimum required is "3.5") 
[8.154s] -- Using PYTHON_EXECUTABLE: /usr/bin/python3
[8.155s] -- Using PYTHON_INCLUDE_DIRS: /usr/include/python3.10
[8.155s] -- Using PYTHON_LIBRARIES: /usr/lib/x86_64-linux-gnu/libpython3.10.so
[8.173s] -- Found PythonExtra: .so  
[8.270s] -- Configuring done
[8.332s] -- Generating done
[8.334s] -- Build files have been written to: /home/davide/sesasr_labs/build/turtlesim
[8.348s] Invoked command in '/home/davide/sesasr_labs/build/turtlesim' returned '0': CMAKE_PREFIX_PATH=${CMAKE_PREFIX_PATH}:/home/davide/sesasr_labs/install/my_package:/home/davide/sesasr_labs/install/launch_testing_examples:/home/davide/sesasr_labs/install/examples_rclpy_pointcloud_publisher:/home/davide/sesasr_labs/install/examples_rclpy_minimal_subscriber:/home/davide/sesasr_labs/install/examples_rclpy_minimal_service:/home/davide/sesasr_labs/install/examples_rclpy_minimal_publisher:/home/davide/sesasr_labs/install/examples_rclpy_minimal_client:/home/davide/sesasr_labs/install/examples_rclpy_minimal_action_server:/home/davide/sesasr_labs/install/examples_rclpy_minimal_action_client:/home/davide/sesasr_labs/install/examples_rclpy_guard_conditions:/home/davide/sesasr_labs/install/examples_rclpy_executors:/opt/ros/humble /usr/bin/cmake /home/davide/sesasr_labs/src/ros_tutorials/turtlesim -DAMENT_CMAKE_SYMLINK_INSTALL=1 -DCMAKE_INSTALL_PREFIX=/home/davide/sesasr_labs/install/turtlesim
[8.349s] Invoking command in '/home/davide/sesasr_labs/build/turtlesim': CMAKE_PREFIX_PATH=${CMAKE_PREFIX_PATH}:/home/davide/sesasr_labs/install/my_package:/home/davide/sesasr_labs/install/launch_testing_examples:/home/davide/sesasr_labs/install/examples_rclpy_pointcloud_publisher:/home/davide/sesasr_labs/install/examples_rclpy_minimal_subscriber:/home/davide/sesasr_labs/install/examples_rclpy_minimal_service:/home/davide/sesasr_labs/install/examples_rclpy_minimal_publisher:/home/davide/sesasr_labs/install/examples_rclpy_minimal_client:/home/davide/sesasr_labs/install/examples_rclpy_minimal_action_server:/home/davide/sesasr_labs/install/examples_rclpy_minimal_action_client:/home/davide/sesasr_labs/install/examples_rclpy_guard_conditions:/home/davide/sesasr_labs/install/examples_rclpy_executors:/opt/ros/humble /usr/bin/cmake --build /home/davide/sesasr_labs/build/turtlesim -- -j8 -l8
[8.379s] [  1%] [34m[1mGenerating C code for ROS interfaces[0m
[8.387s] [  2%] [34m[1mGenerating C++ code for ROS interfaces[0m
[8.392s] [  2%] Built target ament_cmake_python_symlink_turtlesim
[8.623s] running egg_info
[8.623s] creating turtlesim.egg-info
[8.624s] writing turtlesim.egg-info/PKG-INFO
[8.624s] writing dependency_links to turtlesim.egg-info/dependency_links.txt
[8.624s] writing top-level names to turtlesim.egg-info/top_level.txt
[8.625s] writing manifest file 'turtlesim.egg-info/SOURCES.txt'
[8.627s] reading manifest file 'turtlesim.egg-info/SOURCES.txt'
[8.628s] writing manifest file 'turtlesim.egg-info/SOURCES.txt'
[8.655s] [  2%] Built target ament_cmake_python_build_turtlesim_egg
[9.545s] [  2%] Built target turtlesim__cpp
[9.554s] [  3%] [34m[1mGenerating C++ type support dispatch for ROS interfaces[0m
[9.588s] [  4%] [34m[1mGenerating C++ introspection for ROS interfaces[0m
[9.591s] [  5%] [32mBuilding C object CMakeFiles/turtlesim__rosidl_generator_c.dir/rosidl_generator_c/turtlesim/action/detail/rotate_absolute__functions.c.o[0m
[9.593s] [  7%] [32mBuilding C object CMakeFiles/turtlesim__rosidl_generator_c.dir/rosidl_generator_c/turtlesim/msg/detail/color__functions.c.o[0m
[9.594s] [  7%] [34m[1mGenerating C++ type support for eProsima Fast-RTPS[0m
[9.600s] [  8%] [32mBuilding C object CMakeFiles/turtlesim__rosidl_generator_c.dir/rosidl_generator_c/turtlesim/msg/detail/pose__functions.c.o[0m
[9.619s] [  9%] [32mBuilding C object CMakeFiles/turtlesim__rosidl_generator_c.dir/rosidl_generator_c/turtlesim/srv/detail/kill__functions.c.o[0m
[9.700s] [ 10%] [32mBuilding C object CMakeFiles/turtlesim__rosidl_generator_c.dir/rosidl_generator_c/turtlesim/srv/detail/set_pen__functions.c.o[0m
[9.758s] [ 11%] [32mBuilding C object CMakeFiles/turtlesim__rosidl_generator_c.dir/rosidl_generator_c/turtlesim/srv/detail/spawn__functions.c.o[0m
[9.797s] [ 12%] [32mBuilding C object CMakeFiles/turtlesim__rosidl_generator_c.dir/rosidl_generator_c/turtlesim/srv/detail/teleport_absolute__functions.c.o[0m
[9.858s] [ 13%] [32mBuilding C object CMakeFiles/turtlesim__rosidl_generator_c.dir/rosidl_generator_c/turtlesim/srv/detail/teleport_relative__functions.c.o[0m
[10.038s] [ 14%] [32m[1mLinking C shared library libturtlesim__rosidl_generator_c.so[0m
[10.189s] [ 15%] [32mBuilding CXX object CMakeFiles/turtlesim__rosidl_typesupport_cpp.dir/rosidl_typesupport_cpp/turtlesim/action/rotate_absolute__type_support.cpp.o[0m
[10.202s] [ 15%] Built target turtlesim__rosidl_generator_c
[10.227s] [ 16%] [32mBuilding CXX object CMakeFiles/turtlesim__rosidl_typesupport_cpp.dir/rosidl_typesupport_cpp/turtlesim/msg/color__type_support.cpp.o[0m
[10.228s] [ 17%] [32mBuilding CXX object CMakeFiles/turtlesim__rosidl_typesupport_cpp.dir/rosidl_typesupport_cpp/turtlesim/msg/pose__type_support.cpp.o[0m
[10.248s] [ 18%] [32mBuilding CXX object CMakeFiles/turtlesim__rosidl_typesupport_cpp.dir/rosidl_typesupport_cpp/turtlesim/srv/kill__type_support.cpp.o[0m
[10.268s] [ 19%] [34m[1mGenerating C type support for eProsima Fast-RTPS[0m
[10.296s] [ 20%] [34m[1mGenerating C introspection for ROS interfaces[0m
[10.613s] [ 21%] [32mBuilding CXX object CMakeFiles/turtlesim__rosidl_typesupport_fastrtps_cpp.dir/rosidl_typesupport_fastrtps_cpp/turtlesim/action/detail/dds_fastrtps/rotate_absolute__type_support.cpp.o[0m
[10.644s] [ 22%] [32mBuilding CXX object CMakeFiles/turtlesim__rosidl_typesupport_cpp.dir/rosidl_typesupport_cpp/turtlesim/srv/set_pen__type_support.cpp.o[0m
[10.693s] [ 23%] [32mBuilding CXX object CMakeFiles/turtlesim__rosidl_typesupport_cpp.dir/rosidl_typesupport_cpp/turtlesim/srv/spawn__type_support.cpp.o[0m
[10.789s] [ 24%] [32mBuilding CXX object CMakeFiles/turtlesim__rosidl_typesupport_cpp.dir/rosidl_typesupport_cpp/turtlesim/srv/teleport_absolute__type_support.cpp.o[0m
[10.899s] [ 25%] [32mBuilding CXX object CMakeFiles/turtlesim__rosidl_typesupport_introspection_cpp.dir/rosidl_typesupport_introspection_cpp/turtlesim/action/detail/rotate_absolute__type_support.cpp.o[0m
[11.029s] [ 26%] [32mBuilding CXX object CMakeFiles/turtlesim__rosidl_typesupport_cpp.dir/rosidl_typesupport_cpp/turtlesim/srv/teleport_relative__type_support.cpp.o[0m
[11.115s] [ 27%] [32mBuilding CXX object CMakeFiles/turtlesim__rosidl_typesupport_introspection_cpp.dir/rosidl_typesupport_introspection_cpp/turtlesim/msg/detail/color__type_support.cpp.o[0m
[11.168s] [ 28%] [32mBuilding CXX object CMakeFiles/turtlesim__rosidl_typesupport_introspection_cpp.dir/rosidl_typesupport_introspection_cpp/turtlesim/msg/detail/pose__type_support.cpp.o[0m
[11.259s] [ 29%] [32mBuilding CXX object CMakeFiles/turtlesim__rosidl_typesupport_introspection_cpp.dir/rosidl_typesupport_introspection_cpp/turtlesim/srv/detail/kill__type_support.cpp.o[0m
[11.365s] [ 30%] [32mBuilding CXX object CMakeFiles/turtlesim__rosidl_typesupport_fastrtps_cpp.dir/rosidl_typesupport_fastrtps_cpp/turtlesim/msg/detail/dds_fastrtps/color__type_support.cpp.o[0m
[11.539s] [ 31%] [32m[1mLinking CXX shared library libturtlesim__rosidl_typesupport_cpp.so[0m
[11.559s] [ 32%] [32mBuilding CXX object CMakeFiles/turtlesim__rosidl_typesupport_introspection_cpp.dir/rosidl_typesupport_introspection_cpp/turtlesim/srv/detail/set_pen__type_support.cpp.o[0m
[11.600s] [ 33%] [32mBuilding CXX object CMakeFiles/turtlesim__rosidl_typesupport_introspection_cpp.dir/rosidl_typesupport_introspection_cpp/turtlesim/srv/detail/spawn__type_support.cpp.o[0m
[11.677s] [ 34%] [32mBuilding CXX object CMakeFiles/turtlesim__rosidl_typesupport_introspection_cpp.dir/rosidl_typesupport_introspection_cpp/turtlesim/srv/detail/teleport_absolute__type_support.cpp.o[0m
[11.739s] [ 34%] Built target turtlesim__rosidl_typesupport_cpp
[11.749s] [ 35%] [32mBuilding C object CMakeFiles/turtlesim__rosidl_typesupport_introspection_c.dir/rosidl_typesupport_introspection_c/turtlesim/action/detail/rotate_absolute__type_support.c.o[0m
[11.789s] [ 36%] [34m[1mGenerating C type support dispatch for ROS interfaces[0m
[11.901s] [ 37%] [32mBuilding CXX object CMakeFiles/turtlesim__rosidl_typesupport_fastrtps_cpp.dir/rosidl_typesupport_fastrtps_cpp/turtlesim/msg/detail/dds_fastrtps/pose__type_support.cpp.o[0m
[11.901s] [ 38%] [32mBuilding C object CMakeFiles/turtlesim__rosidl_typesupport_introspection_c.dir/rosidl_typesupport_introspection_c/turtlesim/msg/detail/color__type_support.c.o[0m
[12.022s] [ 39%] [32mBuilding CXX object CMakeFiles/turtlesim__rosidl_typesupport_introspection_cpp.dir/rosidl_typesupport_introspection_cpp/turtlesim/srv/detail/teleport_relative__type_support.cpp.o[0m
[12.042s] [ 40%] [32mBuilding C object CMakeFiles/turtlesim__rosidl_typesupport_introspection_c.dir/rosidl_typesupport_introspection_c/turtlesim/msg/detail/pose__type_support.c.o[0m
[12.074s] [ 41%] [32mBuilding CXX object CMakeFiles/turtlesim__rosidl_typesupport_fastrtps_c.dir/rosidl_typesupport_fastrtps_c/turtlesim/action/detail/rotate_absolute__type_support_c.cpp.o[0m
[12.109s] [ 42%] [32mBuilding C object CMakeFiles/turtlesim__rosidl_typesupport_introspection_c.dir/rosidl_typesupport_introspection_c/turtlesim/srv/detail/kill__type_support.c.o[0m
[12.168s] [ 43%] [32mBuilding CXX object CMakeFiles/turtlesim__rosidl_typesupport_fastrtps_c.dir/rosidl_typesupport_fastrtps_c/turtlesim/msg/detail/color__type_support_c.cpp.o[0m
[12.179s] [ 44%] [32mBuilding C object CMakeFiles/turtlesim__rosidl_typesupport_introspection_c.dir/rosidl_typesupport_introspection_c/turtlesim/srv/detail/set_pen__type_support.c.o[0m
[12.269s] [ 45%] [32mBuilding C object CMakeFiles/turtlesim__rosidl_typesupport_introspection_c.dir/rosidl_typesupport_introspection_c/turtlesim/srv/detail/spawn__type_support.c.o[0m
[12.328s] [ 46%] [32mBuilding CXX object CMakeFiles/turtlesim__rosidl_typesupport_fastrtps_c.dir/rosidl_typesupport_fastrtps_c/turtlesim/msg/detail/pose__type_support_c.cpp.o[0m
[12.338s] [ 47%] [32mBuilding CXX object CMakeFiles/turtlesim__rosidl_typesupport_fastrtps_c.dir/rosidl_typesupport_fastrtps_c/turtlesim/srv/detail/kill__type_support_c.cpp.o[0m
[12.410s] [ 48%] [32mBuilding C object CMakeFiles/turtlesim__rosidl_typesupport_introspection_c.dir/rosidl_typesupport_introspection_c/turtlesim/srv/detail/teleport_absolute__type_support.c.o[0m
[12.476s] [ 49%] [32mBuilding CXX object CMakeFiles/turtlesim__rosidl_typesupport_fastrtps_c.dir/rosidl_typesupport_fastrtps_c/turtlesim/srv/detail/set_pen__type_support_c.cpp.o[0m
[12.569s] [ 50%] [32mBuilding C object CMakeFiles/turtlesim__rosidl_typesupport_introspection_c.dir/rosidl_typesupport_introspection_c/turtlesim/srv/detail/teleport_relative__type_support.c.o[0m
[12.598s] [ 51%] [32mBuilding CXX object CMakeFiles/turtlesim__rosidl_typesupport_c.dir/rosidl_typesupport_c/turtlesim/action/rotate_absolute__type_support.cpp.o[0m
[12.660s] [ 52%] [32mBuilding CXX object CMakeFiles/turtlesim__rosidl_typesupport_fastrtps_c.dir/rosidl_typesupport_fastrtps_c/turtlesim/srv/detail/spawn__type_support_c.cpp.o[0m
[12.676s] [ 53%] [32m[1mLinking CXX shared library libturtlesim__rosidl_typesupport_introspection_cpp.so[0m
[12.693s] [ 54%] [32m[1mLinking C shared library libturtlesim__rosidl_typesupport_introspection_c.so[0m
[12.709s] [ 55%] [32mBuilding CXX object CMakeFiles/turtlesim__rosidl_typesupport_fastrtps_cpp.dir/rosidl_typesupport_fastrtps_cpp/turtlesim/srv/detail/dds_fastrtps/kill__type_support.cpp.o[0m
[12.720s] [ 56%] [32mBuilding CXX object CMakeFiles/turtlesim__rosidl_typesupport_c.dir/rosidl_typesupport_c/turtlesim/msg/color__type_support.cpp.o[0m
[12.746s] [ 57%] [32mBuilding CXX object CMakeFiles/turtlesim__rosidl_typesupport_fastrtps_c.dir/rosidl_typesupport_fastrtps_c/turtlesim/srv/detail/teleport_absolute__type_support_c.cpp.o[0m
[12.808s] [ 58%] [32mBuilding CXX object CMakeFiles/turtlesim__rosidl_typesupport_fastrtps_c.dir/rosidl_typesupport_fastrtps_c/turtlesim/srv/detail/teleport_relative__type_support_c.cpp.o[0m
[12.818s] [ 58%] Built target turtlesim__rosidl_typesupport_introspection_c
[12.838s] [ 59%] [32mBuilding CXX object CMakeFiles/turtlesim__rosidl_typesupport_c.dir/rosidl_typesupport_c/turtlesim/msg/pose__type_support.cpp.o[0m
[12.865s] [ 60%] [34m[1mGenerating include/turtlesim/moc_turtle_frame.cpp[0m
[12.888s] [ 60%] Built target turtlesim__rosidl_typesupport_introspection_cpp
[12.895s] [ 61%] [32mBuilding CXX object CMakeFiles/turtlesim__rosidl_typesupport_c.dir/rosidl_typesupport_c/turtlesim/srv/kill__type_support.cpp.o[0m
[12.974s] [ 62%] [32mBuilding CXX object CMakeFiles/turtle_teleop_key.dir/tutorials/teleop_turtle_key.cpp.o[0m
[13.026s] [ 63%] [32mBuilding CXX object CMakeFiles/turtlesim__rosidl_typesupport_c.dir/rosidl_typesupport_c/turtlesim/srv/set_pen__type_support.cpp.o[0m
[13.080s] [ 64%] [32mBuilding CXX object CMakeFiles/draw_square.dir/tutorials/draw_square.cpp.o[0m
[13.099s] [ 65%] [32mBuilding CXX object CMakeFiles/turtlesim_node.dir/src/turtlesim.cpp.o[0m
[13.110s] [ 66%] [32mBuilding CXX object CMakeFiles/turtlesim__rosidl_typesupport_fastrtps_cpp.dir/rosidl_typesupport_fastrtps_cpp/turtlesim/srv/detail/dds_fastrtps/set_pen__type_support.cpp.o[0m
[13.148s] [ 67%] [32mBuilding CXX object CMakeFiles/turtlesim_node.dir/src/turtle.cpp.o[0m
[13.159s] [ 68%] [32mBuilding CXX object CMakeFiles/turtlesim__rosidl_typesupport_c.dir/rosidl_typesupport_c/turtlesim/srv/spawn__type_support.cpp.o[0m
[13.279s] [ 69%] [32mBuilding CXX object CMakeFiles/turtlesim__rosidl_typesupport_c.dir/rosidl_typesupport_c/turtlesim/srv/teleport_absolute__type_support.cpp.o[0m
[13.384s] [ 70%] [32mBuilding CXX object CMakeFiles/turtlesim__rosidl_typesupport_c.dir/rosidl_typesupport_c/turtlesim/srv/teleport_relative__type_support.cpp.o[0m
[13.448s] [ 71%] [32m[1mLinking CXX shared library libturtlesim__rosidl_typesupport_fastrtps_c.so[0m
[13.459s] [ 72%] [32mBuilding CXX object CMakeFiles/turtlesim__rosidl_typesupport_fastrtps_cpp.dir/rosidl_typesupport_fastrtps_cpp/turtlesim/srv/detail/dds_fastrtps/spawn__type_support.cpp.o[0m
[13.521s] [ 73%] [32m[1mLinking CXX shared library libturtlesim__rosidl_typesupport_c.so[0m
[13.769s] [ 73%] Built target turtlesim__rosidl_typesupport_c
[13.789s] [ 73%] Built target turtlesim__rosidl_typesupport_fastrtps_c
[13.849s] [ 74%] [32mBuilding CXX object CMakeFiles/turtlesim__rosidl_typesupport_fastrtps_cpp.dir/rosidl_typesupport_fastrtps_cpp/turtlesim/srv/detail/dds_fastrtps/teleport_absolute__type_support.cpp.o[0m
[13.910s] [ 75%] [32mBuilding CXX object CMakeFiles/mimic.dir/tutorials/mimic.cpp.o[0m
[13.929s] [ 76%] [32mBuilding CXX object CMakeFiles/turtlesim__rosidl_typesupport_fastrtps_cpp.dir/rosidl_typesupport_fastrtps_cpp/turtlesim/srv/detail/dds_fastrtps/teleport_relative__type_support.cpp.o[0m
[14.279s] [ 77%] [32mBuilding CXX object CMakeFiles/turtlesim_node.dir/src/turtle_frame.cpp.o[0m
[14.679s] [ 78%] [32mBuilding CXX object CMakeFiles/turtlesim_node.dir/include/turtlesim/moc_turtle_frame.cpp.o[0m
[14.729s] [ 79%] [32m[1mLinking CXX shared library libturtlesim__rosidl_typesupport_fastrtps_cpp.so[0m
[15.059s] [ 79%] Built target turtlesim__rosidl_typesupport_fastrtps_cpp
[15.150s] [ 79%] Built target turtlesim
[15.231s] [ 80%] [34m[1mGenerating Python code for ROS interfaces[0m
[18.345s] [ 80%] Built target turtlesim__py
[18.382s] [ 81%] [32mBuilding C object CMakeFiles/turtlesim__rosidl_generator_py.dir/rosidl_generator_py/turtlesim/action/_rotate_absolute_s.c.o[0m
[18.631s] [ 82%] [32mBuilding C object CMakeFiles/turtlesim__rosidl_generator_py.dir/rosidl_generator_py/turtlesim/msg/_color_s.c.o[0m
[18.869s] [ 83%] [32mBuilding C object CMakeFiles/turtlesim__rosidl_generator_py.dir/rosidl_generator_py/turtlesim/msg/_pose_s.c.o[0m
[19.079s] [ 84%] [32mBuilding C object CMakeFiles/turtlesim__rosidl_generator_py.dir/rosidl_generator_py/turtlesim/srv/_kill_s.c.o[0m
[19.330s] [ 85%] [32mBuilding C object CMakeFiles/turtlesim__rosidl_generator_py.dir/rosidl_generator_py/turtlesim/srv/_set_pen_s.c.o[0m
[19.599s] [ 86%] [32mBuilding C object CMakeFiles/turtlesim__rosidl_generator_py.dir/rosidl_generator_py/turtlesim/srv/_spawn_s.c.o[0m
[19.899s] [ 87%] [32mBuilding C object CMakeFiles/turtlesim__rosidl_generator_py.dir/rosidl_generator_py/turtlesim/srv/_teleport_absolute_s.c.o[0m
[20.157s] [ 88%] [32mBuilding C object CMakeFiles/turtlesim__rosidl_generator_py.dir/rosidl_generator_py/turtlesim/srv/_teleport_relative_s.c.o[0m
[20.397s] [ 89%] [32m[1mLinking C shared library rosidl_generator_py/turtlesim/libturtlesim__rosidl_generator_py.so[0m
[20.713s] [ 89%] Built target turtlesim__rosidl_generator_py
[20.808s] [ 90%] [32mBuilding C object CMakeFiles/turtlesim__rosidl_typesupport_fastrtps_c__pyext.dir/rosidl_generator_py/turtlesim/_turtlesim_s.ep.rosidl_typesupport_fastrtps_c.c.o[0m
[21.160s] [ 91%] [32m[1mLinking C shared library rosidl_generator_py/turtlesim/turtlesim_s__rosidl_typesupport_fastrtps_c.cpython-310-x86_64-linux-gnu.so[0m
[21.360s] [ 91%] Built target turtlesim__rosidl_typesupport_fastrtps_c__pyext
[21.469s] [ 92%] [32mBuilding C object CMakeFiles/turtlesim__rosidl_typesupport_introspection_c__pyext.dir/rosidl_generator_py/turtlesim/_turtlesim_s.ep.rosidl_typesupport_introspection_c.c.o[0m
[21.815s] [ 93%] [32m[1mLinking C shared library rosidl_generator_py/turtlesim/turtlesim_s__rosidl_typesupport_introspection_c.cpython-310-x86_64-linux-gnu.so[0m
[22.010s] [ 93%] Built target turtlesim__rosidl_typesupport_introspection_c__pyext
[22.040s] [ 94%] [32mBuilding C object CMakeFiles/turtlesim__rosidl_typesupport_c__pyext.dir/rosidl_generator_py/turtlesim/_turtlesim_s.ep.rosidl_typesupport_c.c.o[0m
[22.186s] [ 95%] [32m[1mLinking C shared library rosidl_generator_py/turtlesim/turtlesim_s__rosidl_typesupport_c.cpython-310-x86_64-linux-gnu.so[0m
[22.340s] [ 95%] Built target turtlesim__rosidl_typesupport_c__pyext
[24.202s] [ 96%] [32m[1mLinking CXX executable turtle_teleop_key[0m
[24.684s] [ 96%] Built target turtle_teleop_key
[27.292s] [ 97%] [32m[1mLinking CXX executable mimic[0m
[27.567s] [ 98%] [32m[1mLinking CXX executable draw_square[0m
[27.764s] [ 98%] Built target mimic
[28.022s] [ 98%] Built target draw_square
[30.582s] [100%] [32m[1mLinking CXX executable turtlesim_node[0m
[32.494s] [100%] Built target turtlesim_node
[32.503s] Invoked command in '/home/davide/sesasr_labs/build/turtlesim' returned '0': CMAKE_PREFIX_PATH=${CMAKE_PREFIX_PATH}:/home/davide/sesasr_labs/install/my_package:/home/davide/sesasr_labs/install/launch_testing_examples:/home/davide/sesasr_labs/install/examples_rclpy_pointcloud_publisher:/home/davide/sesasr_labs/install/examples_rclpy_minimal_subscriber:/home/davide/sesasr_labs/install/examples_rclpy_minimal_service:/home/davide/sesasr_labs/install/examples_rclpy_minimal_publisher:/home/davide/sesasr_labs/install/examples_rclpy_minimal_client:/home/davide/sesasr_labs/install/examples_rclpy_minimal_action_server:/home/davide/sesasr_labs/install/examples_rclpy_minimal_action_client:/home/davide/sesasr_labs/install/examples_rclpy_guard_conditions:/home/davide/sesasr_labs/install/examples_rclpy_executors:/opt/ros/humble /usr/bin/cmake --build /home/davide/sesasr_labs/build/turtlesim -- -j8 -l8
[32.615s] Invoking command in '/home/davide/sesasr_labs/build/turtlesim': CMAKE_PREFIX_PATH=${CMAKE_PREFIX_PATH}:/home/davide/sesasr_labs/install/my_package:/home/davide/sesasr_labs/install/launch_testing_examples:/home/davide/sesasr_labs/install/examples_rclpy_pointcloud_publisher:/home/davide/sesasr_labs/install/examples_rclpy_minimal_subscriber:/home/davide/sesasr_labs/install/examples_rclpy_minimal_service:/home/davide/sesasr_labs/install/examples_rclpy_minimal_publisher:/home/davide/sesasr_labs/install/examples_rclpy_minimal_client:/home/davide/sesasr_labs/install/examples_rclpy_minimal_action_server:/home/davide/sesasr_labs/install/examples_rclpy_minimal_action_client:/home/davide/sesasr_labs/install/examples_rclpy_guard_conditions:/home/davide/sesasr_labs/install/examples_rclpy_executors:/opt/ros/humble /usr/bin/cmake --install /home/davide/sesasr_labs/build/turtlesim
[32.619s] -- Install configuration: ""
[32.620s] -- Execute custom install script
[32.620s] -- Symlinking: /home/davide/sesasr_labs/install/turtlesim/share/ament_index/resource_index/rosidl_interfaces/turtlesim
[32.626s] -- Symlinking: /home/davide/sesasr_labs/install/turtlesim/include/turtlesim/turtlesim/action/detail/rotate_absolute__functions.h
[32.631s] -- Symlinking: /home/davide/sesasr_labs/install/turtlesim/include/turtlesim/turtlesim/action/detail/rotate_absolute__struct.h
[32.637s] -- Symlinking: /home/davide/sesasr_labs/install/turtlesim/include/turtlesim/turtlesim/action/detail/rotate_absolute__type_support.h
[32.642s] -- Symlinking: /home/davide/sesasr_labs/install/turtlesim/include/turtlesim/turtlesim/action/rotate_absolute.h
[32.647s] -- Symlinking: /home/davide/sesasr_labs/install/turtlesim/include/turtlesim/turtlesim/msg/color.h
[32.652s] -- Symlinking: /home/davide/sesasr_labs/install/turtlesim/include/turtlesim/turtlesim/msg/detail/color__functions.h
[32.658s] -- Symlinking: /home/davide/sesasr_labs/install/turtlesim/include/turtlesim/turtlesim/msg/detail/color__struct.h
[32.663s] -- Symlinking: /home/davide/sesasr_labs/install/turtlesim/include/turtlesim/turtlesim/msg/detail/color__type_support.h
[32.668s] -- Symlinking: /home/davide/sesasr_labs/install/turtlesim/include/turtlesim/turtlesim/msg/detail/pose__functions.h
[32.673s] -- Symlinking: /home/davide/sesasr_labs/install/turtlesim/include/turtlesim/turtlesim/msg/detail/pose__struct.h
[32.678s] -- Symlinking: /home/davide/sesasr_labs/install/turtlesim/include/turtlesim/turtlesim/msg/detail/pose__type_support.h
[32.683s] -- Symlinking: /home/davide/sesasr_labs/install/turtlesim/include/turtlesim/turtlesim/msg/pose.h
[32.689s] -- Symlinking: /home/davide/sesasr_labs/install/turtlesim/include/turtlesim/turtlesim/msg/rosidl_generator_c__visibility_control.h
[32.694s] -- Symlinking: /home/davide/sesasr_labs/install/turtlesim/include/turtlesim/turtlesim/srv/detail/kill__functions.h
[32.700s] -- Symlinking: /home/davide/sesasr_labs/install/turtlesim/include/turtlesim/turtlesim/srv/detail/kill__struct.h
[32.705s] -- Symlinking: /home/davide/sesasr_labs/install/turtlesim/include/turtlesim/turtlesim/srv/detail/kill__type_support.h
[32.710s] -- Symlinking: /home/davide/sesasr_labs/install/turtlesim/include/turtlesim/turtlesim/srv/detail/set_pen__functions.h
[32.716s] -- Symlinking: /home/davide/sesasr_labs/install/turtlesim/include/turtlesim/turtlesim/srv/detail/set_pen__struct.h
[32.721s] -- Symlinking: /home/davide/sesasr_labs/install/turtlesim/include/turtlesim/turtlesim/srv/detail/set_pen__type_support.h
[32.727s] -- Symlinking: /home/davide/sesasr_labs/install/turtlesim/include/turtlesim/turtlesim/srv/detail/spawn__functions.h
[32.732s] -- Symlinking: /home/davide/sesasr_labs/install/turtlesim/include/turtlesim/turtlesim/srv/detail/spawn__struct.h
[32.737s] -- Symlinking: /home/davide/sesasr_labs/install/turtlesim/include/turtlesim/turtlesim/srv/detail/spawn__type_support.h
[32.742s] -- Symlinking: /home/davide/sesasr_labs/install/turtlesim/include/turtlesim/turtlesim/srv/detail/teleport_absolute__functions.h
[32.748s] -- Symlinking: /home/davide/sesasr_labs/install/turtlesim/include/turtlesim/turtlesim/srv/detail/teleport_absolute__struct.h
[32.753s] -- Symlinking: /home/davide/sesasr_labs/install/turtlesim/include/turtlesim/turtlesim/srv/detail/teleport_absolute__type_support.h
[32.758s] -- Symlinking: /home/davide/sesasr_labs/install/turtlesim/include/turtlesim/turtlesim/srv/detail/teleport_relative__functions.h
[32.763s] -- Symlinking: /home/davide/sesasr_labs/install/turtlesim/include/turtlesim/turtlesim/srv/detail/teleport_relative__struct.h
[32.769s] -- Symlinking: /home/davide/sesasr_labs/install/turtlesim/include/turtlesim/turtlesim/srv/detail/teleport_relative__type_support.h
[32.774s] -- Symlinking: /home/davide/sesasr_labs/install/turtlesim/include/turtlesim/turtlesim/srv/kill.h
[32.779s] -- Symlinking: /home/davide/sesasr_labs/install/turtlesim/include/turtlesim/turtlesim/srv/set_pen.h
[32.784s] -- Symlinking: /home/davide/sesasr_labs/install/turtlesim/include/turtlesim/turtlesim/srv/spawn.h
[32.789s] -- Symlinking: /home/davide/sesasr_labs/install/turtlesim/include/turtlesim/turtlesim/srv/teleport_absolute.h
[32.795s] -- Symlinking: /home/davide/sesasr_labs/install/turtlesim/include/turtlesim/turtlesim/srv/teleport_relative.h
[32.800s] -- Symlinking: /home/davide/sesasr_labs/install/turtlesim/share/turtlesim/environment/library_path.sh
[32.806s] -- Symlinking: /home/davide/sesasr_labs/install/turtlesim/share/turtlesim/environment/library_path.dsv
[32.811s] -- Symlinking: /home/davide/sesasr_labs/install/turtlesim/include/turtlesim/turtlesim/action/detail/rotate_absolute__rosidl_typesupport_fastrtps_c.h
[32.817s] -- Symlinking: /home/davide/sesasr_labs/install/turtlesim/include/turtlesim/turtlesim/msg/detail/color__rosidl_typesupport_fastrtps_c.h
[32.822s] -- Symlinking: /home/davide/sesasr_labs/install/turtlesim/include/turtlesim/turtlesim/msg/detail/pose__rosidl_typesupport_fastrtps_c.h
[32.827s] -- Symlinking: /home/davide/sesasr_labs/install/turtlesim/include/turtlesim/turtlesim/msg/rosidl_typesupport_fastrtps_c__visibility_control.h
[32.832s] -- Symlinking: /home/davide/sesasr_labs/install/turtlesim/include/turtlesim/turtlesim/srv/detail/kill__rosidl_typesupport_fastrtps_c.h
[32.838s] -- Symlinking: /home/davide/sesasr_labs/install/turtlesim/include/turtlesim/turtlesim/srv/detail/set_pen__rosidl_typesupport_fastrtps_c.h
[32.843s] -- Symlinking: /home/davide/sesasr_labs/install/turtlesim/include/turtlesim/turtlesim/srv/detail/spawn__rosidl_typesupport_fastrtps_c.h
[32.848s] -- Symlinking: /home/davide/sesasr_labs/install/turtlesim/include/turtlesim/turtlesim/srv/detail/teleport_absolute__rosidl_typesupport_fastrtps_c.h
[32.854s] -- Symlinking: /home/davide/sesasr_labs/install/turtlesim/include/turtlesim/turtlesim/srv/detail/teleport_relative__rosidl_typesupport_fastrtps_c.h
[32.860s] -- Symlinking: /home/davide/sesasr_labs/install/turtlesim/include/turtlesim/turtlesim/action/detail/rotate_absolute__builder.hpp
[32.865s] -- Symlinking: /home/davide/sesasr_labs/install/turtlesim/include/turtlesim/turtlesim/action/detail/rotate_absolute__struct.hpp
[32.871s] -- Symlinking: /home/davide/sesasr_labs/install/turtlesim/include/turtlesim/turtlesim/action/detail/rotate_absolute__traits.hpp
[32.876s] -- Symlinking: /home/davide/sesasr_labs/install/turtlesim/include/turtlesim/turtlesim/action/rotate_absolute.hpp
[32.881s] -- Symlinking: /home/davide/sesasr_labs/install/turtlesim/include/turtlesim/turtlesim/msg/color.hpp
[32.888s] -- Symlinking: /home/davide/sesasr_labs/install/turtlesim/include/turtlesim/turtlesim/msg/detail/color__builder.hpp
[32.894s] -- Symlinking: /home/davide/sesasr_labs/install/turtlesim/include/turtlesim/turtlesim/msg/detail/color__struct.hpp
[32.899s] -- Symlinking: /home/davide/sesasr_labs/install/turtlesim/include/turtlesim/turtlesim/msg/detail/color__traits.hpp
[32.905s] -- Symlinking: /home/davide/sesasr_labs/install/turtlesim/include/turtlesim/turtlesim/msg/detail/pose__builder.hpp
[32.910s] -- Symlinking: /home/davide/sesasr_labs/install/turtlesim/include/turtlesim/turtlesim/msg/detail/pose__struct.hpp
[32.916s] -- Symlinking: /home/davide/sesasr_labs/install/turtlesim/include/turtlesim/turtlesim/msg/detail/pose__traits.hpp
[32.921s] -- Symlinking: /home/davide/sesasr_labs/install/turtlesim/include/turtlesim/turtlesim/msg/pose.hpp
[32.927s] -- Symlinking: /home/davide/sesasr_labs/install/turtlesim/include/turtlesim/turtlesim/srv/detail/kill__builder.hpp
[32.932s] -- Symlinking: /home/davide/sesasr_labs/install/turtlesim/include/turtlesim/turtlesim/srv/detail/kill__struct.hpp
[32.938s] -- Symlinking: /home/davide/sesasr_labs/install/turtlesim/include/turtlesim/turtlesim/srv/detail/kill__traits.hpp
[32.943s] -- Symlinking: /home/davide/sesasr_labs/install/turtlesim/include/turtlesim/turtlesim/srv/detail/set_pen__builder.hpp
[32.950s] -- Symlinking: /home/davide/sesasr_labs/install/turtlesim/include/turtlesim/turtlesim/srv/detail/set_pen__struct.hpp
[32.957s] -- Symlinking: /home/davide/sesasr_labs/install/turtlesim/include/turtlesim/turtlesim/srv/detail/set_pen__traits.hpp
[32.964s] -- Symlinking: /home/davide/sesasr_labs/install/turtlesim/include/turtlesim/turtlesim/srv/detail/spawn__builder.hpp
[32.971s] -- Symlinking: /home/davide/sesasr_labs/install/turtlesim/include/turtlesim/turtlesim/srv/detail/spawn__struct.hpp
[32.977s] -- Symlinking: /home/davide/sesasr_labs/install/turtlesim/include/turtlesim/turtlesim/srv/detail/spawn__traits.hpp
[32.982s] -- Symlinking: /home/davide/sesasr_labs/install/turtlesim/include/turtlesim/turtlesim/srv/detail/teleport_absolute__builder.hpp
[32.988s] -- Symlinking: /home/davide/sesasr_labs/install/turtlesim/include/turtlesim/turtlesim/srv/detail/teleport_absolute__struct.hpp
[32.993s] -- Symlinking: /home/davide/sesasr_labs/install/turtlesim/include/turtlesim/turtlesim/srv/detail/teleport_absolute__traits.hpp
[32.999s] -- Symlinking: /home/davide/sesasr_labs/install/turtlesim/include/turtlesim/turtlesim/srv/detail/teleport_relative__builder.hpp
[33.004s] -- Symlinking: /home/davide/sesasr_labs/install/turtlesim/include/turtlesim/turtlesim/srv/detail/teleport_relative__struct.hpp
[33.010s] -- Symlinking: /home/davide/sesasr_labs/install/turtlesim/include/turtlesim/turtlesim/srv/detail/teleport_relative__traits.hpp
[33.016s] -- Symlinking: /home/davide/sesasr_labs/install/turtlesim/include/turtlesim/turtlesim/srv/kill.hpp
[33.021s] -- Symlinking: /home/davide/sesasr_labs/install/turtlesim/include/turtlesim/turtlesim/srv/set_pen.hpp
[33.026s] -- Symlinking: /home/davide/sesasr_labs/install/turtlesim/include/turtlesim/turtlesim/srv/spawn.hpp
[33.031s] -- Symlinking: /home/davide/sesasr_labs/install/turtlesim/include/turtlesim/turtlesim/srv/teleport_absolute.hpp
[33.037s] -- Symlinking: /home/davide/sesasr_labs/install/turtlesim/include/turtlesim/turtlesim/srv/teleport_relative.hpp
[33.042s] -- Symlinking: /home/davide/sesasr_labs/install/turtlesim/include/turtlesim/turtlesim/action/detail/rotate_absolute__rosidl_typesupport_fastrtps_cpp.hpp
[33.048s] -- Symlinking: /home/davide/sesasr_labs/install/turtlesim/include/turtlesim/turtlesim/msg/detail/color__rosidl_typesupport_fastrtps_cpp.hpp
[33.053s] -- Symlinking: /home/davide/sesasr_labs/install/turtlesim/include/turtlesim/turtlesim/msg/detail/pose__rosidl_typesupport_fastrtps_cpp.hpp
[33.059s] -- Symlinking: /home/davide/sesasr_labs/install/turtlesim/include/turtlesim/turtlesim/msg/rosidl_typesupport_fastrtps_cpp__visibility_control.h
[33.064s] -- Symlinking: /home/davide/sesasr_labs/install/turtlesim/include/turtlesim/turtlesim/srv/detail/kill__rosidl_typesupport_fastrtps_cpp.hpp
[33.069s] -- Symlinking: /home/davide/sesasr_labs/install/turtlesim/include/turtlesim/turtlesim/srv/detail/set_pen__rosidl_typesupport_fastrtps_cpp.hpp
[33.075s] -- Symlinking: /home/davide/sesasr_labs/install/turtlesim/include/turtlesim/turtlesim/srv/detail/spawn__rosidl_typesupport_fastrtps_cpp.hpp
[33.080s] -- Symlinking: /home/davide/sesasr_labs/install/turtlesim/include/turtlesim/turtlesim/srv/detail/teleport_absolute__rosidl_typesupport_fastrtps_cpp.hpp
[33.085s] -- Symlinking: /home/davide/sesasr_labs/install/turtlesim/include/turtlesim/turtlesim/srv/detail/teleport_relative__rosidl_typesupport_fastrtps_cpp.hpp
[33.091s] -- Symlinking: /home/davide/sesasr_labs/install/turtlesim/include/turtlesim/turtlesim/action/detail/rotate_absolute__rosidl_typesupport_introspection_c.h
[33.097s] -- Symlinking: /home/davide/sesasr_labs/install/turtlesim/include/turtlesim/turtlesim/msg/detail/color__rosidl_typesupport_introspection_c.h
[33.102s] -- Symlinking: /home/davide/sesasr_labs/install/turtlesim/include/turtlesim/turtlesim/msg/detail/pose__rosidl_typesupport_introspection_c.h
[33.107s] -- Symlinking: /home/davide/sesasr_labs/install/turtlesim/include/turtlesim/turtlesim/msg/rosidl_typesupport_introspection_c__visibility_control.h
[33.113s] -- Symlinking: /home/davide/sesasr_labs/install/turtlesim/include/turtlesim/turtlesim/srv/detail/kill__rosidl_typesupport_introspection_c.h
[33.118s] -- Symlinking: /home/davide/sesasr_labs/install/turtlesim/include/turtlesim/turtlesim/srv/detail/set_pen__rosidl_typesupport_introspection_c.h
[33.123s] -- Symlinking: /home/davide/sesasr_labs/install/turtlesim/include/turtlesim/turtlesim/srv/detail/spawn__rosidl_typesupport_introspection_c.h
[33.129s] -- Symlinking: /home/davide/sesasr_labs/install/turtlesim/include/turtlesim/turtlesim/srv/detail/teleport_absolute__rosidl_typesupport_introspection_c.h
[33.134s] -- Symlinking: /home/davide/sesasr_labs/install/turtlesim/include/turtlesim/turtlesim/srv/detail/teleport_relative__rosidl_typesupport_introspection_c.h
[33.140s] -- Symlinking: /home/davide/sesasr_labs/install/turtlesim/include/turtlesim/turtlesim/action/detail/rotate_absolute__rosidl_typesupport_introspection_cpp.hpp
[33.145s] -- Symlinking: /home/davide/sesasr_labs/install/turtlesim/include/turtlesim/turtlesim/msg/detail/color__rosidl_typesupport_introspection_cpp.hpp
[33.150s] -- Symlinking: /home/davide/sesasr_labs/install/turtlesim/include/turtlesim/turtlesim/msg/detail/pose__rosidl_typesupport_introspection_cpp.hpp
[33.156s] -- Symlinking: /home/davide/sesasr_labs/install/turtlesim/include/turtlesim/turtlesim/srv/detail/kill__rosidl_typesupport_introspection_cpp.hpp
[33.161s] -- Symlinking: /home/davide/sesasr_labs/install/turtlesim/include/turtlesim/turtlesim/srv/detail/set_pen__rosidl_typesupport_introspection_cpp.hpp
[33.166s] -- Symlinking: /home/davide/sesasr_labs/install/turtlesim/include/turtlesim/turtlesim/srv/detail/spawn__rosidl_typesupport_introspection_cpp.hpp
[33.172s] -- Symlinking: /home/davide/sesasr_labs/install/turtlesim/include/turtlesim/turtlesim/srv/detail/teleport_absolute__rosidl_typesupport_introspection_cpp.hpp
[33.177s] -- Symlinking: /home/davide/sesasr_labs/install/turtlesim/include/turtlesim/turtlesim/srv/detail/teleport_relative__rosidl_typesupport_introspection_cpp.hpp
[33.182s] -- Symlinking: /home/davide/sesasr_labs/install/turtlesim/share/turtlesim/environment/pythonpath.sh
[33.187s] -- Symlinking: /home/davide/sesasr_labs/install/turtlesim/share/turtlesim/environment/pythonpath.dsv
[33.193s] -- Symlinking: /home/davide/sesasr_labs/install/turtlesim/local/lib/python3.10/dist-packages/turtlesim-1.4.2-py3.10.egg-info/PKG-INFO
[33.199s] -- Symlinking: /home/davide/sesasr_labs/install/turtlesim/local/lib/python3.10/dist-packages/turtlesim-1.4.2-py3.10.egg-info/SOURCES.txt
[33.204s] -- Symlinking: /home/davide/sesasr_labs/install/turtlesim/local/lib/python3.10/dist-packages/turtlesim-1.4.2-py3.10.egg-info/dependency_links.txt
[33.210s] -- Symlinking: /home/davide/sesasr_labs/install/turtlesim/local/lib/python3.10/dist-packages/turtlesim-1.4.2-py3.10.egg-info/top_level.txt
[33.215s] -- Symlinking: /home/davide/sesasr_labs/install/turtlesim/local/lib/python3.10/dist-packages/turtlesim/__init__.py
[33.221s] -- Symlinking: /home/davide/sesasr_labs/install/turtlesim/local/lib/python3.10/dist-packages/turtlesim/_turtlesim_s.ep.rosidl_typesupport_c.c
[33.226s] -- Symlinking: /home/davide/sesasr_labs/install/turtlesim/local/lib/python3.10/dist-packages/turtlesim/_turtlesim_s.ep.rosidl_typesupport_fastrtps_c.c
[33.231s] -- Symlinking: /home/davide/sesasr_labs/install/turtlesim/local/lib/python3.10/dist-packages/turtlesim/_turtlesim_s.ep.rosidl_typesupport_introspection_c.c
[33.236s] -- Symlinking: /home/davide/sesasr_labs/install/turtlesim/local/lib/python3.10/dist-packages/turtlesim/action/__init__.py
[33.242s] -- Symlinking: /home/davide/sesasr_labs/install/turtlesim/local/lib/python3.10/dist-packages/turtlesim/action/_rotate_absolute.py
[33.247s] -- Symlinking: /home/davide/sesasr_labs/install/turtlesim/local/lib/python3.10/dist-packages/turtlesim/action/_rotate_absolute_s.c
[33.252s] -- Symlinking: /home/davide/sesasr_labs/install/turtlesim/local/lib/python3.10/dist-packages/turtlesim/libturtlesim__rosidl_generator_py.so
[33.257s] -- Symlinking: /home/davide/sesasr_labs/install/turtlesim/local/lib/python3.10/dist-packages/turtlesim/msg/__init__.py
[33.263s] -- Symlinking: /home/davide/sesasr_labs/install/turtlesim/local/lib/python3.10/dist-packages/turtlesim/msg/_color.py
[33.268s] -- Symlinking: /home/davide/sesasr_labs/install/turtlesim/local/lib/python3.10/dist-packages/turtlesim/msg/_color_s.c
[33.273s] -- Symlinking: /home/davide/sesasr_labs/install/turtlesim/local/lib/python3.10/dist-packages/turtlesim/msg/_pose.py
[33.278s] -- Symlinking: /home/davide/sesasr_labs/install/turtlesim/local/lib/python3.10/dist-packages/turtlesim/msg/_pose_s.c
[33.283s] -- Symlinking: /home/davide/sesasr_labs/install/turtlesim/local/lib/python3.10/dist-packages/turtlesim/srv/__init__.py
[33.289s] -- Symlinking: /home/davide/sesasr_labs/install/turtlesim/local/lib/python3.10/dist-packages/turtlesim/srv/_kill.py
[33.294s] -- Symlinking: /home/davide/sesasr_labs/install/turtlesim/local/lib/python3.10/dist-packages/turtlesim/srv/_kill_s.c
[33.300s] -- Symlinking: /home/davide/sesasr_labs/install/turtlesim/local/lib/python3.10/dist-packages/turtlesim/srv/_set_pen.py
[33.306s] -- Symlinking: /home/davide/sesasr_labs/install/turtlesim/local/lib/python3.10/dist-packages/turtlesim/srv/_set_pen_s.c
[33.311s] -- Symlinking: /home/davide/sesasr_labs/install/turtlesim/local/lib/python3.10/dist-packages/turtlesim/srv/_spawn.py
[33.316s] -- Symlinking: /home/davide/sesasr_labs/install/turtlesim/local/lib/python3.10/dist-packages/turtlesim/srv/_spawn_s.c
[33.321s] -- Symlinking: /home/davide/sesasr_labs/install/turtlesim/local/lib/python3.10/dist-packages/turtlesim/srv/_teleport_absolute.py
[33.327s] -- Symlinking: /home/davide/sesasr_labs/install/turtlesim/local/lib/python3.10/dist-packages/turtlesim/srv/_teleport_absolute_s.c
[33.332s] -- Symlinking: /home/davide/sesasr_labs/install/turtlesim/local/lib/python3.10/dist-packages/turtlesim/srv/_teleport_relative.py
[33.337s] -- Symlinking: /home/davide/sesasr_labs/install/turtlesim/local/lib/python3.10/dist-packages/turtlesim/srv/_teleport_relative_s.c
[33.342s] -- Symlinking: /home/davide/sesasr_labs/install/turtlesim/local/lib/python3.10/dist-packages/turtlesim/turtlesim_s__rosidl_typesupport_c.cpython-310-x86_64-linux-gnu.so
[33.348s] -- Symlinking: /home/davide/sesasr_labs/install/turtlesim/local/lib/python3.10/dist-packages/turtlesim/turtlesim_s__rosidl_typesupport_fastrtps_c.cpython-310-x86_64-linux-gnu.so
[33.353s] -- Symlinking: /home/davide/sesasr_labs/install/turtlesim/local/lib/python3.10/dist-packages/turtlesim/turtlesim_s__rosidl_typesupport_introspection_c.cpython-310-x86_64-linux-gnu.so
[33.358s] -- Up-to-date symlink: /home/davide/sesasr_labs/install/turtlesim/local/lib/python3.10/dist-packages/turtlesim/turtlesim_s__rosidl_typesupport_fastrtps_c.cpython-310-x86_64-linux-gnu.so
[33.358s] -- Up-to-date symlink: /home/davide/sesasr_labs/install/turtlesim/local/lib/python3.10/dist-packages/turtlesim/turtlesim_s__rosidl_typesupport_introspection_c.cpython-310-x86_64-linux-gnu.so
[33.358s] -- Up-to-date symlink: /home/davide/sesasr_labs/install/turtlesim/local/lib/python3.10/dist-packages/turtlesim/turtlesim_s__rosidl_typesupport_c.cpython-310-x86_64-linux-gnu.so
[33.359s] -- Symlinking: /home/davide/sesasr_labs/install/turtlesim/share/turtlesim/action/RotateAbsolute.idl
[33.364s] -- Symlinking: /home/davide/sesasr_labs/install/turtlesim/share/turtlesim/msg/Color.idl
[33.369s] -- Symlinking: /home/davide/sesasr_labs/install/turtlesim/share/turtlesim/msg/Pose.idl
[33.375s] -- Symlinking: /home/davide/sesasr_labs/install/turtlesim/share/turtlesim/srv/Kill.idl
[33.380s] -- Symlinking: /home/davide/sesasr_labs/install/turtlesim/share/turtlesim/srv/SetPen.idl
[33.386s] -- Symlinking: /home/davide/sesasr_labs/install/turtlesim/share/turtlesim/srv/Spawn.idl
[33.391s] -- Symlinking: /home/davide/sesasr_labs/install/turtlesim/share/turtlesim/srv/TeleportAbsolute.idl
[33.397s] -- Symlinking: /home/davide/sesasr_labs/install/turtlesim/share/turtlesim/srv/TeleportRelative.idl
[33.403s] -- Symlinking: /home/davide/sesasr_labs/install/turtlesim/share/turtlesim/action/RotateAbsolute.action
[33.408s] -- Symlinking: /home/davide/sesasr_labs/install/turtlesim/share/turtlesim/msg/Color.msg
[33.414s] -- Symlinking: /home/davide/sesasr_labs/install/turtlesim/share/turtlesim/msg/Pose.msg
[33.419s] -- Symlinking: /home/davide/sesasr_labs/install/turtlesim/share/turtlesim/srv/Kill.srv
[33.425s] -- Symlinking: /home/davide/sesasr_labs/install/turtlesim/share/turtlesim/srv/Kill_Request.msg
[33.430s] -- Symlinking: /home/davide/sesasr_labs/install/turtlesim/share/turtlesim/srv/Kill_Response.msg
[33.435s] -- Symlinking: /home/davide/sesasr_labs/install/turtlesim/share/turtlesim/srv/SetPen.srv
[33.440s] -- Symlinking: /home/davide/sesasr_labs/install/turtlesim/share/turtlesim/srv/SetPen_Request.msg
[33.446s] -- Symlinking: /home/davide/sesasr_labs/install/turtlesim/share/turtlesim/srv/SetPen_Response.msg
[33.451s] -- Symlinking: /home/davide/sesasr_labs/install/turtlesim/share/turtlesim/srv/Spawn.srv
[33.456s] -- Symlinking: /home/davide/sesasr_labs/install/turtlesim/share/turtlesim/srv/Spawn_Request.msg
[33.461s] -- Symlinking: /home/davide/sesasr_labs/install/turtlesim/share/turtlesim/srv/Spawn_Response.msg
[33.467s] -- Symlinking: /home/davide/sesasr_labs/install/turtlesim/share/turtlesim/srv/TeleportAbsolute.srv
[33.472s] -- Symlinking: /home/davide/sesasr_labs/install/turtlesim/share/turtlesim/srv/TeleportAbsolute_Request.msg
[33.477s] -- Symlinking: /home/davide/sesasr_labs/install/turtlesim/share/turtlesim/srv/TeleportAbsolute_Response.msg
[33.483s] -- Symlinking: /home/davide/sesasr_labs/install/turtlesim/share/turtlesim/srv/TeleportRelative.srv
[33.488s] -- Symlinking: /home/davide/sesasr_labs/install/turtlesim/share/turtlesim/srv/TeleportRelative_Request.msg
[33.494s] -- Symlinking: /home/davide/sesasr_labs/install/turtlesim/share/turtlesim/srv/TeleportRelative_Response.msg
[33.500s] -- Symlinking: /home/davide/sesasr_labs/install/turtlesim/lib/turtlesim/turtlesim_node
[33.506s] -- Symlinking: /home/davide/sesasr_labs/install/turtlesim/lib/turtlesim/turtle_teleop_key
[33.511s] -- Symlinking: /home/davide/sesasr_labs/install/turtlesim/lib/turtlesim/draw_square
[33.517s] -- Symlinking: /home/davide/sesasr_labs/install/turtlesim/lib/turtlesim/mimic
[33.522s] -- Symlinking: /home/davide/sesasr_labs/install/turtlesim/share/turtlesim/launch/multisim.launch.py
[33.528s] -- Symlinking: /home/davide/sesasr_labs/install/turtlesim/share/ament_index/resource_index/package_run_dependencies/turtlesim
[33.533s] -- Symlinking: /home/davide/sesasr_labs/install/turtlesim/share/ament_index/resource_index/parent_prefix_path/turtlesim
[33.539s] -- Symlinking: /home/davide/sesasr_labs/install/turtlesim/share/turtlesim/environment/ament_prefix_path.sh
[33.544s] -- Symlinking: /home/davide/sesasr_labs/install/turtlesim/share/turtlesim/environment/ament_prefix_path.dsv
[33.549s] -- Symlinking: /home/davide/sesasr_labs/install/turtlesim/share/turtlesim/environment/path.sh
[33.554s] -- Symlinking: /home/davide/sesasr_labs/install/turtlesim/share/turtlesim/environment/path.dsv
[33.560s] -- Symlinking: /home/davide/sesasr_labs/install/turtlesim/share/turtlesim/local_setup.bash
[33.565s] -- Symlinking: /home/davide/sesasr_labs/install/turtlesim/share/turtlesim/local_setup.sh
[33.570s] -- Symlinking: /home/davide/sesasr_labs/install/turtlesim/share/turtlesim/local_setup.zsh
[33.575s] -- Symlinking: /home/davide/sesasr_labs/install/turtlesim/share/turtlesim/local_setup.dsv
[33.581s] -- Symlinking: /home/davide/sesasr_labs/install/turtlesim/share/turtlesim/package.dsv
[33.586s] -- Symlinking: /home/davide/sesasr_labs/install/turtlesim/share/ament_index/resource_index/packages/turtlesim
[33.591s] -- Symlinking: /home/davide/sesasr_labs/install/turtlesim/share/turtlesim/cmake/rosidl_cmake-extras.cmake
[33.597s] -- Symlinking: /home/davide/sesasr_labs/install/turtlesim/share/turtlesim/cmake/ament_cmake_export_dependencies-extras.cmake
[33.603s] -- Symlinking: /home/davide/sesasr_labs/install/turtlesim/share/turtlesim/cmake/ament_cmake_export_include_directories-extras.cmake
[33.608s] -- Symlinking: /home/davide/sesasr_labs/install/turtlesim/share/turtlesim/cmake/ament_cmake_export_libraries-extras.cmake
[33.614s] -- Symlinking: /home/davide/sesasr_labs/install/turtlesim/share/turtlesim/cmake/ament_cmake_export_targets-extras.cmake
[33.619s] -- Symlinking: /home/davide/sesasr_labs/install/turtlesim/share/turtlesim/cmake/rosidl_cmake_export_typesupport_targets-extras.cmake
[33.624s] -- Symlinking: /home/davide/sesasr_labs/install/turtlesim/share/turtlesim/cmake/rosidl_cmake_export_typesupport_libraries-extras.cmake
[33.630s] -- Symlinking: /home/davide/sesasr_labs/install/turtlesim/share/turtlesim/cmake/turtlesimConfig.cmake
[33.635s] -- Symlinking: /home/davide/sesasr_labs/install/turtlesim/share/turtlesim/cmake/turtlesimConfig-version.cmake
[33.641s] -- Symlinking: /home/davide/sesasr_labs/install/turtlesim/share/turtlesim/package.xml
[33.646s] -- Installing: /home/davide/sesasr_labs/install/turtlesim/lib/libturtlesim__rosidl_generator_c.so
[33.646s] -- Set runtime path of "/home/davide/sesasr_labs/install/turtlesim/lib/libturtlesim__rosidl_generator_c.so" to ""
[33.646s] -- Installing: /home/davide/sesasr_labs/install/turtlesim/lib/libturtlesim__rosidl_typesupport_fastrtps_c.so
[33.647s] -- Set runtime path of "/home/davide/sesasr_labs/install/turtlesim/lib/libturtlesim__rosidl_typesupport_fastrtps_c.so" to ""
[33.647s] -- Installing: /home/davide/sesasr_labs/install/turtlesim/lib/libturtlesim__rosidl_typesupport_fastrtps_cpp.so
[33.647s] -- Set runtime path of "/home/davide/sesasr_labs/install/turtlesim/lib/libturtlesim__rosidl_typesupport_fastrtps_cpp.so" to ""
[33.647s] -- Installing: /home/davide/sesasr_labs/install/turtlesim/lib/libturtlesim__rosidl_typesupport_introspection_c.so
[33.647s] -- Set runtime path of "/home/davide/sesasr_labs/install/turtlesim/lib/libturtlesim__rosidl_typesupport_introspection_c.so" to ""
[33.647s] -- Installing: /home/davide/sesasr_labs/install/turtlesim/lib/libturtlesim__rosidl_typesupport_c.so
[33.648s] -- Set runtime path of "/home/davide/sesasr_labs/install/turtlesim/lib/libturtlesim__rosidl_typesupport_c.so" to ""
[33.648s] -- Installing: /home/davide/sesasr_labs/install/turtlesim/lib/libturtlesim__rosidl_typesupport_introspection_cpp.so
[33.648s] -- Set runtime path of "/home/davide/sesasr_labs/install/turtlesim/lib/libturtlesim__rosidl_typesupport_introspection_cpp.so" to ""
[33.648s] -- Installing: /home/davide/sesasr_labs/install/turtlesim/lib/libturtlesim__rosidl_typesupport_cpp.so
[33.648s] -- Set runtime path of "/home/davide/sesasr_labs/install/turtlesim/lib/libturtlesim__rosidl_typesupport_cpp.so" to ""
[33.685s] Listing '/home/davide/sesasr_labs/install/turtlesim/local/lib/python3.10/dist-packages/turtlesim'...
[33.686s] Compiling '/home/davide/sesasr_labs/install/turtlesim/local/lib/python3.10/dist-packages/turtlesim/__init__.py'...
[33.686s] Listing '/home/davide/sesasr_labs/install/turtlesim/local/lib/python3.10/dist-packages/turtlesim/action'...
[33.686s] Compiling '/home/davide/sesasr_labs/install/turtlesim/local/lib/python3.10/dist-packages/turtlesim/action/__init__.py'...
[33.686s] Compiling '/home/davide/sesasr_labs/install/turtlesim/local/lib/python3.10/dist-packages/turtlesim/action/_rotate_absolute.py'...
[33.686s] Listing '/home/davide/sesasr_labs/install/turtlesim/local/lib/python3.10/dist-packages/turtlesim/msg'...
[33.686s] Compiling '/home/davide/sesasr_labs/install/turtlesim/local/lib/python3.10/dist-packages/turtlesim/msg/__init__.py'...
[33.686s] Compiling '/home/davide/sesasr_labs/install/turtlesim/local/lib/python3.10/dist-packages/turtlesim/msg/_color.py'...
[33.686s] Compiling '/home/davide/sesasr_labs/install/turtlesim/local/lib/python3.10/dist-packages/turtlesim/msg/_pose.py'...
[33.686s] Listing '/home/davide/sesasr_labs/install/turtlesim/local/lib/python3.10/dist-packages/turtlesim/srv'...
[33.686s] Compiling '/home/davide/sesasr_labs/install/turtlesim/local/lib/python3.10/dist-packages/turtlesim/srv/__init__.py'...
[33.686s] Compiling '/home/davide/sesasr_labs/install/turtlesim/local/lib/python3.10/dist-packages/turtlesim/srv/_kill.py'...
[33.686s] Compiling '/home/davide/sesasr_labs/install/turtlesim/local/lib/python3.10/dist-packages/turtlesim/srv/_set_pen.py'...
[33.686s] Compiling '/home/davide/sesasr_labs/install/turtlesim/local/lib/python3.10/dist-packages/turtlesim/srv/_spawn.py'...
[33.686s] Compiling '/home/davide/sesasr_labs/install/turtlesim/local/lib/python3.10/dist-packages/turtlesim/srv/_teleport_absolute.py'...
[33.686s] Compiling '/home/davide/sesasr_labs/install/turtlesim/local/lib/python3.10/dist-packages/turtlesim/srv/_teleport_relative.py'...
[33.689s] -- Installing: /home/davide/sesasr_labs/install/turtlesim/lib/libturtlesim__rosidl_generator_py.so
[33.689s] -- Set runtime path of "/home/davide/sesasr_labs/install/turtlesim/lib/libturtlesim__rosidl_generator_py.so" to ""
[33.690s] -- Up-to-date: /home/davide/sesasr_labs/install/turtlesim/share/turtlesim/images
[33.690s] -- Up-to-date: /home/davide/sesasr_labs/install/turtlesim/share/turtlesim/images/eloquent.png
[33.690s] -- Up-to-date: /home/davide/sesasr_labs/install/turtlesim/share/turtlesim/images/foxy.png
[33.690s] -- Up-to-date: /home/davide/sesasr_labs/install/turtlesim/share/turtlesim/images/rolling.png
[33.690s] -- Up-to-date: /home/davide/sesasr_labs/install/turtlesim/share/turtlesim/images/ardent.png
[33.690s] -- Up-to-date: /home/davide/sesasr_labs/install/turtlesim/share/turtlesim/images/galactic.png
[33.690s] -- Up-to-date: /home/davide/sesasr_labs/install/turtlesim/share/turtlesim/images/dashing.png
[33.690s] -- Up-to-date: /home/davide/sesasr_labs/install/turtlesim/share/turtlesim/images/bouncy.png
[33.690s] -- Up-to-date: /home/davide/sesasr_labs/install/turtlesim/share/turtlesim/images/crystal.png
[33.690s] -- Up-to-date: /home/davide/sesasr_labs/install/turtlesim/share/turtlesim/images/humble.png
[33.690s] -- Installing: /home/davide/sesasr_labs/install/turtlesim/share/turtlesim/cmake/export_turtlesim__rosidl_generator_cExport.cmake
[33.691s] -- Installing: /home/davide/sesasr_labs/install/turtlesim/share/turtlesim/cmake/export_turtlesim__rosidl_generator_cExport-noconfig.cmake
[33.691s] -- Installing: /home/davide/sesasr_labs/install/turtlesim/share/turtlesim/cmake/export_turtlesim__rosidl_typesupport_fastrtps_cExport.cmake
[33.691s] -- Installing: /home/davide/sesasr_labs/install/turtlesim/share/turtlesim/cmake/export_turtlesim__rosidl_typesupport_fastrtps_cExport-noconfig.cmake
[33.691s] -- Installing: /home/davide/sesasr_labs/install/turtlesim/share/turtlesim/cmake/export_turtlesim__rosidl_generator_cppExport.cmake
[33.691s] -- Installing: /home/davide/sesasr_labs/install/turtlesim/share/turtlesim/cmake/export_turtlesim__rosidl_typesupport_fastrtps_cppExport.cmake
[33.691s] -- Installing: /home/davide/sesasr_labs/install/turtlesim/share/turtlesim/cmake/export_turtlesim__rosidl_typesupport_fastrtps_cppExport-noconfig.cmake
[33.691s] -- Installing: /home/davide/sesasr_labs/install/turtlesim/share/turtlesim/cmake/turtlesim__rosidl_typesupport_introspection_cExport.cmake
[33.691s] -- Installing: /home/davide/sesasr_labs/install/turtlesim/share/turtlesim/cmake/turtlesim__rosidl_typesupport_introspection_cExport-noconfig.cmake
[33.691s] -- Installing: /home/davide/sesasr_labs/install/turtlesim/share/turtlesim/cmake/turtlesim__rosidl_typesupport_cExport.cmake
[33.691s] -- Installing: /home/davide/sesasr_labs/install/turtlesim/share/turtlesim/cmake/turtlesim__rosidl_typesupport_cExport-noconfig.cmake
[33.692s] -- Installing: /home/davide/sesasr_labs/install/turtlesim/share/turtlesim/cmake/turtlesim__rosidl_typesupport_introspection_cppExport.cmake
[33.692s] -- Installing: /home/davide/sesasr_labs/install/turtlesim/share/turtlesim/cmake/turtlesim__rosidl_typesupport_introspection_cppExport-noconfig.cmake
[33.692s] -- Installing: /home/davide/sesasr_labs/install/turtlesim/share/turtlesim/cmake/turtlesim__rosidl_typesupport_cppExport.cmake
[33.692s] -- Installing: /home/davide/sesasr_labs/install/turtlesim/share/turtlesim/cmake/turtlesim__rosidl_typesupport_cppExport-noconfig.cmake
[33.692s] -- Installing: /home/davide/sesasr_labs/install/turtlesim/share/turtlesim/cmake/export_turtlesim__rosidl_generator_pyExport.cmake
[33.692s] -- Installing: /home/davide/sesasr_labs/install/turtlesim/share/turtlesim/cmake/export_turtlesim__rosidl_generator_pyExport-noconfig.cmake
[33.694s] Invoked command in '/home/davide/sesasr_labs/build/turtlesim' returned '0': CMAKE_PREFIX_PATH=${CMAKE_PREFIX_PATH}:/home/davide/sesasr_labs/install/my_package:/home/davide/sesasr_labs/install/launch_testing_examples:/home/davide/sesasr_labs/install/examples_rclpy_pointcloud_publisher:/home/davide/sesasr_labs/install/examples_rclpy_minimal_subscriber:/home/davide/sesasr_labs/install/examples_rclpy_minimal_service:/home/davide/sesasr_labs/install/examples_rclpy_minimal_publisher:/home/davide/sesasr_labs/install/examples_rclpy_minimal_client:/home/davide/sesasr_labs/install/examples_rclpy_minimal_action_server:/home/davide/sesasr_labs/install/examples_rclpy_minimal_action_client:/home/davide/sesasr_labs/install/examples_rclpy_guard_conditions:/home/davide/sesasr_labs/install/examples_rclpy_executors:/opt/ros/humble /usr/bin/cmake --install /home/davide/sesasr_labs/build/turtlesim
