[0.077s] Invoking command in '/home/davide/sesasr_labs/build/examples_rclcpp_wait_set': CMAKE_PREFIX_PATH=${CMAKE_PREFIX_PATH}:/home/davide/sesasr_labs/install/my_package:/home/davide/sesasr_labs/install/launch_testing_examples:/home/davide/sesasr_labs/install/examples_rclpy_pointcloud_publisher:/home/davide/sesasr_labs/install/examples_rclpy_minimal_subscriber:/home/davide/sesasr_labs/install/examples_rclpy_minimal_service:/home/davide/sesasr_labs/install/examples_rclpy_minimal_publisher:/home/davide/sesasr_labs/install/examples_rclpy_minimal_client:/home/davide/sesasr_labs/install/examples_rclpy_minimal_action_server:/home/davide/sesasr_labs/install/examples_rclpy_minimal_action_client:/home/davide/sesasr_labs/install/examples_rclpy_guard_conditions:/home/davide/sesasr_labs/install/examples_rclpy_executors:/opt/ros/humble /usr/bin/cmake /home/davide/sesasr_labs/src/examples/rclcpp/wait_set -DAMENT_CMAKE_SYMLINK_INSTALL=1 -DCMAKE_INSTALL_PREFIX=/home/davide/sesasr_labs/install/examples_rclcpp_wait_set
[0.673s] -- Found ament_cmake: 1.3.6 (/opt/ros/humble/share/ament_cmake/cmake)
[0.673s] -- Override CMake install command with custom implementation using symlinks instead of copying resources
[0.673s] -- Found example_interfaces: 0.9.3 (/opt/ros/humble/share/example_interfaces/cmake)
[0.673s] -- Found rosidl_generator_c: 3.1.5 (/opt/ros/humble/share/rosidl_generator_c/cmake)
[0.673s] -- Found rosidl_adapter: 3.1.5 (/opt/ros/humble/share/rosidl_adapter/cmake)
[0.673s] -- Found rosidl_generator_cpp: 3.1.5 (/opt/ros/humble/share/rosidl_generator_cpp/cmake)
[0.673s] -- Using all available rosidl_typesupport_c: rosidl_typesupport_fastrtps_c;rosidl_typesupport_introspection_c
[0.673s] -- Using all available rosidl_typesupport_cpp: rosidl_typesupport_fastrtps_cpp;rosidl_typesupport_introspection_cpp
[0.673s] -- Found rclcpp: 16.0.7 (/opt/ros/humble/share/rclcpp/cmake)
[0.673s] -- Found rmw_implementation_cmake: 6.1.1 (/opt/ros/humble/share/rmw_implementation_cmake/cmake)
[0.673s] -- Found rmw_fastrtps_cpp: 6.2.5 (/opt/ros/humble/share/rmw_fastrtps_cpp/cmake)
[4.385s] -- Using RMW implementation 'rmw_fastrtps_cpp' as default
[4.530s] -- Found rclcpp_components: 16.0.7 (/opt/ros/humble/share/rclcpp_components/cmake)
[4.616s] -- Found ament_lint_auto: 0.12.9 (/opt/ros/humble/share/ament_lint_auto/cmake)
[4.716s] -- Added test 'copyright' to check source files copyright and LICENSE
[4.717s] -- Added test 'cppcheck' to perform static code analysis on C / C++ code
[4.717s] -- Configured cppcheck include dirs: /home/davide/sesasr_labs/src/examples/rclcpp/wait_set/include
[4.718s] -- Configured cppcheck exclude dirs and/or files: 
[4.719s] -- Added test 'cpplint' to check C / C++ code against the Google style
[4.719s] -- Configured cpplint exclude dirs and/or files: 
[4.720s] -- Added test 'lint_cmake' to check CMake code style
[4.723s] -- Added test 'uncrustify' to check C / C++ code style
[4.724s] -- Configured uncrustify additional arguments: 
[4.724s] -- Added test 'xmllint' to check XML markup files
[4.730s] -- Configuring done
[4.777s] -- Generating done
[4.779s] -- Build files have been written to: /home/davide/sesasr_labs/build/examples_rclcpp_wait_set
[5.168s] Invoked command in '/home/davide/sesasr_labs/build/examples_rclcpp_wait_set' returned '0': CMAKE_PREFIX_PATH=${CMAKE_PREFIX_PATH}:/home/davide/sesasr_labs/install/my_package:/home/davide/sesasr_labs/install/launch_testing_examples:/home/davide/sesasr_labs/install/examples_rclpy_pointcloud_publisher:/home/davide/sesasr_labs/install/examples_rclpy_minimal_subscriber:/home/davide/sesasr_labs/install/examples_rclpy_minimal_service:/home/davide/sesasr_labs/install/examples_rclpy_minimal_publisher:/home/davide/sesasr_labs/install/examples_rclpy_minimal_client:/home/davide/sesasr_labs/install/examples_rclpy_minimal_action_server:/home/davide/sesasr_labs/install/examples_rclpy_minimal_action_client:/home/davide/sesasr_labs/install/examples_rclpy_guard_conditions:/home/davide/sesasr_labs/install/examples_rclpy_executors:/opt/ros/humble /usr/bin/cmake /home/davide/sesasr_labs/src/examples/rclcpp/wait_set -DAMENT_CMAKE_SYMLINK_INSTALL=1 -DCMAKE_INSTALL_PREFIX=/home/davide/sesasr_labs/install/examples_rclcpp_wait_set
[5.171s] Invoking command in '/home/davide/sesasr_labs/build/examples_rclcpp_wait_set': CMAKE_PREFIX_PATH=${CMAKE_PREFIX_PATH}:/home/davide/sesasr_labs/install/my_package:/home/davide/sesasr_labs/install/launch_testing_examples:/home/davide/sesasr_labs/install/examples_rclpy_pointcloud_publisher:/home/davide/sesasr_labs/install/examples_rclpy_minimal_subscriber:/home/davide/sesasr_labs/install/examples_rclpy_minimal_service:/home/davide/sesasr_labs/install/examples_rclpy_minimal_publisher:/home/davide/sesasr_labs/install/examples_rclpy_minimal_client:/home/davide/sesasr_labs/install/examples_rclpy_minimal_action_server:/home/davide/sesasr_labs/install/examples_rclpy_minimal_action_client:/home/davide/sesasr_labs/install/examples_rclpy_guard_conditions:/home/davide/sesasr_labs/install/examples_rclpy_executors:/opt/ros/humble /usr/bin/cmake --build /home/davide/sesasr_labs/build/examples_rclcpp_wait_set -- -j8 -l8
[5.206s] [35m[1mConsolidate compiler generated dependencies of target talker[0m
[5.206s] [35m[1mConsolidate compiler generated dependencies of target listener[0m
[5.224s] [35m[1mConsolidate compiler generated dependencies of target wait_set_talker[0m
[5.224s] [35m[1mConsolidate compiler generated dependencies of target wait_set_listener[0m
[5.224s] [35m[1mConsolidate compiler generated dependencies of target wait_set[0m
[5.224s] [35m[1mConsolidate compiler generated dependencies of target thread_safe_wait_set[0m
[5.227s] [35m[1mConsolidate compiler generated dependencies of target wait_set_topics_and_timer[0m
[5.232s] [35m[1mConsolidate compiler generated dependencies of target static_wait_set[0m
[5.261s] [ 16%] Built target wait_set_talker
[5.261s] [ 16%] Built target talker
[5.264s] [ 25%] Built target listener
[5.271s] [ 41%] Built target wait_set
[5.271s] [ 41%] Built target wait_set_listener
[5.278s] [ 50%] Built target wait_set_topics_and_timer
[5.278s] [ 58%] Built target static_wait_set
[5.285s] [ 66%] Built target thread_safe_wait_set
[5.293s] [35m[1mConsolidate compiler generated dependencies of target executor_random_order[0m
[5.294s] [35m[1mConsolidate compiler generated dependencies of target wait_set_random_order[0m
[5.299s] [35m[1mConsolidate compiler generated dependencies of target wait_set_topics_with_different_rates[0m
[5.303s] [35m[1mConsolidate compiler generated dependencies of target wait_set_composed[0m
[5.319s] [ 83%] Built target wait_set_random_order
[5.319s] [ 83%] Built target executor_random_order
[5.322s] [ 91%] Built target wait_set_composed
[5.328s] [100%] Built target wait_set_topics_with_different_rates
[5.622s] Invoked command in '/home/davide/sesasr_labs/build/examples_rclcpp_wait_set' returned '0': CMAKE_PREFIX_PATH=${CMAKE_PREFIX_PATH}:/home/davide/sesasr_labs/install/my_package:/home/davide/sesasr_labs/install/launch_testing_examples:/home/davide/sesasr_labs/install/examples_rclpy_pointcloud_publisher:/home/davide/sesasr_labs/install/examples_rclpy_minimal_subscriber:/home/davide/sesasr_labs/install/examples_rclpy_minimal_service:/home/davide/sesasr_labs/install/examples_rclpy_minimal_publisher:/home/davide/sesasr_labs/install/examples_rclpy_minimal_client:/home/davide/sesasr_labs/install/examples_rclpy_minimal_action_server:/home/davide/sesasr_labs/install/examples_rclpy_minimal_action_client:/home/davide/sesasr_labs/install/examples_rclpy_guard_conditions:/home/davide/sesasr_labs/install/examples_rclpy_executors:/opt/ros/humble /usr/bin/cmake --build /home/davide/sesasr_labs/build/examples_rclcpp_wait_set -- -j8 -l8
[6.428s] Invoking command in '/home/davide/sesasr_labs/build/examples_rclcpp_wait_set': CMAKE_PREFIX_PATH=${CMAKE_PREFIX_PATH}:/home/davide/sesasr_labs/install/my_package:/home/davide/sesasr_labs/install/launch_testing_examples:/home/davide/sesasr_labs/install/examples_rclpy_pointcloud_publisher:/home/davide/sesasr_labs/install/examples_rclpy_minimal_subscriber:/home/davide/sesasr_labs/install/examples_rclpy_minimal_service:/home/davide/sesasr_labs/install/examples_rclpy_minimal_publisher:/home/davide/sesasr_labs/install/examples_rclpy_minimal_client:/home/davide/sesasr_labs/install/examples_rclpy_minimal_action_server:/home/davide/sesasr_labs/install/examples_rclpy_minimal_action_client:/home/davide/sesasr_labs/install/examples_rclpy_guard_conditions:/home/davide/sesasr_labs/install/examples_rclpy_executors:/opt/ros/humble /usr/bin/cmake --install /home/davide/sesasr_labs/build/examples_rclcpp_wait_set
[6.731s] -- Install configuration: ""
[6.732s] -- Execute custom install script
[6.733s] -- Up-to-date symlink: /home/davide/sesasr_labs/install/examples_rclcpp_wait_set/lib/examples_rclcpp_wait_set/wait_set_talker
[6.738s] -- Up-to-date symlink: /home/davide/sesasr_labs/install/examples_rclcpp_wait_set/lib/examples_rclcpp_wait_set/wait_set_listener
[6.738s] -- Up-to-date symlink: /home/davide/sesasr_labs/install/examples_rclcpp_wait_set/lib/libtalker.so
[6.738s] -- Up-to-date symlink: /home/davide/sesasr_labs/install/examples_rclcpp_wait_set/lib/liblistener.so
[6.738s] -- Up-to-date symlink: /home/davide/sesasr_labs/install/examples_rclcpp_wait_set/lib/examples_rclcpp_wait_set/wait_set
[6.738s] -- Up-to-date symlink: /home/davide/sesasr_labs/install/examples_rclcpp_wait_set/lib/examples_rclcpp_wait_set/static_wait_set
[6.738s] -- Up-to-date symlink: /home/davide/sesasr_labs/install/examples_rclcpp_wait_set/lib/examples_rclcpp_wait_set/thread_safe_wait_set
[6.738s] -- Up-to-date symlink: /home/davide/sesasr_labs/install/examples_rclcpp_wait_set/lib/examples_rclcpp_wait_set/wait_set_topics_and_timer
[6.738s] -- Up-to-date symlink: /home/davide/sesasr_labs/install/examples_rclcpp_wait_set/lib/examples_rclcpp_wait_set/wait_set_random_order
[6.738s] -- Up-to-date symlink: /home/davide/sesasr_labs/install/examples_rclcpp_wait_set/lib/examples_rclcpp_wait_set/executor_random_order
[6.738s] -- Up-to-date symlink: /home/davide/sesasr_labs/install/examples_rclcpp_wait_set/lib/examples_rclcpp_wait_set/wait_set_topics_with_different_rates
[6.738s] -- Up-to-date symlink: /home/davide/sesasr_labs/install/examples_rclcpp_wait_set/lib/examples_rclcpp_wait_set/wait_set_composed
[6.738s] -- Up-to-date symlink: /home/davide/sesasr_labs/install/examples_rclcpp_wait_set/share/ament_index/resource_index/package_run_dependencies/examples_rclcpp_wait_set
[6.738s] -- Up-to-date symlink: /home/davide/sesasr_labs/install/examples_rclcpp_wait_set/share/ament_index/resource_index/parent_prefix_path/examples_rclcpp_wait_set
[6.738s] -- Up-to-date symlink: /home/davide/sesasr_labs/install/examples_rclcpp_wait_set/share/examples_rclcpp_wait_set/environment/ament_prefix_path.sh
[6.738s] -- Up-to-date symlink: /home/davide/sesasr_labs/install/examples_rclcpp_wait_set/share/examples_rclcpp_wait_set/environment/ament_prefix_path.dsv
[6.738s] -- Up-to-date symlink: /home/davide/sesasr_labs/install/examples_rclcpp_wait_set/share/examples_rclcpp_wait_set/environment/path.sh
[6.738s] -- Up-to-date symlink: /home/davide/sesasr_labs/install/examples_rclcpp_wait_set/share/examples_rclcpp_wait_set/environment/path.dsv
[6.738s] -- Up-to-date symlink: /home/davide/sesasr_labs/install/examples_rclcpp_wait_set/share/examples_rclcpp_wait_set/local_setup.bash
[6.739s] -- Up-to-date symlink: /home/davide/sesasr_labs/install/examples_rclcpp_wait_set/share/examples_rclcpp_wait_set/local_setup.sh
[6.739s] -- Up-to-date symlink: /home/davide/sesasr_labs/install/examples_rclcpp_wait_set/share/examples_rclcpp_wait_set/local_setup.zsh
[6.739s] -- Up-to-date symlink: /home/davide/sesasr_labs/install/examples_rclcpp_wait_set/share/examples_rclcpp_wait_set/local_setup.dsv
[6.739s] -- Symlinking: /home/davide/sesasr_labs/install/examples_rclcpp_wait_set/share/examples_rclcpp_wait_set/package.dsv
[6.739s] -- Up-to-date symlink: /home/davide/sesasr_labs/install/examples_rclcpp_wait_set/share/ament_index/resource_index/packages/examples_rclcpp_wait_set
[6.739s] -- Up-to-date symlink: /home/davide/sesasr_labs/install/examples_rclcpp_wait_set/share/ament_index/resource_index/rclcpp_components/examples_rclcpp_wait_set
[6.739s] -- Up-to-date symlink: /home/davide/sesasr_labs/install/examples_rclcpp_wait_set/share/examples_rclcpp_wait_set/cmake/examples_rclcpp_wait_setConfig.cmake
[6.739s] -- Up-to-date symlink: /home/davide/sesasr_labs/install/examples_rclcpp_wait_set/share/examples_rclcpp_wait_set/cmake/examples_rclcpp_wait_setConfig-version.cmake
[6.739s] -- Up-to-date symlink: /home/davide/sesasr_labs/install/examples_rclcpp_wait_set/share/examples_rclcpp_wait_set/package.xml
[6.739s] Invoked command in '/home/davide/sesasr_labs/build/examples_rclcpp_wait_set' returned '0': CMAKE_PREFIX_PATH=${CMAKE_PREFIX_PATH}:/home/davide/sesasr_labs/install/my_package:/home/davide/sesasr_labs/install/launch_testing_examples:/home/davide/sesasr_labs/install/examples_rclpy_pointcloud_publisher:/home/davide/sesasr_labs/install/examples_rclpy_minimal_subscriber:/home/davide/sesasr_labs/install/examples_rclpy_minimal_service:/home/davide/sesasr_labs/install/examples_rclpy_minimal_publisher:/home/davide/sesasr_labs/install/examples_rclpy_minimal_client:/home/davide/sesasr_labs/install/examples_rclpy_minimal_action_server:/home/davide/sesasr_labs/install/examples_rclpy_minimal_action_client:/home/davide/sesasr_labs/install/examples_rclpy_guard_conditions:/home/davide/sesasr_labs/install/examples_rclpy_executors:/opt/ros/humble /usr/bin/cmake --install /home/davide/sesasr_labs/build/examples_rclcpp_wait_set
