[3.682s] Invoking command in '/home/davide/sesasr_labs/build/examples_rclpy_minimal_service': PYTHONPATH=/home/davide/sesasr_labs/build/examples_rclpy_minimal_service/prefix_override:/home/davide/sesasr_labs/install/examples_rclpy_minimal_service/lib/python3.10/site-packages:${PYTHONPATH} /usr/bin/python3 setup.py develop --editable --build-directory /home/davide/sesasr_labs/build/examples_rclpy_minimal_service/build --no-deps install_data
[4.426s] running develop
[4.440s] /usr/lib/python3/dist-packages/setuptools/command/easy_install.py:158: EasyInstallDeprecationWarning: easy_install command is deprecated. Use build and pip and other standards-based tools.
[4.440s]   warnings.warn(
[4.442s] /usr/lib/python3/dist-packages/setuptools/command/install.py:34: SetuptoolsDeprecationWarning: setup.py install is deprecated. Use build and pip and other standards-based tools.
[4.442s]   warnings.warn(
[4.919s] running egg_info
[4.919s] creating examples_rclpy_minimal_service.egg-info
[4.919s] writing examples_rclpy_minimal_service.egg-info/PKG-INFO
[4.919s] writing dependency_links to examples_rclpy_minimal_service.egg-info/dependency_links.txt
[4.919s] writing entry points to examples_rclpy_minimal_service.egg-info/entry_points.txt
[4.920s] writing requirements to examples_rclpy_minimal_service.egg-info/requires.txt
[4.920s] writing top-level names to examples_rclpy_minimal_service.egg-info/top_level.txt
[4.920s] writing manifest file 'examples_rclpy_minimal_service.egg-info/SOURCES.txt'
[4.920s] reading manifest file 'examples_rclpy_minimal_service.egg-info/SOURCES.txt'
[4.920s] writing manifest file 'examples_rclpy_minimal_service.egg-info/SOURCES.txt'
[4.920s] running build_ext
[4.920s] Creating /home/davide/sesasr_labs/install/examples_rclpy_minimal_service/lib/python3.10/site-packages/examples-rclpy-minimal-service.egg-link (link to .)
[4.920s] Installing service script to /home/davide/sesasr_labs/install/examples_rclpy_minimal_service/lib/examples_rclpy_minimal_service
[4.930s] Installing service_member_function script to /home/davide/sesasr_labs/install/examples_rclpy_minimal_service/lib/examples_rclpy_minimal_service
[4.932s] 
[4.932s] Installed /home/davide/sesasr_labs/build/examples_rclpy_minimal_service
[4.936s] running install_data
[4.936s] creating /home/davide/sesasr_labs/install/examples_rclpy_minimal_service/share/ament_index
[4.936s] creating /home/davide/sesasr_labs/install/examples_rclpy_minimal_service/share/ament_index/resource_index
[4.937s] creating /home/davide/sesasr_labs/install/examples_rclpy_minimal_service/share/ament_index/resource_index/packages
[4.937s] copying resource/examples_rclpy_minimal_service -> /home/davide/sesasr_labs/install/examples_rclpy_minimal_service/share/ament_index/resource_index/packages
[4.937s] copying package.xml -> /home/davide/sesasr_labs/install/examples_rclpy_minimal_service/share/examples_rclpy_minimal_service
[5.040s] Invoked command in '/home/davide/sesasr_labs/build/examples_rclpy_minimal_service' returned '0': PYTHONPATH=/home/davide/sesasr_labs/build/examples_rclpy_minimal_service/prefix_override:/home/davide/sesasr_labs/install/examples_rclpy_minimal_service/lib/python3.10/site-packages:${PYTHONPATH} /usr/bin/python3 setup.py develop --editable --build-directory /home/davide/sesasr_labs/build/examples_rclpy_minimal_service/build --no-deps install_data
