[0.555s] Invoking command in '/home/davide/sesasr_labs/build/turtlesim': CMAKE_PREFIX_PATH=/opt/ros/humble /usr/bin/cmake /home/davide/sesasr_labs/src/ros_tutorials/turtlesim -DCMAKE_INSTALL_PREFIX=/home/davide/sesasr_labs/install/turtlesim
[0.641s] -- The C compiler identification is GNU 11.4.0
[0.922s] -- The CXX compiler identification is GNU 11.4.0
[1.125s] -- Detecting C compiler ABI info
[1.211s] -- Detecting C compiler ABI info - done
[1.217s] -- Check for working C compiler: /usr/bin/cc - skipped
[1.217s] -- Detecting C compile features
[1.217s] -- Detecting C compile features - done
[1.219s] -- Detecting CXX compiler ABI info
[1.313s] -- Detecting CXX compiler ABI info - done
[1.318s] -- Check for working CXX compiler: /usr/bin/c++ - skipped
[1.318s] -- Detecting CXX compile features
[1.319s] -- Detecting CXX compile features - done
[1.320s] -- Found ament_cmake: 1.3.6 (/opt/ros/humble/share/ament_cmake/cmake)
[1.437s] -- Found Python3: /usr/bin/python3.10 (found version "3.10.12") found components: Interpreter 
[1.494s] -- Found ament_index_cpp: 1.4.0 (/opt/ros/humble/share/ament_index_cpp/cmake)
[1.496s] -- Found geometry_msgs: 4.2.3 (/opt/ros/humble/share/geometry_msgs/cmake)
[1.583s] -- Found rosidl_generator_c: 3.1.5 (/opt/ros/humble/share/rosidl_generator_c/cmake)
[1.586s] -- Found rosidl_adapter: 3.1.5 (/opt/ros/humble/share/rosidl_adapter/cmake)
[1.592s] -- Found rosidl_generator_cpp: 3.1.5 (/opt/ros/humble/share/rosidl_generator_cpp/cmake)
[1.602s] -- Using all available rosidl_typesupport_c: rosidl_typesupport_fastrtps_c;rosidl_typesupport_introspection_c
[1.616s] -- Using all available rosidl_typesupport_cpp: rosidl_typesupport_fastrtps_cpp;rosidl_typesupport_introspection_cpp
[1.775s] -- Found rclcpp: 16.0.7 (/opt/ros/humble/share/rclcpp/cmake)
[1.817s] -- Found rmw_implementation_cmake: 6.1.1 (/opt/ros/humble/share/rmw_implementation_cmake/cmake)
[1.818s] -- Found rmw_fastrtps_cpp: 6.2.5 (/opt/ros/humble/share/rmw_fastrtps_cpp/cmake)
[2.546s] -- Found OpenSSL: /usr/lib/x86_64-linux-gnu/libcrypto.so (found version "3.0.2")  
[3.314s] -- Found FastRTPS: /opt/ros/humble/include  
[4.650s] -- Using RMW implementation 'rmw_fastrtps_cpp' as default
[4.656s] -- Looking for pthread.h
[4.735s] -- Looking for pthread.h - found
[4.735s] -- Performing Test CMAKE_HAVE_LIBC_PTHREAD
[4.820s] -- Performing Test CMAKE_HAVE_LIBC_PTHREAD - Success
[4.821s] -- Found Threads: TRUE  
[4.922s] -- Found rclcpp_action: 16.0.7 (/opt/ros/humble/share/rclcpp_action/cmake)
[4.994s] -- Found rosidl_default_generators: 1.2.0 (/opt/ros/humble/share/rosidl_default_generators/cmake)
[5.003s] -- Found std_srvs: 4.2.3 (/opt/ros/humble/share/std_srvs/cmake)
[5.233s] -- Found ament_cmake_ros: 0.10.0 (/opt/ros/humble/share/ament_cmake_ros/cmake)
[5.452s] -- Using all available rosidl_typesupport_c: rosidl_typesupport_fastrtps_c;rosidl_typesupport_introspection_c
[5.535s] -- Using all available rosidl_typesupport_cpp: rosidl_typesupport_fastrtps_cpp;rosidl_typesupport_introspection_cpp
[5.597s] -- Found PythonInterp: /usr/bin/python3 (found suitable version "3.10.12", minimum required is "3.6") 
[5.599s] -- Found python_cmake_module: 0.10.0 (/opt/ros/humble/share/python_cmake_module/cmake)
[5.820s] -- Found PythonLibs: /usr/lib/x86_64-linux-gnu/libpython3.10.so (found suitable version "3.10.12", minimum required is "3.5") 
[5.820s] -- Using PYTHON_EXECUTABLE: /usr/bin/python3
[5.820s] -- Using PYTHON_INCLUDE_DIRS: /usr/include/python3.10
[5.820s] -- Using PYTHON_LIBRARIES: /usr/lib/x86_64-linux-gnu/libpython3.10.so
[5.835s] -- Found PythonExtra: .so  
[5.897s] -- Configuring done
[5.952s] -- Generating done
[5.954s] -- Build files have been written to: /home/davide/sesasr_labs/build/turtlesim
[5.965s] Invoked command in '/home/davide/sesasr_labs/build/turtlesim' returned '0': CMAKE_PREFIX_PATH=/opt/ros/humble /usr/bin/cmake /home/davide/sesasr_labs/src/ros_tutorials/turtlesim -DCMAKE_INSTALL_PREFIX=/home/davide/sesasr_labs/install/turtlesim
[5.966s] Invoking command in '/home/davide/sesasr_labs/build/turtlesim': CMAKE_PREFIX_PATH=/opt/ros/humble /usr/bin/cmake --build /home/davide/sesasr_labs/build/turtlesim -- -j8 -l8
[5.990s] [  1%] [34m[1mGenerating C code for ROS interfaces[0m
[5.995s] [  2%] [34m[1mGenerating C++ code for ROS interfaces[0m
[6.000s] [  2%] Built target ament_cmake_python_copy_turtlesim
[6.172s] running egg_info
[6.172s] creating turtlesim.egg-info
[6.172s] writing turtlesim.egg-info/PKG-INFO
[6.173s] writing dependency_links to turtlesim.egg-info/dependency_links.txt
[6.173s] writing top-level names to turtlesim.egg-info/top_level.txt
[6.173s] writing manifest file 'turtlesim.egg-info/SOURCES.txt'
[6.174s] reading manifest file 'turtlesim.egg-info/SOURCES.txt'
[6.175s] writing manifest file 'turtlesim.egg-info/SOURCES.txt'
[6.193s] [  2%] Built target ament_cmake_python_build_turtlesim_egg
[6.651s] [  2%] Built target turtlesim__cpp
[6.657s] [  3%] [34m[1mGenerating C++ type support dispatch for ROS interfaces[0m
[6.663s] [  4%] [34m[1mGenerating C++ type support for eProsima Fast-RTPS[0m
[6.663s] [  5%] [34m[1mGenerating C++ introspection for ROS interfaces[0m
[6.695s] [  9%] [32mBuilding C object CMakeFiles/turtlesim__rosidl_generator_c.dir/rosidl_generator_c/turtlesim/msg/detail/pose__functions.c.o[0m
[6.695s] [  9%] [32mBuilding C object CMakeFiles/turtlesim__rosidl_generator_c.dir/rosidl_generator_c/turtlesim/srv/detail/set_pen__functions.c.o[0m
[6.696s] [  9%] [32mBuilding C object CMakeFiles/turtlesim__rosidl_generator_c.dir/rosidl_generator_c/turtlesim/srv/detail/kill__functions.c.o[0m
[6.696s] [ 10%] [32mBuilding C object CMakeFiles/turtlesim__rosidl_generator_c.dir/rosidl_generator_c/turtlesim/msg/detail/color__functions.c.o[0m
[6.696s] [ 10%] [32mBuilding C object CMakeFiles/turtlesim__rosidl_generator_c.dir/rosidl_generator_c/turtlesim/action/detail/rotate_absolute__functions.c.o[0m
[6.736s] [ 11%] [32mBuilding C object CMakeFiles/turtlesim__rosidl_generator_c.dir/rosidl_generator_c/turtlesim/srv/detail/spawn__functions.c.o[0m
[6.738s] [ 12%] [32mBuilding C object CMakeFiles/turtlesim__rosidl_generator_c.dir/rosidl_generator_c/turtlesim/srv/detail/teleport_absolute__functions.c.o[0m
[6.744s] [ 13%] [32mBuilding C object CMakeFiles/turtlesim__rosidl_generator_c.dir/rosidl_generator_c/turtlesim/srv/detail/teleport_relative__functions.c.o[0m
[6.798s] [ 14%] [32m[1mLinking C shared library libturtlesim__rosidl_generator_c.so[0m
[6.865s] [ 14%] Built target turtlesim__rosidl_generator_c
[6.871s] [ 16%] [34m[1mGenerating C type support dispatch for ROS interfaces[0m
[6.871s] [ 16%] [34m[1mGenerating C introspection for ROS interfaces[0m
[6.871s] [ 17%] [34m[1mGenerating C type support for eProsima Fast-RTPS[0m
[7.061s] [ 18%] [32mBuilding CXX object CMakeFiles/turtlesim__rosidl_typesupport_cpp.dir/rosidl_typesupport_cpp/turtlesim/msg/color__type_support.cpp.o[0m
[7.061s] [ 19%] [32mBuilding CXX object CMakeFiles/turtlesim__rosidl_typesupport_cpp.dir/rosidl_typesupport_cpp/turtlesim/action/rotate_absolute__type_support.cpp.o[0m
[7.061s] [ 20%] [32mBuilding CXX object CMakeFiles/turtlesim__rosidl_typesupport_cpp.dir/rosidl_typesupport_cpp/turtlesim/msg/pose__type_support.cpp.o[0m
[7.254s] [ 21%] [32mBuilding CXX object CMakeFiles/turtlesim__rosidl_typesupport_introspection_cpp.dir/rosidl_typesupport_introspection_cpp/turtlesim/action/detail/rotate_absolute__type_support.cpp.o[0m
[7.292s] [ 22%] [32mBuilding CXX object CMakeFiles/turtlesim__rosidl_typesupport_cpp.dir/rosidl_typesupport_cpp/turtlesim/srv/kill__type_support.cpp.o[0m
[7.298s] [ 23%] [32mBuilding CXX object CMakeFiles/turtlesim__rosidl_typesupport_cpp.dir/rosidl_typesupport_cpp/turtlesim/srv/set_pen__type_support.cpp.o[0m
[7.320s] [ 24%] [32mBuilding CXX object CMakeFiles/turtlesim__rosidl_typesupport_c.dir/rosidl_typesupport_c/turtlesim/action/rotate_absolute__type_support.cpp.o[0m
[7.359s] [ 25%] [32mBuilding CXX object CMakeFiles/turtlesim__rosidl_typesupport_c.dir/rosidl_typesupport_c/turtlesim/msg/color__type_support.cpp.o[0m
[7.377s] [ 26%] [32mBuilding CXX object CMakeFiles/turtlesim__rosidl_typesupport_fastrtps_cpp.dir/rosidl_typesupport_fastrtps_cpp/turtlesim/action/detail/dds_fastrtps/rotate_absolute__type_support.cpp.o[0m
[7.382s] [ 27%] [32mBuilding CXX object CMakeFiles/turtlesim__rosidl_typesupport_c.dir/rosidl_typesupport_c/turtlesim/msg/pose__type_support.cpp.o[0m
[7.401s] [ 28%] [32mBuilding CXX object CMakeFiles/turtlesim__rosidl_typesupport_c.dir/rosidl_typesupport_c/turtlesim/srv/kill__type_support.cpp.o[0m
[7.425s] [ 29%] [32mBuilding CXX object CMakeFiles/turtlesim__rosidl_typesupport_c.dir/rosidl_typesupport_c/turtlesim/srv/set_pen__type_support.cpp.o[0m
[7.446s] [ 30%] [32mBuilding CXX object CMakeFiles/turtlesim__rosidl_typesupport_c.dir/rosidl_typesupport_c/turtlesim/srv/spawn__type_support.cpp.o[0m
[7.452s] [ 31%] [32mBuilding CXX object CMakeFiles/turtlesim__rosidl_typesupport_cpp.dir/rosidl_typesupport_cpp/turtlesim/srv/spawn__type_support.cpp.o[0m
[7.474s] [ 32%] [32mBuilding CXX object CMakeFiles/turtlesim__rosidl_typesupport_c.dir/rosidl_typesupport_c/turtlesim/srv/teleport_absolute__type_support.cpp.o[0m
[7.495s] [ 33%] [32mBuilding CXX object CMakeFiles/turtlesim__rosidl_typesupport_c.dir/rosidl_typesupport_c/turtlesim/srv/teleport_relative__type_support.cpp.o[0m
[7.510s] [ 34%] [32mBuilding CXX object CMakeFiles/turtlesim__rosidl_typesupport_cpp.dir/rosidl_typesupport_cpp/turtlesim/srv/teleport_absolute__type_support.cpp.o[0m
[7.511s] [ 35%] [32mBuilding C object CMakeFiles/turtlesim__rosidl_typesupport_introspection_c.dir/rosidl_typesupport_introspection_c/turtlesim/action/detail/rotate_absolute__type_support.c.o[0m
[7.516s] [ 36%] [32m[1mLinking CXX shared library libturtlesim__rosidl_typesupport_c.so[0m
[7.523s] [ 37%] [32mBuilding CXX object CMakeFiles/turtlesim__rosidl_typesupport_cpp.dir/rosidl_typesupport_cpp/turtlesim/srv/teleport_relative__type_support.cpp.o[0m
[7.554s] [ 38%] [32mBuilding C object CMakeFiles/turtlesim__rosidl_typesupport_introspection_c.dir/rosidl_typesupport_introspection_c/turtlesim/msg/detail/color__type_support.c.o[0m
[7.579s] [ 39%] [32mBuilding C object CMakeFiles/turtlesim__rosidl_typesupport_introspection_c.dir/rosidl_typesupport_introspection_c/turtlesim/msg/detail/pose__type_support.c.o[0m
[7.585s] [ 40%] [32mBuilding CXX object CMakeFiles/turtlesim__rosidl_typesupport_fastrtps_c.dir/rosidl_typesupport_fastrtps_c/turtlesim/action/detail/rotate_absolute__type_support_c.cpp.o[0m
[7.590s] [ 40%] Built target turtlesim__rosidl_typesupport_c
[7.595s] [ 41%] [32mBuilding CXX object CMakeFiles/turtlesim__rosidl_typesupport_fastrtps_c.dir/rosidl_typesupport_fastrtps_c/turtlesim/msg/detail/color__type_support_c.cpp.o[0m
[7.601s] [ 42%] [32mBuilding C object CMakeFiles/turtlesim__rosidl_typesupport_introspection_c.dir/rosidl_typesupport_introspection_c/turtlesim/srv/detail/kill__type_support.c.o[0m
[7.627s] [ 43%] [32mBuilding C object CMakeFiles/turtlesim__rosidl_typesupport_introspection_c.dir/rosidl_typesupport_introspection_c/turtlesim/srv/detail/set_pen__type_support.c.o[0m
[7.651s] [ 44%] [32mBuilding C object CMakeFiles/turtlesim__rosidl_typesupport_introspection_c.dir/rosidl_typesupport_introspection_c/turtlesim/srv/detail/spawn__type_support.c.o[0m
[7.675s] [ 45%] [32mBuilding C object CMakeFiles/turtlesim__rosidl_typesupport_introspection_c.dir/rosidl_typesupport_introspection_c/turtlesim/srv/detail/teleport_absolute__type_support.c.o[0m
[7.687s] [ 46%] [32mBuilding CXX object CMakeFiles/turtlesim__rosidl_typesupport_fastrtps_c.dir/rosidl_typesupport_fastrtps_c/turtlesim/msg/detail/pose__type_support_c.cpp.o[0m
[7.705s] [ 47%] [32mBuilding C object CMakeFiles/turtlesim__rosidl_typesupport_introspection_c.dir/rosidl_typesupport_introspection_c/turtlesim/srv/detail/teleport_relative__type_support.c.o[0m
[7.740s] [ 48%] [32m[1mLinking C shared library libturtlesim__rosidl_typesupport_introspection_c.so[0m
[7.751s] [ 49%] [32mBuilding CXX object CMakeFiles/turtlesim__rosidl_typesupport_fastrtps_c.dir/rosidl_typesupport_fastrtps_c/turtlesim/srv/detail/kill__type_support_c.cpp.o[0m
[7.760s] [ 50%] [32mBuilding CXX object CMakeFiles/turtlesim__rosidl_typesupport_introspection_cpp.dir/rosidl_typesupport_introspection_cpp/turtlesim/msg/detail/color__type_support.cpp.o[0m
[7.792s] [ 51%] [32m[1mLinking CXX shared library libturtlesim__rosidl_typesupport_cpp.so[0m
[7.817s] [ 51%] Built target turtlesim__rosidl_typesupport_introspection_c
[7.828s] [ 52%] [32mBuilding CXX object CMakeFiles/turtlesim__rosidl_typesupport_introspection_cpp.dir/rosidl_typesupport_introspection_cpp/turtlesim/msg/detail/pose__type_support.cpp.o[0m
[7.870s] [ 53%] [32mBuilding CXX object CMakeFiles/turtlesim__rosidl_typesupport_fastrtps_cpp.dir/rosidl_typesupport_fastrtps_cpp/turtlesim/msg/detail/dds_fastrtps/color__type_support.cpp.o[0m
[7.874s] [ 53%] Built target turtlesim__rosidl_typesupport_cpp
[7.882s] [ 54%] [32mBuilding CXX object CMakeFiles/turtlesim__rosidl_typesupport_fastrtps_c.dir/rosidl_typesupport_fastrtps_c/turtlesim/srv/detail/set_pen__type_support_c.cpp.o[0m
[7.884s] [ 55%] [34m[1mGenerating include/turtlesim/moc_turtle_frame.cpp[0m
[7.909s] [ 56%] [32mBuilding CXX object CMakeFiles/turtlesim__rosidl_typesupport_fastrtps_c.dir/rosidl_typesupport_fastrtps_c/turtlesim/srv/detail/spawn__type_support_c.cpp.o[0m
[7.991s] [ 57%] [32mBuilding CXX object CMakeFiles/turtlesim__rosidl_typesupport_fastrtps_c.dir/rosidl_typesupport_fastrtps_c/turtlesim/srv/detail/teleport_absolute__type_support_c.cpp.o[0m
[8.010s] [ 58%] [32mBuilding CXX object CMakeFiles/turtlesim_node.dir/src/turtlesim.cpp.o[0m
[8.045s] [ 59%] [32mBuilding CXX object CMakeFiles/turtlesim__rosidl_typesupport_fastrtps_c.dir/rosidl_typesupport_fastrtps_c/turtlesim/srv/detail/teleport_relative__type_support_c.cpp.o[0m
[8.082s] [ 60%] [32mBuilding CXX object CMakeFiles/turtlesim__rosidl_typesupport_introspection_cpp.dir/rosidl_typesupport_introspection_cpp/turtlesim/srv/detail/kill__type_support.cpp.o[0m
[8.146s] [ 61%] [32mBuilding CXX object CMakeFiles/turtlesim__rosidl_typesupport_introspection_cpp.dir/rosidl_typesupport_introspection_cpp/turtlesim/srv/detail/set_pen__type_support.cpp.o[0m
[8.164s] [ 62%] [32mBuilding CXX object CMakeFiles/turtlesim__rosidl_typesupport_introspection_cpp.dir/rosidl_typesupport_introspection_cpp/turtlesim/srv/detail/spawn__type_support.cpp.o[0m
[8.195s] [ 63%] [32mBuilding CXX object CMakeFiles/turtlesim__rosidl_typesupport_fastrtps_cpp.dir/rosidl_typesupport_fastrtps_cpp/turtlesim/msg/detail/dds_fastrtps/pose__type_support.cpp.o[0m
[8.222s] [ 64%] [32mBuilding CXX object CMakeFiles/turtlesim__rosidl_typesupport_fastrtps_cpp.dir/rosidl_typesupport_fastrtps_cpp/turtlesim/srv/detail/dds_fastrtps/kill__type_support.cpp.o[0m
[8.273s] [ 65%] [32mBuilding CXX object CMakeFiles/turtlesim__rosidl_typesupport_fastrtps_cpp.dir/rosidl_typesupport_fastrtps_cpp/turtlesim/srv/detail/dds_fastrtps/set_pen__type_support.cpp.o[0m
[8.327s] [ 66%] [32m[1mLinking CXX shared library libturtlesim__rosidl_typesupport_fastrtps_c.so[0m
[8.404s] [ 67%] [32mBuilding CXX object CMakeFiles/turtlesim__rosidl_typesupport_introspection_cpp.dir/rosidl_typesupport_introspection_cpp/turtlesim/srv/detail/teleport_absolute__type_support.cpp.o[0m
[8.452s] [ 67%] Built target turtlesim__rosidl_typesupport_fastrtps_c
[8.467s] [ 68%] [32mBuilding CXX object CMakeFiles/turtle_teleop_key.dir/tutorials/teleop_turtle_key.cpp.o[0m
[8.488s] [ 69%] [32mBuilding CXX object CMakeFiles/turtlesim__rosidl_typesupport_introspection_cpp.dir/rosidl_typesupport_introspection_cpp/turtlesim/srv/detail/teleport_relative__type_support.cpp.o[0m
[8.504s] [ 70%] [32mBuilding CXX object CMakeFiles/draw_square.dir/tutorials/draw_square.cpp.o[0m
[8.539s] [ 71%] [32mBuilding CXX object CMakeFiles/turtlesim__rosidl_typesupport_fastrtps_cpp.dir/rosidl_typesupport_fastrtps_cpp/turtlesim/srv/detail/dds_fastrtps/spawn__type_support.cpp.o[0m
[8.573s] [ 72%] [32mBuilding CXX object CMakeFiles/turtlesim__rosidl_typesupport_fastrtps_cpp.dir/rosidl_typesupport_fastrtps_cpp/turtlesim/srv/detail/dds_fastrtps/teleport_absolute__type_support.cpp.o[0m
[8.613s] [ 73%] [32mBuilding CXX object CMakeFiles/turtlesim__rosidl_typesupport_fastrtps_cpp.dir/rosidl_typesupport_fastrtps_cpp/turtlesim/srv/detail/dds_fastrtps/teleport_relative__type_support.cpp.o[0m
[8.724s] [ 74%] [32mBuilding CXX object CMakeFiles/mimic.dir/tutorials/mimic.cpp.o[0m
[8.798s] [ 75%] [32m[1mLinking CXX shared library libturtlesim__rosidl_typesupport_introspection_cpp.so[0m
[8.875s] [ 76%] [32mBuilding CXX object CMakeFiles/turtlesim_node.dir/src/turtle.cpp.o[0m
[8.911s] [ 77%] [32mBuilding CXX object CMakeFiles/turtlesim_node.dir/src/turtle_frame.cpp.o[0m
[8.926s] [ 77%] Built target turtlesim__rosidl_typesupport_introspection_cpp
[8.933s] [ 78%] [32mBuilding CXX object CMakeFiles/turtlesim_node.dir/include/turtlesim/moc_turtle_frame.cpp.o[0m
[8.952s] [ 79%] [32m[1mLinking CXX shared library libturtlesim__rosidl_typesupport_fastrtps_cpp.so[0m
[9.083s] [ 79%] Built target turtlesim__rosidl_typesupport_fastrtps_cpp
[9.096s] [ 79%] Built target turtlesim
[9.109s] [ 80%] [34m[1mGenerating Python code for ROS interfaces[0m
[10.709s] [ 80%] Built target turtlesim__py
[10.724s] [ 81%] [32mBuilding C object CMakeFiles/turtlesim__rosidl_generator_py.dir/rosidl_generator_py/turtlesim/action/_rotate_absolute_s.c.o[0m
[10.905s] [ 82%] [32mBuilding C object CMakeFiles/turtlesim__rosidl_generator_py.dir/rosidl_generator_py/turtlesim/msg/_color_s.c.o[0m
[10.991s] [ 83%] [32mBuilding C object CMakeFiles/turtlesim__rosidl_generator_py.dir/rosidl_generator_py/turtlesim/msg/_pose_s.c.o[0m
[11.079s] [ 84%] [32mBuilding C object CMakeFiles/turtlesim__rosidl_generator_py.dir/rosidl_generator_py/turtlesim/srv/_kill_s.c.o[0m
[11.169s] [ 85%] [32mBuilding C object CMakeFiles/turtlesim__rosidl_generator_py.dir/rosidl_generator_py/turtlesim/srv/_set_pen_s.c.o[0m
[11.258s] [ 86%] [32mBuilding C object CMakeFiles/turtlesim__rosidl_generator_py.dir/rosidl_generator_py/turtlesim/srv/_spawn_s.c.o[0m
[11.352s] [ 87%] [32mBuilding C object CMakeFiles/turtlesim__rosidl_generator_py.dir/rosidl_generator_py/turtlesim/srv/_teleport_absolute_s.c.o[0m
[11.448s] [ 88%] [32mBuilding C object CMakeFiles/turtlesim__rosidl_generator_py.dir/rosidl_generator_py/turtlesim/srv/_teleport_relative_s.c.o[0m
[11.536s] [ 89%] [32m[1mLinking C shared library rosidl_generator_py/turtlesim/libturtlesim__rosidl_generator_py.so[0m
[11.626s] [ 89%] Built target turtlesim__rosidl_generator_py
[11.642s] [ 90%] [32mBuilding C object CMakeFiles/turtlesim__rosidl_typesupport_fastrtps_c__pyext.dir/rosidl_generator_py/turtlesim/_turtlesim_s.ep.rosidl_typesupport_fastrtps_c.c.o[0m
[11.771s] [ 91%] [32m[1mLinking C shared library rosidl_generator_py/turtlesim/turtlesim_s__rosidl_typesupport_fastrtps_c.cpython-310-x86_64-linux-gnu.so[0m
[11.861s] [ 91%] Built target turtlesim__rosidl_typesupport_fastrtps_c__pyext
[11.875s] [ 92%] [32mBuilding C object CMakeFiles/turtlesim__rosidl_typesupport_introspection_c__pyext.dir/rosidl_generator_py/turtlesim/_turtlesim_s.ep.rosidl_typesupport_introspection_c.c.o[0m
[12.020s] [ 93%] [32m[1mLinking C shared library rosidl_generator_py/turtlesim/turtlesim_s__rosidl_typesupport_introspection_c.cpython-310-x86_64-linux-gnu.so[0m
[12.109s] [ 93%] Built target turtlesim__rosidl_typesupport_introspection_c__pyext
[12.125s] [ 94%] [32mBuilding C object CMakeFiles/turtlesim__rosidl_typesupport_c__pyext.dir/rosidl_generator_py/turtlesim/_turtlesim_s.ep.rosidl_typesupport_c.c.o[0m
[12.261s] [ 95%] [32m[1mLinking C shared library rosidl_generator_py/turtlesim/turtlesim_s__rosidl_typesupport_c.cpython-310-x86_64-linux-gnu.so[0m
[12.367s] [ 95%] Built target turtlesim__rosidl_typesupport_c__pyext
[14.202s] [ 96%] [32m[1mLinking CXX executable turtle_teleop_key[0m
[14.458s] [ 96%] Built target turtle_teleop_key
[16.558s] [ 97%] [32m[1mLinking CXX executable mimic[0m
[16.939s] [ 97%] Built target mimic
[16.949s] [ 98%] [32m[1mLinking CXX executable draw_square[0m
[17.348s] [ 98%] Built target draw_square
[19.822s] [100%] [32m[1mLinking CXX executable turtlesim_node[0m
[21.518s] [100%] Built target turtlesim_node
[21.526s] Invoked command in '/home/davide/sesasr_labs/build/turtlesim' returned '0': CMAKE_PREFIX_PATH=/opt/ros/humble /usr/bin/cmake --build /home/davide/sesasr_labs/build/turtlesim -- -j8 -l8
[21.624s] Invoking command in '/home/davide/sesasr_labs/build/turtlesim': CMAKE_PREFIX_PATH=/opt/ros/humble /usr/bin/cmake --install /home/davide/sesasr_labs/build/turtlesim
[21.629s] -- Install configuration: ""
[21.629s] -- Installing: /home/davide/sesasr_labs/install/turtlesim/share/ament_index/resource_index/rosidl_interfaces/turtlesim
[21.629s] -- Installing: /home/davide/sesasr_labs/install/turtlesim/include/turtlesim/turtlesim
[21.629s] -- Installing: /home/davide/sesasr_labs/install/turtlesim/include/turtlesim/turtlesim/msg
[21.629s] -- Installing: /home/davide/sesasr_labs/install/turtlesim/include/turtlesim/turtlesim/msg/detail
[21.630s] -- Installing: /home/davide/sesasr_labs/install/turtlesim/include/turtlesim/turtlesim/msg/detail/color__struct.h
[21.630s] -- Installing: /home/davide/sesasr_labs/install/turtlesim/include/turtlesim/turtlesim/msg/detail/pose__type_support.h
[21.630s] -- Installing: /home/davide/sesasr_labs/install/turtlesim/include/turtlesim/turtlesim/msg/detail/pose__functions.c
[21.630s] -- Installing: /home/davide/sesasr_labs/install/turtlesim/include/turtlesim/turtlesim/msg/detail/pose__struct.h
[21.630s] -- Installing: /home/davide/sesasr_labs/install/turtlesim/include/turtlesim/turtlesim/msg/detail/pose__functions.h
[21.630s] -- Installing: /home/davide/sesasr_labs/install/turtlesim/include/turtlesim/turtlesim/msg/detail/color__type_support.h
[21.630s] -- Installing: /home/davide/sesasr_labs/install/turtlesim/include/turtlesim/turtlesim/msg/detail/color__functions.h
[21.631s] -- Installing: /home/davide/sesasr_labs/install/turtlesim/include/turtlesim/turtlesim/msg/detail/color__functions.c
[21.631s] -- Installing: /home/davide/sesasr_labs/install/turtlesim/include/turtlesim/turtlesim/msg/color.h
[21.631s] -- Installing: /home/davide/sesasr_labs/install/turtlesim/include/turtlesim/turtlesim/msg/pose.h
[21.631s] -- Installing: /home/davide/sesasr_labs/install/turtlesim/include/turtlesim/turtlesim/msg/rosidl_generator_c__visibility_control.h
[21.631s] -- Installing: /home/davide/sesasr_labs/install/turtlesim/include/turtlesim/turtlesim/srv
[21.631s] -- Installing: /home/davide/sesasr_labs/install/turtlesim/include/turtlesim/turtlesim/srv/kill.h
[21.631s] -- Installing: /home/davide/sesasr_labs/install/turtlesim/include/turtlesim/turtlesim/srv/detail
[21.632s] -- Installing: /home/davide/sesasr_labs/install/turtlesim/include/turtlesim/turtlesim/srv/detail/set_pen__struct.h
[21.632s] -- Installing: /home/davide/sesasr_labs/install/turtlesim/include/turtlesim/turtlesim/srv/detail/set_pen__functions.h
[21.632s] -- Installing: /home/davide/sesasr_labs/install/turtlesim/include/turtlesim/turtlesim/srv/detail/set_pen__type_support.h
[21.632s] -- Installing: /home/davide/sesasr_labs/install/turtlesim/include/turtlesim/turtlesim/srv/detail/spawn__functions.h
[21.632s] -- Installing: /home/davide/sesasr_labs/install/turtlesim/include/turtlesim/turtlesim/srv/detail/spawn__struct.h
[21.632s] -- Installing: /home/davide/sesasr_labs/install/turtlesim/include/turtlesim/turtlesim/srv/detail/teleport_relative__functions.c
[21.632s] -- Installing: /home/davide/sesasr_labs/install/turtlesim/include/turtlesim/turtlesim/srv/detail/set_pen__functions.c
[21.632s] -- Installing: /home/davide/sesasr_labs/install/turtlesim/include/turtlesim/turtlesim/srv/detail/teleport_absolute__functions.h
[21.633s] -- Installing: /home/davide/sesasr_labs/install/turtlesim/include/turtlesim/turtlesim/srv/detail/kill__functions.c
[21.633s] -- Installing: /home/davide/sesasr_labs/install/turtlesim/include/turtlesim/turtlesim/srv/detail/spawn__functions.c
[21.633s] -- Installing: /home/davide/sesasr_labs/install/turtlesim/include/turtlesim/turtlesim/srv/detail/teleport_relative__struct.h
[21.633s] -- Installing: /home/davide/sesasr_labs/install/turtlesim/include/turtlesim/turtlesim/srv/detail/kill__type_support.h
[21.633s] -- Installing: /home/davide/sesasr_labs/install/turtlesim/include/turtlesim/turtlesim/srv/detail/spawn__type_support.h
[21.633s] -- Installing: /home/davide/sesasr_labs/install/turtlesim/include/turtlesim/turtlesim/srv/detail/teleport_absolute__struct.h
[21.633s] -- Installing: /home/davide/sesasr_labs/install/turtlesim/include/turtlesim/turtlesim/srv/detail/kill__struct.h
[21.633s] -- Installing: /home/davide/sesasr_labs/install/turtlesim/include/turtlesim/turtlesim/srv/detail/teleport_absolute__type_support.h
[21.634s] -- Installing: /home/davide/sesasr_labs/install/turtlesim/include/turtlesim/turtlesim/srv/detail/teleport_relative__type_support.h
[21.634s] -- Installing: /home/davide/sesasr_labs/install/turtlesim/include/turtlesim/turtlesim/srv/detail/kill__functions.h
[21.634s] -- Installing: /home/davide/sesasr_labs/install/turtlesim/include/turtlesim/turtlesim/srv/detail/teleport_relative__functions.h
[21.634s] -- Installing: /home/davide/sesasr_labs/install/turtlesim/include/turtlesim/turtlesim/srv/detail/teleport_absolute__functions.c
[21.634s] -- Installing: /home/davide/sesasr_labs/install/turtlesim/include/turtlesim/turtlesim/srv/set_pen.h
[21.634s] -- Installing: /home/davide/sesasr_labs/install/turtlesim/include/turtlesim/turtlesim/srv/teleport_absolute.h
[21.634s] -- Installing: /home/davide/sesasr_labs/install/turtlesim/include/turtlesim/turtlesim/srv/teleport_relative.h
[21.634s] -- Installing: /home/davide/sesasr_labs/install/turtlesim/include/turtlesim/turtlesim/srv/spawn.h
[21.634s] -- Installing: /home/davide/sesasr_labs/install/turtlesim/include/turtlesim/turtlesim/action
[21.635s] -- Installing: /home/davide/sesasr_labs/install/turtlesim/include/turtlesim/turtlesim/action/detail
[21.635s] -- Installing: /home/davide/sesasr_labs/install/turtlesim/include/turtlesim/turtlesim/action/detail/rotate_absolute__struct.h
[21.635s] -- Installing: /home/davide/sesasr_labs/install/turtlesim/include/turtlesim/turtlesim/action/detail/rotate_absolute__functions.c
[21.635s] -- Installing: /home/davide/sesasr_labs/install/turtlesim/include/turtlesim/turtlesim/action/detail/rotate_absolute__functions.h
[21.635s] -- Installing: /home/davide/sesasr_labs/install/turtlesim/include/turtlesim/turtlesim/action/detail/rotate_absolute__type_support.h
[21.635s] -- Installing: /home/davide/sesasr_labs/install/turtlesim/include/turtlesim/turtlesim/action/rotate_absolute.h
[21.635s] -- Installing: /home/davide/sesasr_labs/install/turtlesim/share/turtlesim/environment/library_path.sh
[21.635s] -- Installing: /home/davide/sesasr_labs/install/turtlesim/share/turtlesim/environment/library_path.dsv
[21.635s] -- Installing: /home/davide/sesasr_labs/install/turtlesim/lib/libturtlesim__rosidl_generator_c.so
[21.635s] -- Set runtime path of "/home/davide/sesasr_labs/install/turtlesim/lib/libturtlesim__rosidl_generator_c.so" to ""
[21.636s] -- Up-to-date: /home/davide/sesasr_labs/install/turtlesim/include/turtlesim/turtlesim
[21.636s] -- Up-to-date: /home/davide/sesasr_labs/install/turtlesim/include/turtlesim/turtlesim/msg
[21.636s] -- Up-to-date: /home/davide/sesasr_labs/install/turtlesim/include/turtlesim/turtlesim/msg/detail
[21.636s] -- Installing: /home/davide/sesasr_labs/install/turtlesim/include/turtlesim/turtlesim/msg/detail/color__rosidl_typesupport_fastrtps_c.h
[21.636s] -- Installing: /home/davide/sesasr_labs/install/turtlesim/include/turtlesim/turtlesim/msg/detail/pose__rosidl_typesupport_fastrtps_c.h
[21.636s] -- Installing: /home/davide/sesasr_labs/install/turtlesim/include/turtlesim/turtlesim/msg/rosidl_typesupport_fastrtps_c__visibility_control.h
[21.637s] -- Up-to-date: /home/davide/sesasr_labs/install/turtlesim/include/turtlesim/turtlesim/srv
[21.637s] -- Up-to-date: /home/davide/sesasr_labs/install/turtlesim/include/turtlesim/turtlesim/srv/detail
[21.637s] -- Installing: /home/davide/sesasr_labs/install/turtlesim/include/turtlesim/turtlesim/srv/detail/teleport_absolute__rosidl_typesupport_fastrtps_c.h
[21.637s] -- Installing: /home/davide/sesasr_labs/install/turtlesim/include/turtlesim/turtlesim/srv/detail/set_pen__rosidl_typesupport_fastrtps_c.h
[21.637s] -- Installing: /home/davide/sesasr_labs/install/turtlesim/include/turtlesim/turtlesim/srv/detail/kill__rosidl_typesupport_fastrtps_c.h
[21.637s] -- Installing: /home/davide/sesasr_labs/install/turtlesim/include/turtlesim/turtlesim/srv/detail/spawn__rosidl_typesupport_fastrtps_c.h
[21.637s] -- Installing: /home/davide/sesasr_labs/install/turtlesim/include/turtlesim/turtlesim/srv/detail/teleport_relative__rosidl_typesupport_fastrtps_c.h
[21.637s] -- Up-to-date: /home/davide/sesasr_labs/install/turtlesim/include/turtlesim/turtlesim/action
[21.638s] -- Up-to-date: /home/davide/sesasr_labs/install/turtlesim/include/turtlesim/turtlesim/action/detail
[21.638s] -- Installing: /home/davide/sesasr_labs/install/turtlesim/include/turtlesim/turtlesim/action/detail/rotate_absolute__rosidl_typesupport_fastrtps_c.h
[21.638s] -- Installing: /home/davide/sesasr_labs/install/turtlesim/lib/libturtlesim__rosidl_typesupport_fastrtps_c.so
[21.638s] -- Set runtime path of "/home/davide/sesasr_labs/install/turtlesim/lib/libturtlesim__rosidl_typesupport_fastrtps_c.so" to ""
[21.638s] -- Up-to-date: /home/davide/sesasr_labs/install/turtlesim/include/turtlesim/turtlesim
[21.638s] -- Up-to-date: /home/davide/sesasr_labs/install/turtlesim/include/turtlesim/turtlesim/msg
[21.638s] -- Up-to-date: /home/davide/sesasr_labs/install/turtlesim/include/turtlesim/turtlesim/msg/detail
[21.638s] -- Installing: /home/davide/sesasr_labs/install/turtlesim/include/turtlesim/turtlesim/msg/detail/pose__struct.hpp
[21.639s] -- Installing: /home/davide/sesasr_labs/install/turtlesim/include/turtlesim/turtlesim/msg/detail/color__traits.hpp
[21.639s] -- Installing: /home/davide/sesasr_labs/install/turtlesim/include/turtlesim/turtlesim/msg/detail/color__builder.hpp
[21.639s] -- Installing: /home/davide/sesasr_labs/install/turtlesim/include/turtlesim/turtlesim/msg/detail/color__struct.hpp
[21.639s] -- Installing: /home/davide/sesasr_labs/install/turtlesim/include/turtlesim/turtlesim/msg/detail/pose__builder.hpp
[21.639s] -- Installing: /home/davide/sesasr_labs/install/turtlesim/include/turtlesim/turtlesim/msg/detail/pose__traits.hpp
[21.639s] -- Installing: /home/davide/sesasr_labs/install/turtlesim/include/turtlesim/turtlesim/msg/pose.hpp
[21.639s] -- Installing: /home/davide/sesasr_labs/install/turtlesim/include/turtlesim/turtlesim/msg/color.hpp
[21.639s] -- Up-to-date: /home/davide/sesasr_labs/install/turtlesim/include/turtlesim/turtlesim/srv
[21.639s] -- Installing: /home/davide/sesasr_labs/install/turtlesim/include/turtlesim/turtlesim/srv/kill.hpp
[21.639s] -- Installing: /home/davide/sesasr_labs/install/turtlesim/include/turtlesim/turtlesim/srv/teleport_relative.hpp
[21.640s] -- Installing: /home/davide/sesasr_labs/install/turtlesim/include/turtlesim/turtlesim/srv/teleport_absolute.hpp
[21.640s] -- Up-to-date: /home/davide/sesasr_labs/install/turtlesim/include/turtlesim/turtlesim/srv/detail
[21.640s] -- Installing: /home/davide/sesasr_labs/install/turtlesim/include/turtlesim/turtlesim/srv/detail/teleport_relative__builder.hpp
[21.640s] -- Installing: /home/davide/sesasr_labs/install/turtlesim/include/turtlesim/turtlesim/srv/detail/kill__builder.hpp
[21.640s] -- Installing: /home/davide/sesasr_labs/install/turtlesim/include/turtlesim/turtlesim/srv/detail/spawn__builder.hpp
[21.640s] -- Installing: /home/davide/sesasr_labs/install/turtlesim/include/turtlesim/turtlesim/srv/detail/teleport_absolute__struct.hpp
[21.640s] -- Installing: /home/davide/sesasr_labs/install/turtlesim/include/turtlesim/turtlesim/srv/detail/kill__traits.hpp
[21.641s] -- Installing: /home/davide/sesasr_labs/install/turtlesim/include/turtlesim/turtlesim/srv/detail/teleport_relative__traits.hpp
[21.641s] -- Installing: /home/davide/sesasr_labs/install/turtlesim/include/turtlesim/turtlesim/srv/detail/set_pen__builder.hpp
[21.641s] -- Installing: /home/davide/sesasr_labs/install/turtlesim/include/turtlesim/turtlesim/srv/detail/spawn__struct.hpp
[21.641s] -- Installing: /home/davide/sesasr_labs/install/turtlesim/include/turtlesim/turtlesim/srv/detail/set_pen__struct.hpp
[21.641s] -- Installing: /home/davide/sesasr_labs/install/turtlesim/include/turtlesim/turtlesim/srv/detail/kill__struct.hpp
[21.641s] -- Installing: /home/davide/sesasr_labs/install/turtlesim/include/turtlesim/turtlesim/srv/detail/set_pen__traits.hpp
[21.641s] -- Installing: /home/davide/sesasr_labs/install/turtlesim/include/turtlesim/turtlesim/srv/detail/teleport_absolute__traits.hpp
[21.641s] -- Installing: /home/davide/sesasr_labs/install/turtlesim/include/turtlesim/turtlesim/srv/detail/teleport_absolute__builder.hpp
[21.641s] -- Installing: /home/davide/sesasr_labs/install/turtlesim/include/turtlesim/turtlesim/srv/detail/teleport_relative__struct.hpp
[21.642s] -- Installing: /home/davide/sesasr_labs/install/turtlesim/include/turtlesim/turtlesim/srv/detail/spawn__traits.hpp
[21.642s] -- Installing: /home/davide/sesasr_labs/install/turtlesim/include/turtlesim/turtlesim/srv/spawn.hpp
[21.642s] -- Installing: /home/davide/sesasr_labs/install/turtlesim/include/turtlesim/turtlesim/srv/set_pen.hpp
[21.642s] -- Up-to-date: /home/davide/sesasr_labs/install/turtlesim/include/turtlesim/turtlesim/action
[21.642s] -- Up-to-date: /home/davide/sesasr_labs/install/turtlesim/include/turtlesim/turtlesim/action/detail
[21.642s] -- Installing: /home/davide/sesasr_labs/install/turtlesim/include/turtlesim/turtlesim/action/detail/rotate_absolute__struct.hpp
[21.642s] -- Installing: /home/davide/sesasr_labs/install/turtlesim/include/turtlesim/turtlesim/action/detail/rotate_absolute__traits.hpp
[21.642s] -- Installing: /home/davide/sesasr_labs/install/turtlesim/include/turtlesim/turtlesim/action/detail/rotate_absolute__builder.hpp
[21.643s] -- Installing: /home/davide/sesasr_labs/install/turtlesim/include/turtlesim/turtlesim/action/rotate_absolute.hpp
[21.643s] -- Up-to-date: /home/davide/sesasr_labs/install/turtlesim/include/turtlesim/turtlesim
[21.643s] -- Up-to-date: /home/davide/sesasr_labs/install/turtlesim/include/turtlesim/turtlesim/msg
[21.643s] -- Installing: /home/davide/sesasr_labs/install/turtlesim/include/turtlesim/turtlesim/msg/rosidl_typesupport_fastrtps_cpp__visibility_control.h
[21.643s] -- Up-to-date: /home/davide/sesasr_labs/install/turtlesim/include/turtlesim/turtlesim/msg/detail
[21.643s] -- Installing: /home/davide/sesasr_labs/install/turtlesim/include/turtlesim/turtlesim/msg/detail/color__rosidl_typesupport_fastrtps_cpp.hpp
[21.643s] -- Installing: /home/davide/sesasr_labs/install/turtlesim/include/turtlesim/turtlesim/msg/detail/dds_fastrtps
[21.644s] -- Installing: /home/davide/sesasr_labs/install/turtlesim/include/turtlesim/turtlesim/msg/detail/pose__rosidl_typesupport_fastrtps_cpp.hpp
[21.644s] -- Up-to-date: /home/davide/sesasr_labs/install/turtlesim/include/turtlesim/turtlesim/srv
[21.644s] -- Up-to-date: /home/davide/sesasr_labs/install/turtlesim/include/turtlesim/turtlesim/srv/detail
[21.644s] -- Installing: /home/davide/sesasr_labs/install/turtlesim/include/turtlesim/turtlesim/srv/detail/teleport_absolute__rosidl_typesupport_fastrtps_cpp.hpp
[21.644s] -- Installing: /home/davide/sesasr_labs/install/turtlesim/include/turtlesim/turtlesim/srv/detail/teleport_relative__rosidl_typesupport_fastrtps_cpp.hpp
[21.644s] -- Installing: /home/davide/sesasr_labs/install/turtlesim/include/turtlesim/turtlesim/srv/detail/spawn__rosidl_typesupport_fastrtps_cpp.hpp
[21.644s] -- Installing: /home/davide/sesasr_labs/install/turtlesim/include/turtlesim/turtlesim/srv/detail/set_pen__rosidl_typesupport_fastrtps_cpp.hpp
[21.644s] -- Installing: /home/davide/sesasr_labs/install/turtlesim/include/turtlesim/turtlesim/srv/detail/dds_fastrtps
[21.644s] -- Installing: /home/davide/sesasr_labs/install/turtlesim/include/turtlesim/turtlesim/srv/detail/kill__rosidl_typesupport_fastrtps_cpp.hpp
[21.644s] -- Up-to-date: /home/davide/sesasr_labs/install/turtlesim/include/turtlesim/turtlesim/action
[21.645s] -- Up-to-date: /home/davide/sesasr_labs/install/turtlesim/include/turtlesim/turtlesim/action/detail
[21.645s] -- Installing: /home/davide/sesasr_labs/install/turtlesim/include/turtlesim/turtlesim/action/detail/rotate_absolute__rosidl_typesupport_fastrtps_cpp.hpp
[21.645s] -- Installing: /home/davide/sesasr_labs/install/turtlesim/include/turtlesim/turtlesim/action/detail/dds_fastrtps
[21.645s] -- Installing: /home/davide/sesasr_labs/install/turtlesim/lib/libturtlesim__rosidl_typesupport_fastrtps_cpp.so
[21.645s] -- Set runtime path of "/home/davide/sesasr_labs/install/turtlesim/lib/libturtlesim__rosidl_typesupport_fastrtps_cpp.so" to ""
[21.645s] -- Up-to-date: /home/davide/sesasr_labs/install/turtlesim/include/turtlesim/turtlesim
[21.645s] -- Up-to-date: /home/davide/sesasr_labs/install/turtlesim/include/turtlesim/turtlesim/msg
[21.645s] -- Up-to-date: /home/davide/sesasr_labs/install/turtlesim/include/turtlesim/turtlesim/msg/detail
[21.645s] -- Installing: /home/davide/sesasr_labs/install/turtlesim/include/turtlesim/turtlesim/msg/detail/pose__type_support.c
[21.645s] -- Installing: /home/davide/sesasr_labs/install/turtlesim/include/turtlesim/turtlesim/msg/detail/color__type_support.c
[21.645s] -- Installing: /home/davide/sesasr_labs/install/turtlesim/include/turtlesim/turtlesim/msg/detail/pose__rosidl_typesupport_introspection_c.h
[21.646s] -- Installing: /home/davide/sesasr_labs/install/turtlesim/include/turtlesim/turtlesim/msg/detail/color__rosidl_typesupport_introspection_c.h
[21.646s] -- Installing: /home/davide/sesasr_labs/install/turtlesim/include/turtlesim/turtlesim/msg/rosidl_typesupport_introspection_c__visibility_control.h
[21.646s] -- Up-to-date: /home/davide/sesasr_labs/install/turtlesim/include/turtlesim/turtlesim/srv
[21.646s] -- Up-to-date: /home/davide/sesasr_labs/install/turtlesim/include/turtlesim/turtlesim/srv/detail
[21.646s] -- Installing: /home/davide/sesasr_labs/install/turtlesim/include/turtlesim/turtlesim/srv/detail/spawn__rosidl_typesupport_introspection_c.h
[21.646s] -- Installing: /home/davide/sesasr_labs/install/turtlesim/include/turtlesim/turtlesim/srv/detail/set_pen__type_support.c
[21.646s] -- Installing: /home/davide/sesasr_labs/install/turtlesim/include/turtlesim/turtlesim/srv/detail/kill__type_support.c
[21.646s] -- Installing: /home/davide/sesasr_labs/install/turtlesim/include/turtlesim/turtlesim/srv/detail/set_pen__rosidl_typesupport_introspection_c.h
[21.646s] -- Installing: /home/davide/sesasr_labs/install/turtlesim/include/turtlesim/turtlesim/srv/detail/kill__rosidl_typesupport_introspection_c.h
[21.647s] -- Installing: /home/davide/sesasr_labs/install/turtlesim/include/turtlesim/turtlesim/srv/detail/teleport_relative__type_support.c
[21.647s] -- Installing: /home/davide/sesasr_labs/install/turtlesim/include/turtlesim/turtlesim/srv/detail/spawn__type_support.c
[21.647s] -- Installing: /home/davide/sesasr_labs/install/turtlesim/include/turtlesim/turtlesim/srv/detail/teleport_absolute__type_support.c
[21.647s] -- Installing: /home/davide/sesasr_labs/install/turtlesim/include/turtlesim/turtlesim/srv/detail/teleport_absolute__rosidl_typesupport_introspection_c.h
[21.647s] -- Installing: /home/davide/sesasr_labs/install/turtlesim/include/turtlesim/turtlesim/srv/detail/teleport_relative__rosidl_typesupport_introspection_c.h
[21.647s] -- Up-to-date: /home/davide/sesasr_labs/install/turtlesim/include/turtlesim/turtlesim/action
[21.647s] -- Up-to-date: /home/davide/sesasr_labs/install/turtlesim/include/turtlesim/turtlesim/action/detail
[21.647s] -- Installing: /home/davide/sesasr_labs/install/turtlesim/include/turtlesim/turtlesim/action/detail/rotate_absolute__type_support.c
[21.647s] -- Installing: /home/davide/sesasr_labs/install/turtlesim/include/turtlesim/turtlesim/action/detail/rotate_absolute__rosidl_typesupport_introspection_c.h
[21.647s] -- Installing: /home/davide/sesasr_labs/install/turtlesim/lib/libturtlesim__rosidl_typesupport_introspection_c.so
[21.647s] -- Set runtime path of "/home/davide/sesasr_labs/install/turtlesim/lib/libturtlesim__rosidl_typesupport_introspection_c.so" to ""
[21.647s] -- Installing: /home/davide/sesasr_labs/install/turtlesim/lib/libturtlesim__rosidl_typesupport_c.so
[21.647s] -- Set runtime path of "/home/davide/sesasr_labs/install/turtlesim/lib/libturtlesim__rosidl_typesupport_c.so" to ""
[21.647s] -- Up-to-date: /home/davide/sesasr_labs/install/turtlesim/include/turtlesim/turtlesim
[21.647s] -- Up-to-date: /home/davide/sesasr_labs/install/turtlesim/include/turtlesim/turtlesim/msg
[21.648s] -- Up-to-date: /home/davide/sesasr_labs/install/turtlesim/include/turtlesim/turtlesim/msg/detail
[21.648s] -- Installing: /home/davide/sesasr_labs/install/turtlesim/include/turtlesim/turtlesim/msg/detail/color__type_support.cpp
[21.648s] -- Installing: /home/davide/sesasr_labs/install/turtlesim/include/turtlesim/turtlesim/msg/detail/color__rosidl_typesupport_introspection_cpp.hpp
[21.648s] -- Installing: /home/davide/sesasr_labs/install/turtlesim/include/turtlesim/turtlesim/msg/detail/pose__rosidl_typesupport_introspection_cpp.hpp
[21.648s] -- Installing: /home/davide/sesasr_labs/install/turtlesim/include/turtlesim/turtlesim/msg/detail/pose__type_support.cpp
[21.648s] -- Up-to-date: /home/davide/sesasr_labs/install/turtlesim/include/turtlesim/turtlesim/srv
[21.648s] -- Up-to-date: /home/davide/sesasr_labs/install/turtlesim/include/turtlesim/turtlesim/srv/detail
[21.648s] -- Installing: /home/davide/sesasr_labs/install/turtlesim/include/turtlesim/turtlesim/srv/detail/kill__type_support.cpp
[21.648s] -- Installing: /home/davide/sesasr_labs/install/turtlesim/include/turtlesim/turtlesim/srv/detail/kill__rosidl_typesupport_introspection_cpp.hpp
[21.648s] -- Installing: /home/davide/sesasr_labs/install/turtlesim/include/turtlesim/turtlesim/srv/detail/teleport_relative__type_support.cpp
[21.648s] -- Installing: /home/davide/sesasr_labs/install/turtlesim/include/turtlesim/turtlesim/srv/detail/spawn__rosidl_typesupport_introspection_cpp.hpp
[21.648s] -- Installing: /home/davide/sesasr_labs/install/turtlesim/include/turtlesim/turtlesim/srv/detail/set_pen__rosidl_typesupport_introspection_cpp.hpp
[21.648s] -- Installing: /home/davide/sesasr_labs/install/turtlesim/include/turtlesim/turtlesim/srv/detail/teleport_absolute__rosidl_typesupport_introspection_cpp.hpp
[21.648s] -- Installing: /home/davide/sesasr_labs/install/turtlesim/include/turtlesim/turtlesim/srv/detail/teleport_relative__rosidl_typesupport_introspection_cpp.hpp
[21.648s] -- Installing: /home/davide/sesasr_labs/install/turtlesim/include/turtlesim/turtlesim/srv/detail/set_pen__type_support.cpp
[21.648s] -- Installing: /home/davide/sesasr_labs/install/turtlesim/include/turtlesim/turtlesim/srv/detail/teleport_absolute__type_support.cpp
[21.648s] -- Installing: /home/davide/sesasr_labs/install/turtlesim/include/turtlesim/turtlesim/srv/detail/spawn__type_support.cpp
[21.648s] -- Up-to-date: /home/davide/sesasr_labs/install/turtlesim/include/turtlesim/turtlesim/action
[21.648s] -- Up-to-date: /home/davide/sesasr_labs/install/turtlesim/include/turtlesim/turtlesim/action/detail
[21.648s] -- Installing: /home/davide/sesasr_labs/install/turtlesim/include/turtlesim/turtlesim/action/detail/rotate_absolute__rosidl_typesupport_introspection_cpp.hpp
[21.648s] -- Installing: /home/davide/sesasr_labs/install/turtlesim/include/turtlesim/turtlesim/action/detail/rotate_absolute__type_support.cpp
[21.648s] -- Installing: /home/davide/sesasr_labs/install/turtlesim/lib/libturtlesim__rosidl_typesupport_introspection_cpp.so
[21.649s] -- Set runtime path of "/home/davide/sesasr_labs/install/turtlesim/lib/libturtlesim__rosidl_typesupport_introspection_cpp.so" to ""
[21.649s] -- Installing: /home/davide/sesasr_labs/install/turtlesim/lib/libturtlesim__rosidl_typesupport_cpp.so
[21.649s] -- Set runtime path of "/home/davide/sesasr_labs/install/turtlesim/lib/libturtlesim__rosidl_typesupport_cpp.so" to ""
[21.649s] -- Installing: /home/davide/sesasr_labs/install/turtlesim/share/turtlesim/environment/pythonpath.sh
[21.649s] -- Installing: /home/davide/sesasr_labs/install/turtlesim/share/turtlesim/environment/pythonpath.dsv
[21.649s] -- Installing: /home/davide/sesasr_labs/install/turtlesim/local/lib/python3.10/dist-packages/turtlesim-1.4.2-py3.10.egg-info
[21.649s] -- Installing: /home/davide/sesasr_labs/install/turtlesim/local/lib/python3.10/dist-packages/turtlesim-1.4.2-py3.10.egg-info/dependency_links.txt
[21.649s] -- Installing: /home/davide/sesasr_labs/install/turtlesim/local/lib/python3.10/dist-packages/turtlesim-1.4.2-py3.10.egg-info/top_level.txt
[21.649s] -- Installing: /home/davide/sesasr_labs/install/turtlesim/local/lib/python3.10/dist-packages/turtlesim-1.4.2-py3.10.egg-info/PKG-INFO
[21.649s] -- Installing: /home/davide/sesasr_labs/install/turtlesim/local/lib/python3.10/dist-packages/turtlesim-1.4.2-py3.10.egg-info/SOURCES.txt
[21.649s] -- Installing: /home/davide/sesasr_labs/install/turtlesim/local/lib/python3.10/dist-packages/turtlesim
[21.649s] -- Installing: /home/davide/sesasr_labs/install/turtlesim/local/lib/python3.10/dist-packages/turtlesim/libturtlesim__rosidl_generator_py.so
[21.649s] -- Installing: /home/davide/sesasr_labs/install/turtlesim/local/lib/python3.10/dist-packages/turtlesim/turtlesim_s__rosidl_typesupport_c.cpython-310-x86_64-linux-gnu.so
[21.649s] -- Installing: /home/davide/sesasr_labs/install/turtlesim/local/lib/python3.10/dist-packages/turtlesim/turtlesim_s__rosidl_typesupport_fastrtps_c.cpython-310-x86_64-linux-gnu.so
[21.649s] -- Installing: /home/davide/sesasr_labs/install/turtlesim/local/lib/python3.10/dist-packages/turtlesim/_turtlesim_s.ep.rosidl_typesupport_introspection_c.c
[21.649s] -- Installing: /home/davide/sesasr_labs/install/turtlesim/local/lib/python3.10/dist-packages/turtlesim/_turtlesim_s.ep.rosidl_typesupport_fastrtps_c.c
[21.649s] -- Installing: /home/davide/sesasr_labs/install/turtlesim/local/lib/python3.10/dist-packages/turtlesim/turtlesim_s__rosidl_typesupport_introspection_c.cpython-310-x86_64-linux-gnu.so
[21.649s] -- Installing: /home/davide/sesasr_labs/install/turtlesim/local/lib/python3.10/dist-packages/turtlesim/msg
[21.649s] -- Installing: /home/davide/sesasr_labs/install/turtlesim/local/lib/python3.10/dist-packages/turtlesim/msg/_pose_s.c
[21.649s] -- Installing: /home/davide/sesasr_labs/install/turtlesim/local/lib/python3.10/dist-packages/turtlesim/msg/_pose.py
[21.649s] -- Installing: /home/davide/sesasr_labs/install/turtlesim/local/lib/python3.10/dist-packages/turtlesim/msg/_color_s.c
[21.649s] -- Installing: /home/davide/sesasr_labs/install/turtlesim/local/lib/python3.10/dist-packages/turtlesim/msg/__init__.py
[21.650s] -- Installing: /home/davide/sesasr_labs/install/turtlesim/local/lib/python3.10/dist-packages/turtlesim/msg/_color.py
[21.650s] -- Installing: /home/davide/sesasr_labs/install/turtlesim/local/lib/python3.10/dist-packages/turtlesim/_turtlesim_s.ep.rosidl_typesupport_c.c
[21.650s] -- Installing: /home/davide/sesasr_labs/install/turtlesim/local/lib/python3.10/dist-packages/turtlesim/srv
[21.650s] -- Installing: /home/davide/sesasr_labs/install/turtlesim/local/lib/python3.10/dist-packages/turtlesim/srv/_teleport_relative_s.c
[21.650s] -- Installing: /home/davide/sesasr_labs/install/turtlesim/local/lib/python3.10/dist-packages/turtlesim/srv/_teleport_absolute_s.c
[21.650s] -- Installing: /home/davide/sesasr_labs/install/turtlesim/local/lib/python3.10/dist-packages/turtlesim/srv/_teleport_relative.py
[21.650s] -- Installing: /home/davide/sesasr_labs/install/turtlesim/local/lib/python3.10/dist-packages/turtlesim/srv/_kill_s.c
[21.650s] -- Installing: /home/davide/sesasr_labs/install/turtlesim/local/lib/python3.10/dist-packages/turtlesim/srv/_set_pen.py
[21.650s] -- Installing: /home/davide/sesasr_labs/install/turtlesim/local/lib/python3.10/dist-packages/turtlesim/srv/_set_pen_s.c
[21.650s] -- Installing: /home/davide/sesasr_labs/install/turtlesim/local/lib/python3.10/dist-packages/turtlesim/srv/_spawn.py
[21.650s] -- Installing: /home/davide/sesasr_labs/install/turtlesim/local/lib/python3.10/dist-packages/turtlesim/srv/_kill.py
[21.650s] -- Installing: /home/davide/sesasr_labs/install/turtlesim/local/lib/python3.10/dist-packages/turtlesim/srv/__init__.py
[21.650s] -- Installing: /home/davide/sesasr_labs/install/turtlesim/local/lib/python3.10/dist-packages/turtlesim/srv/_spawn_s.c
[21.650s] -- Installing: /home/davide/sesasr_labs/install/turtlesim/local/lib/python3.10/dist-packages/turtlesim/srv/_teleport_absolute.py
[21.650s] -- Installing: /home/davide/sesasr_labs/install/turtlesim/local/lib/python3.10/dist-packages/turtlesim/__init__.py
[21.650s] -- Installing: /home/davide/sesasr_labs/install/turtlesim/local/lib/python3.10/dist-packages/turtlesim/action
[21.650s] -- Installing: /home/davide/sesasr_labs/install/turtlesim/local/lib/python3.10/dist-packages/turtlesim/action/_rotate_absolute_s.c
[21.650s] -- Installing: /home/davide/sesasr_labs/install/turtlesim/local/lib/python3.10/dist-packages/turtlesim/action/_rotate_absolute.py
[21.650s] -- Installing: /home/davide/sesasr_labs/install/turtlesim/local/lib/python3.10/dist-packages/turtlesim/action/__init__.py
[21.680s] Listing '/home/davide/sesasr_labs/install/turtlesim/local/lib/python3.10/dist-packages/turtlesim'...
[21.680s] Compiling '/home/davide/sesasr_labs/install/turtlesim/local/lib/python3.10/dist-packages/turtlesim/__init__.py'...
[21.681s] Listing '/home/davide/sesasr_labs/install/turtlesim/local/lib/python3.10/dist-packages/turtlesim/action'...
[21.681s] Compiling '/home/davide/sesasr_labs/install/turtlesim/local/lib/python3.10/dist-packages/turtlesim/action/__init__.py'...
[21.681s] Compiling '/home/davide/sesasr_labs/install/turtlesim/local/lib/python3.10/dist-packages/turtlesim/action/_rotate_absolute.py'...
[21.681s] Listing '/home/davide/sesasr_labs/install/turtlesim/local/lib/python3.10/dist-packages/turtlesim/msg'...
[21.681s] Compiling '/home/davide/sesasr_labs/install/turtlesim/local/lib/python3.10/dist-packages/turtlesim/msg/__init__.py'...
[21.681s] Compiling '/home/davide/sesasr_labs/install/turtlesim/local/lib/python3.10/dist-packages/turtlesim/msg/_color.py'...
[21.681s] Compiling '/home/davide/sesasr_labs/install/turtlesim/local/lib/python3.10/dist-packages/turtlesim/msg/_pose.py'...
[21.681s] Listing '/home/davide/sesasr_labs/install/turtlesim/local/lib/python3.10/dist-packages/turtlesim/srv'...
[21.681s] Compiling '/home/davide/sesasr_labs/install/turtlesim/local/lib/python3.10/dist-packages/turtlesim/srv/__init__.py'...
[21.681s] Compiling '/home/davide/sesasr_labs/install/turtlesim/local/lib/python3.10/dist-packages/turtlesim/srv/_kill.py'...
[21.681s] Compiling '/home/davide/sesasr_labs/install/turtlesim/local/lib/python3.10/dist-packages/turtlesim/srv/_set_pen.py'...
[21.681s] Compiling '/home/davide/sesasr_labs/install/turtlesim/local/lib/python3.10/dist-packages/turtlesim/srv/_spawn.py'...
[21.681s] Compiling '/home/davide/sesasr_labs/install/turtlesim/local/lib/python3.10/dist-packages/turtlesim/srv/_teleport_absolute.py'...
[21.681s] Compiling '/home/davide/sesasr_labs/install/turtlesim/local/lib/python3.10/dist-packages/turtlesim/srv/_teleport_relative.py'...
[21.684s] -- Installing: /home/davide/sesasr_labs/install/turtlesim/local/lib/python3.10/dist-packages/turtlesim/turtlesim_s__rosidl_typesupport_fastrtps_c.cpython-310-x86_64-linux-gnu.so
[21.684s] -- Set runtime path of "/home/davide/sesasr_labs/install/turtlesim/local/lib/python3.10/dist-packages/turtlesim/turtlesim_s__rosidl_typesupport_fastrtps_c.cpython-310-x86_64-linux-gnu.so" to ""
[21.684s] -- Installing: /home/davide/sesasr_labs/install/turtlesim/local/lib/python3.10/dist-packages/turtlesim/turtlesim_s__rosidl_typesupport_introspection_c.cpython-310-x86_64-linux-gnu.so
[21.685s] -- Set runtime path of "/home/davide/sesasr_labs/install/turtlesim/local/lib/python3.10/dist-packages/turtlesim/turtlesim_s__rosidl_typesupport_introspection_c.cpython-310-x86_64-linux-gnu.so" to ""
[21.685s] -- Installing: /home/davide/sesasr_labs/install/turtlesim/local/lib/python3.10/dist-packages/turtlesim/turtlesim_s__rosidl_typesupport_c.cpython-310-x86_64-linux-gnu.so
[21.685s] -- Set runtime path of "/home/davide/sesasr_labs/install/turtlesim/local/lib/python3.10/dist-packages/turtlesim/turtlesim_s__rosidl_typesupport_c.cpython-310-x86_64-linux-gnu.so" to ""
[21.685s] -- Installing: /home/davide/sesasr_labs/install/turtlesim/lib/libturtlesim__rosidl_generator_py.so
[21.685s] -- Set runtime path of "/home/davide/sesasr_labs/install/turtlesim/lib/libturtlesim__rosidl_generator_py.so" to ""
[21.685s] -- Installing: /home/davide/sesasr_labs/install/turtlesim/share/turtlesim/action/RotateAbsolute.idl
[21.686s] -- Installing: /home/davide/sesasr_labs/install/turtlesim/share/turtlesim/msg/Color.idl
[21.686s] -- Installing: /home/davide/sesasr_labs/install/turtlesim/share/turtlesim/msg/Pose.idl
[21.686s] -- Installing: /home/davide/sesasr_labs/install/turtlesim/share/turtlesim/srv/Kill.idl
[21.686s] -- Installing: /home/davide/sesasr_labs/install/turtlesim/share/turtlesim/srv/SetPen.idl
[21.686s] -- Installing: /home/davide/sesasr_labs/install/turtlesim/share/turtlesim/srv/Spawn.idl
[21.686s] -- Installing: /home/davide/sesasr_labs/install/turtlesim/share/turtlesim/srv/TeleportAbsolute.idl
[21.686s] -- Installing: /home/davide/sesasr_labs/install/turtlesim/share/turtlesim/srv/TeleportRelative.idl
[21.686s] -- Installing: /home/davide/sesasr_labs/install/turtlesim/share/turtlesim/action/RotateAbsolute.action
[21.686s] -- Installing: /home/davide/sesasr_labs/install/turtlesim/share/turtlesim/msg/Color.msg
[21.687s] -- Installing: /home/davide/sesasr_labs/install/turtlesim/share/turtlesim/msg/Pose.msg
[21.687s] -- Installing: /home/davide/sesasr_labs/install/turtlesim/share/turtlesim/srv/Kill.srv
[21.687s] -- Installing: /home/davide/sesasr_labs/install/turtlesim/share/turtlesim/srv/Kill_Request.msg
[21.687s] -- Installing: /home/davide/sesasr_labs/install/turtlesim/share/turtlesim/srv/Kill_Response.msg
[21.687s] -- Installing: /home/davide/sesasr_labs/install/turtlesim/share/turtlesim/srv/SetPen.srv
[21.687s] -- Installing: /home/davide/sesasr_labs/install/turtlesim/share/turtlesim/srv/SetPen_Request.msg
[21.687s] -- Installing: /home/davide/sesasr_labs/install/turtlesim/share/turtlesim/srv/SetPen_Response.msg
[21.687s] -- Installing: /home/davide/sesasr_labs/install/turtlesim/share/turtlesim/srv/Spawn.srv
[21.688s] -- Installing: /home/davide/sesasr_labs/install/turtlesim/share/turtlesim/srv/Spawn_Request.msg
[21.688s] -- Installing: /home/davide/sesasr_labs/install/turtlesim/share/turtlesim/srv/Spawn_Response.msg
[21.688s] -- Installing: /home/davide/sesasr_labs/install/turtlesim/share/turtlesim/srv/TeleportAbsolute.srv
[21.688s] -- Installing: /home/davide/sesasr_labs/install/turtlesim/share/turtlesim/srv/TeleportAbsolute_Request.msg
[21.688s] -- Installing: /home/davide/sesasr_labs/install/turtlesim/share/turtlesim/srv/TeleportAbsolute_Response.msg
[21.688s] -- Installing: /home/davide/sesasr_labs/install/turtlesim/share/turtlesim/srv/TeleportRelative.srv
[21.688s] -- Installing: /home/davide/sesasr_labs/install/turtlesim/share/turtlesim/srv/TeleportRelative_Request.msg
[21.688s] -- Installing: /home/davide/sesasr_labs/install/turtlesim/share/turtlesim/srv/TeleportRelative_Response.msg
[21.688s] -- Installing: /home/davide/sesasr_labs/install/turtlesim/lib/turtlesim/turtlesim_node
[21.693s] -- Set runtime path of "/home/davide/sesasr_labs/install/turtlesim/lib/turtlesim/turtlesim_node" to ""
[21.693s] -- Installing: /home/davide/sesasr_labs/install/turtlesim/lib/turtlesim/turtle_teleop_key
[21.694s] -- Set runtime path of "/home/davide/sesasr_labs/install/turtlesim/lib/turtlesim/turtle_teleop_key" to ""
[21.694s] -- Installing: /home/davide/sesasr_labs/install/turtlesim/lib/turtlesim/draw_square
[21.696s] -- Set runtime path of "/home/davide/sesasr_labs/install/turtlesim/lib/turtlesim/draw_square" to ""
[21.696s] -- Installing: /home/davide/sesasr_labs/install/turtlesim/lib/turtlesim/mimic
[21.698s] -- Set runtime path of "/home/davide/sesasr_labs/install/turtlesim/lib/turtlesim/mimic" to ""
[21.699s] -- Installing: /home/davide/sesasr_labs/install/turtlesim/share/turtlesim/images
[21.699s] -- Installing: /home/davide/sesasr_labs/install/turtlesim/share/turtlesim/images/eloquent.png
[21.699s] -- Installing: /home/davide/sesasr_labs/install/turtlesim/share/turtlesim/images/foxy.png
[21.699s] -- Installing: /home/davide/sesasr_labs/install/turtlesim/share/turtlesim/images/rolling.png
[21.699s] -- Installing: /home/davide/sesasr_labs/install/turtlesim/share/turtlesim/images/ardent.png
[21.699s] -- Installing: /home/davide/sesasr_labs/install/turtlesim/share/turtlesim/images/galactic.png
[21.699s] -- Installing: /home/davide/sesasr_labs/install/turtlesim/share/turtlesim/images/dashing.png
[21.699s] -- Installing: /home/davide/sesasr_labs/install/turtlesim/share/turtlesim/images/bouncy.png
[21.699s] -- Installing: /home/davide/sesasr_labs/install/turtlesim/share/turtlesim/images/crystal.png
[21.699s] -- Installing: /home/davide/sesasr_labs/install/turtlesim/share/turtlesim/images/humble.png
[21.700s] -- Installing: /home/davide/sesasr_labs/install/turtlesim/share/turtlesim/launch
[21.700s] -- Installing: /home/davide/sesasr_labs/install/turtlesim/share/turtlesim/launch/multisim.launch.py
[21.700s] -- Installing: /home/davide/sesasr_labs/install/turtlesim/share/ament_index/resource_index/package_run_dependencies/turtlesim
[21.700s] -- Installing: /home/davide/sesasr_labs/install/turtlesim/share/ament_index/resource_index/parent_prefix_path/turtlesim
[21.700s] -- Installing: /home/davide/sesasr_labs/install/turtlesim/share/turtlesim/environment/ament_prefix_path.sh
[21.700s] -- Installing: /home/davide/sesasr_labs/install/turtlesim/share/turtlesim/environment/ament_prefix_path.dsv
[21.700s] -- Installing: /home/davide/sesasr_labs/install/turtlesim/share/turtlesim/environment/path.sh
[21.700s] -- Installing: /home/davide/sesasr_labs/install/turtlesim/share/turtlesim/environment/path.dsv
[21.701s] -- Installing: /home/davide/sesasr_labs/install/turtlesim/share/turtlesim/local_setup.bash
[21.701s] -- Installing: /home/davide/sesasr_labs/install/turtlesim/share/turtlesim/local_setup.sh
[21.701s] -- Installing: /home/davide/sesasr_labs/install/turtlesim/share/turtlesim/local_setup.zsh
[21.701s] -- Installing: /home/davide/sesasr_labs/install/turtlesim/share/turtlesim/local_setup.dsv
[21.701s] -- Installing: /home/davide/sesasr_labs/install/turtlesim/share/turtlesim/package.dsv
[21.701s] -- Installing: /home/davide/sesasr_labs/install/turtlesim/share/ament_index/resource_index/packages/turtlesim
[21.701s] -- Installing: /home/davide/sesasr_labs/install/turtlesim/share/turtlesim/cmake/export_turtlesim__rosidl_generator_cExport.cmake
[21.702s] -- Installing: /home/davide/sesasr_labs/install/turtlesim/share/turtlesim/cmake/export_turtlesim__rosidl_generator_cExport-noconfig.cmake
[21.702s] -- Installing: /home/davide/sesasr_labs/install/turtlesim/share/turtlesim/cmake/export_turtlesim__rosidl_typesupport_fastrtps_cExport.cmake
[21.702s] -- Installing: /home/davide/sesasr_labs/install/turtlesim/share/turtlesim/cmake/export_turtlesim__rosidl_typesupport_fastrtps_cExport-noconfig.cmake
[21.702s] -- Installing: /home/davide/sesasr_labs/install/turtlesim/share/turtlesim/cmake/export_turtlesim__rosidl_generator_cppExport.cmake
[21.702s] -- Installing: /home/davide/sesasr_labs/install/turtlesim/share/turtlesim/cmake/export_turtlesim__rosidl_typesupport_fastrtps_cppExport.cmake
[21.702s] -- Installing: /home/davide/sesasr_labs/install/turtlesim/share/turtlesim/cmake/export_turtlesim__rosidl_typesupport_fastrtps_cppExport-noconfig.cmake
[21.703s] -- Installing: /home/davide/sesasr_labs/install/turtlesim/share/turtlesim/cmake/turtlesim__rosidl_typesupport_introspection_cExport.cmake
[21.703s] -- Installing: /home/davide/sesasr_labs/install/turtlesim/share/turtlesim/cmake/turtlesim__rosidl_typesupport_introspection_cExport-noconfig.cmake
[21.703s] -- Installing: /home/davide/sesasr_labs/install/turtlesim/share/turtlesim/cmake/turtlesim__rosidl_typesupport_cExport.cmake
[21.703s] -- Installing: /home/davide/sesasr_labs/install/turtlesim/share/turtlesim/cmake/turtlesim__rosidl_typesupport_cExport-noconfig.cmake
[21.703s] -- Installing: /home/davide/sesasr_labs/install/turtlesim/share/turtlesim/cmake/turtlesim__rosidl_typesupport_introspection_cppExport.cmake
[21.703s] -- Installing: /home/davide/sesasr_labs/install/turtlesim/share/turtlesim/cmake/turtlesim__rosidl_typesupport_introspection_cppExport-noconfig.cmake
[21.703s] -- Installing: /home/davide/sesasr_labs/install/turtlesim/share/turtlesim/cmake/turtlesim__rosidl_typesupport_cppExport.cmake
[21.703s] -- Installing: /home/davide/sesasr_labs/install/turtlesim/share/turtlesim/cmake/turtlesim__rosidl_typesupport_cppExport-noconfig.cmake
[21.704s] -- Installing: /home/davide/sesasr_labs/install/turtlesim/share/turtlesim/cmake/export_turtlesim__rosidl_generator_pyExport.cmake
[21.704s] -- Installing: /home/davide/sesasr_labs/install/turtlesim/share/turtlesim/cmake/export_turtlesim__rosidl_generator_pyExport-noconfig.cmake
[21.704s] -- Installing: /home/davide/sesasr_labs/install/turtlesim/share/turtlesim/cmake/rosidl_cmake-extras.cmake
[21.704s] -- Installing: /home/davide/sesasr_labs/install/turtlesim/share/turtlesim/cmake/ament_cmake_export_dependencies-extras.cmake
[21.704s] -- Installing: /home/davide/sesasr_labs/install/turtlesim/share/turtlesim/cmake/ament_cmake_export_include_directories-extras.cmake
[21.704s] -- Installing: /home/davide/sesasr_labs/install/turtlesim/share/turtlesim/cmake/ament_cmake_export_libraries-extras.cmake
[21.704s] -- Installing: /home/davide/sesasr_labs/install/turtlesim/share/turtlesim/cmake/ament_cmake_export_targets-extras.cmake
[21.704s] -- Installing: /home/davide/sesasr_labs/install/turtlesim/share/turtlesim/cmake/rosidl_cmake_export_typesupport_targets-extras.cmake
[21.704s] -- Installing: /home/davide/sesasr_labs/install/turtlesim/share/turtlesim/cmake/rosidl_cmake_export_typesupport_libraries-extras.cmake
[21.704s] -- Installing: /home/davide/sesasr_labs/install/turtlesim/share/turtlesim/cmake/turtlesimConfig.cmake
[21.704s] -- Installing: /home/davide/sesasr_labs/install/turtlesim/share/turtlesim/cmake/turtlesimConfig-version.cmake
[21.704s] -- Installing: /home/davide/sesasr_labs/install/turtlesim/share/turtlesim/package.xml
[21.705s] Invoked command in '/home/davide/sesasr_labs/build/turtlesim' returned '0': CMAKE_PREFIX_PATH=/opt/ros/humble /usr/bin/cmake --install /home/davide/sesasr_labs/build/turtlesim
