[0.088s] Invoking command in '/home/davide/sesasr_labs/build/examples_rclcpp_wait_set': CMAKE_PREFIX_PATH=${CMAKE_PREFIX_PATH}:/home/davide/sesasr_labs/install/launch_testing_examples:/home/davide/sesasr_labs/install/examples_rclpy_pointcloud_publisher:/home/davide/sesasr_labs/install/examples_rclpy_minimal_subscriber:/home/davide/sesasr_labs/install/examples_rclpy_minimal_service:/home/davide/sesasr_labs/install/examples_rclpy_minimal_publisher:/home/davide/sesasr_labs/install/examples_rclpy_minimal_client:/home/davide/sesasr_labs/install/examples_rclpy_minimal_action_server:/home/davide/sesasr_labs/install/examples_rclpy_minimal_action_client:/home/davide/sesasr_labs/install/examples_rclpy_guard_conditions:/home/davide/sesasr_labs/install/examples_rclpy_executors:/opt/ros/humble /usr/bin/cmake /home/davide/sesasr_labs/src/examples/rclcpp/wait_set -DCMAKE_INSTALL_PREFIX=/home/davide/sesasr_labs/install/examples_rclcpp_wait_set
[0.152s] -- Found ament_cmake: 1.3.6 (/opt/ros/humble/share/ament_cmake/cmake)
[0.252s] -- Override CMake install command with custom implementation using symlinks instead of copying resources
[0.260s] -- Found example_interfaces: 0.9.3 (/opt/ros/humble/share/example_interfaces/cmake)
[0.378s] -- Found rosidl_generator_c: 3.1.5 (/opt/ros/humble/share/rosidl_generator_c/cmake)
[0.379s] -- Found rosidl_adapter: 3.1.5 (/opt/ros/humble/share/rosidl_adapter/cmake)
[0.382s] -- Found rosidl_generator_cpp: 3.1.5 (/opt/ros/humble/share/rosidl_generator_cpp/cmake)
[0.401s] -- Using all available rosidl_typesupport_c: rosidl_typesupport_fastrtps_c;rosidl_typesupport_introspection_c
[0.433s] -- Using all available rosidl_typesupport_cpp: rosidl_typesupport_fastrtps_cpp;rosidl_typesupport_introspection_cpp
[0.836s] -- Found rclcpp: 16.0.7 (/opt/ros/humble/share/rclcpp/cmake)
[0.992s] -- Found rmw_implementation_cmake: 6.1.1 (/opt/ros/humble/share/rmw_implementation_cmake/cmake)
[0.998s] -- Found rmw_fastrtps_cpp: 6.2.5 (/opt/ros/humble/share/rmw_fastrtps_cpp/cmake)
[4.981s] -- Using RMW implementation 'rmw_fastrtps_cpp' as default
[5.146s] -- Found rclcpp_components: 16.0.7 (/opt/ros/humble/share/rclcpp_components/cmake)
[5.216s] -- Found ament_lint_auto: 0.12.9 (/opt/ros/humble/share/ament_lint_auto/cmake)
[5.288s] -- Added test 'copyright' to check source files copyright and LICENSE
[5.290s] -- Added test 'cppcheck' to perform static code analysis on C / C++ code
[5.291s] -- Configured cppcheck include dirs: /home/davide/sesasr_labs/src/examples/rclcpp/wait_set/include
[5.291s] -- Configured cppcheck exclude dirs and/or files: 
[5.292s] -- Added test 'cpplint' to check C / C++ code against the Google style
[5.292s] -- Configured cpplint exclude dirs and/or files: 
[5.292s] -- Added test 'lint_cmake' to check CMake code style
[5.292s] -- Added test 'uncrustify' to check C / C++ code style
[5.292s] -- Configured uncrustify additional arguments: 
[5.293s] -- Added test 'xmllint' to check XML markup files
[5.293s] -- Configuring done
[5.323s] -- Generating done
[5.326s] -- Build files have been written to: /home/davide/sesasr_labs/build/examples_rclcpp_wait_set
[5.742s] Invoked command in '/home/davide/sesasr_labs/build/examples_rclcpp_wait_set' returned '0': CMAKE_PREFIX_PATH=${CMAKE_PREFIX_PATH}:/home/davide/sesasr_labs/install/launch_testing_examples:/home/davide/sesasr_labs/install/examples_rclpy_pointcloud_publisher:/home/davide/sesasr_labs/install/examples_rclpy_minimal_subscriber:/home/davide/sesasr_labs/install/examples_rclpy_minimal_service:/home/davide/sesasr_labs/install/examples_rclpy_minimal_publisher:/home/davide/sesasr_labs/install/examples_rclpy_minimal_client:/home/davide/sesasr_labs/install/examples_rclpy_minimal_action_server:/home/davide/sesasr_labs/install/examples_rclpy_minimal_action_client:/home/davide/sesasr_labs/install/examples_rclpy_guard_conditions:/home/davide/sesasr_labs/install/examples_rclpy_executors:/opt/ros/humble /usr/bin/cmake /home/davide/sesasr_labs/src/examples/rclcpp/wait_set -DCMAKE_INSTALL_PREFIX=/home/davide/sesasr_labs/install/examples_rclcpp_wait_set
[5.742s] Invoking command in '/home/davide/sesasr_labs/build/examples_rclcpp_wait_set': CMAKE_PREFIX_PATH=${CMAKE_PREFIX_PATH}:/home/davide/sesasr_labs/install/launch_testing_examples:/home/davide/sesasr_labs/install/examples_rclpy_pointcloud_publisher:/home/davide/sesasr_labs/install/examples_rclpy_minimal_subscriber:/home/davide/sesasr_labs/install/examples_rclpy_minimal_service:/home/davide/sesasr_labs/install/examples_rclpy_minimal_publisher:/home/davide/sesasr_labs/install/examples_rclpy_minimal_client:/home/davide/sesasr_labs/install/examples_rclpy_minimal_action_server:/home/davide/sesasr_labs/install/examples_rclpy_minimal_action_client:/home/davide/sesasr_labs/install/examples_rclpy_guard_conditions:/home/davide/sesasr_labs/install/examples_rclpy_executors:/opt/ros/humble /usr/bin/cmake --build /home/davide/sesasr_labs/build/examples_rclcpp_wait_set -- -j8 -l8
[5.790s] [35m[1mConsolidate compiler generated dependencies of target wait_set[0m
[5.790s] [35m[1mConsolidate compiler generated dependencies of target wait_set_listener[0m
[5.790s] [35m[1mConsolidate compiler generated dependencies of target talker[0m
[5.790s] [35m[1mConsolidate compiler generated dependencies of target wait_set_talker[0m
[5.790s] [35m[1mConsolidate compiler generated dependencies of target static_wait_set[0m
[5.790s] [35m[1mConsolidate compiler generated dependencies of target thread_safe_wait_set[0m
[5.790s] [35m[1mConsolidate compiler generated dependencies of target listener[0m
[5.790s] [35m[1mConsolidate compiler generated dependencies of target wait_set_topics_and_timer[0m
[5.790s] [  8%] Built target wait_set
[5.790s] [ 16%] Built target wait_set_listener
[5.790s] [ 25%] Built target talker
[5.790s] [ 33%] Built target wait_set_talker
[5.790s] [ 41%] Built target thread_safe_wait_set
[5.790s] [ 50%] Built target listener
[5.790s] [35m[1mConsolidate compiler generated dependencies of target wait_set_random_order[0m
[5.790s] [ 58%] Built target wait_set_topics_and_timer
[5.791s] [35m[1mConsolidate compiler generated dependencies of target executor_random_order[0m
[5.791s] [35m[1mConsolidate compiler generated dependencies of target wait_set_topics_with_different_rates[0m
[5.791s] [35m[1mConsolidate compiler generated dependencies of target wait_set_composed[0m
[5.796s] [ 75%] Built target static_wait_set
[5.796s] [ 75%] Built target wait_set_random_order
[5.801s] [ 83%] Built target executor_random_order
[5.804s] [100%] Built target wait_set_topics_with_different_rates
[5.804s] [100%] Built target wait_set_composed
[6.096s] Invoked command in '/home/davide/sesasr_labs/build/examples_rclcpp_wait_set' returned '0': CMAKE_PREFIX_PATH=${CMAKE_PREFIX_PATH}:/home/davide/sesasr_labs/install/launch_testing_examples:/home/davide/sesasr_labs/install/examples_rclpy_pointcloud_publisher:/home/davide/sesasr_labs/install/examples_rclpy_minimal_subscriber:/home/davide/sesasr_labs/install/examples_rclpy_minimal_service:/home/davide/sesasr_labs/install/examples_rclpy_minimal_publisher:/home/davide/sesasr_labs/install/examples_rclpy_minimal_client:/home/davide/sesasr_labs/install/examples_rclpy_minimal_action_server:/home/davide/sesasr_labs/install/examples_rclpy_minimal_action_client:/home/davide/sesasr_labs/install/examples_rclpy_guard_conditions:/home/davide/sesasr_labs/install/examples_rclpy_executors:/opt/ros/humble /usr/bin/cmake --build /home/davide/sesasr_labs/build/examples_rclcpp_wait_set -- -j8 -l8
[6.384s] Invoking command in '/home/davide/sesasr_labs/build/examples_rclcpp_wait_set': CMAKE_PREFIX_PATH=${CMAKE_PREFIX_PATH}:/home/davide/sesasr_labs/install/launch_testing_examples:/home/davide/sesasr_labs/install/examples_rclpy_pointcloud_publisher:/home/davide/sesasr_labs/install/examples_rclpy_minimal_subscriber:/home/davide/sesasr_labs/install/examples_rclpy_minimal_service:/home/davide/sesasr_labs/install/examples_rclpy_minimal_publisher:/home/davide/sesasr_labs/install/examples_rclpy_minimal_client:/home/davide/sesasr_labs/install/examples_rclpy_minimal_action_server:/home/davide/sesasr_labs/install/examples_rclpy_minimal_action_client:/home/davide/sesasr_labs/install/examples_rclpy_guard_conditions:/home/davide/sesasr_labs/install/examples_rclpy_executors:/opt/ros/humble /usr/bin/cmake --install /home/davide/sesasr_labs/build/examples_rclcpp_wait_set
[6.431s] -- Install configuration: ""
[6.431s] -- Execute custom install script
[6.432s] -- Up-to-date symlink: /home/davide/sesasr_labs/install/examples_rclcpp_wait_set/lib/examples_rclcpp_wait_set/wait_set_talker
[6.433s] -- Up-to-date symlink: /home/davide/sesasr_labs/install/examples_rclcpp_wait_set/lib/examples_rclcpp_wait_set/wait_set_listener
[6.434s] -- Up-to-date symlink: /home/davide/sesasr_labs/install/examples_rclcpp_wait_set/lib/libtalker.so
[6.435s] -- Up-to-date symlink: /home/davide/sesasr_labs/install/examples_rclcpp_wait_set/lib/liblistener.so
[6.436s] -- Up-to-date symlink: /home/davide/sesasr_labs/install/examples_rclcpp_wait_set/lib/examples_rclcpp_wait_set/wait_set
[6.436s] -- Up-to-date symlink: /home/davide/sesasr_labs/install/examples_rclcpp_wait_set/lib/examples_rclcpp_wait_set/static_wait_set
[6.437s] -- Up-to-date symlink: /home/davide/sesasr_labs/install/examples_rclcpp_wait_set/lib/examples_rclcpp_wait_set/thread_safe_wait_set
[6.437s] -- Up-to-date symlink: /home/davide/sesasr_labs/install/examples_rclcpp_wait_set/lib/examples_rclcpp_wait_set/wait_set_topics_and_timer
[6.437s] -- Up-to-date symlink: /home/davide/sesasr_labs/install/examples_rclcpp_wait_set/lib/examples_rclcpp_wait_set/wait_set_random_order
[6.438s] -- Up-to-date symlink: /home/davide/sesasr_labs/install/examples_rclcpp_wait_set/lib/examples_rclcpp_wait_set/executor_random_order
[6.438s] -- Up-to-date symlink: /home/davide/sesasr_labs/install/examples_rclcpp_wait_set/lib/examples_rclcpp_wait_set/wait_set_topics_with_different_rates
[6.438s] -- Up-to-date symlink: /home/davide/sesasr_labs/install/examples_rclcpp_wait_set/lib/examples_rclcpp_wait_set/wait_set_composed
[6.439s] -- Up-to-date symlink: /home/davide/sesasr_labs/install/examples_rclcpp_wait_set/share/ament_index/resource_index/package_run_dependencies/examples_rclcpp_wait_set
[6.439s] -- Up-to-date symlink: /home/davide/sesasr_labs/install/examples_rclcpp_wait_set/share/ament_index/resource_index/parent_prefix_path/examples_rclcpp_wait_set
[6.439s] -- Up-to-date symlink: /home/davide/sesasr_labs/install/examples_rclcpp_wait_set/share/examples_rclcpp_wait_set/environment/ament_prefix_path.sh
[6.439s] -- Up-to-date symlink: /home/davide/sesasr_labs/install/examples_rclcpp_wait_set/share/examples_rclcpp_wait_set/environment/ament_prefix_path.dsv
[6.439s] -- Up-to-date symlink: /home/davide/sesasr_labs/install/examples_rclcpp_wait_set/share/examples_rclcpp_wait_set/environment/path.sh
[6.439s] -- Up-to-date symlink: /home/davide/sesasr_labs/install/examples_rclcpp_wait_set/share/examples_rclcpp_wait_set/environment/path.dsv
[6.440s] -- Up-to-date symlink: /home/davide/sesasr_labs/install/examples_rclcpp_wait_set/share/examples_rclcpp_wait_set/local_setup.bash
[6.440s] -- Up-to-date symlink: /home/davide/sesasr_labs/install/examples_rclcpp_wait_set/share/examples_rclcpp_wait_set/local_setup.sh
[6.440s] -- Up-to-date symlink: /home/davide/sesasr_labs/install/examples_rclcpp_wait_set/share/examples_rclcpp_wait_set/local_setup.zsh
[6.440s] -- Up-to-date symlink: /home/davide/sesasr_labs/install/examples_rclcpp_wait_set/share/examples_rclcpp_wait_set/local_setup.dsv
[6.440s] -- Symlinking: /home/davide/sesasr_labs/install/examples_rclcpp_wait_set/share/examples_rclcpp_wait_set/package.dsv
[6.440s] -- Up-to-date symlink: /home/davide/sesasr_labs/install/examples_rclcpp_wait_set/share/ament_index/resource_index/packages/examples_rclcpp_wait_set
[6.441s] -- Up-to-date symlink: /home/davide/sesasr_labs/install/examples_rclcpp_wait_set/share/ament_index/resource_index/rclcpp_components/examples_rclcpp_wait_set
[6.441s] -- Up-to-date symlink: /home/davide/sesasr_labs/install/examples_rclcpp_wait_set/share/examples_rclcpp_wait_set/cmake/examples_rclcpp_wait_setConfig.cmake
[6.441s] -- Up-to-date symlink: /home/davide/sesasr_labs/install/examples_rclcpp_wait_set/share/examples_rclcpp_wait_set/cmake/examples_rclcpp_wait_setConfig-version.cmake
[6.441s] -- Up-to-date symlink: /home/davide/sesasr_labs/install/examples_rclcpp_wait_set/share/examples_rclcpp_wait_set/package.xml
[6.446s] Invoked command in '/home/davide/sesasr_labs/build/examples_rclcpp_wait_set' returned '0': CMAKE_PREFIX_PATH=${CMAKE_PREFIX_PATH}:/home/davide/sesasr_labs/install/launch_testing_examples:/home/davide/sesasr_labs/install/examples_rclpy_pointcloud_publisher:/home/davide/sesasr_labs/install/examples_rclpy_minimal_subscriber:/home/davide/sesasr_labs/install/examples_rclpy_minimal_service:/home/davide/sesasr_labs/install/examples_rclpy_minimal_publisher:/home/davide/sesasr_labs/install/examples_rclpy_minimal_client:/home/davide/sesasr_labs/install/examples_rclpy_minimal_action_server:/home/davide/sesasr_labs/install/examples_rclpy_minimal_action_client:/home/davide/sesasr_labs/install/examples_rclpy_guard_conditions:/home/davide/sesasr_labs/install/examples_rclpy_executors:/opt/ros/humble /usr/bin/cmake --install /home/davide/sesasr_labs/build/examples_rclcpp_wait_set
