[1.392s] Invoking command in '/home/davide/sesasr_labs/build/my_package': PYTHONPATH=/home/davide/sesasr_labs/build/my_package/prefix_override:/home/davide/sesasr_labs/install/my_package/lib/python3.10/site-packages:${PYTHONPATH} /usr/bin/python3 setup.py develop --editable --build-directory /home/davide/sesasr_labs/build/my_package/build --no-deps install_data
[1.693s] running develop
[1.693s] /usr/lib/python3/dist-packages/setuptools/command/easy_install.py:158: EasyInstallDeprecationWarning: easy_install command is deprecated. Use build and pip and other standards-based tools.
[1.693s]   warnings.warn(
[1.695s] /usr/lib/python3/dist-packages/setuptools/command/install.py:34: SetuptoolsDeprecationWarning: setup.py install is deprecated. Use build and pip and other standards-based tools.
[1.695s]   warnings.warn(
[1.872s] running egg_info
[1.873s] writing my_package.egg-info/PKG-INFO
[1.873s] writing dependency_links to my_package.egg-info/dependency_links.txt
[1.873s] writing entry points to my_package.egg-info/entry_points.txt
[1.873s] writing requirements to my_package.egg-info/requires.txt
[1.873s] writing top-level names to my_package.egg-info/top_level.txt
[1.875s] reading manifest file 'my_package.egg-info/SOURCES.txt'
[1.876s] writing manifest file 'my_package.egg-info/SOURCES.txt'
[1.878s] running build_ext
[1.878s] Creating /home/davide/sesasr_labs/install/my_package/lib/python3.10/site-packages/my-package.egg-link (link to .)
[1.879s] Installing my_node script to /home/davide/sesasr_labs/install/my_package/lib/my_package
[1.879s] 
[1.879s] Installed /home/davide/sesasr_labs/build/my_package
[1.879s] running install_data
[1.879s] copying package.xml -> /home/davide/sesasr_labs/install/my_package/share/my_package
[1.943s] Invoked command in '/home/davide/sesasr_labs/build/my_package' returned '0': PYTHONPATH=/home/davide/sesasr_labs/build/my_package/prefix_override:/home/davide/sesasr_labs/install/my_package/lib/python3.10/site-packages:${PYTHONPATH} /usr/bin/python3 setup.py develop --editable --build-directory /home/davide/sesasr_labs/build/my_package/build --no-deps install_data
