[0.216s] Invoking command in '/home/davide/sesasr_labs/build/examples_rclcpp_minimal_action_server': CMAKE_PREFIX_PATH=/opt/ros/humble /usr/bin/cmake /home/davide/sesasr_labs/src/examples/rclcpp/actions/minimal_action_server -DCMAKE_INSTALL_PREFIX=/home/davide/sesasr_labs/install/examples_rclcpp_minimal_action_server
[0.267s] -- Found ament_cmake: 1.3.6 (/opt/ros/humble/share/ament_cmake/cmake)
[0.348s] -- Override CMake install command with custom implementation using symlinks instead of copying resources
[0.353s] -- Found example_interfaces: 0.9.3 (/opt/ros/humble/share/example_interfaces/cmake)
[0.465s] -- Found rosidl_generator_c: 3.1.5 (/opt/ros/humble/share/rosidl_generator_c/cmake)
[0.467s] -- Found rosidl_adapter: 3.1.5 (/opt/ros/humble/share/rosidl_adapter/cmake)
[0.472s] -- Found rosidl_generator_cpp: 3.1.5 (/opt/ros/humble/share/rosidl_generator_cpp/cmake)
[0.481s] -- Using all available rosidl_typesupport_c: rosidl_typesupport_fastrtps_c;rosidl_typesupport_introspection_c
[0.494s] -- Using all available rosidl_typesupport_cpp: rosidl_typesupport_fastrtps_cpp;rosidl_typesupport_introspection_cpp
[0.630s] -- Found rclcpp: 16.0.7 (/opt/ros/humble/share/rclcpp/cmake)
[0.672s] -- Found rmw_implementation_cmake: 6.1.1 (/opt/ros/humble/share/rmw_implementation_cmake/cmake)
[0.673s] -- Found rmw_fastrtps_cpp: 6.2.5 (/opt/ros/humble/share/rmw_fastrtps_cpp/cmake)
[5.332s] -- Using RMW implementation 'rmw_fastrtps_cpp' as default
[5.488s] -- Found rclcpp_action: 16.0.7 (/opt/ros/humble/share/rclcpp_action/cmake)
[5.518s] -- Found ament_lint_auto: 0.12.9 (/opt/ros/humble/share/ament_lint_auto/cmake)
[5.585s] -- Added test 'copyright' to check source files copyright and LICENSE
[5.586s] -- Added test 'cppcheck' to perform static code analysis on C / C++ code
[5.587s] -- Configured cppcheck include dirs: 
[5.587s] -- Configured cppcheck exclude dirs and/or files: 
[5.587s] -- Added test 'cpplint' to check C / C++ code against the Google style
[5.589s] -- Configured cpplint exclude dirs and/or files: 
[5.589s] -- Added test 'lint_cmake' to check CMake code style
[5.590s] -- Added test 'uncrustify' to check C / C++ code style
[5.590s] -- Configured uncrustify additional arguments: 
[5.590s] -- Added test 'xmllint' to check XML markup files
[5.590s] -- Configuring done
[5.598s] -- Generating done
[5.601s] -- Build files have been written to: /home/davide/sesasr_labs/build/examples_rclcpp_minimal_action_server
[5.887s] Invoked command in '/home/davide/sesasr_labs/build/examples_rclcpp_minimal_action_server' returned '0': CMAKE_PREFIX_PATH=/opt/ros/humble /usr/bin/cmake /home/davide/sesasr_labs/src/examples/rclcpp/actions/minimal_action_server -DCMAKE_INSTALL_PREFIX=/home/davide/sesasr_labs/install/examples_rclcpp_minimal_action_server
[5.889s] Invoking command in '/home/davide/sesasr_labs/build/examples_rclcpp_minimal_action_server': CMAKE_PREFIX_PATH=/opt/ros/humble /usr/bin/cmake --build /home/davide/sesasr_labs/build/examples_rclcpp_minimal_action_server -- -j8 -l8
[6.185s] [35m[1mConsolidate compiler generated dependencies of target action_server_member_functions[0m
[6.186s] [35m[1mConsolidate compiler generated dependencies of target action_server_not_composable[0m
[6.187s] [ 50%] Built target action_server_member_functions
[6.187s] [100%] Built target action_server_not_composable
[6.190s] Invoked command in '/home/davide/sesasr_labs/build/examples_rclcpp_minimal_action_server' returned '0': CMAKE_PREFIX_PATH=/opt/ros/humble /usr/bin/cmake --build /home/davide/sesasr_labs/build/examples_rclcpp_minimal_action_server -- -j8 -l8
[6.222s] Invoking command in '/home/davide/sesasr_labs/build/examples_rclcpp_minimal_action_server': CMAKE_PREFIX_PATH=/opt/ros/humble /usr/bin/cmake --install /home/davide/sesasr_labs/build/examples_rclcpp_minimal_action_server
[6.227s] -- Install configuration: ""
[6.228s] -- Execute custom install script
[6.228s] -- Up-to-date symlink: /home/davide/sesasr_labs/install/examples_rclcpp_minimal_action_server/lib/examples_rclcpp_minimal_action_server/action_server_not_composable
[6.228s] -- Up-to-date symlink: /home/davide/sesasr_labs/install/examples_rclcpp_minimal_action_server/lib/examples_rclcpp_minimal_action_server/action_server_member_functions
[6.228s] -- Up-to-date symlink: /home/davide/sesasr_labs/install/examples_rclcpp_minimal_action_server/share/ament_index/resource_index/package_run_dependencies/examples_rclcpp_minimal_action_server
[6.228s] -- Up-to-date symlink: /home/davide/sesasr_labs/install/examples_rclcpp_minimal_action_server/share/ament_index/resource_index/parent_prefix_path/examples_rclcpp_minimal_action_server
[6.228s] -- Up-to-date symlink: /home/davide/sesasr_labs/install/examples_rclcpp_minimal_action_server/share/examples_rclcpp_minimal_action_server/environment/ament_prefix_path.sh
[6.228s] -- Up-to-date symlink: /home/davide/sesasr_labs/install/examples_rclcpp_minimal_action_server/share/examples_rclcpp_minimal_action_server/environment/ament_prefix_path.dsv
[6.228s] -- Up-to-date symlink: /home/davide/sesasr_labs/install/examples_rclcpp_minimal_action_server/share/examples_rclcpp_minimal_action_server/environment/path.sh
[6.228s] -- Up-to-date symlink: /home/davide/sesasr_labs/install/examples_rclcpp_minimal_action_server/share/examples_rclcpp_minimal_action_server/environment/path.dsv
[6.229s] -- Up-to-date symlink: /home/davide/sesasr_labs/install/examples_rclcpp_minimal_action_server/share/examples_rclcpp_minimal_action_server/local_setup.bash
[6.233s] -- Up-to-date symlink: /home/davide/sesasr_labs/install/examples_rclcpp_minimal_action_server/share/examples_rclcpp_minimal_action_server/local_setup.sh
[6.233s] -- Up-to-date symlink: /home/davide/sesasr_labs/install/examples_rclcpp_minimal_action_server/share/examples_rclcpp_minimal_action_server/local_setup.zsh
[6.233s] -- Up-to-date symlink: /home/davide/sesasr_labs/install/examples_rclcpp_minimal_action_server/share/examples_rclcpp_minimal_action_server/local_setup.dsv
[6.234s] -- Symlinking: /home/davide/sesasr_labs/install/examples_rclcpp_minimal_action_server/share/examples_rclcpp_minimal_action_server/package.dsv
[6.236s] -- Up-to-date symlink: /home/davide/sesasr_labs/install/examples_rclcpp_minimal_action_server/share/ament_index/resource_index/packages/examples_rclcpp_minimal_action_server
[6.237s] -- Up-to-date symlink: /home/davide/sesasr_labs/install/examples_rclcpp_minimal_action_server/share/examples_rclcpp_minimal_action_server/cmake/examples_rclcpp_minimal_action_serverConfig.cmake
[6.237s] -- Up-to-date symlink: /home/davide/sesasr_labs/install/examples_rclcpp_minimal_action_server/share/examples_rclcpp_minimal_action_server/cmake/examples_rclcpp_minimal_action_serverConfig-version.cmake
[6.237s] -- Up-to-date symlink: /home/davide/sesasr_labs/install/examples_rclcpp_minimal_action_server/share/examples_rclcpp_minimal_action_server/package.xml
[6.284s] Invoked command in '/home/davide/sesasr_labs/build/examples_rclcpp_minimal_action_server' returned '0': CMAKE_PREFIX_PATH=/opt/ros/humble /usr/bin/cmake --install /home/davide/sesasr_labs/build/examples_rclcpp_minimal_action_server
