[0.063s] Invoking command in '/home/davide/sesasr_labs/build/examples_rclcpp_minimal_service': CMAKE_PREFIX_PATH=/opt/ros/humble /usr/bin/cmake /home/davide/sesasr_labs/src/examples/rclcpp/services/minimal_service -DAMENT_CMAKE_SYMLINK_INSTALL=1 -DCMAKE_INSTALL_PREFIX=/home/davide/sesasr_labs/install/examples_rclcpp_minimal_service
[3.619s] -- Found ament_cmake: 1.3.6 (/opt/ros/humble/share/ament_cmake/cmake)
[3.620s] -- Override CMake install command with custom implementation using symlinks instead of copying resources
[3.621s] -- Found example_interfaces: 0.9.3 (/opt/ros/humble/share/example_interfaces/cmake)
[3.621s] -- Found rosidl_generator_c: 3.1.5 (/opt/ros/humble/share/rosidl_generator_c/cmake)
[3.621s] -- Found rosidl_adapter: 3.1.5 (/opt/ros/humble/share/rosidl_adapter/cmake)
[3.621s] -- Found rosidl_generator_cpp: 3.1.5 (/opt/ros/humble/share/rosidl_generator_cpp/cmake)
[3.623s] -- Using all available rosidl_typesupport_c: rosidl_typesupport_fastrtps_c;rosidl_typesupport_introspection_c
[3.623s] -- Using all available rosidl_typesupport_cpp: rosidl_typesupport_fastrtps_cpp;rosidl_typesupport_introspection_cpp
[3.624s] -- Found rclcpp: 16.0.7 (/opt/ros/humble/share/rclcpp/cmake)
[3.624s] -- Found rmw_implementation_cmake: 6.1.1 (/opt/ros/humble/share/rmw_implementation_cmake/cmake)
[3.624s] -- Found rmw_fastrtps_cpp: 6.2.5 (/opt/ros/humble/share/rmw_fastrtps_cpp/cmake)
[3.625s] -- Using RMW implementation 'rmw_fastrtps_cpp' as default
[3.625s] -- Found ament_lint_auto: 0.12.9 (/opt/ros/humble/share/ament_lint_auto/cmake)
[3.625s] -- Added test 'copyright' to check source files copyright and LICENSE
[3.625s] -- Added test 'cppcheck' to perform static code analysis on C / C++ code
[3.625s] -- Configured cppcheck include dirs: 
[3.625s] -- Configured cppcheck exclude dirs and/or files: 
[3.625s] -- Added test 'cpplint' to check C / C++ code against the Google style
[3.625s] -- Configured cpplint exclude dirs and/or files: 
[3.625s] -- Added test 'lint_cmake' to check CMake code style
[3.625s] -- Added test 'uncrustify' to check C / C++ code style
[3.626s] -- Configured uncrustify additional arguments: 
[3.626s] -- Added test 'xmllint' to check XML markup files
[3.626s] -- Configuring done
[3.626s] -- Generating done
[3.626s] -- Build files have been written to: /home/davide/sesasr_labs/build/examples_rclcpp_minimal_service
[3.627s] Invoked command in '/home/davide/sesasr_labs/build/examples_rclcpp_minimal_service' returned '0': CMAKE_PREFIX_PATH=/opt/ros/humble /usr/bin/cmake /home/davide/sesasr_labs/src/examples/rclcpp/services/minimal_service -DAMENT_CMAKE_SYMLINK_INSTALL=1 -DCMAKE_INSTALL_PREFIX=/home/davide/sesasr_labs/install/examples_rclcpp_minimal_service
[3.627s] Invoking command in '/home/davide/sesasr_labs/build/examples_rclcpp_minimal_service': CMAKE_PREFIX_PATH=/opt/ros/humble /usr/bin/cmake --build /home/davide/sesasr_labs/build/examples_rclcpp_minimal_service -- -j8 -l8
[3.672s] [35m[1mConsolidate compiler generated dependencies of target service_main[0m
[3.672s] [100%] Built target service_main
[3.677s] Invoked command in '/home/davide/sesasr_labs/build/examples_rclcpp_minimal_service' returned '0': CMAKE_PREFIX_PATH=/opt/ros/humble /usr/bin/cmake --build /home/davide/sesasr_labs/build/examples_rclcpp_minimal_service -- -j8 -l8
[3.769s] Invoking command in '/home/davide/sesasr_labs/build/examples_rclcpp_minimal_service': CMAKE_PREFIX_PATH=/opt/ros/humble /usr/bin/cmake --install /home/davide/sesasr_labs/build/examples_rclcpp_minimal_service
[3.787s] -- Install configuration: ""
[3.788s] -- Execute custom install script
[3.788s] -- Up-to-date symlink: /home/davide/sesasr_labs/install/examples_rclcpp_minimal_service/lib/examples_rclcpp_minimal_service/service_main
[3.789s] -- Up-to-date symlink: /home/davide/sesasr_labs/install/examples_rclcpp_minimal_service/share/ament_index/resource_index/package_run_dependencies/examples_rclcpp_minimal_service
[3.789s] -- Up-to-date symlink: /home/davide/sesasr_labs/install/examples_rclcpp_minimal_service/share/ament_index/resource_index/parent_prefix_path/examples_rclcpp_minimal_service
[3.789s] -- Up-to-date symlink: /home/davide/sesasr_labs/install/examples_rclcpp_minimal_service/share/examples_rclcpp_minimal_service/environment/ament_prefix_path.sh
[3.790s] -- Up-to-date symlink: /home/davide/sesasr_labs/install/examples_rclcpp_minimal_service/share/examples_rclcpp_minimal_service/environment/ament_prefix_path.dsv
[3.790s] -- Up-to-date symlink: /home/davide/sesasr_labs/install/examples_rclcpp_minimal_service/share/examples_rclcpp_minimal_service/environment/path.sh
[3.790s] -- Up-to-date symlink: /home/davide/sesasr_labs/install/examples_rclcpp_minimal_service/share/examples_rclcpp_minimal_service/environment/path.dsv
[3.790s] -- Up-to-date symlink: /home/davide/sesasr_labs/install/examples_rclcpp_minimal_service/share/examples_rclcpp_minimal_service/local_setup.bash
[3.790s] -- Up-to-date symlink: /home/davide/sesasr_labs/install/examples_rclcpp_minimal_service/share/examples_rclcpp_minimal_service/local_setup.sh
[3.791s] -- Up-to-date symlink: /home/davide/sesasr_labs/install/examples_rclcpp_minimal_service/share/examples_rclcpp_minimal_service/local_setup.zsh
[3.791s] -- Up-to-date symlink: /home/davide/sesasr_labs/install/examples_rclcpp_minimal_service/share/examples_rclcpp_minimal_service/local_setup.dsv
[3.791s] -- Symlinking: /home/davide/sesasr_labs/install/examples_rclcpp_minimal_service/share/examples_rclcpp_minimal_service/package.dsv
[3.791s] -- Up-to-date symlink: /home/davide/sesasr_labs/install/examples_rclcpp_minimal_service/share/ament_index/resource_index/packages/examples_rclcpp_minimal_service
[3.792s] -- Up-to-date symlink: /home/davide/sesasr_labs/install/examples_rclcpp_minimal_service/share/examples_rclcpp_minimal_service/cmake/examples_rclcpp_minimal_serviceConfig.cmake
[3.792s] -- Up-to-date symlink: /home/davide/sesasr_labs/install/examples_rclcpp_minimal_service/share/examples_rclcpp_minimal_service/cmake/examples_rclcpp_minimal_serviceConfig-version.cmake
[3.793s] -- Up-to-date symlink: /home/davide/sesasr_labs/install/examples_rclcpp_minimal_service/share/examples_rclcpp_minimal_service/package.xml
[3.844s] Invoked command in '/home/davide/sesasr_labs/build/examples_rclcpp_minimal_service' returned '0': CMAKE_PREFIX_PATH=/opt/ros/humble /usr/bin/cmake --install /home/davide/sesasr_labs/build/examples_rclcpp_minimal_service
