[0.574s] Invoking command in '/home/davide/sesasr_labs/src/my_package': PYTHONPATH=/home/davide/sesasr_labs/build/my_package/prefix_override:/home/davide/sesasr_labs/install/my_package/lib/python3.10/site-packages:${PYTHONPATH} /usr/bin/python3 setup.py egg_info --egg-base ../../build/my_package build --build-base /home/davide/sesasr_labs/build/my_package/build install --record /home/davide/sesasr_labs/build/my_package/install.log --single-version-externally-managed
[0.757s] running egg_info
[0.757s] writing ../../build/my_package/my_package.egg-info/PKG-INFO
[0.757s] writing dependency_links to ../../build/my_package/my_package.egg-info/dependency_links.txt
[0.758s] writing entry points to ../../build/my_package/my_package.egg-info/entry_points.txt
[0.758s] writing requirements to ../../build/my_package/my_package.egg-info/requires.txt
[0.758s] writing top-level names to ../../build/my_package/my_package.egg-info/top_level.txt
[0.759s] reading manifest file '../../build/my_package/my_package.egg-info/SOURCES.txt'
[0.760s] writing manifest file '../../build/my_package/my_package.egg-info/SOURCES.txt'
[0.760s] running build
[0.760s] running build_py
[0.760s] running install
[0.760s] /usr/lib/python3/dist-packages/setuptools/command/install.py:34: SetuptoolsDeprecationWarning: setup.py install is deprecated. Use build and pip and other standards-based tools.
[0.760s]   warnings.warn(
[0.760s] running install_lib
[0.761s] running install_data
[0.761s] running install_egg_info
[0.763s] removing '/home/davide/sesasr_labs/install/my_package/lib/python3.10/site-packages/my_package-0.0.0-py3.10.egg-info' (and everything under it)
[0.763s] Copying ../../build/my_package/my_package.egg-info to /home/davide/sesasr_labs/install/my_package/lib/python3.10/site-packages/my_package-0.0.0-py3.10.egg-info
[0.764s] running install_scripts
[0.779s] Installing my_node script to /home/davide/sesasr_labs/install/my_package/lib/my_package
[0.779s] writing list of installed files to '/home/davide/sesasr_labs/build/my_package/install.log'
[0.796s] Invoked command in '/home/davide/sesasr_labs/src/my_package' returned '0': PYTHONPATH=/home/davide/sesasr_labs/build/my_package/prefix_override:/home/davide/sesasr_labs/install/my_package/lib/python3.10/site-packages:${PYTHONPATH} /usr/bin/python3 setup.py egg_info --egg-base ../../build/my_package build --build-base /home/davide/sesasr_labs/build/my_package/build install --record /home/davide/sesasr_labs/build/my_package/install.log --single-version-externally-managed
