[0.474s] Invoking command in '/home/davide/sesasr_labs/build/turtlebot3_hardware': AMENT_PREFIX_PATH=/home/davide/sesasr_labs/install/dynamixel_sdk:${AMENT_PREFIX_PATH} CMAKE_PREFIX_PATH=/home/davide/sesasr_labs/install/dynamixel_sdk:/home/davide/sesasr_labs/install/turtlesim:/home/davide/sesasr_labs/install/examples_rclcpp_wait_set:/home/davide/sesasr_labs/install/examples_rclcpp_multithreaded_executor:/home/davide/sesasr_labs/install/examples_rclcpp_minimal_timer:/home/davide/sesasr_labs/install/examples_rclcpp_minimal_subscriber:/home/davide/sesasr_labs/install/examples_rclcpp_minimal_service:/home/davide/sesasr_labs/install/examples_rclcpp_minimal_publisher:/home/davide/sesasr_labs/install/examples_rclcpp_minimal_composition:/home/davide/sesasr_labs/install/examples_rclcpp_minimal_client:/home/davide/sesasr_labs/install/examples_rclcpp_minimal_action_server:/home/davide/sesasr_labs/install/examples_rclcpp_minimal_action_client:/home/davide/sesasr_labs/install/examples_rclcpp_cbg_executor:/home/davide/sesasr_labs/install/examples_rclcpp_async_client:/home/davide/sesasr_labs/install/my_package:/home/davide/sesasr_labs/install/launch_testing_examples:/home/davide/sesasr_labs/install/examples_rclpy_pointcloud_publisher:/home/davide/sesasr_labs/install/examples_rclpy_minimal_subscriber:/home/davide/sesasr_labs/install/examples_rclpy_minimal_service:/home/davide/sesasr_labs/install/examples_rclpy_minimal_publisher:/home/davide/sesasr_labs/install/examples_rclpy_minimal_client:/home/davide/sesasr_labs/install/examples_rclpy_minimal_action_server:/home/davide/sesasr_labs/install/examples_rclpy_minimal_action_client:/home/davide/sesasr_labs/install/examples_rclpy_guard_conditions:/home/davide/sesasr_labs/install/examples_rclpy_executors:/opt/ros/humble LD_LIBRARY_PATH=/home/davide/sesasr_labs/install/dynamixel_sdk/lib:${LD_LIBRARY_PATH} /usr/bin/cmake /home/davide/sesasr_labs/src/turtlebot3/turtlebot3_hardware -DAMENT_CMAKE_SYMLINK_INSTALL=1 -DCMAKE_INSTALL_PREFIX=/home/davide/sesasr_labs/install/turtlebot3_hardware
[2.823s] -- The C compiler identification is GNU 11.4.0
[2.823s] -- The CXX compiler identification is GNU 11.4.0
[2.823s] -- Detecting C compiler ABI info
[2.823s] -- Detecting C compiler ABI info - done
[2.823s] -- Check for working C compiler: /usr/bin/cc - skipped
[2.824s] -- Detecting C compile features
[2.824s] -- Detecting C compile features - done
[2.824s] -- Detecting CXX compiler ABI info
[2.824s] -- Detecting CXX compiler ABI info - done
[2.824s] -- Check for working CXX compiler: /usr/bin/c++ - skipped
[2.824s] -- Detecting CXX compile features
[2.824s] -- Detecting CXX compile features - done
[2.824s] -- Found ament_cmake: 1.3.6 (/opt/ros/humble/share/ament_cmake/cmake)
[3.294s] -- Found Python3: /usr/bin/python3.10 (found version "3.10.12") found components: Interpreter 
[3.474s] -- Override CMake install command with custom implementation using symlinks instead of copying resources
[3.537s] -- Found dynamixel_sdk: 3.7.60 (/home/davide/sesasr_labs/install/dynamixel_sdk/share/dynamixel_sdk/cmake)
[3.541s] -- Found hardware_interface: 2.36.0 (/opt/ros/humble/share/hardware_interface/cmake)
[3.721s] -- Found rosidl_generator_c: 3.1.5 (/opt/ros/humble/share/rosidl_generator_c/cmake)
[3.768s] -- Found rosidl_adapter: 3.1.5 (/opt/ros/humble/share/rosidl_adapter/cmake)
[3.818s] -- Found rosidl_generator_cpp: 3.1.5 (/opt/ros/humble/share/rosidl_generator_cpp/cmake)
[3.926s] -- Using all available rosidl_typesupport_c: rosidl_typesupport_fastrtps_c;rosidl_typesupport_introspection_c
[3.975s] -- Using all available rosidl_typesupport_cpp: rosidl_typesupport_fastrtps_cpp;rosidl_typesupport_introspection_cpp
[6.952s] -- Found rmw_implementation_cmake: 6.1.1 (/opt/ros/humble/share/rmw_implementation_cmake/cmake)
[6.969s] -- Found rmw_fastrtps_cpp: 6.2.5 (/opt/ros/humble/share/rmw_fastrtps_cpp/cmake)
[7.114s] -- Found TinyXML2 via Config file: TinyXML2_DIR-NOTFOUND
[7.206s] -- Found OpenSSL: /usr/lib/x86_64-linux-gnu/libcrypto.so (found version "3.0.2")  
[7.217s] -- Found TinyXML2 via Config file: TinyXML2_DIR-NOTFOUND
[7.387s] -- Found FastRTPS: /opt/ros/humble/include  
[7.399s] -- Found TinyXML2 via Config file: TinyXML2_DIR-NOTFOUND
[7.422s] -- Found TinyXML2 via Config file: TinyXML2_DIR-NOTFOUND
[7.520s] -- Using RMW implementation 'rmw_fastrtps_cpp' as default
[7.532s] -- Looking for pthread.h
[7.678s] -- Looking for pthread.h - found
[7.679s] -- Performing Test CMAKE_HAVE_LIBC_PTHREAD
[7.903s] -- Performing Test CMAKE_HAVE_LIBC_PTHREAD - Success
[7.903s] -- Found Threads: TRUE  
[8.247s] -- Configuring done
[8.301s] -- Generating done
[8.302s] -- Build files have been written to: /home/davide/sesasr_labs/build/turtlebot3_hardware
[8.472s] Invoked command in '/home/davide/sesasr_labs/build/turtlebot3_hardware' returned '0': AMENT_PREFIX_PATH=/home/davide/sesasr_labs/install/dynamixel_sdk:${AMENT_PREFIX_PATH} CMAKE_PREFIX_PATH=/home/davide/sesasr_labs/install/dynamixel_sdk:/home/davide/sesasr_labs/install/turtlesim:/home/davide/sesasr_labs/install/examples_rclcpp_wait_set:/home/davide/sesasr_labs/install/examples_rclcpp_multithreaded_executor:/home/davide/sesasr_labs/install/examples_rclcpp_minimal_timer:/home/davide/sesasr_labs/install/examples_rclcpp_minimal_subscriber:/home/davide/sesasr_labs/install/examples_rclcpp_minimal_service:/home/davide/sesasr_labs/install/examples_rclcpp_minimal_publisher:/home/davide/sesasr_labs/install/examples_rclcpp_minimal_composition:/home/davide/sesasr_labs/install/examples_rclcpp_minimal_client:/home/davide/sesasr_labs/install/examples_rclcpp_minimal_action_server:/home/davide/sesasr_labs/install/examples_rclcpp_minimal_action_client:/home/davide/sesasr_labs/install/examples_rclcpp_cbg_executor:/home/davide/sesasr_labs/install/examples_rclcpp_async_client:/home/davide/sesasr_labs/install/my_package:/home/davide/sesasr_labs/install/launch_testing_examples:/home/davide/sesasr_labs/install/examples_rclpy_pointcloud_publisher:/home/davide/sesasr_labs/install/examples_rclpy_minimal_subscriber:/home/davide/sesasr_labs/install/examples_rclpy_minimal_service:/home/davide/sesasr_labs/install/examples_rclpy_minimal_publisher:/home/davide/sesasr_labs/install/examples_rclpy_minimal_client:/home/davide/sesasr_labs/install/examples_rclpy_minimal_action_server:/home/davide/sesasr_labs/install/examples_rclpy_minimal_action_client:/home/davide/sesasr_labs/install/examples_rclpy_guard_conditions:/home/davide/sesasr_labs/install/examples_rclpy_executors:/opt/ros/humble LD_LIBRARY_PATH=/home/davide/sesasr_labs/install/dynamixel_sdk/lib:${LD_LIBRARY_PATH} /usr/bin/cmake /home/davide/sesasr_labs/src/turtlebot3/turtlebot3_hardware -DAMENT_CMAKE_SYMLINK_INSTALL=1 -DCMAKE_INSTALL_PREFIX=/home/davide/sesasr_labs/install/turtlebot3_hardware
[8.474s] Invoking command in '/home/davide/sesasr_labs/build/turtlebot3_hardware': AMENT_PREFIX_PATH=/home/davide/sesasr_labs/install/dynamixel_sdk:${AMENT_PREFIX_PATH} CMAKE_PREFIX_PATH=/home/davide/sesasr_labs/install/dynamixel_sdk:/home/davide/sesasr_labs/install/turtlesim:/home/davide/sesasr_labs/install/examples_rclcpp_wait_set:/home/davide/sesasr_labs/install/examples_rclcpp_multithreaded_executor:/home/davide/sesasr_labs/install/examples_rclcpp_minimal_timer:/home/davide/sesasr_labs/install/examples_rclcpp_minimal_subscriber:/home/davide/sesasr_labs/install/examples_rclcpp_minimal_service:/home/davide/sesasr_labs/install/examples_rclcpp_minimal_publisher:/home/davide/sesasr_labs/install/examples_rclcpp_minimal_composition:/home/davide/sesasr_labs/install/examples_rclcpp_minimal_client:/home/davide/sesasr_labs/install/examples_rclcpp_minimal_action_server:/home/davide/sesasr_labs/install/examples_rclcpp_minimal_action_client:/home/davide/sesasr_labs/install/examples_rclcpp_cbg_executor:/home/davide/sesasr_labs/install/examples_rclcpp_async_client:/home/davide/sesasr_labs/install/my_package:/home/davide/sesasr_labs/install/launch_testing_examples:/home/davide/sesasr_labs/install/examples_rclpy_pointcloud_publisher:/home/davide/sesasr_labs/install/examples_rclpy_minimal_subscriber:/home/davide/sesasr_labs/install/examples_rclpy_minimal_service:/home/davide/sesasr_labs/install/examples_rclpy_minimal_publisher:/home/davide/sesasr_labs/install/examples_rclpy_minimal_client:/home/davide/sesasr_labs/install/examples_rclpy_minimal_action_server:/home/davide/sesasr_labs/install/examples_rclpy_minimal_action_client:/home/davide/sesasr_labs/install/examples_rclpy_guard_conditions:/home/davide/sesasr_labs/install/examples_rclpy_executors:/opt/ros/humble LD_LIBRARY_PATH=/home/davide/sesasr_labs/install/dynamixel_sdk/lib:${LD_LIBRARY_PATH} /usr/bin/cmake --build /home/davide/sesasr_labs/build/turtlebot3_hardware -- -j8 -l8
[8.594s] [ 25%] [32mBuilding CXX object CMakeFiles/turtlebot3_hardware.dir/src/opencr.cpp.o[0m
[8.594s] [ 50%] [32mBuilding CXX object CMakeFiles/turtlebot3_hardware.dir/src/dynamixel_sdk_wrapper.cpp.o[0m
[8.594s] [ 75%] [32mBuilding CXX object CMakeFiles/turtlebot3_hardware.dir/src/turtlebot3_system.cpp.o[0m
[12.780s] [100%] [32m[1mLinking CXX shared library libturtlebot3_hardware.so[0m
[13.108s] [100%] Built target turtlebot3_hardware
[13.125s] Invoked command in '/home/davide/sesasr_labs/build/turtlebot3_hardware' returned '0': AMENT_PREFIX_PATH=/home/davide/sesasr_labs/install/dynamixel_sdk:${AMENT_PREFIX_PATH} CMAKE_PREFIX_PATH=/home/davide/sesasr_labs/install/dynamixel_sdk:/home/davide/sesasr_labs/install/turtlesim:/home/davide/sesasr_labs/install/examples_rclcpp_wait_set:/home/davide/sesasr_labs/install/examples_rclcpp_multithreaded_executor:/home/davide/sesasr_labs/install/examples_rclcpp_minimal_timer:/home/davide/sesasr_labs/install/examples_rclcpp_minimal_subscriber:/home/davide/sesasr_labs/install/examples_rclcpp_minimal_service:/home/davide/sesasr_labs/install/examples_rclcpp_minimal_publisher:/home/davide/sesasr_labs/install/examples_rclcpp_minimal_composition:/home/davide/sesasr_labs/install/examples_rclcpp_minimal_client:/home/davide/sesasr_labs/install/examples_rclcpp_minimal_action_server:/home/davide/sesasr_labs/install/examples_rclcpp_minimal_action_client:/home/davide/sesasr_labs/install/examples_rclcpp_cbg_executor:/home/davide/sesasr_labs/install/examples_rclcpp_async_client:/home/davide/sesasr_labs/install/my_package:/home/davide/sesasr_labs/install/launch_testing_examples:/home/davide/sesasr_labs/install/examples_rclpy_pointcloud_publisher:/home/davide/sesasr_labs/install/examples_rclpy_minimal_subscriber:/home/davide/sesasr_labs/install/examples_rclpy_minimal_service:/home/davide/sesasr_labs/install/examples_rclpy_minimal_publisher:/home/davide/sesasr_labs/install/examples_rclpy_minimal_client:/home/davide/sesasr_labs/install/examples_rclpy_minimal_action_server:/home/davide/sesasr_labs/install/examples_rclpy_minimal_action_client:/home/davide/sesasr_labs/install/examples_rclpy_guard_conditions:/home/davide/sesasr_labs/install/examples_rclpy_executors:/opt/ros/humble LD_LIBRARY_PATH=/home/davide/sesasr_labs/install/dynamixel_sdk/lib:${LD_LIBRARY_PATH} /usr/bin/cmake --build /home/davide/sesasr_labs/build/turtlebot3_hardware -- -j8 -l8
[13.216s] Invoking command in '/home/davide/sesasr_labs/build/turtlebot3_hardware': AMENT_PREFIX_PATH=/home/davide/sesasr_labs/install/dynamixel_sdk:${AMENT_PREFIX_PATH} CMAKE_PREFIX_PATH=/home/davide/sesasr_labs/install/dynamixel_sdk:/home/davide/sesasr_labs/install/turtlesim:/home/davide/sesasr_labs/install/examples_rclcpp_wait_set:/home/davide/sesasr_labs/install/examples_rclcpp_multithreaded_executor:/home/davide/sesasr_labs/install/examples_rclcpp_minimal_timer:/home/davide/sesasr_labs/install/examples_rclcpp_minimal_subscriber:/home/davide/sesasr_labs/install/examples_rclcpp_minimal_service:/home/davide/sesasr_labs/install/examples_rclcpp_minimal_publisher:/home/davide/sesasr_labs/install/examples_rclcpp_minimal_composition:/home/davide/sesasr_labs/install/examples_rclcpp_minimal_client:/home/davide/sesasr_labs/install/examples_rclcpp_minimal_action_server:/home/davide/sesasr_labs/install/examples_rclcpp_minimal_action_client:/home/davide/sesasr_labs/install/examples_rclcpp_cbg_executor:/home/davide/sesasr_labs/install/examples_rclcpp_async_client:/home/davide/sesasr_labs/install/my_package:/home/davide/sesasr_labs/install/launch_testing_examples:/home/davide/sesasr_labs/install/examples_rclpy_pointcloud_publisher:/home/davide/sesasr_labs/install/examples_rclpy_minimal_subscriber:/home/davide/sesasr_labs/install/examples_rclpy_minimal_service:/home/davide/sesasr_labs/install/examples_rclpy_minimal_publisher:/home/davide/sesasr_labs/install/examples_rclpy_minimal_client:/home/davide/sesasr_labs/install/examples_rclpy_minimal_action_server:/home/davide/sesasr_labs/install/examples_rclpy_minimal_action_client:/home/davide/sesasr_labs/install/examples_rclpy_guard_conditions:/home/davide/sesasr_labs/install/examples_rclpy_executors:/opt/ros/humble LD_LIBRARY_PATH=/home/davide/sesasr_labs/install/dynamixel_sdk/lib:${LD_LIBRARY_PATH} /usr/bin/cmake --install /home/davide/sesasr_labs/build/turtlebot3_hardware
[14.118s] -- Install configuration: ""
[14.119s] -- Execute custom install script
[14.120s] -- Symlinking: /home/davide/sesasr_labs/install/turtlebot3_hardware/share/turtlebot3_hardware//turtlebot3_hardware.xml
[14.120s] -- Symlinking: /home/davide/sesasr_labs/install/turtlebot3_hardware/include/turtlebot3_hardware/dynamixel_sdk_wrapper.hpp
[14.120s] -- Symlinking: /home/davide/sesasr_labs/install/turtlebot3_hardware/include/turtlebot3_hardware/opencr.hpp
[14.120s] -- Symlinking: /home/davide/sesasr_labs/install/turtlebot3_hardware/include/turtlebot3_hardware/opencr_control_table.hpp
[14.120s] -- Symlinking: /home/davide/sesasr_labs/install/turtlebot3_hardware/include/turtlebot3_hardware/opencr_definitions.hpp
[14.120s] -- Symlinking: /home/davide/sesasr_labs/install/turtlebot3_hardware/include/turtlebot3_hardware/turtlebot3_system.hpp
[14.120s] -- Symlinking: /home/davide/sesasr_labs/install/turtlebot3_hardware/include/turtlebot3_hardware/visibility_control.h
[14.120s] -- Symlinking: /home/davide/sesasr_labs/install/turtlebot3_hardware/lib/libturtlebot3_hardware.so
[14.120s] -- Symlinking: /home/davide/sesasr_labs/install/turtlebot3_hardware/share/turtlebot3_hardware/environment/library_path.sh
[14.120s] -- Symlinking: /home/davide/sesasr_labs/install/turtlebot3_hardware/share/turtlebot3_hardware/environment/library_path.dsv
[14.120s] -- Symlinking: /home/davide/sesasr_labs/install/turtlebot3_hardware/share/ament_index/resource_index/package_run_dependencies/turtlebot3_hardware
[14.120s] -- Symlinking: /home/davide/sesasr_labs/install/turtlebot3_hardware/share/ament_index/resource_index/parent_prefix_path/turtlebot3_hardware
[14.121s] -- Symlinking: /home/davide/sesasr_labs/install/turtlebot3_hardware/share/turtlebot3_hardware/environment/ament_prefix_path.sh
[14.121s] -- Symlinking: /home/davide/sesasr_labs/install/turtlebot3_hardware/share/turtlebot3_hardware/environment/ament_prefix_path.dsv
[14.121s] -- Symlinking: /home/davide/sesasr_labs/install/turtlebot3_hardware/share/turtlebot3_hardware/environment/path.sh
[14.121s] -- Symlinking: /home/davide/sesasr_labs/install/turtlebot3_hardware/share/turtlebot3_hardware/environment/path.dsv
[14.121s] -- Symlinking: /home/davide/sesasr_labs/install/turtlebot3_hardware/share/turtlebot3_hardware/local_setup.bash
[14.121s] -- Symlinking: /home/davide/sesasr_labs/install/turtlebot3_hardware/share/turtlebot3_hardware/local_setup.sh
[14.121s] -- Symlinking: /home/davide/sesasr_labs/install/turtlebot3_hardware/share/turtlebot3_hardware/local_setup.zsh
[14.121s] -- Symlinking: /home/davide/sesasr_labs/install/turtlebot3_hardware/share/turtlebot3_hardware/local_setup.dsv
[14.121s] -- Symlinking: /home/davide/sesasr_labs/install/turtlebot3_hardware/share/turtlebot3_hardware/package.dsv
[14.121s] -- Symlinking: /home/davide/sesasr_labs/install/turtlebot3_hardware/share/ament_index/resource_index/packages/turtlebot3_hardware
[14.121s] -- Symlinking: /home/davide/sesasr_labs/install/turtlebot3_hardware/share/ament_index/resource_index/hardware_interface__pluginlib__plugin/turtlebot3_hardware
[14.121s] -- Symlinking: /home/davide/sesasr_labs/install/turtlebot3_hardware/share/turtlebot3_hardware/cmake/ament_cmake_export_include_directories-extras.cmake
[14.121s] -- Symlinking: /home/davide/sesasr_labs/install/turtlebot3_hardware/share/turtlebot3_hardware/cmake/ament_cmake_export_libraries-extras.cmake
[14.121s] -- Symlinking: /home/davide/sesasr_labs/install/turtlebot3_hardware/share/turtlebot3_hardware/cmake/ament_cmake_export_dependencies-extras.cmake
[14.121s] -- Symlinking: /home/davide/sesasr_labs/install/turtlebot3_hardware/share/turtlebot3_hardware/cmake/turtlebot3_hardwareConfig.cmake
[14.121s] -- Symlinking: /home/davide/sesasr_labs/install/turtlebot3_hardware/share/turtlebot3_hardware/cmake/turtlebot3_hardwareConfig-version.cmake
[14.121s] -- Symlinking: /home/davide/sesasr_labs/install/turtlebot3_hardware/share/turtlebot3_hardware/package.xml
[14.121s] Invoked command in '/home/davide/sesasr_labs/build/turtlebot3_hardware' returned '0': AMENT_PREFIX_PATH=/home/davide/sesasr_labs/install/dynamixel_sdk:${AMENT_PREFIX_PATH} CMAKE_PREFIX_PATH=/home/davide/sesasr_labs/install/dynamixel_sdk:/home/davide/sesasr_labs/install/turtlesim:/home/davide/sesasr_labs/install/examples_rclcpp_wait_set:/home/davide/sesasr_labs/install/examples_rclcpp_multithreaded_executor:/home/davide/sesasr_labs/install/examples_rclcpp_minimal_timer:/home/davide/sesasr_labs/install/examples_rclcpp_minimal_subscriber:/home/davide/sesasr_labs/install/examples_rclcpp_minimal_service:/home/davide/sesasr_labs/install/examples_rclcpp_minimal_publisher:/home/davide/sesasr_labs/install/examples_rclcpp_minimal_composition:/home/davide/sesasr_labs/install/examples_rclcpp_minimal_client:/home/davide/sesasr_labs/install/examples_rclcpp_minimal_action_server:/home/davide/sesasr_labs/install/examples_rclcpp_minimal_action_client:/home/davide/sesasr_labs/install/examples_rclcpp_cbg_executor:/home/davide/sesasr_labs/install/examples_rclcpp_async_client:/home/davide/sesasr_labs/install/my_package:/home/davide/sesasr_labs/install/launch_testing_examples:/home/davide/sesasr_labs/install/examples_rclpy_pointcloud_publisher:/home/davide/sesasr_labs/install/examples_rclpy_minimal_subscriber:/home/davide/sesasr_labs/install/examples_rclpy_minimal_service:/home/davide/sesasr_labs/install/examples_rclpy_minimal_publisher:/home/davide/sesasr_labs/install/examples_rclpy_minimal_client:/home/davide/sesasr_labs/install/examples_rclpy_minimal_action_server:/home/davide/sesasr_labs/install/examples_rclpy_minimal_action_client:/home/davide/sesasr_labs/install/examples_rclpy_guard_conditions:/home/davide/sesasr_labs/install/examples_rclpy_executors:/opt/ros/humble LD_LIBRARY_PATH=/home/davide/sesasr_labs/install/dynamixel_sdk/lib:${LD_LIBRARY_PATH} /usr/bin/cmake --install /home/davide/sesasr_labs/build/turtlebot3_hardware
