[1.529s] Invoking command in '/home/davide/sesasr_labs/build/examples_rclpy_minimal_client': PYTHONPATH=/home/davide/sesasr_labs/build/examples_rclpy_minimal_client/prefix_override:/home/davide/sesasr_labs/install/examples_rclpy_minimal_client/lib/python3.10/site-packages:${PYTHONPATH} /usr/bin/python3 setup.py develop --editable --build-directory /home/davide/sesasr_labs/build/examples_rclpy_minimal_client/build --no-deps install_data
[1.730s] running develop
[1.731s] /usr/lib/python3/dist-packages/setuptools/command/easy_install.py:158: EasyInstallDeprecationWarning: easy_install command is deprecated. Use build and pip and other standards-based tools.
[1.731s]   warnings.warn(
[1.732s] /usr/lib/python3/dist-packages/setuptools/command/install.py:34: SetuptoolsDeprecationWarning: setup.py install is deprecated. Use build and pip and other standards-based tools.
[1.732s]   warnings.warn(
[1.862s] running egg_info
[1.862s] writing examples_rclpy_minimal_client.egg-info/PKG-INFO
[1.863s] writing dependency_links to examples_rclpy_minimal_client.egg-info/dependency_links.txt
[1.863s] writing entry points to examples_rclpy_minimal_client.egg-info/entry_points.txt
[1.863s] writing requirements to examples_rclpy_minimal_client.egg-info/requires.txt
[1.863s] writing top-level names to examples_rclpy_minimal_client.egg-info/top_level.txt
[1.864s] reading manifest file 'examples_rclpy_minimal_client.egg-info/SOURCES.txt'
[1.865s] writing manifest file 'examples_rclpy_minimal_client.egg-info/SOURCES.txt'
[1.866s] running build_ext
[1.866s] Creating /home/davide/sesasr_labs/install/examples_rclpy_minimal_client/lib/python3.10/site-packages/examples-rclpy-minimal-client.egg-link (link to .)
[1.867s] Installing client script to /home/davide/sesasr_labs/install/examples_rclpy_minimal_client/lib/examples_rclpy_minimal_client
[1.867s] Installing client_async script to /home/davide/sesasr_labs/install/examples_rclpy_minimal_client/lib/examples_rclpy_minimal_client
[1.867s] Installing client_async_callback script to /home/davide/sesasr_labs/install/examples_rclpy_minimal_client/lib/examples_rclpy_minimal_client
[1.867s] Installing client_async_member_function script to /home/davide/sesasr_labs/install/examples_rclpy_minimal_client/lib/examples_rclpy_minimal_client
[1.867s] 
[1.867s] Installed /home/davide/sesasr_labs/build/examples_rclpy_minimal_client
[1.868s] running install_data
[2.414s] Invoked command in '/home/davide/sesasr_labs/build/examples_rclpy_minimal_client' returned '0': PYTHONPATH=/home/davide/sesasr_labs/build/examples_rclpy_minimal_client/prefix_override:/home/davide/sesasr_labs/install/examples_rclpy_minimal_client/lib/python3.10/site-packages:${PYTHONPATH} /usr/bin/python3 setup.py develop --editable --build-directory /home/davide/sesasr_labs/build/examples_rclpy_minimal_client/build --no-deps install_data
