[1.990s] Invoking command in '/home/davide/sesasr_labs/src/examples/rclpy/guard_conditions': PYTHONPATH=/home/davide/sesasr_labs/build/examples_rclpy_guard_conditions/prefix_override:/home/davide/sesasr_labs/install/examples_rclpy_guard_conditions/lib/python3.10/site-packages:${PYTHONPATH} /usr/bin/python3 setup.py egg_info --egg-base ../../../../build/examples_rclpy_guard_conditions build --build-base /home/davide/sesasr_labs/build/examples_rclpy_guard_conditions/build install --record /home/davide/sesasr_labs/build/examples_rclpy_guard_conditions/install.log --single-version-externally-managed
[2.187s] running egg_info
[2.188s] writing ../../../../build/examples_rclpy_guard_conditions/examples_rclpy_guard_conditions.egg-info/PKG-INFO
[2.188s] writing dependency_links to ../../../../build/examples_rclpy_guard_conditions/examples_rclpy_guard_conditions.egg-info/dependency_links.txt
[2.188s] writing entry points to ../../../../build/examples_rclpy_guard_conditions/examples_rclpy_guard_conditions.egg-info/entry_points.txt
[2.189s] writing requirements to ../../../../build/examples_rclpy_guard_conditions/examples_rclpy_guard_conditions.egg-info/requires.txt
[2.189s] writing top-level names to ../../../../build/examples_rclpy_guard_conditions/examples_rclpy_guard_conditions.egg-info/top_level.txt
[2.190s] reading manifest file '../../../../build/examples_rclpy_guard_conditions/examples_rclpy_guard_conditions.egg-info/SOURCES.txt'
[2.191s] writing manifest file '../../../../build/examples_rclpy_guard_conditions/examples_rclpy_guard_conditions.egg-info/SOURCES.txt'
[2.191s] running build
[2.191s] running build_py
[2.192s] running install
[2.193s] /usr/lib/python3/dist-packages/setuptools/command/install.py:34: SetuptoolsDeprecationWarning: setup.py install is deprecated. Use build and pip and other standards-based tools.
[2.193s]   warnings.warn(
[2.193s] running install_lib
[2.194s] running install_data
[2.195s] running install_egg_info
[2.197s] removing '/home/davide/sesasr_labs/install/examples_rclpy_guard_conditions/lib/python3.10/site-packages/examples_rclpy_guard_conditions-0.15.1-py3.10.egg-info' (and everything under it)
[2.197s] Copying ../../../../build/examples_rclpy_guard_conditions/examples_rclpy_guard_conditions.egg-info to /home/davide/sesasr_labs/install/examples_rclpy_guard_conditions/lib/python3.10/site-packages/examples_rclpy_guard_conditions-0.15.1-py3.10.egg-info
[2.198s] running install_scripts
[2.220s] Installing trigger_guard_condition script to /home/davide/sesasr_labs/install/examples_rclpy_guard_conditions/lib/examples_rclpy_guard_conditions
[2.220s] writing list of installed files to '/home/davide/sesasr_labs/build/examples_rclpy_guard_conditions/install.log'
[2.752s] Invoked command in '/home/davide/sesasr_labs/src/examples/rclpy/guard_conditions' returned '0': PYTHONPATH=/home/davide/sesasr_labs/build/examples_rclpy_guard_conditions/prefix_override:/home/davide/sesasr_labs/install/examples_rclpy_guard_conditions/lib/python3.10/site-packages:${PYTHONPATH} /usr/bin/python3 setup.py egg_info --egg-base ../../../../build/examples_rclpy_guard_conditions build --build-base /home/davide/sesasr_labs/build/examples_rclpy_guard_conditions/build install --record /home/davide/sesasr_labs/build/examples_rclpy_guard_conditions/install.log --single-version-externally-managed
