[1.436s] Invoking command in '/home/davide/sesasr_labs/build/examples_rclpy_pointcloud_publisher': PYTHONPATH=/home/davide/sesasr_labs/build/examples_rclpy_pointcloud_publisher/prefix_override:/home/davide/sesasr_labs/install/examples_rclpy_pointcloud_publisher/lib/python3.10/site-packages:${PYTHONPATH} /usr/bin/python3 setup.py develop --editable --build-directory /home/davide/sesasr_labs/build/examples_rclpy_pointcloud_publisher/build --no-deps install_data
[1.652s] running develop
[1.654s] /usr/lib/python3/dist-packages/setuptools/command/easy_install.py:158: EasyInstallDeprecationWarning: easy_install command is deprecated. Use build and pip and other standards-based tools.
[1.654s]   warnings.warn(
[1.654s] /usr/lib/python3/dist-packages/setuptools/command/install.py:34: SetuptoolsDeprecationWarning: setup.py install is deprecated. Use build and pip and other standards-based tools.
[1.654s]   warnings.warn(
[1.792s] running egg_info
[1.792s] writing examples_rclpy_pointcloud_publisher.egg-info/PKG-INFO
[1.793s] writing dependency_links to examples_rclpy_pointcloud_publisher.egg-info/dependency_links.txt
[1.793s] writing entry points to examples_rclpy_pointcloud_publisher.egg-info/entry_points.txt
[1.793s] writing requirements to examples_rclpy_pointcloud_publisher.egg-info/requires.txt
[1.793s] writing top-level names to examples_rclpy_pointcloud_publisher.egg-info/top_level.txt
[1.794s] reading manifest file 'examples_rclpy_pointcloud_publisher.egg-info/SOURCES.txt'
[1.795s] writing manifest file 'examples_rclpy_pointcloud_publisher.egg-info/SOURCES.txt'
[1.796s] running build_ext
[1.796s] Creating /home/davide/sesasr_labs/install/examples_rclpy_pointcloud_publisher/lib/python3.10/site-packages/examples-rclpy-pointcloud-publisher.egg-link (link to .)
[1.797s] Installing pointcloud_publisher script to /home/davide/sesasr_labs/install/examples_rclpy_pointcloud_publisher/lib/examples_rclpy_pointcloud_publisher
[1.797s] 
[1.797s] Installed /home/davide/sesasr_labs/build/examples_rclpy_pointcloud_publisher
[1.797s] running install_data
[1.890s] Invoked command in '/home/davide/sesasr_labs/build/examples_rclpy_pointcloud_publisher' returned '0': PYTHONPATH=/home/davide/sesasr_labs/build/examples_rclpy_pointcloud_publisher/prefix_override:/home/davide/sesasr_labs/install/examples_rclpy_pointcloud_publisher/lib/python3.10/site-packages:${PYTHONPATH} /usr/bin/python3 setup.py develop --editable --build-directory /home/davide/sesasr_labs/build/examples_rclpy_pointcloud_publisher/build --no-deps install_data
