[1.132s] Invoking command in '/home/davide/sesasr_labs/build/examples_rclpy_pointcloud_publisher': PYTHONPATH=/home/davide/sesasr_labs/build/examples_rclpy_pointcloud_publisher/prefix_override:/home/davide/sesasr_labs/install/examples_rclpy_pointcloud_publisher/lib/python3.10/site-packages:${PYTHONPATH} /usr/bin/python3 setup.py develop --uninstall --editable --build-directory /home/davide/sesasr_labs/build/examples_rclpy_pointcloud_publisher/build
[1.352s] running develop
[1.353s] /usr/lib/python3/dist-packages/setuptools/command/easy_install.py:158: EasyInstallDeprecationWarning: easy_install command is deprecated. Use build and pip and other standards-based tools.
[1.354s]   warnings.warn(
[1.354s] /usr/lib/python3/dist-packages/setuptools/command/install.py:34: SetuptoolsDeprecationWarning: setup.py install is deprecated. Use build and pip and other standards-based tools.
[1.354s]   warnings.warn(
[1.473s] Removing /home/davide/sesasr_labs/install/examples_rclpy_pointcloud_publisher/lib/python3.10/site-packages/examples-rclpy-pointcloud-publisher.egg-link (link to .)
[1.501s] Invoked command in '/home/davide/sesasr_labs/build/examples_rclpy_pointcloud_publisher' returned '0': PYTHONPATH=/home/davide/sesasr_labs/build/examples_rclpy_pointcloud_publisher/prefix_override:/home/davide/sesasr_labs/install/examples_rclpy_pointcloud_publisher/lib/python3.10/site-packages:${PYTHONPATH} /usr/bin/python3 setup.py develop --uninstall --editable --build-directory /home/davide/sesasr_labs/build/examples_rclpy_pointcloud_publisher/build
[1.503s] Invoking command in '/home/davide/sesasr_labs/src/examples/rclpy/topics/pointcloud_publisher': PYTHONPATH=/home/davide/sesasr_labs/build/examples_rclpy_pointcloud_publisher/prefix_override:/home/davide/sesasr_labs/install/examples_rclpy_pointcloud_publisher/lib/python3.10/site-packages:${PYTHONPATH} /usr/bin/python3 setup.py egg_info --egg-base ../../../../../build/examples_rclpy_pointcloud_publisher build --build-base /home/davide/sesasr_labs/build/examples_rclpy_pointcloud_publisher/build install --record /home/davide/sesasr_labs/build/examples_rclpy_pointcloud_publisher/install.log --single-version-externally-managed
[1.677s] running egg_info
[1.678s] writing ../../../../../build/examples_rclpy_pointcloud_publisher/examples_rclpy_pointcloud_publisher.egg-info/PKG-INFO
[1.678s] writing dependency_links to ../../../../../build/examples_rclpy_pointcloud_publisher/examples_rclpy_pointcloud_publisher.egg-info/dependency_links.txt
[1.678s] writing entry points to ../../../../../build/examples_rclpy_pointcloud_publisher/examples_rclpy_pointcloud_publisher.egg-info/entry_points.txt
[1.679s] writing requirements to ../../../../../build/examples_rclpy_pointcloud_publisher/examples_rclpy_pointcloud_publisher.egg-info/requires.txt
[1.679s] writing top-level names to ../../../../../build/examples_rclpy_pointcloud_publisher/examples_rclpy_pointcloud_publisher.egg-info/top_level.txt
[1.680s] reading manifest file '../../../../../build/examples_rclpy_pointcloud_publisher/examples_rclpy_pointcloud_publisher.egg-info/SOURCES.txt'
[1.681s] writing manifest file '../../../../../build/examples_rclpy_pointcloud_publisher/examples_rclpy_pointcloud_publisher.egg-info/SOURCES.txt'
[1.681s] running build
[1.681s] running build_py
[1.681s] creating /home/davide/sesasr_labs/build/examples_rclpy_pointcloud_publisher/build
[1.681s] creating /home/davide/sesasr_labs/build/examples_rclpy_pointcloud_publisher/build/lib
[1.682s] creating /home/davide/sesasr_labs/build/examples_rclpy_pointcloud_publisher/build/lib/examples_rclpy_pointcloud_publisher
[1.682s] copying examples_rclpy_pointcloud_publisher/pointcloud_publisher.py -> /home/davide/sesasr_labs/build/examples_rclpy_pointcloud_publisher/build/lib/examples_rclpy_pointcloud_publisher
[1.682s] copying examples_rclpy_pointcloud_publisher/__init__.py -> /home/davide/sesasr_labs/build/examples_rclpy_pointcloud_publisher/build/lib/examples_rclpy_pointcloud_publisher
[1.682s] running install
[1.682s] /usr/lib/python3/dist-packages/setuptools/command/install.py:34: SetuptoolsDeprecationWarning: setup.py install is deprecated. Use build and pip and other standards-based tools.
[1.682s]   warnings.warn(
[1.682s] running install_lib
[1.683s] creating /home/davide/sesasr_labs/install/examples_rclpy_pointcloud_publisher/lib/python3.10/site-packages/examples_rclpy_pointcloud_publisher
[1.683s] copying /home/davide/sesasr_labs/build/examples_rclpy_pointcloud_publisher/build/lib/examples_rclpy_pointcloud_publisher/pointcloud_publisher.py -> /home/davide/sesasr_labs/install/examples_rclpy_pointcloud_publisher/lib/python3.10/site-packages/examples_rclpy_pointcloud_publisher
[1.683s] copying /home/davide/sesasr_labs/build/examples_rclpy_pointcloud_publisher/build/lib/examples_rclpy_pointcloud_publisher/__init__.py -> /home/davide/sesasr_labs/install/examples_rclpy_pointcloud_publisher/lib/python3.10/site-packages/examples_rclpy_pointcloud_publisher
[1.683s] byte-compiling /home/davide/sesasr_labs/install/examples_rclpy_pointcloud_publisher/lib/python3.10/site-packages/examples_rclpy_pointcloud_publisher/pointcloud_publisher.py to pointcloud_publisher.cpython-310.pyc
[1.684s] byte-compiling /home/davide/sesasr_labs/install/examples_rclpy_pointcloud_publisher/lib/python3.10/site-packages/examples_rclpy_pointcloud_publisher/__init__.py to __init__.cpython-310.pyc
[1.684s] running install_data
[1.685s] running install_egg_info
[1.686s] Copying ../../../../../build/examples_rclpy_pointcloud_publisher/examples_rclpy_pointcloud_publisher.egg-info to /home/davide/sesasr_labs/install/examples_rclpy_pointcloud_publisher/lib/python3.10/site-packages/examples_rclpy_pointcloud_publisher-0.15.1-py3.10.egg-info
[1.687s] running install_scripts
[1.702s] Installing pointcloud_publisher script to /home/davide/sesasr_labs/install/examples_rclpy_pointcloud_publisher/lib/examples_rclpy_pointcloud_publisher
[1.702s] writing list of installed files to '/home/davide/sesasr_labs/build/examples_rclpy_pointcloud_publisher/install.log'
[1.722s] Invoked command in '/home/davide/sesasr_labs/src/examples/rclpy/topics/pointcloud_publisher' returned '0': PYTHONPATH=/home/davide/sesasr_labs/build/examples_rclpy_pointcloud_publisher/prefix_override:/home/davide/sesasr_labs/install/examples_rclpy_pointcloud_publisher/lib/python3.10/site-packages:${PYTHONPATH} /usr/bin/python3 setup.py egg_info --egg-base ../../../../../build/examples_rclpy_pointcloud_publisher build --build-base /home/davide/sesasr_labs/build/examples_rclpy_pointcloud_publisher/build install --record /home/davide/sesasr_labs/build/examples_rclpy_pointcloud_publisher/install.log --single-version-externally-managed
