[0.243s] Invoking command in '/home/davide/sesasr_labs/build/examples_rclcpp_minimal_action_client': CMAKE_PREFIX_PATH=/opt/ros/humble /usr/bin/cmake /home/davide/sesasr_labs/src/examples/rclcpp/actions/minimal_action_client -DAMENT_CMAKE_SYMLINK_INSTALL=1 -DCMAKE_INSTALL_PREFIX=/home/davide/sesasr_labs/install/examples_rclcpp_minimal_action_client
[0.313s] -- Found ament_cmake: 1.3.6 (/opt/ros/humble/share/ament_cmake/cmake)
[0.385s] -- Override CMake install command with custom implementation using symlinks instead of copying resources
[0.385s] -- Found example_interfaces: 0.9.3 (/opt/ros/humble/share/example_interfaces/cmake)
[0.517s] -- Found rosidl_generator_c: 3.1.5 (/opt/ros/humble/share/rosidl_generator_c/cmake)
[0.519s] -- Found rosidl_adapter: 3.1.5 (/opt/ros/humble/share/rosidl_adapter/cmake)
[0.526s] -- Found rosidl_generator_cpp: 3.1.5 (/opt/ros/humble/share/rosidl_generator_cpp/cmake)
[0.538s] -- Using all available rosidl_typesupport_c: rosidl_typesupport_fastrtps_c;rosidl_typesupport_introspection_c
[0.552s] -- Using all available rosidl_typesupport_cpp: rosidl_typesupport_fastrtps_cpp;rosidl_typesupport_introspection_cpp
[0.681s] -- Found rclcpp: 16.0.7 (/opt/ros/humble/share/rclcpp/cmake)
[0.720s] -- Found rmw_implementation_cmake: 6.1.1 (/opt/ros/humble/share/rmw_implementation_cmake/cmake)
[0.722s] -- Found rmw_fastrtps_cpp: 6.2.5 (/opt/ros/humble/share/rmw_fastrtps_cpp/cmake)
[4.806s] -- Using RMW implementation 'rmw_fastrtps_cpp' as default
[4.969s] -- Found rclcpp_action: 16.0.7 (/opt/ros/humble/share/rclcpp_action/cmake)
[5.002s] -- Found ament_lint_auto: 0.12.9 (/opt/ros/humble/share/ament_lint_auto/cmake)
[5.072s] -- Added test 'copyright' to check source files copyright and LICENSE
[5.073s] -- Added test 'cppcheck' to perform static code analysis on C / C++ code
[5.074s] -- Configured cppcheck include dirs: 
[5.074s] -- Configured cppcheck exclude dirs and/or files: 
[5.074s] -- Added test 'cpplint' to check C / C++ code against the Google style
[5.075s] -- Configured cpplint exclude dirs and/or files: 
[5.077s] -- Added test 'lint_cmake' to check CMake code style
[5.077s] -- Added test 'uncrustify' to check C / C++ code style
[5.078s] -- Configured uncrustify additional arguments: 
[5.078s] -- Added test 'xmllint' to check XML markup files
[5.079s] -- Configuring done
[5.093s] -- Generating done
[5.095s] -- Build files have been written to: /home/davide/sesasr_labs/build/examples_rclcpp_minimal_action_client
[5.184s] Invoked command in '/home/davide/sesasr_labs/build/examples_rclcpp_minimal_action_client' returned '0': CMAKE_PREFIX_PATH=/opt/ros/humble /usr/bin/cmake /home/davide/sesasr_labs/src/examples/rclcpp/actions/minimal_action_client -DAMENT_CMAKE_SYMLINK_INSTALL=1 -DCMAKE_INSTALL_PREFIX=/home/davide/sesasr_labs/install/examples_rclcpp_minimal_action_client
[5.185s] Invoking command in '/home/davide/sesasr_labs/build/examples_rclcpp_minimal_action_client': CMAKE_PREFIX_PATH=/opt/ros/humble /usr/bin/cmake --build /home/davide/sesasr_labs/build/examples_rclcpp_minimal_action_client -- -j8 -l8
[5.255s] [35m[1mConsolidate compiler generated dependencies of target action_client_not_composable[0m
[5.256s] [35m[1mConsolidate compiler generated dependencies of target action_client_not_composable_with_feedback[0m
[5.256s] [35m[1mConsolidate compiler generated dependencies of target action_client_not_composable_with_cancel[0m
[5.257s] [35m[1mConsolidate compiler generated dependencies of target action_client_member_functions[0m
[5.257s] [ 25%] Built target action_client_not_composable
[5.259s] [ 50%] Built target action_client_not_composable_with_cancel
[5.260s] [ 75%] Built target action_client_member_functions
[5.261s] [100%] Built target action_client_not_composable_with_feedback
[5.265s] Invoked command in '/home/davide/sesasr_labs/build/examples_rclcpp_minimal_action_client' returned '0': CMAKE_PREFIX_PATH=/opt/ros/humble /usr/bin/cmake --build /home/davide/sesasr_labs/build/examples_rclcpp_minimal_action_client -- -j8 -l8
[5.596s] Invoking command in '/home/davide/sesasr_labs/build/examples_rclcpp_minimal_action_client': CMAKE_PREFIX_PATH=/opt/ros/humble /usr/bin/cmake --install /home/davide/sesasr_labs/build/examples_rclcpp_minimal_action_client
[5.653s] -- Install configuration: ""
[5.653s] -- Execute custom install script
[5.654s] -- Up-to-date symlink: /home/davide/sesasr_labs/install/examples_rclcpp_minimal_action_client/lib/examples_rclcpp_minimal_action_client/action_client_member_functions
[5.655s] -- Up-to-date symlink: /home/davide/sesasr_labs/install/examples_rclcpp_minimal_action_client/lib/examples_rclcpp_minimal_action_client/action_client_not_composable
[5.655s] -- Up-to-date symlink: /home/davide/sesasr_labs/install/examples_rclcpp_minimal_action_client/lib/examples_rclcpp_minimal_action_client/action_client_not_composable_with_cancel
[5.655s] -- Up-to-date symlink: /home/davide/sesasr_labs/install/examples_rclcpp_minimal_action_client/lib/examples_rclcpp_minimal_action_client/action_client_not_composable_with_feedback
[5.656s] -- Up-to-date symlink: /home/davide/sesasr_labs/install/examples_rclcpp_minimal_action_client/share/ament_index/resource_index/package_run_dependencies/examples_rclcpp_minimal_action_client
[5.656s] -- Up-to-date symlink: /home/davide/sesasr_labs/install/examples_rclcpp_minimal_action_client/share/ament_index/resource_index/parent_prefix_path/examples_rclcpp_minimal_action_client
[5.656s] -- Up-to-date symlink: /home/davide/sesasr_labs/install/examples_rclcpp_minimal_action_client/share/examples_rclcpp_minimal_action_client/environment/ament_prefix_path.sh
[5.656s] -- Up-to-date symlink: /home/davide/sesasr_labs/install/examples_rclcpp_minimal_action_client/share/examples_rclcpp_minimal_action_client/environment/ament_prefix_path.dsv
[5.657s] -- Up-to-date symlink: /home/davide/sesasr_labs/install/examples_rclcpp_minimal_action_client/share/examples_rclcpp_minimal_action_client/environment/path.sh
[5.657s] -- Up-to-date symlink: /home/davide/sesasr_labs/install/examples_rclcpp_minimal_action_client/share/examples_rclcpp_minimal_action_client/environment/path.dsv
[5.657s] -- Up-to-date symlink: /home/davide/sesasr_labs/install/examples_rclcpp_minimal_action_client/share/examples_rclcpp_minimal_action_client/local_setup.bash
[5.657s] -- Up-to-date symlink: /home/davide/sesasr_labs/install/examples_rclcpp_minimal_action_client/share/examples_rclcpp_minimal_action_client/local_setup.sh
[5.658s] -- Up-to-date symlink: /home/davide/sesasr_labs/install/examples_rclcpp_minimal_action_client/share/examples_rclcpp_minimal_action_client/local_setup.zsh
[5.658s] -- Up-to-date symlink: /home/davide/sesasr_labs/install/examples_rclcpp_minimal_action_client/share/examples_rclcpp_minimal_action_client/local_setup.dsv
[5.659s] -- Symlinking: /home/davide/sesasr_labs/install/examples_rclcpp_minimal_action_client/share/examples_rclcpp_minimal_action_client/package.dsv
[5.660s] -- Up-to-date symlink: /home/davide/sesasr_labs/install/examples_rclcpp_minimal_action_client/share/ament_index/resource_index/packages/examples_rclcpp_minimal_action_client
[5.661s] -- Up-to-date symlink: /home/davide/sesasr_labs/install/examples_rclcpp_minimal_action_client/share/examples_rclcpp_minimal_action_client/cmake/examples_rclcpp_minimal_action_clientConfig.cmake
[5.662s] -- Up-to-date symlink: /home/davide/sesasr_labs/install/examples_rclcpp_minimal_action_client/share/examples_rclcpp_minimal_action_client/cmake/examples_rclcpp_minimal_action_clientConfig-version.cmake
[5.662s] -- Up-to-date symlink: /home/davide/sesasr_labs/install/examples_rclcpp_minimal_action_client/share/examples_rclcpp_minimal_action_client/package.xml
[5.814s] Invoked command in '/home/davide/sesasr_labs/build/examples_rclcpp_minimal_action_client' returned '0': CMAKE_PREFIX_PATH=/opt/ros/humble /usr/bin/cmake --install /home/davide/sesasr_labs/build/examples_rclcpp_minimal_action_client
