[1.785s] Invoking command in '/home/davide/sesasr_labs/build/examples_rclpy_guard_conditions': PYTHONPATH=/home/davide/sesasr_labs/build/examples_rclpy_guard_conditions/prefix_override:/home/davide/sesasr_labs/install/examples_rclpy_guard_conditions/lib/python3.10/site-packages:${PYTHONPATH} /usr/bin/python3 setup.py develop --editable --build-directory /home/davide/sesasr_labs/build/examples_rclpy_guard_conditions/build --no-deps install_data
[2.041s] running develop
[2.042s] /usr/lib/python3/dist-packages/setuptools/command/easy_install.py:158: EasyInstallDeprecationWarning: easy_install command is deprecated. Use build and pip and other standards-based tools.
[2.042s]   warnings.warn(
[2.043s] /usr/lib/python3/dist-packages/setuptools/command/install.py:34: SetuptoolsDeprecationWarning: setup.py install is deprecated. Use build and pip and other standards-based tools.
[2.043s]   warnings.warn(
[2.225s] running egg_info
[2.226s] writing examples_rclpy_guard_conditions.egg-info/PKG-INFO
[2.227s] writing dependency_links to examples_rclpy_guard_conditions.egg-info/dependency_links.txt
[2.227s] writing entry points to examples_rclpy_guard_conditions.egg-info/entry_points.txt
[2.227s] writing requirements to examples_rclpy_guard_conditions.egg-info/requires.txt
[2.227s] writing top-level names to examples_rclpy_guard_conditions.egg-info/top_level.txt
[2.234s] reading manifest file 'examples_rclpy_guard_conditions.egg-info/SOURCES.txt'
[2.234s] writing manifest file 'examples_rclpy_guard_conditions.egg-info/SOURCES.txt'
[2.234s] running build_ext
[2.234s] Creating /home/davide/sesasr_labs/install/examples_rclpy_guard_conditions/lib/python3.10/site-packages/examples-rclpy-guard-conditions.egg-link (link to .)
[2.234s] Installing trigger_guard_condition script to /home/davide/sesasr_labs/install/examples_rclpy_guard_conditions/lib/examples_rclpy_guard_conditions
[2.234s] 
[2.234s] Installed /home/davide/sesasr_labs/build/examples_rclpy_guard_conditions
[2.234s] running install_data
[2.409s] Invoked command in '/home/davide/sesasr_labs/build/examples_rclpy_guard_conditions' returned '0': PYTHONPATH=/home/davide/sesasr_labs/build/examples_rclpy_guard_conditions/prefix_override:/home/davide/sesasr_labs/install/examples_rclpy_guard_conditions/lib/python3.10/site-packages:${PYTHONPATH} /usr/bin/python3 setup.py develop --editable --build-directory /home/davide/sesasr_labs/build/examples_rclpy_guard_conditions/build --no-deps install_data
