[0.152s] Invoking command in '/home/davide/sesasr_labs/build/turtlebot3_fake_node': AMENT_PREFIX_PATH=/home/davide/sesasr_labs/install/turtlebot3_msgs:${AMENT_PREFIX_PATH} CMAKE_PREFIX_PATH=/home/davide/sesasr_labs/install/turtlebot3_msgs:/home/davide/sesasr_labs/install/turtlesim:/home/davide/sesasr_labs/install/examples_rclcpp_wait_set:/home/davide/sesasr_labs/install/examples_rclcpp_multithreaded_executor:/home/davide/sesasr_labs/install/examples_rclcpp_minimal_timer:/home/davide/sesasr_labs/install/examples_rclcpp_minimal_subscriber:/home/davide/sesasr_labs/install/examples_rclcpp_minimal_service:/home/davide/sesasr_labs/install/examples_rclcpp_minimal_publisher:/home/davide/sesasr_labs/install/examples_rclcpp_minimal_composition:/home/davide/sesasr_labs/install/examples_rclcpp_minimal_client:/home/davide/sesasr_labs/install/examples_rclcpp_minimal_action_server:/home/davide/sesasr_labs/install/examples_rclcpp_minimal_action_client:/home/davide/sesasr_labs/install/examples_rclcpp_cbg_executor:/home/davide/sesasr_labs/install/examples_rclcpp_async_client:/home/davide/sesasr_labs/install/my_package:/home/davide/sesasr_labs/install/launch_testing_examples:/home/davide/sesasr_labs/install/examples_rclpy_pointcloud_publisher:/home/davide/sesasr_labs/install/examples_rclpy_minimal_subscriber:/home/davide/sesasr_labs/install/examples_rclpy_minimal_service:/home/davide/sesasr_labs/install/examples_rclpy_minimal_publisher:/home/davide/sesasr_labs/install/examples_rclpy_minimal_client:/home/davide/sesasr_labs/install/examples_rclpy_minimal_action_server:/home/davide/sesasr_labs/install/examples_rclpy_minimal_action_client:/home/davide/sesasr_labs/install/examples_rclpy_guard_conditions:/home/davide/sesasr_labs/install/examples_rclpy_executors:/opt/ros/humble LD_LIBRARY_PATH=/home/davide/sesasr_labs/install/turtlebot3_msgs/lib:${LD_LIBRARY_PATH} PYTHONPATH=/home/davide/sesasr_labs/install/turtlebot3_msgs/local/lib/python3.10/dist-packages:${PYTHONPATH} /usr/bin/cmake /home/davide/sesasr_labs/src/turtlebot3/turtlebot3_simulations/turtlebot3_fake_node -DAMENT_CMAKE_SYMLINK_INSTALL=1 -DCMAKE_INSTALL_PREFIX=/home/davide/sesasr_labs/install/turtlebot3_fake_node
[0.300s] -- The C compiler identification is GNU 11.4.0
[0.860s] -- The CXX compiler identification is GNU 11.4.0
[1.215s] -- Detecting C compiler ABI info
[1.401s] -- Detecting C compiler ABI info - done
[1.426s] -- Check for working C compiler: /usr/bin/cc - skipped
[1.431s] -- Detecting C compile features
[1.433s] -- Detecting C compile features - done
[1.443s] -- Detecting CXX compiler ABI info
[1.661s] -- Detecting CXX compiler ABI info - done
[1.673s] -- Check for working CXX compiler: /usr/bin/c++ - skipped
[1.674s] -- Detecting CXX compile features
[1.674s] -- Detecting CXX compile features - done
[1.678s] -- Found ament_cmake: 1.3.6 (/opt/ros/humble/share/ament_cmake/cmake)
[1.926s] -- Found Python3: /usr/bin/python3.10 (found version "3.10.12") found components: Interpreter 
[2.014s] -- Override CMake install command with custom implementation using symlinks instead of copying resources
[2.054s] -- Found geometry_msgs: 4.2.3 (/opt/ros/humble/share/geometry_msgs/cmake)
[2.298s] -- Found rosidl_generator_c: 3.1.5 (/opt/ros/humble/share/rosidl_generator_c/cmake)
[2.309s] -- Found rosidl_adapter: 3.1.5 (/opt/ros/humble/share/rosidl_adapter/cmake)
[2.315s] -- Found rosidl_generator_cpp: 3.1.5 (/opt/ros/humble/share/rosidl_generator_cpp/cmake)
[2.330s] -- Using all available rosidl_typesupport_c: rosidl_typesupport_fastrtps_c;rosidl_typesupport_introspection_c
[2.353s] -- Using all available rosidl_typesupport_cpp: rosidl_typesupport_fastrtps_cpp;rosidl_typesupport_introspection_cpp
[2.472s] -- Found nav_msgs: 4.2.3 (/opt/ros/humble/share/nav_msgs/cmake)
[2.559s] -- Found rclcpp: 16.0.7 (/opt/ros/humble/share/rclcpp/cmake)
[2.638s] -- Found rmw_implementation_cmake: 6.1.1 (/opt/ros/humble/share/rmw_implementation_cmake/cmake)
[2.642s] -- Found rmw_fastrtps_cpp: 6.2.5 (/opt/ros/humble/share/rmw_fastrtps_cpp/cmake)
[4.044s] -- Found OpenSSL: /usr/lib/x86_64-linux-gnu/libcrypto.so (found version "3.0.2")  
[5.169s] -- Found FastRTPS: /opt/ros/humble/include  
[7.740s] -- Using RMW implementation 'rmw_fastrtps_cpp' as default
[7.750s] -- Looking for pthread.h
[7.951s] -- Looking for pthread.h - found
[7.951s] -- Performing Test CMAKE_HAVE_LIBC_PTHREAD
[8.076s] -- Performing Test CMAKE_HAVE_LIBC_PTHREAD - Success
[8.077s] -- Found Threads: TRUE  
[8.211s] -- Found sensor_msgs: 4.2.3 (/opt/ros/humble/share/sensor_msgs/cmake)
[8.321s] -- Found tf2: 0.25.5 (/opt/ros/humble/share/tf2/cmake)
[8.357s] -- Found tf2_msgs: 0.25.5 (/opt/ros/humble/share/tf2_msgs/cmake)
[8.531s] -- Found turtlebot3_msgs: 2.2.3 (/home/davide/sesasr_labs/install/turtlebot3_msgs/share/turtlebot3_msgs/cmake)
[8.708s] -- Configuring done
[8.721s] -- Generating done
[8.722s] -- Build files have been written to: /home/davide/sesasr_labs/build/turtlebot3_fake_node
[9.342s] Invoked command in '/home/davide/sesasr_labs/build/turtlebot3_fake_node' returned '0': AMENT_PREFIX_PATH=/home/davide/sesasr_labs/install/turtlebot3_msgs:${AMENT_PREFIX_PATH} CMAKE_PREFIX_PATH=/home/davide/sesasr_labs/install/turtlebot3_msgs:/home/davide/sesasr_labs/install/turtlesim:/home/davide/sesasr_labs/install/examples_rclcpp_wait_set:/home/davide/sesasr_labs/install/examples_rclcpp_multithreaded_executor:/home/davide/sesasr_labs/install/examples_rclcpp_minimal_timer:/home/davide/sesasr_labs/install/examples_rclcpp_minimal_subscriber:/home/davide/sesasr_labs/install/examples_rclcpp_minimal_service:/home/davide/sesasr_labs/install/examples_rclcpp_minimal_publisher:/home/davide/sesasr_labs/install/examples_rclcpp_minimal_composition:/home/davide/sesasr_labs/install/examples_rclcpp_minimal_client:/home/davide/sesasr_labs/install/examples_rclcpp_minimal_action_server:/home/davide/sesasr_labs/install/examples_rclcpp_minimal_action_client:/home/davide/sesasr_labs/install/examples_rclcpp_cbg_executor:/home/davide/sesasr_labs/install/examples_rclcpp_async_client:/home/davide/sesasr_labs/install/my_package:/home/davide/sesasr_labs/install/launch_testing_examples:/home/davide/sesasr_labs/install/examples_rclpy_pointcloud_publisher:/home/davide/sesasr_labs/install/examples_rclpy_minimal_subscriber:/home/davide/sesasr_labs/install/examples_rclpy_minimal_service:/home/davide/sesasr_labs/install/examples_rclpy_minimal_publisher:/home/davide/sesasr_labs/install/examples_rclpy_minimal_client:/home/davide/sesasr_labs/install/examples_rclpy_minimal_action_server:/home/davide/sesasr_labs/install/examples_rclpy_minimal_action_client:/home/davide/sesasr_labs/install/examples_rclpy_guard_conditions:/home/davide/sesasr_labs/install/examples_rclpy_executors:/opt/ros/humble LD_LIBRARY_PATH=/home/davide/sesasr_labs/install/turtlebot3_msgs/lib:${LD_LIBRARY_PATH} PYTHONPATH=/home/davide/sesasr_labs/install/turtlebot3_msgs/local/lib/python3.10/dist-packages:${PYTHONPATH} /usr/bin/cmake /home/davide/sesasr_labs/src/turtlebot3/turtlebot3_simulations/turtlebot3_fake_node -DAMENT_CMAKE_SYMLINK_INSTALL=1 -DCMAKE_INSTALL_PREFIX=/home/davide/sesasr_labs/install/turtlebot3_fake_node
[9.344s] Invoking command in '/home/davide/sesasr_labs/build/turtlebot3_fake_node': AMENT_PREFIX_PATH=/home/davide/sesasr_labs/install/turtlebot3_msgs:${AMENT_PREFIX_PATH} CMAKE_PREFIX_PATH=/home/davide/sesasr_labs/install/turtlebot3_msgs:/home/davide/sesasr_labs/install/turtlesim:/home/davide/sesasr_labs/install/examples_rclcpp_wait_set:/home/davide/sesasr_labs/install/examples_rclcpp_multithreaded_executor:/home/davide/sesasr_labs/install/examples_rclcpp_minimal_timer:/home/davide/sesasr_labs/install/examples_rclcpp_minimal_subscriber:/home/davide/sesasr_labs/install/examples_rclcpp_minimal_service:/home/davide/sesasr_labs/install/examples_rclcpp_minimal_publisher:/home/davide/sesasr_labs/install/examples_rclcpp_minimal_composition:/home/davide/sesasr_labs/install/examples_rclcpp_minimal_client:/home/davide/sesasr_labs/install/examples_rclcpp_minimal_action_server:/home/davide/sesasr_labs/install/examples_rclcpp_minimal_action_client:/home/davide/sesasr_labs/install/examples_rclcpp_cbg_executor:/home/davide/sesasr_labs/install/examples_rclcpp_async_client:/home/davide/sesasr_labs/install/my_package:/home/davide/sesasr_labs/install/launch_testing_examples:/home/davide/sesasr_labs/install/examples_rclpy_pointcloud_publisher:/home/davide/sesasr_labs/install/examples_rclpy_minimal_subscriber:/home/davide/sesasr_labs/install/examples_rclpy_minimal_service:/home/davide/sesasr_labs/install/examples_rclpy_minimal_publisher:/home/davide/sesasr_labs/install/examples_rclpy_minimal_client:/home/davide/sesasr_labs/install/examples_rclpy_minimal_action_server:/home/davide/sesasr_labs/install/examples_rclpy_minimal_action_client:/home/davide/sesasr_labs/install/examples_rclpy_guard_conditions:/home/davide/sesasr_labs/install/examples_rclpy_executors:/opt/ros/humble LD_LIBRARY_PATH=/home/davide/sesasr_labs/install/turtlebot3_msgs/lib:${LD_LIBRARY_PATH} PYTHONPATH=/home/davide/sesasr_labs/install/turtlebot3_msgs/local/lib/python3.10/dist-packages:${PYTHONPATH} /usr/bin/cmake --build /home/davide/sesasr_labs/build/turtlebot3_fake_node -- -j8 -l8
[9.540s] [ 50%] [32mBuilding CXX object CMakeFiles/turtlebot3_fake_node.dir/src/turtlebot3_fake_node.cpp.o[0m
[19.849s] [100%] [32m[1mLinking CXX executable turtlebot3_fake_node[0m
[20.503s] [100%] Built target turtlebot3_fake_node
