[4.040s] Invoking command in '/home/davide/sesasr_labs/build/examples_rclpy_minimal_publisher': PYTHONPATH=/home/davide/sesasr_labs/build/examples_rclpy_minimal_publisher/prefix_override:/home/davide/sesasr_labs/install/examples_rclpy_minimal_publisher/lib/python3.10/site-packages:${PYTHONPATH} /usr/bin/python3 setup.py develop --editable --build-directory /home/davide/sesasr_labs/build/examples_rclpy_minimal_publisher/build --no-deps install_data
[5.077s] running develop
[5.077s] /usr/lib/python3/dist-packages/setuptools/command/easy_install.py:158: EasyInstallDeprecationWarning: easy_install command is deprecated. Use build and pip and other standards-based tools.
[5.077s]   warnings.warn(
[5.077s] /usr/lib/python3/dist-packages/setuptools/command/install.py:34: SetuptoolsDeprecationWarning: setup.py install is deprecated. Use build and pip and other standards-based tools.
[5.077s]   warnings.warn(
[5.700s] running egg_info
[5.701s] creating examples_rclpy_minimal_publisher.egg-info
[5.702s] writing examples_rclpy_minimal_publisher.egg-info/PKG-INFO
[5.703s] writing dependency_links to examples_rclpy_minimal_publisher.egg-info/dependency_links.txt
[5.711s] writing entry points to examples_rclpy_minimal_publisher.egg-info/entry_points.txt
[5.714s] writing requirements to examples_rclpy_minimal_publisher.egg-info/requires.txt
[5.728s] writing top-level names to examples_rclpy_minimal_publisher.egg-info/top_level.txt
[5.732s] writing manifest file 'examples_rclpy_minimal_publisher.egg-info/SOURCES.txt'
[5.735s] reading manifest file 'examples_rclpy_minimal_publisher.egg-info/SOURCES.txt'
[5.735s] writing manifest file 'examples_rclpy_minimal_publisher.egg-info/SOURCES.txt'
[5.737s] running build_ext
[5.737s] Creating /home/davide/sesasr_labs/install/examples_rclpy_minimal_publisher/lib/python3.10/site-packages/examples-rclpy-minimal-publisher.egg-link (link to .)
[5.765s] Installing publisher_local_function script to /home/davide/sesasr_labs/install/examples_rclpy_minimal_publisher/lib/examples_rclpy_minimal_publisher
[5.767s] Installing publisher_member_function script to /home/davide/sesasr_labs/install/examples_rclpy_minimal_publisher/lib/examples_rclpy_minimal_publisher
[5.768s] Installing publisher_old_school script to /home/davide/sesasr_labs/install/examples_rclpy_minimal_publisher/lib/examples_rclpy_minimal_publisher
[5.768s] 
[5.768s] Installed /home/davide/sesasr_labs/build/examples_rclpy_minimal_publisher
[5.768s] running install_data
[5.768s] creating /home/davide/sesasr_labs/install/examples_rclpy_minimal_publisher/share/ament_index
[5.770s] creating /home/davide/sesasr_labs/install/examples_rclpy_minimal_publisher/share/ament_index/resource_index
[5.771s] creating /home/davide/sesasr_labs/install/examples_rclpy_minimal_publisher/share/ament_index/resource_index/packages
[5.772s] copying resource/examples_rclpy_minimal_publisher -> /home/davide/sesasr_labs/install/examples_rclpy_minimal_publisher/share/ament_index/resource_index/packages
[5.778s] copying package.xml -> /home/davide/sesasr_labs/install/examples_rclpy_minimal_publisher/share/examples_rclpy_minimal_publisher
[7.083s] Invoked command in '/home/davide/sesasr_labs/build/examples_rclpy_minimal_publisher' returned '0': PYTHONPATH=/home/davide/sesasr_labs/build/examples_rclpy_minimal_publisher/prefix_override:/home/davide/sesasr_labs/install/examples_rclpy_minimal_publisher/lib/python3.10/site-packages:${PYTHONPATH} /usr/bin/python3 setup.py develop --editable --build-directory /home/davide/sesasr_labs/build/examples_rclpy_minimal_publisher/build --no-deps install_data
