[0.931s] Invoking command in '/home/davide/sesasr_labs/build/turtlebot3_teleop': PYTHONPATH=/home/davide/sesasr_labs/build/turtlebot3_teleop/prefix_override:/home/davide/sesasr_labs/install/turtlebot3_teleop/lib/python3.10/site-packages:${PYTHONPATH} /usr/bin/python3 setup.py develop --editable --build-directory /home/davide/sesasr_labs/build/turtlebot3_teleop/build --no-deps install_data
[1.526s] running develop
[1.526s] running egg_info
[1.526s] writing turtlebot3_teleop.egg-info/PKG-INFO
[1.526s] writing dependency_links to turtlebot3_teleop.egg-info/dependency_links.txt
[1.526s] writing entry points to turtlebot3_teleop.egg-info/entry_points.txt
[1.527s] writing requirements to turtlebot3_teleop.egg-info/requires.txt
[1.527s] writing top-level names to turtlebot3_teleop.egg-info/top_level.txt
[1.527s] reading manifest file 'turtlebot3_teleop.egg-info/SOURCES.txt'
[1.527s] writing manifest file 'turtlebot3_teleop.egg-info/SOURCES.txt'
[1.527s] running build_ext
[1.528s] Creating /home/davide/sesasr_labs/install/turtlebot3_teleop/lib/python3.10/site-packages/turtlebot3-teleop.egg-link (link to .)
[1.528s] Installing teleop_keyboard script to /home/davide/sesasr_labs/install/turtlebot3_teleop/lib/turtlebot3_teleop
[1.528s] 
[1.528s] Installed /home/davide/sesasr_labs/build/turtlebot3_teleop
[1.528s] running install_data
[1.528s] /usr/lib/python3/dist-packages/setuptools/command/easy_install.py:158: EasyInstallDeprecationWarning: easy_install command is deprecated. Use build and pip and other standards-based tools.
[1.528s]   warnings.warn(
[1.528s] /usr/lib/python3/dist-packages/setuptools/command/install.py:34: SetuptoolsDeprecationWarning: setup.py install is deprecated. Use build and pip and other standards-based tools.
[1.528s]   warnings.warn(
[1.532s] Invoked command in '/home/davide/sesasr_labs/build/turtlebot3_teleop' returned '0': PYTHONPATH=/home/davide/sesasr_labs/build/turtlebot3_teleop/prefix_override:/home/davide/sesasr_labs/install/turtlebot3_teleop/lib/python3.10/site-packages:${PYTHONPATH} /usr/bin/python3 setup.py develop --editable --build-directory /home/davide/sesasr_labs/build/turtlebot3_teleop/build --no-deps install_data
