[1.333s] Invoking command in '/home/davide/sesasr_labs/build/examples_rclpy_minimal_action_client': PYTHONPATH=/home/davide/sesasr_labs/build/examples_rclpy_minimal_action_client/prefix_override:/home/davide/sesasr_labs/install/examples_rclpy_minimal_action_client/lib/python3.10/site-packages:${PYTHONPATH} /usr/bin/python3 setup.py develop --editable --build-directory /home/davide/sesasr_labs/build/examples_rclpy_minimal_action_client/build --no-deps install_data
[1.702s] /usr/lib/python3/dist-packages/setuptools/command/easy_install.py:158: EasyInstallDeprecationWarning: easy_install command is deprecated. Use build and pip and other standards-based tools.
[1.702s]   warnings.warn(
[1.702s] /usr/lib/python3/dist-packages/setuptools/command/install.py:34: SetuptoolsDeprecationWarning: setup.py install is deprecated. Use build and pip and other standards-based tools.
[1.702s]   warnings.warn(
[1.703s] running develop
[1.916s] running egg_info
[1.916s] writing examples_rclpy_minimal_action_client.egg-info/PKG-INFO
[1.916s] writing dependency_links to examples_rclpy_minimal_action_client.egg-info/dependency_links.txt
[1.916s] writing entry points to examples_rclpy_minimal_action_client.egg-info/entry_points.txt
[1.916s] writing requirements to examples_rclpy_minimal_action_client.egg-info/requires.txt
[1.917s] writing top-level names to examples_rclpy_minimal_action_client.egg-info/top_level.txt
[1.920s] reading manifest file 'examples_rclpy_minimal_action_client.egg-info/SOURCES.txt'
[1.921s] writing manifest file 'examples_rclpy_minimal_action_client.egg-info/SOURCES.txt'
[1.922s] running build_ext
[1.922s] Creating /home/davide/sesasr_labs/install/examples_rclpy_minimal_action_client/lib/python3.10/site-packages/examples-rclpy-minimal-action-client.egg-link (link to .)
[1.924s] Installing client script to /home/davide/sesasr_labs/install/examples_rclpy_minimal_action_client/lib/examples_rclpy_minimal_action_client
[1.924s] Installing client_asyncio script to /home/davide/sesasr_labs/install/examples_rclpy_minimal_action_client/lib/examples_rclpy_minimal_action_client
[1.924s] Installing client_cancel script to /home/davide/sesasr_labs/install/examples_rclpy_minimal_action_client/lib/examples_rclpy_minimal_action_client
[1.924s] Installing client_not_composable script to /home/davide/sesasr_labs/install/examples_rclpy_minimal_action_client/lib/examples_rclpy_minimal_action_client
[1.924s] 
[1.924s] Installed /home/davide/sesasr_labs/build/examples_rclpy_minimal_action_client
[1.925s] running install_data
[2.589s] Invoked command in '/home/davide/sesasr_labs/build/examples_rclpy_minimal_action_client' returned '0': PYTHONPATH=/home/davide/sesasr_labs/build/examples_rclpy_minimal_action_client/prefix_override:/home/davide/sesasr_labs/install/examples_rclpy_minimal_action_client/lib/python3.10/site-packages:${PYTHONPATH} /usr/bin/python3 setup.py develop --editable --build-directory /home/davide/sesasr_labs/build/examples_rclpy_minimal_action_client/build --no-deps install_data
