[1.723s] Invoking command in '/home/davide/sesasr_labs/src/examples/rclpy/actions/minimal_action_server': PYTHONPATH=/home/davide/sesasr_labs/build/examples_rclpy_minimal_action_server/prefix_override:/home/davide/sesasr_labs/install/examples_rclpy_minimal_action_server/lib/python3.10/site-packages:${PYTHONPATH} /usr/bin/python3 setup.py egg_info --egg-base ../../../../../build/examples_rclpy_minimal_action_server build --build-base /home/davide/sesasr_labs/build/examples_rclpy_minimal_action_server/build install --record /home/davide/sesasr_labs/build/examples_rclpy_minimal_action_server/install.log --single-version-externally-managed
[1.903s] running egg_info
[1.903s] writing ../../../../../build/examples_rclpy_minimal_action_server/examples_rclpy_minimal_action_server.egg-info/PKG-INFO
[1.904s] writing dependency_links to ../../../../../build/examples_rclpy_minimal_action_server/examples_rclpy_minimal_action_server.egg-info/dependency_links.txt
[1.904s] writing entry points to ../../../../../build/examples_rclpy_minimal_action_server/examples_rclpy_minimal_action_server.egg-info/entry_points.txt
[1.904s] writing requirements to ../../../../../build/examples_rclpy_minimal_action_server/examples_rclpy_minimal_action_server.egg-info/requires.txt
[1.904s] writing top-level names to ../../../../../build/examples_rclpy_minimal_action_server/examples_rclpy_minimal_action_server.egg-info/top_level.txt
[1.906s] reading manifest file '../../../../../build/examples_rclpy_minimal_action_server/examples_rclpy_minimal_action_server.egg-info/SOURCES.txt'
[1.907s] writing manifest file '../../../../../build/examples_rclpy_minimal_action_server/examples_rclpy_minimal_action_server.egg-info/SOURCES.txt'
[1.907s] running build
[1.907s] running build_py
[1.907s] running install
[1.907s] /usr/lib/python3/dist-packages/setuptools/command/install.py:34: SetuptoolsDeprecationWarning: setup.py install is deprecated. Use build and pip and other standards-based tools.
[1.907s]   warnings.warn(
[1.907s] running install_lib
[1.909s] running install_data
[1.909s] running install_egg_info
[1.910s] removing '/home/davide/sesasr_labs/install/examples_rclpy_minimal_action_server/lib/python3.10/site-packages/examples_rclpy_minimal_action_server-0.15.1-py3.10.egg-info' (and everything under it)
[1.910s] Copying ../../../../../build/examples_rclpy_minimal_action_server/examples_rclpy_minimal_action_server.egg-info to /home/davide/sesasr_labs/install/examples_rclpy_minimal_action_server/lib/python3.10/site-packages/examples_rclpy_minimal_action_server-0.15.1-py3.10.egg-info
[1.911s] running install_scripts
[1.928s] Installing server script to /home/davide/sesasr_labs/install/examples_rclpy_minimal_action_server/lib/examples_rclpy_minimal_action_server
[1.928s] Installing server_defer script to /home/davide/sesasr_labs/install/examples_rclpy_minimal_action_server/lib/examples_rclpy_minimal_action_server
[1.928s] Installing server_not_composable script to /home/davide/sesasr_labs/install/examples_rclpy_minimal_action_server/lib/examples_rclpy_minimal_action_server
[1.928s] Installing server_queue_goals script to /home/davide/sesasr_labs/install/examples_rclpy_minimal_action_server/lib/examples_rclpy_minimal_action_server
[1.928s] Installing server_single_goal script to /home/davide/sesasr_labs/install/examples_rclpy_minimal_action_server/lib/examples_rclpy_minimal_action_server
[1.928s] writing list of installed files to '/home/davide/sesasr_labs/build/examples_rclpy_minimal_action_server/install.log'
[2.850s] Invoked command in '/home/davide/sesasr_labs/src/examples/rclpy/actions/minimal_action_server' returned '0': PYTHONPATH=/home/davide/sesasr_labs/build/examples_rclpy_minimal_action_server/prefix_override:/home/davide/sesasr_labs/install/examples_rclpy_minimal_action_server/lib/python3.10/site-packages:${PYTHONPATH} /usr/bin/python3 setup.py egg_info --egg-base ../../../../../build/examples_rclpy_minimal_action_server build --build-base /home/davide/sesasr_labs/build/examples_rclpy_minimal_action_server/build install --record /home/davide/sesasr_labs/build/examples_rclpy_minimal_action_server/install.log --single-version-externally-managed
