[0.213s] Invoking command in '/home/davide/sesasr_labs/build/turtlebot3_gazebo': CMAKE_PREFIX_PATH=${CMAKE_PREFIX_PATH}:/home/davide/sesasr_labs/install/my_package:/home/davide/sesasr_labs/install/launch_testing_examples:/home/davide/sesasr_labs/install/examples_rclpy_pointcloud_publisher:/home/davide/sesasr_labs/install/examples_rclpy_minimal_subscriber:/home/davide/sesasr_labs/install/examples_rclpy_minimal_service:/home/davide/sesasr_labs/install/examples_rclpy_minimal_publisher:/home/davide/sesasr_labs/install/examples_rclpy_minimal_client:/home/davide/sesasr_labs/install/examples_rclpy_minimal_action_server:/home/davide/sesasr_labs/install/examples_rclpy_minimal_action_client:/home/davide/sesasr_labs/install/examples_rclpy_guard_conditions:/home/davide/sesasr_labs/install/examples_rclpy_executors:/opt/ros/humble /usr/bin/cmake /home/davide/sesasr_labs/src/turtlebot3/turtlebot3_simulations/turtlebot3_gazebo -DAMENT_CMAKE_SYMLINK_INSTALL=1 -DCMAKE_INSTALL_PREFIX=/home/davide/sesasr_labs/install/turtlebot3_gazebo
[0.530s] -- The C compiler identification is GNU 11.4.0
[0.859s] -- The CXX compiler identification is GNU 11.4.0
[1.203s] -- Detecting C compiler ABI info
[1.346s] -- Detecting C compiler ABI info - done
[1.354s] -- Check for working C compiler: /usr/bin/cc - skipped
[1.354s] -- Detecting C compile features
[1.354s] -- Detecting C compile features - done
[1.357s] -- Detecting CXX compiler ABI info
[1.509s] -- Detecting CXX compiler ABI info - done
[1.519s] -- Check for working CXX compiler: /usr/bin/c++ - skipped
[1.519s] -- Detecting CXX compile features
[1.519s] -- Detecting CXX compile features - done
[1.522s] -- Found ament_cmake: 1.3.6 (/opt/ros/humble/share/ament_cmake/cmake)
[1.729s] -- Found Python3: /usr/bin/python3.10 (found version "3.10.12") found components: Interpreter 
[1.797s] -- Override CMake install command with custom implementation using symlinks instead of copying resources
[1.848s] [33mCMake Warning (dev) at /usr/share/cmake-3.22/Modules/FindPackageHandleStandardArgs.cmake:438 (message):
[1.848s]   The package name passed to `find_package_handle_standard_args` (PkgConfig)
[1.848s]   does not match the name of the calling package (gazebo).  This can lead to
[1.848s]   problems in calling code that expects `find_package` result variables
[1.848s]   (e.g., `_FOUND`) to follow a certain pattern.
[1.848s] Call Stack (most recent call first):
[1.848s]   /usr/share/cmake-3.22/Modules/FindPkgConfig.cmake:99 (find_package_handle_standard_args)
[1.848s]   /usr/lib/x86_64-linux-gnu/cmake/gazebo/gazebo-config.cmake:72 (include)
[1.848s]   CMakeLists.txt:23 (find_package)
[1.848s] This warning is for project developers.  Use -Wno-dev to suppress it.
[1.848s] [0m
[1.848s] -- Found PkgConfig: /usr/bin/pkg-config (found version "0.29.2") 
[1.856s] -- Checking for module 'bullet>=2.82'
[1.860s] --   Found bullet, version 3.05
[1.996s] -- Found fcl: /usr/include (found suitable version "0.7.0", minimum required is "0.5.0") 
[2.033s] -- Found assimp: /usr/include (found version "5.2.0") 
[2.071s] -- Found DART: /usr/include (Required is at least version "6.6") found components: dart 
[2.649s] -- Found Boost: /usr/lib/x86_64-linux-gnu/cmake/Boost-1.74.0/BoostConfig.cmake (found suitable version "1.74.0", minimum required is "1.40.0") found components: thread system filesystem program_options regex iostreams date_time 
[3.105s] -- Found Protobuf: /usr/lib/x86_64-linux-gnu/libprotobuf.so (found version "3.12.4") 
[3.125s] -- Looking for ignition-math6 -- found version 6.15.0
[3.153s] -- Searching for dependencies of ignition-math6
[3.153s] -- Looking for OGRE...
[3.153s] -- OGRE_PREFIX_WATCH changed.
[3.156s] -- Checking for module 'OGRE'
[3.177s] --   Found OGRE, version 1.9.0
[3.211s] -- Found Ogre Ghadamon (1.9.0)
[3.606s] -- Found OGRE: optimized;/usr/lib/x86_64-linux-gnu/libOgreMain.so;debug;/usr/lib/x86_64-linux-gnu/libOgreMain.so
[3.629s] -- Looking for OGRE_Paging...
[4.099s] -- Found OGRE_Paging: optimized;/usr/lib/x86_64-linux-gnu/libOgrePaging.so;debug;/usr/lib/x86_64-linux-gnu/libOgrePaging.so
[4.100s] -- Looking for OGRE_Terrain...
[4.548s] -- Found OGRE_Terrain: optimized;/usr/lib/x86_64-linux-gnu/libOgreTerrain.so;debug;/usr/lib/x86_64-linux-gnu/libOgreTerrain.so
[4.548s] -- Looking for OGRE_Property...
[5.092s] -- Found OGRE_Property: optimized;/usr/lib/x86_64-linux-gnu/libOgreProperty.so;debug;/usr/lib/x86_64-linux-gnu/libOgreProperty.so
[5.092s] -- Looking for OGRE_RTShaderSystem...
[5.583s] -- Found OGRE_RTShaderSystem: optimized;/usr/lib/x86_64-linux-gnu/libOgreRTShaderSystem.so;debug;/usr/lib/x86_64-linux-gnu/libOgreRTShaderSystem.so
[5.583s] -- Looking for OGRE_Volume...
[6.141s] -- Found OGRE_Volume: optimized;/usr/lib/x86_64-linux-gnu/libOgreVolume.so;debug;/usr/lib/x86_64-linux-gnu/libOgreVolume.so
[6.141s] -- Looking for OGRE_Overlay...
[6.591s] -- Found OGRE_Overlay: optimized;/usr/lib/x86_64-linux-gnu/libOgreOverlay.so;debug;/usr/lib/x86_64-linux-gnu/libOgreOverlay.so
[25.558s] -- Looking for ignition-math6 -- found version 6.15.0
[25.560s] -- Looking for ignition-transport8 -- found version 8.2.1
[25.561s] -- Searching for dependencies of ignition-transport8
[26.366s] -- Found Protobuf: /usr/lib/x86_64-linux-gnu/libprotobuf.so (found suitable version "3.12.4", minimum required is "3") 
[27.115s] -- Config-file not installed for ZeroMQ -- checking for pkg-config
[27.128s] -- Checking for module 'libzmq >= 4'
[27.193s] --   Found libzmq , version 4.3.4
[27.240s] -- Found ZeroMQ: TRUE (Required is at least version "4") 
[27.283s] -- Checking for module 'uuid'
[27.296s] --   Found uuid, version 2.37.2
[27.314s] -- Found UUID: TRUE  
[27.317s] -- Looking for ignition-msgs5 -- found version 5.8.1
[27.318s] -- Searching for dependencies of ignition-msgs5
[28.059s] -- Looking for ignition-math6 -- found version 6.15.0
[28.061s] -- Checking for module 'tinyxml2'
[28.072s] --   Found tinyxml2, version 9.0.0
[28.100s] -- Looking for ignition-msgs5 -- found version 5.8.1
[28.103s] -- Looking for ignition-common3 -- found version 3.14.0
[28.104s] -- Searching for dependencies of ignition-common3
[28.130s] -- Looking for dlfcn.h - found
[28.165s] -- Looking for libdl - found
[28.166s] -- Found DL: TRUE  
[28.259s] -- Found tinyobjloader: /usr/lib/x86_64-linux-gnu/cmake/tinyobjloader/tinyobjloader-config.cmake (found version "2.0.0") 
[28.260s] -- Searching for <ignition-common3> component [graphics]
[28.263s] -- Looking for ignition-common3-graphics -- found version 3.14.0
[28.264s] -- Searching for dependencies of ignition-common3-graphics
[28.265s] -- Looking for ignition-math6 -- found version 6.15.0
[28.270s] -- Looking for ignition-fuel_tools4 -- found version 4.4.0
[28.271s] -- Searching for dependencies of ignition-fuel_tools4
[29.429s] -- Found CURL: /usr/lib/x86_64-linux-gnu/libcurl.so (found version "7.81.0")  
[29.453s] -- Checking for module 'jsoncpp'
[29.475s] --   Found jsoncpp, version 1.9.5
[29.519s] -- Found JSONCPP: TRUE  
[29.536s] -- Checking for module 'libzip'
[29.553s] --   Found libzip, version 1.7.3
[29.606s] -- Found ZIP: TRUE  
[29.607s] -- Looking for ignition-common3 -- found version 3.14.0
[29.607s] -- Looking for ignition-math6 -- found version 6.15.0
[29.607s] -- Looking for ignition-msgs5 -- found version 5.8.1
[29.618s] -- Found gazebo_ros_pkgs: 3.7.0 (/opt/ros/humble/share/gazebo_ros_pkgs/cmake)
[29.621s] -- Found geometry_msgs: 4.2.3 (/opt/ros/humble/share/geometry_msgs/cmake)
[29.687s] -- Found rosidl_generator_c: 3.1.5 (/opt/ros/humble/share/rosidl_generator_c/cmake)
[29.696s] -- Found rosidl_adapter: 3.1.5 (/opt/ros/humble/share/rosidl_adapter/cmake)
[29.709s] -- Found rosidl_generator_cpp: 3.1.5 (/opt/ros/humble/share/rosidl_generator_cpp/cmake)
[29.727s] -- Using all available rosidl_typesupport_c: rosidl_typesupport_fastrtps_c;rosidl_typesupport_introspection_c
[29.755s] -- Using all available rosidl_typesupport_cpp: rosidl_typesupport_fastrtps_cpp;rosidl_typesupport_introspection_cpp
[29.891s] -- Found nav_msgs: 4.2.3 (/opt/ros/humble/share/nav_msgs/cmake)
[29.996s] -- Found rclcpp: 16.0.7 (/opt/ros/humble/share/rclcpp/cmake)
[30.064s] -- Found rmw_implementation_cmake: 6.1.1 (/opt/ros/humble/share/rmw_implementation_cmake/cmake)
[30.070s] -- Found rmw_fastrtps_cpp: 6.2.5 (/opt/ros/humble/share/rmw_fastrtps_cpp/cmake)
[31.239s] -- Found OpenSSL: /usr/lib/x86_64-linux-gnu/libcrypto.so (found version "3.0.2")  
[32.428s] -- Found FastRTPS: /opt/ros/humble/include  
[34.330s] -- Using RMW implementation 'rmw_fastrtps_cpp' as default
[34.342s] -- Found Threads: TRUE  
[34.463s] -- Found sensor_msgs: 4.2.3 (/opt/ros/humble/share/sensor_msgs/cmake)
[34.548s] -- Found tf2: 0.25.5 (/opt/ros/humble/share/tf2/cmake)
[34.632s] -- Configuring done
[34.664s] -- Generating done
[34.666s] -- Build files have been written to: /home/davide/sesasr_labs/build/turtlebot3_gazebo
[34.682s] Invoked command in '/home/davide/sesasr_labs/build/turtlebot3_gazebo' returned '0': CMAKE_PREFIX_PATH=${CMAKE_PREFIX_PATH}:/home/davide/sesasr_labs/install/my_package:/home/davide/sesasr_labs/install/launch_testing_examples:/home/davide/sesasr_labs/install/examples_rclpy_pointcloud_publisher:/home/davide/sesasr_labs/install/examples_rclpy_minimal_subscriber:/home/davide/sesasr_labs/install/examples_rclpy_minimal_service:/home/davide/sesasr_labs/install/examples_rclpy_minimal_publisher:/home/davide/sesasr_labs/install/examples_rclpy_minimal_client:/home/davide/sesasr_labs/install/examples_rclpy_minimal_action_server:/home/davide/sesasr_labs/install/examples_rclpy_minimal_action_client:/home/davide/sesasr_labs/install/examples_rclpy_guard_conditions:/home/davide/sesasr_labs/install/examples_rclpy_executors:/opt/ros/humble /usr/bin/cmake /home/davide/sesasr_labs/src/turtlebot3/turtlebot3_simulations/turtlebot3_gazebo -DAMENT_CMAKE_SYMLINK_INSTALL=1 -DCMAKE_INSTALL_PREFIX=/home/davide/sesasr_labs/install/turtlebot3_gazebo
[34.684s] Invoking command in '/home/davide/sesasr_labs/build/turtlebot3_gazebo': CMAKE_PREFIX_PATH=${CMAKE_PREFIX_PATH}:/home/davide/sesasr_labs/install/my_package:/home/davide/sesasr_labs/install/launch_testing_examples:/home/davide/sesasr_labs/install/examples_rclpy_pointcloud_publisher:/home/davide/sesasr_labs/install/examples_rclpy_minimal_subscriber:/home/davide/sesasr_labs/install/examples_rclpy_minimal_service:/home/davide/sesasr_labs/install/examples_rclpy_minimal_publisher:/home/davide/sesasr_labs/install/examples_rclpy_minimal_client:/home/davide/sesasr_labs/install/examples_rclpy_minimal_action_server:/home/davide/sesasr_labs/install/examples_rclpy_minimal_action_client:/home/davide/sesasr_labs/install/examples_rclpy_guard_conditions:/home/davide/sesasr_labs/install/examples_rclpy_executors:/opt/ros/humble /usr/bin/cmake --build /home/davide/sesasr_labs/build/turtlebot3_gazebo -- -j8 -l8
[34.722s] [ 12%] [32mBuilding CXX object CMakeFiles/obstacle1.dir/models/turtlebot3_dqn_world/obstacle_plugin/obstacle1.cc.o[0m
[34.722s] [ 25%] [32mBuilding CXX object CMakeFiles/obstacle2.dir/models/turtlebot3_dqn_world/obstacle_plugin/obstacle2.cc.o[0m
[34.723s] [ 37%] [32mBuilding CXX object CMakeFiles/obstacles.dir/models/turtlebot3_dqn_world/obstacle_plugin/obstacles.cc.o[0m
[34.743s] [ 50%] [32mBuilding CXX object CMakeFiles/turtlebot3_drive.dir/src/turtlebot3_drive.cpp.o[0m
[45.619s] [ 62%] [32m[1mLinking CXX executable turtlebot3_drive[0m
[45.943s] [ 75%] [32m[1mLinking CXX shared library libobstacle1.so[0m
[45.989s] [ 87%] [32m[1mLinking CXX shared library libobstacle2.so[0m
[46.067s] [100%] [32m[1mLinking CXX shared library libobstacles.so[0m
[46.235s] [100%] Built target obstacle1
[46.240s] [100%] Built target turtlebot3_drive
[46.271s] [100%] Built target obstacle2
[46.320s] [100%] Built target obstacles
