[1.237s] Invoking command in '/home/davide/sesasr_labs/build/examples_rclpy_pointcloud_publisher': PYTHONPATH=/home/davide/sesasr_labs/build/examples_rclpy_pointcloud_publisher/prefix_override:/home/davide/sesasr_labs/install/examples_rclpy_pointcloud_publisher/lib/python3.10/site-packages:${PYTHONPATH} /usr/bin/python3 setup.py develop --uninstall --editable --build-directory /home/davide/sesasr_labs/build/examples_rclpy_pointcloud_publisher/build
[1.588s] running develop
[1.588s] /usr/lib/python3/dist-packages/setuptools/command/easy_install.py:158: EasyInstallDeprecationWarning: easy_install command is deprecated. Use build and pip and other standards-based tools.
[1.588s]   warnings.warn(
[1.589s] /usr/lib/python3/dist-packages/setuptools/command/install.py:34: SetuptoolsDeprecationWarning: setup.py install is deprecated. Use build and pip and other standards-based tools.
[1.589s]   warnings.warn(
[1.815s] Removing /home/davide/sesasr_labs/install/examples_rclpy_pointcloud_publisher/lib/python3.10/site-packages/examples-rclpy-pointcloud-publisher.egg-link (link to .)
[1.859s] Invoked command in '/home/davide/sesasr_labs/build/examples_rclpy_pointcloud_publisher' returned '0': PYTHONPATH=/home/davide/sesasr_labs/build/examples_rclpy_pointcloud_publisher/prefix_override:/home/davide/sesasr_labs/install/examples_rclpy_pointcloud_publisher/lib/python3.10/site-packages:${PYTHONPATH} /usr/bin/python3 setup.py develop --uninstall --editable --build-directory /home/davide/sesasr_labs/build/examples_rclpy_pointcloud_publisher/build
[1.861s] Invoking command in '/home/davide/sesasr_labs/src/examples/rclpy/topics/pointcloud_publisher': PYTHONPATH=/home/davide/sesasr_labs/build/examples_rclpy_pointcloud_publisher/prefix_override:/home/davide/sesasr_labs/install/examples_rclpy_pointcloud_publisher/lib/python3.10/site-packages:${PYTHONPATH} /usr/bin/python3 setup.py egg_info --egg-base ../../../../../build/examples_rclpy_pointcloud_publisher build --build-base /home/davide/sesasr_labs/build/examples_rclpy_pointcloud_publisher/build install --record /home/davide/sesasr_labs/build/examples_rclpy_pointcloud_publisher/install.log --single-version-externally-managed
[2.071s] running egg_info
[2.072s] writing ../../../../../build/examples_rclpy_pointcloud_publisher/examples_rclpy_pointcloud_publisher.egg-info/PKG-INFO
[2.072s] writing dependency_links to ../../../../../build/examples_rclpy_pointcloud_publisher/examples_rclpy_pointcloud_publisher.egg-info/dependency_links.txt
[2.073s] writing entry points to ../../../../../build/examples_rclpy_pointcloud_publisher/examples_rclpy_pointcloud_publisher.egg-info/entry_points.txt
[2.073s] writing requirements to ../../../../../build/examples_rclpy_pointcloud_publisher/examples_rclpy_pointcloud_publisher.egg-info/requires.txt
[2.073s] writing top-level names to ../../../../../build/examples_rclpy_pointcloud_publisher/examples_rclpy_pointcloud_publisher.egg-info/top_level.txt
[2.074s] reading manifest file '../../../../../build/examples_rclpy_pointcloud_publisher/examples_rclpy_pointcloud_publisher.egg-info/SOURCES.txt'
[2.075s] writing manifest file '../../../../../build/examples_rclpy_pointcloud_publisher/examples_rclpy_pointcloud_publisher.egg-info/SOURCES.txt'
[2.075s] running build
[2.075s] running build_py
[2.075s] running install
[2.075s] /usr/lib/python3/dist-packages/setuptools/command/install.py:34: SetuptoolsDeprecationWarning: setup.py install is deprecated. Use build and pip and other standards-based tools.
[2.075s]   warnings.warn(
[2.076s] running install_lib
[2.076s] creating /home/davide/sesasr_labs/install/examples_rclpy_pointcloud_publisher/lib/python3.10/site-packages/examples_rclpy_pointcloud_publisher
[2.076s] copying /home/davide/sesasr_labs/build/examples_rclpy_pointcloud_publisher/build/lib/examples_rclpy_pointcloud_publisher/pointcloud_publisher.py -> /home/davide/sesasr_labs/install/examples_rclpy_pointcloud_publisher/lib/python3.10/site-packages/examples_rclpy_pointcloud_publisher
[2.076s] copying /home/davide/sesasr_labs/build/examples_rclpy_pointcloud_publisher/build/lib/examples_rclpy_pointcloud_publisher/__init__.py -> /home/davide/sesasr_labs/install/examples_rclpy_pointcloud_publisher/lib/python3.10/site-packages/examples_rclpy_pointcloud_publisher
[2.077s] byte-compiling /home/davide/sesasr_labs/install/examples_rclpy_pointcloud_publisher/lib/python3.10/site-packages/examples_rclpy_pointcloud_publisher/pointcloud_publisher.py to pointcloud_publisher.cpython-310.pyc
[2.078s] byte-compiling /home/davide/sesasr_labs/install/examples_rclpy_pointcloud_publisher/lib/python3.10/site-packages/examples_rclpy_pointcloud_publisher/__init__.py to __init__.cpython-310.pyc
[2.078s] running install_data
[2.078s] running install_egg_info
[2.079s] Copying ../../../../../build/examples_rclpy_pointcloud_publisher/examples_rclpy_pointcloud_publisher.egg-info to /home/davide/sesasr_labs/install/examples_rclpy_pointcloud_publisher/lib/python3.10/site-packages/examples_rclpy_pointcloud_publisher-0.15.1-py3.10.egg-info
[2.080s] running install_scripts
[2.098s] Installing pointcloud_publisher script to /home/davide/sesasr_labs/install/examples_rclpy_pointcloud_publisher/lib/examples_rclpy_pointcloud_publisher
[2.098s] writing list of installed files to '/home/davide/sesasr_labs/build/examples_rclpy_pointcloud_publisher/install.log'
[2.155s] Invoked command in '/home/davide/sesasr_labs/src/examples/rclpy/topics/pointcloud_publisher' returned '0': PYTHONPATH=/home/davide/sesasr_labs/build/examples_rclpy_pointcloud_publisher/prefix_override:/home/davide/sesasr_labs/install/examples_rclpy_pointcloud_publisher/lib/python3.10/site-packages:${PYTHONPATH} /usr/bin/python3 setup.py egg_info --egg-base ../../../../../build/examples_rclpy_pointcloud_publisher build --build-base /home/davide/sesasr_labs/build/examples_rclpy_pointcloud_publisher/build install --record /home/davide/sesasr_labs/build/examples_rclpy_pointcloud_publisher/install.log --single-version-externally-managed
