[2.157s] Invoking command in '/home/davide/sesasr_labs/build/examples_rclpy_minimal_action_client': PYTHONPATH=/home/davide/sesasr_labs/build/examples_rclpy_minimal_action_client/prefix_override:/home/davide/sesasr_labs/install/examples_rclpy_minimal_action_client/lib/python3.10/site-packages:${PYTHONPATH} /usr/bin/python3 setup.py develop --editable --build-directory /home/davide/sesasr_labs/build/examples_rclpy_minimal_action_client/build --no-deps install_data
[2.437s] running develop
[2.437s] /usr/lib/python3/dist-packages/setuptools/command/easy_install.py:158: EasyInstallDeprecationWarning: easy_install command is deprecated. Use build and pip and other standards-based tools.
[2.437s]   warnings.warn(
[2.439s] /usr/lib/python3/dist-packages/setuptools/command/install.py:34: SetuptoolsDeprecationWarning: setup.py install is deprecated. Use build and pip and other standards-based tools.
[2.439s]   warnings.warn(
[2.597s] running egg_info
[2.597s] writing examples_rclpy_minimal_action_client.egg-info/PKG-INFO
[2.598s] writing dependency_links to examples_rclpy_minimal_action_client.egg-info/dependency_links.txt
[2.598s] writing entry points to examples_rclpy_minimal_action_client.egg-info/entry_points.txt
[2.598s] writing requirements to examples_rclpy_minimal_action_client.egg-info/requires.txt
[2.598s] writing top-level names to examples_rclpy_minimal_action_client.egg-info/top_level.txt
[2.602s] reading manifest file 'examples_rclpy_minimal_action_client.egg-info/SOURCES.txt'
[2.602s] writing manifest file 'examples_rclpy_minimal_action_client.egg-info/SOURCES.txt'
[2.604s] running build_ext
[2.604s] Creating /home/davide/sesasr_labs/install/examples_rclpy_minimal_action_client/lib/python3.10/site-packages/examples-rclpy-minimal-action-client.egg-link (link to .)
[2.605s] Installing client script to /home/davide/sesasr_labs/install/examples_rclpy_minimal_action_client/lib/examples_rclpy_minimal_action_client
[2.605s] Installing client_asyncio script to /home/davide/sesasr_labs/install/examples_rclpy_minimal_action_client/lib/examples_rclpy_minimal_action_client
[2.605s] Installing client_cancel script to /home/davide/sesasr_labs/install/examples_rclpy_minimal_action_client/lib/examples_rclpy_minimal_action_client
[2.606s] Installing client_not_composable script to /home/davide/sesasr_labs/install/examples_rclpy_minimal_action_client/lib/examples_rclpy_minimal_action_client
[2.606s] 
[2.606s] Installed /home/davide/sesasr_labs/build/examples_rclpy_minimal_action_client
[2.606s] running install_data
[3.043s] Invoked command in '/home/davide/sesasr_labs/build/examples_rclpy_minimal_action_client' returned '0': PYTHONPATH=/home/davide/sesasr_labs/build/examples_rclpy_minimal_action_client/prefix_override:/home/davide/sesasr_labs/install/examples_rclpy_minimal_action_client/lib/python3.10/site-packages:${PYTHONPATH} /usr/bin/python3 setup.py develop --editable --build-directory /home/davide/sesasr_labs/build/examples_rclpy_minimal_action_client/build --no-deps install_data
