[0.316s] Invoking command in '/home/davide/sesasr_labs/build/examples_rclcpp_async_client': CMAKE_PREFIX_PATH=/opt/ros/humble /usr/bin/cmake /home/davide/sesasr_labs/src/examples/rclcpp/services/async_client -DAMENT_CMAKE_SYMLINK_INSTALL=1 -DCMAKE_INSTALL_PREFIX=/home/davide/sesasr_labs/install/examples_rclcpp_async_client
[0.353s] -- Found ament_cmake: 1.3.6 (/opt/ros/humble/share/ament_cmake/cmake)
[0.463s] -- Override CMake install command with custom implementation using symlinks instead of copying resources
[0.463s] -- Found example_interfaces: 0.9.3 (/opt/ros/humble/share/example_interfaces/cmake)
[0.591s] -- Found rosidl_generator_c: 3.1.5 (/opt/ros/humble/share/rosidl_generator_c/cmake)
[0.592s] -- Found rosidl_adapter: 3.1.5 (/opt/ros/humble/share/rosidl_adapter/cmake)
[0.599s] -- Found rosidl_generator_cpp: 3.1.5 (/opt/ros/humble/share/rosidl_generator_cpp/cmake)
[0.610s] -- Using all available rosidl_typesupport_c: rosidl_typesupport_fastrtps_c;rosidl_typesupport_introspection_c
[0.624s] -- Using all available rosidl_typesupport_cpp: rosidl_typesupport_fastrtps_cpp;rosidl_typesupport_introspection_cpp
[0.758s] -- Found rclcpp: 16.0.7 (/opt/ros/humble/share/rclcpp/cmake)
[0.797s] -- Found rmw_implementation_cmake: 6.1.1 (/opt/ros/humble/share/rmw_implementation_cmake/cmake)
[0.798s] -- Found rmw_fastrtps_cpp: 6.2.5 (/opt/ros/humble/share/rmw_fastrtps_cpp/cmake)
[3.501s] -- Using RMW implementation 'rmw_fastrtps_cpp' as default
[3.647s] -- Found ament_lint_auto: 0.12.9 (/opt/ros/humble/share/ament_lint_auto/cmake)
[3.867s] -- Added test 'copyright' to check source files copyright and LICENSE
[3.867s] -- Added test 'cppcheck' to perform static code analysis on C / C++ code
[3.867s] -- Configured cppcheck include dirs: 
[3.868s] -- Configured cppcheck exclude dirs and/or files: 
[3.868s] -- Added test 'cpplint' to check C / C++ code against the Google style
[3.868s] -- Configured cpplint exclude dirs and/or files: 
[3.868s] -- Added test 'lint_cmake' to check CMake code style
[3.869s] -- Added test 'uncrustify' to check C / C++ code style
[3.869s] -- Configured uncrustify additional arguments: 
[3.869s] -- Added test 'xmllint' to check XML markup files
[3.870s] -- Configuring done
[3.878s] -- Generating done
[3.879s] -- Build files have been written to: /home/davide/sesasr_labs/build/examples_rclcpp_async_client
[3.888s] Invoked command in '/home/davide/sesasr_labs/build/examples_rclcpp_async_client' returned '0': CMAKE_PREFIX_PATH=/opt/ros/humble /usr/bin/cmake /home/davide/sesasr_labs/src/examples/rclcpp/services/async_client -DAMENT_CMAKE_SYMLINK_INSTALL=1 -DCMAKE_INSTALL_PREFIX=/home/davide/sesasr_labs/install/examples_rclcpp_async_client
[3.898s] Invoking command in '/home/davide/sesasr_labs/build/examples_rclcpp_async_client': CMAKE_PREFIX_PATH=/opt/ros/humble /usr/bin/cmake --build /home/davide/sesasr_labs/build/examples_rclcpp_async_client -- -j8 -l8
[3.921s] [35m[1mConsolidate compiler generated dependencies of target client_main[0m
[3.936s] [100%] Built target client_main
[3.946s] Invoked command in '/home/davide/sesasr_labs/build/examples_rclcpp_async_client' returned '0': CMAKE_PREFIX_PATH=/opt/ros/humble /usr/bin/cmake --build /home/davide/sesasr_labs/build/examples_rclcpp_async_client -- -j8 -l8
[4.039s] Invoking command in '/home/davide/sesasr_labs/build/examples_rclcpp_async_client': CMAKE_PREFIX_PATH=/opt/ros/humble /usr/bin/cmake --install /home/davide/sesasr_labs/build/examples_rclcpp_async_client
[4.049s] -- Install configuration: ""
[4.049s] -- Execute custom install script
[4.049s] -- Up-to-date symlink: /home/davide/sesasr_labs/install/examples_rclcpp_async_client/lib/examples_rclcpp_async_client/client_main
[4.050s] -- Up-to-date symlink: /home/davide/sesasr_labs/install/examples_rclcpp_async_client/share/ament_index/resource_index/package_run_dependencies/examples_rclcpp_async_client
[4.050s] -- Up-to-date symlink: /home/davide/sesasr_labs/install/examples_rclcpp_async_client/share/ament_index/resource_index/parent_prefix_path/examples_rclcpp_async_client
[4.050s] -- Up-to-date symlink: /home/davide/sesasr_labs/install/examples_rclcpp_async_client/share/examples_rclcpp_async_client/environment/ament_prefix_path.sh
[4.050s] -- Up-to-date symlink: /home/davide/sesasr_labs/install/examples_rclcpp_async_client/share/examples_rclcpp_async_client/environment/ament_prefix_path.dsv
[4.050s] -- Up-to-date symlink: /home/davide/sesasr_labs/install/examples_rclcpp_async_client/share/examples_rclcpp_async_client/environment/path.sh
[4.050s] -- Up-to-date symlink: /home/davide/sesasr_labs/install/examples_rclcpp_async_client/share/examples_rclcpp_async_client/environment/path.dsv
[4.050s] -- Up-to-date symlink: /home/davide/sesasr_labs/install/examples_rclcpp_async_client/share/examples_rclcpp_async_client/local_setup.bash
[4.050s] -- Up-to-date symlink: /home/davide/sesasr_labs/install/examples_rclcpp_async_client/share/examples_rclcpp_async_client/local_setup.sh
[4.050s] -- Up-to-date symlink: /home/davide/sesasr_labs/install/examples_rclcpp_async_client/share/examples_rclcpp_async_client/local_setup.zsh
[4.050s] -- Up-to-date symlink: /home/davide/sesasr_labs/install/examples_rclcpp_async_client/share/examples_rclcpp_async_client/local_setup.dsv
[4.050s] -- Symlinking: /home/davide/sesasr_labs/install/examples_rclcpp_async_client/share/examples_rclcpp_async_client/package.dsv
[4.055s] -- Up-to-date symlink: /home/davide/sesasr_labs/install/examples_rclcpp_async_client/share/ament_index/resource_index/packages/examples_rclcpp_async_client
[4.055s] -- Up-to-date symlink: /home/davide/sesasr_labs/install/examples_rclcpp_async_client/share/examples_rclcpp_async_client/cmake/examples_rclcpp_async_clientConfig.cmake
[4.055s] -- Up-to-date symlink: /home/davide/sesasr_labs/install/examples_rclcpp_async_client/share/examples_rclcpp_async_client/cmake/examples_rclcpp_async_clientConfig-version.cmake
[4.055s] -- Up-to-date symlink: /home/davide/sesasr_labs/install/examples_rclcpp_async_client/share/examples_rclcpp_async_client/package.xml
[4.065s] Invoked command in '/home/davide/sesasr_labs/build/examples_rclcpp_async_client' returned '0': CMAKE_PREFIX_PATH=/opt/ros/humble /usr/bin/cmake --install /home/davide/sesasr_labs/build/examples_rclcpp_async_client
