[0.279s] Invoking command in '/home/davide/sesasr_labs/build/examples_rclcpp_cbg_executor': CMAKE_PREFIX_PATH=/opt/ros/humble /usr/bin/cmake /home/davide/sesasr_labs/src/examples/rclcpp/executors/cbg_executor -DAMENT_CMAKE_SYMLINK_INSTALL=1 -DCMAKE_INSTALL_PREFIX=/home/davide/sesasr_labs/install/examples_rclcpp_cbg_executor
[0.336s] -- Found ament_cmake: 1.3.6 (/opt/ros/humble/share/ament_cmake/cmake)
[0.424s] -- Override CMake install command with custom implementation using symlinks instead of copying resources
[0.424s] -- Found rclcpp: 16.0.7 (/opt/ros/humble/share/rclcpp/cmake)
[0.576s] -- Found rosidl_generator_c: 3.1.5 (/opt/ros/humble/share/rosidl_generator_c/cmake)
[0.578s] -- Found rosidl_adapter: 3.1.5 (/opt/ros/humble/share/rosidl_adapter/cmake)
[0.584s] -- Found rosidl_generator_cpp: 3.1.5 (/opt/ros/humble/share/rosidl_generator_cpp/cmake)
[0.596s] -- Using all available rosidl_typesupport_c: rosidl_typesupport_fastrtps_c;rosidl_typesupport_introspection_c
[0.608s] -- Using all available rosidl_typesupport_cpp: rosidl_typesupport_fastrtps_cpp;rosidl_typesupport_introspection_cpp
[0.654s] -- Found rmw_implementation_cmake: 6.1.1 (/opt/ros/humble/share/rmw_implementation_cmake/cmake)
[0.655s] -- Found rmw_fastrtps_cpp: 6.2.5 (/opt/ros/humble/share/rmw_fastrtps_cpp/cmake)
[4.055s] -- Using RMW implementation 'rmw_fastrtps_cpp' as default
[4.207s] -- Found ament_lint_auto: 0.12.9 (/opt/ros/humble/share/ament_lint_auto/cmake)
[4.284s] -- Added test 'copyright' to check source files copyright and LICENSE
[4.286s] -- Added test 'cppcheck' to perform static code analysis on C / C++ code
[4.287s] -- Configured cppcheck include dirs: /home/davide/sesasr_labs/src/examples/rclcpp/executors/cbg_executor/include
[4.288s] -- Configured cppcheck exclude dirs and/or files: 
[4.288s] -- Added test 'cpplint' to check C / C++ code against the Google style
[4.288s] -- Configured cpplint exclude dirs and/or files: 
[4.289s] -- Added test 'lint_cmake' to check CMake code style
[4.289s] -- Added test 'uncrustify' to check C / C++ code style
[4.290s] -- Configured uncrustify additional arguments: 
[4.290s] -- Added test 'xmllint' to check XML markup files
[4.291s] -- Configuring done
[4.303s] -- Generating done
[4.305s] -- Build files have been written to: /home/davide/sesasr_labs/build/examples_rclcpp_cbg_executor
[4.523s] Invoked command in '/home/davide/sesasr_labs/build/examples_rclcpp_cbg_executor' returned '0': CMAKE_PREFIX_PATH=/opt/ros/humble /usr/bin/cmake /home/davide/sesasr_labs/src/examples/rclcpp/executors/cbg_executor -DAMENT_CMAKE_SYMLINK_INSTALL=1 -DCMAKE_INSTALL_PREFIX=/home/davide/sesasr_labs/install/examples_rclcpp_cbg_executor
[4.523s] Invoking command in '/home/davide/sesasr_labs/build/examples_rclcpp_cbg_executor': CMAKE_PREFIX_PATH=/opt/ros/humble /usr/bin/cmake --build /home/davide/sesasr_labs/build/examples_rclcpp_cbg_executor -- -j8 -l8
[4.580s] [35m[1mConsolidate compiler generated dependencies of target ping[0m
[4.593s] [35m[1mConsolidate compiler generated dependencies of target ping_pong[0m
[4.601s] [ 30%] Built target ping
[4.612s] [ 70%] Built target ping_pong
[4.618s] [35m[1mConsolidate compiler generated dependencies of target pong[0m
[4.664s] [100%] Built target pong
[4.687s] Invoked command in '/home/davide/sesasr_labs/build/examples_rclcpp_cbg_executor' returned '0': CMAKE_PREFIX_PATH=/opt/ros/humble /usr/bin/cmake --build /home/davide/sesasr_labs/build/examples_rclcpp_cbg_executor -- -j8 -l8
[4.734s] Invoking command in '/home/davide/sesasr_labs/build/examples_rclcpp_cbg_executor': CMAKE_PREFIX_PATH=/opt/ros/humble /usr/bin/cmake --install /home/davide/sesasr_labs/build/examples_rclcpp_cbg_executor
[4.842s] -- Install configuration: ""
[4.842s] -- Execute custom install script
[4.843s] -- Up-to-date symlink: /home/davide/sesasr_labs/install/examples_rclcpp_cbg_executor/lib/examples_rclcpp_cbg_executor/ping
[4.843s] -- Up-to-date symlink: /home/davide/sesasr_labs/install/examples_rclcpp_cbg_executor/lib/examples_rclcpp_cbg_executor/pong
[4.843s] -- Up-to-date symlink: /home/davide/sesasr_labs/install/examples_rclcpp_cbg_executor/lib/examples_rclcpp_cbg_executor/ping_pong
[4.843s] -- Up-to-date symlink: /home/davide/sesasr_labs/install/examples_rclcpp_cbg_executor/include/examples_rclcpp_cbg_executor/ping_node.hpp
[4.843s] -- Up-to-date symlink: /home/davide/sesasr_labs/install/examples_rclcpp_cbg_executor/include/examples_rclcpp_cbg_executor/pong_node.hpp
[4.843s] -- Up-to-date symlink: /home/davide/sesasr_labs/install/examples_rclcpp_cbg_executor/share/ament_index/resource_index/package_run_dependencies/examples_rclcpp_cbg_executor
[4.843s] -- Up-to-date symlink: /home/davide/sesasr_labs/install/examples_rclcpp_cbg_executor/share/ament_index/resource_index/parent_prefix_path/examples_rclcpp_cbg_executor
[4.843s] -- Up-to-date symlink: /home/davide/sesasr_labs/install/examples_rclcpp_cbg_executor/share/examples_rclcpp_cbg_executor/environment/ament_prefix_path.sh
[4.843s] -- Up-to-date symlink: /home/davide/sesasr_labs/install/examples_rclcpp_cbg_executor/share/examples_rclcpp_cbg_executor/environment/ament_prefix_path.dsv
[4.843s] -- Up-to-date symlink: /home/davide/sesasr_labs/install/examples_rclcpp_cbg_executor/share/examples_rclcpp_cbg_executor/environment/path.sh
[4.843s] -- Up-to-date symlink: /home/davide/sesasr_labs/install/examples_rclcpp_cbg_executor/share/examples_rclcpp_cbg_executor/environment/path.dsv
[4.843s] -- Up-to-date symlink: /home/davide/sesasr_labs/install/examples_rclcpp_cbg_executor/share/examples_rclcpp_cbg_executor/local_setup.bash
[4.843s] -- Up-to-date symlink: /home/davide/sesasr_labs/install/examples_rclcpp_cbg_executor/share/examples_rclcpp_cbg_executor/local_setup.sh
[4.843s] -- Up-to-date symlink: /home/davide/sesasr_labs/install/examples_rclcpp_cbg_executor/share/examples_rclcpp_cbg_executor/local_setup.zsh
[4.843s] -- Up-to-date symlink: /home/davide/sesasr_labs/install/examples_rclcpp_cbg_executor/share/examples_rclcpp_cbg_executor/local_setup.dsv
[4.843s] -- Symlinking: /home/davide/sesasr_labs/install/examples_rclcpp_cbg_executor/share/examples_rclcpp_cbg_executor/package.dsv
[4.843s] -- Up-to-date symlink: /home/davide/sesasr_labs/install/examples_rclcpp_cbg_executor/share/ament_index/resource_index/packages/examples_rclcpp_cbg_executor
[4.843s] -- Up-to-date symlink: /home/davide/sesasr_labs/install/examples_rclcpp_cbg_executor/share/examples_rclcpp_cbg_executor/cmake/ament_cmake_export_dependencies-extras.cmake
[4.843s] -- Up-to-date symlink: /home/davide/sesasr_labs/install/examples_rclcpp_cbg_executor/share/examples_rclcpp_cbg_executor/cmake/examples_rclcpp_cbg_executorConfig.cmake
[4.843s] -- Up-to-date symlink: /home/davide/sesasr_labs/install/examples_rclcpp_cbg_executor/share/examples_rclcpp_cbg_executor/cmake/examples_rclcpp_cbg_executorConfig-version.cmake
[4.843s] -- Up-to-date symlink: /home/davide/sesasr_labs/install/examples_rclcpp_cbg_executor/share/examples_rclcpp_cbg_executor/package.xml
[4.927s] Invoked command in '/home/davide/sesasr_labs/build/examples_rclcpp_cbg_executor' returned '0': CMAKE_PREFIX_PATH=/opt/ros/humble /usr/bin/cmake --install /home/davide/sesasr_labs/build/examples_rclcpp_cbg_executor
