[0.260s] Invoking command in '/home/davide/sesasr_labs/build/turtlebot3_cartographer': CMAKE_PREFIX_PATH=${CMAKE_PREFIX_PATH}:/home/davide/sesasr_labs/install/my_package:/home/davide/sesasr_labs/install/launch_testing_examples:/home/davide/sesasr_labs/install/examples_rclpy_pointcloud_publisher:/home/davide/sesasr_labs/install/examples_rclpy_minimal_subscriber:/home/davide/sesasr_labs/install/examples_rclpy_minimal_service:/home/davide/sesasr_labs/install/examples_rclpy_minimal_publisher:/home/davide/sesasr_labs/install/examples_rclpy_minimal_client:/home/davide/sesasr_labs/install/examples_rclpy_minimal_action_server:/home/davide/sesasr_labs/install/examples_rclpy_minimal_action_client:/home/davide/sesasr_labs/install/examples_rclpy_guard_conditions:/home/davide/sesasr_labs/install/examples_rclpy_executors:/opt/ros/humble /usr/bin/cmake /home/davide/sesasr_labs/src/turtlebot3/turtlebot3_cartographer -DAMENT_CMAKE_SYMLINK_INSTALL=1 -DCMAKE_INSTALL_PREFIX=/home/davide/sesasr_labs/install/turtlebot3_cartographer
[0.588s] -- The C compiler identification is GNU 11.4.0
[0.899s] -- The CXX compiler identification is GNU 11.4.0
[1.214s] -- Detecting C compiler ABI info
[1.341s] -- Detecting C compiler ABI info - done
[1.345s] -- Check for working C compiler: /usr/bin/cc - skipped
[1.346s] -- Detecting C compile features
[1.346s] -- Detecting C compile features - done
[1.349s] -- Detecting CXX compiler ABI info
[1.502s] -- Detecting CXX compiler ABI info - done
[1.508s] -- Check for working CXX compiler: /usr/bin/c++ - skipped
[1.509s] -- Detecting CXX compile features
[1.509s] -- Detecting CXX compile features - done
[1.512s] -- Found ament_cmake: 1.3.6 (/opt/ros/humble/share/ament_cmake/cmake)
[1.679s] -- Found Python3: /usr/bin/python3.10 (found version "3.10.12") found components: Interpreter 
[1.764s] -- Override CMake install command with custom implementation using symlinks instead of copying resources
[1.892s] -- Configuring done
[1.894s] -- Generating done
[1.895s] -- Build files have been written to: /home/davide/sesasr_labs/build/turtlebot3_cartographer
[1.994s] Invoked command in '/home/davide/sesasr_labs/build/turtlebot3_cartographer' returned '0': CMAKE_PREFIX_PATH=${CMAKE_PREFIX_PATH}:/home/davide/sesasr_labs/install/my_package:/home/davide/sesasr_labs/install/launch_testing_examples:/home/davide/sesasr_labs/install/examples_rclpy_pointcloud_publisher:/home/davide/sesasr_labs/install/examples_rclpy_minimal_subscriber:/home/davide/sesasr_labs/install/examples_rclpy_minimal_service:/home/davide/sesasr_labs/install/examples_rclpy_minimal_publisher:/home/davide/sesasr_labs/install/examples_rclpy_minimal_client:/home/davide/sesasr_labs/install/examples_rclpy_minimal_action_server:/home/davide/sesasr_labs/install/examples_rclpy_minimal_action_client:/home/davide/sesasr_labs/install/examples_rclpy_guard_conditions:/home/davide/sesasr_labs/install/examples_rclpy_executors:/opt/ros/humble /usr/bin/cmake /home/davide/sesasr_labs/src/turtlebot3/turtlebot3_cartographer -DAMENT_CMAKE_SYMLINK_INSTALL=1 -DCMAKE_INSTALL_PREFIX=/home/davide/sesasr_labs/install/turtlebot3_cartographer
[1.995s] Invoking command in '/home/davide/sesasr_labs/build/turtlebot3_cartographer': CMAKE_PREFIX_PATH=${CMAKE_PREFIX_PATH}:/home/davide/sesasr_labs/install/my_package:/home/davide/sesasr_labs/install/launch_testing_examples:/home/davide/sesasr_labs/install/examples_rclpy_pointcloud_publisher:/home/davide/sesasr_labs/install/examples_rclpy_minimal_subscriber:/home/davide/sesasr_labs/install/examples_rclpy_minimal_service:/home/davide/sesasr_labs/install/examples_rclpy_minimal_publisher:/home/davide/sesasr_labs/install/examples_rclpy_minimal_client:/home/davide/sesasr_labs/install/examples_rclpy_minimal_action_server:/home/davide/sesasr_labs/install/examples_rclpy_minimal_action_client:/home/davide/sesasr_labs/install/examples_rclpy_guard_conditions:/home/davide/sesasr_labs/install/examples_rclpy_executors:/opt/ros/humble /usr/bin/cmake --build /home/davide/sesasr_labs/build/turtlebot3_cartographer -- -j8 -l8
[2.079s] Invoked command in '/home/davide/sesasr_labs/build/turtlebot3_cartographer' returned '0': CMAKE_PREFIX_PATH=${CMAKE_PREFIX_PATH}:/home/davide/sesasr_labs/install/my_package:/home/davide/sesasr_labs/install/launch_testing_examples:/home/davide/sesasr_labs/install/examples_rclpy_pointcloud_publisher:/home/davide/sesasr_labs/install/examples_rclpy_minimal_subscriber:/home/davide/sesasr_labs/install/examples_rclpy_minimal_service:/home/davide/sesasr_labs/install/examples_rclpy_minimal_publisher:/home/davide/sesasr_labs/install/examples_rclpy_minimal_client:/home/davide/sesasr_labs/install/examples_rclpy_minimal_action_server:/home/davide/sesasr_labs/install/examples_rclpy_minimal_action_client:/home/davide/sesasr_labs/install/examples_rclpy_guard_conditions:/home/davide/sesasr_labs/install/examples_rclpy_executors:/opt/ros/humble /usr/bin/cmake --build /home/davide/sesasr_labs/build/turtlebot3_cartographer -- -j8 -l8
[2.107s] Invoking command in '/home/davide/sesasr_labs/build/turtlebot3_cartographer': CMAKE_PREFIX_PATH=${CMAKE_PREFIX_PATH}:/home/davide/sesasr_labs/install/my_package:/home/davide/sesasr_labs/install/launch_testing_examples:/home/davide/sesasr_labs/install/examples_rclpy_pointcloud_publisher:/home/davide/sesasr_labs/install/examples_rclpy_minimal_subscriber:/home/davide/sesasr_labs/install/examples_rclpy_minimal_service:/home/davide/sesasr_labs/install/examples_rclpy_minimal_publisher:/home/davide/sesasr_labs/install/examples_rclpy_minimal_client:/home/davide/sesasr_labs/install/examples_rclpy_minimal_action_server:/home/davide/sesasr_labs/install/examples_rclpy_minimal_action_client:/home/davide/sesasr_labs/install/examples_rclpy_guard_conditions:/home/davide/sesasr_labs/install/examples_rclpy_executors:/opt/ros/humble /usr/bin/cmake --install /home/davide/sesasr_labs/build/turtlebot3_cartographer
[2.621s] -- Install configuration: ""
[2.622s] -- Execute custom install script
[2.622s] -- Symlinking: /home/davide/sesasr_labs/install/turtlebot3_cartographer/share/turtlebot3_cartographer/config/turtlebot3_2d.lua
[2.622s] -- Symlinking: /home/davide/sesasr_labs/install/turtlebot3_cartographer/share/turtlebot3_cartographer/launch/cartographer.launch.py
[2.622s] -- Symlinking: /home/davide/sesasr_labs/install/turtlebot3_cartographer/share/turtlebot3_cartographer/rviz/cartographer.rviz
[2.622s] -- Symlinking: /home/davide/sesasr_labs/install/turtlebot3_cartographer/share/ament_index/resource_index/package_run_dependencies/turtlebot3_cartographer
[2.622s] -- Symlinking: /home/davide/sesasr_labs/install/turtlebot3_cartographer/share/ament_index/resource_index/parent_prefix_path/turtlebot3_cartographer
[2.622s] -- Symlinking: /home/davide/sesasr_labs/install/turtlebot3_cartographer/share/turtlebot3_cartographer/environment/ament_prefix_path.sh
[2.622s] -- Symlinking: /home/davide/sesasr_labs/install/turtlebot3_cartographer/share/turtlebot3_cartographer/environment/ament_prefix_path.dsv
[2.622s] -- Symlinking: /home/davide/sesasr_labs/install/turtlebot3_cartographer/share/turtlebot3_cartographer/environment/path.sh
[2.622s] -- Symlinking: /home/davide/sesasr_labs/install/turtlebot3_cartographer/share/turtlebot3_cartographer/environment/path.dsv
[2.622s] -- Symlinking: /home/davide/sesasr_labs/install/turtlebot3_cartographer/share/turtlebot3_cartographer/local_setup.bash
[2.622s] -- Symlinking: /home/davide/sesasr_labs/install/turtlebot3_cartographer/share/turtlebot3_cartographer/local_setup.sh
[2.622s] -- Symlinking: /home/davide/sesasr_labs/install/turtlebot3_cartographer/share/turtlebot3_cartographer/local_setup.zsh
[2.622s] -- Symlinking: /home/davide/sesasr_labs/install/turtlebot3_cartographer/share/turtlebot3_cartographer/local_setup.dsv
[2.622s] -- Symlinking: /home/davide/sesasr_labs/install/turtlebot3_cartographer/share/turtlebot3_cartographer/package.dsv
[2.622s] -- Symlinking: /home/davide/sesasr_labs/install/turtlebot3_cartographer/share/ament_index/resource_index/packages/turtlebot3_cartographer
[2.622s] -- Symlinking: /home/davide/sesasr_labs/install/turtlebot3_cartographer/share/turtlebot3_cartographer/cmake/turtlebot3_cartographerConfig.cmake
[2.622s] -- Symlinking: /home/davide/sesasr_labs/install/turtlebot3_cartographer/share/turtlebot3_cartographer/cmake/turtlebot3_cartographerConfig-version.cmake
[2.622s] -- Symlinking: /home/davide/sesasr_labs/install/turtlebot3_cartographer/share/turtlebot3_cartographer/package.xml
[2.642s] Invoked command in '/home/davide/sesasr_labs/build/turtlebot3_cartographer' returned '0': CMAKE_PREFIX_PATH=${CMAKE_PREFIX_PATH}:/home/davide/sesasr_labs/install/my_package:/home/davide/sesasr_labs/install/launch_testing_examples:/home/davide/sesasr_labs/install/examples_rclpy_pointcloud_publisher:/home/davide/sesasr_labs/install/examples_rclpy_minimal_subscriber:/home/davide/sesasr_labs/install/examples_rclpy_minimal_service:/home/davide/sesasr_labs/install/examples_rclpy_minimal_publisher:/home/davide/sesasr_labs/install/examples_rclpy_minimal_client:/home/davide/sesasr_labs/install/examples_rclpy_minimal_action_server:/home/davide/sesasr_labs/install/examples_rclpy_minimal_action_client:/home/davide/sesasr_labs/install/examples_rclpy_guard_conditions:/home/davide/sesasr_labs/install/examples_rclpy_executors:/opt/ros/humble /usr/bin/cmake --install /home/davide/sesasr_labs/build/turtlebot3_cartographer
