[0.785s] Invoking command in '/home/davide/sesasr_labs/build/turtlebot3_teleop': PYTHONPATH=/home/davide/sesasr_labs/build/turtlebot3_teleop/prefix_override:/home/davide/sesasr_labs/install/turtlebot3_teleop/lib/python3.10/site-packages:${PYTHONPATH} /usr/bin/python3 setup.py develop --editable --build-directory /home/davide/sesasr_labs/build/turtlebot3_teleop/build --no-deps install_data
[1.727s] running develop
[1.729s] running egg_info
[1.729s] creating turtlebot3_teleop.egg-info
[1.729s] writing turtlebot3_teleop.egg-info/PKG-INFO
[1.730s] writing dependency_links to turtlebot3_teleop.egg-info/dependency_links.txt
[1.730s] writing entry points to turtlebot3_teleop.egg-info/entry_points.txt
[1.730s] writing requirements to turtlebot3_teleop.egg-info/requires.txt
[1.730s] writing top-level names to turtlebot3_teleop.egg-info/top_level.txt
[1.730s] writing manifest file 'turtlebot3_teleop.egg-info/SOURCES.txt'
[1.730s] reading manifest file 'turtlebot3_teleop.egg-info/SOURCES.txt'
[1.730s] writing manifest file 'turtlebot3_teleop.egg-info/SOURCES.txt'
[1.730s] running build_ext
[1.730s] Creating /home/davide/sesasr_labs/install/turtlebot3_teleop/lib/python3.10/site-packages/turtlebot3-teleop.egg-link (link to .)
[1.730s] Installing teleop_keyboard script to /home/davide/sesasr_labs/install/turtlebot3_teleop/lib/turtlebot3_teleop
[1.730s] 
[1.730s] Installed /home/davide/sesasr_labs/build/turtlebot3_teleop
[1.730s] running install_data
[1.730s] creating /home/davide/sesasr_labs/install/turtlebot3_teleop/share/ament_index
[1.730s] creating /home/davide/sesasr_labs/install/turtlebot3_teleop/share/ament_index/resource_index
[1.730s] creating /home/davide/sesasr_labs/install/turtlebot3_teleop/share/ament_index/resource_index/packages
[1.730s] copying resource/turtlebot3_teleop -> /home/davide/sesasr_labs/install/turtlebot3_teleop/share/ament_index/resource_index/packages
[1.730s] copying package.xml -> /home/davide/sesasr_labs/install/turtlebot3_teleop/share/turtlebot3_teleop
[1.730s] /usr/lib/python3/dist-packages/setuptools/command/easy_install.py:158: EasyInstallDeprecationWarning: easy_install command is deprecated. Use build and pip and other standards-based tools.
[1.730s]   warnings.warn(
[1.731s] /usr/lib/python3/dist-packages/setuptools/command/install.py:34: SetuptoolsDeprecationWarning: setup.py install is deprecated. Use build and pip and other standards-based tools.
[1.731s]   warnings.warn(
[1.731s] Invoked command in '/home/davide/sesasr_labs/build/turtlebot3_teleop' returned '0': PYTHONPATH=/home/davide/sesasr_labs/build/turtlebot3_teleop/prefix_override:/home/davide/sesasr_labs/install/turtlebot3_teleop/lib/python3.10/site-packages:${PYTHONPATH} /usr/bin/python3 setup.py develop --editable --build-directory /home/davide/sesasr_labs/build/turtlebot3_teleop/build --no-deps install_data
