[2.066s] Invoking command in '/home/davide/sesasr_labs/build/examples_rclpy_executors': PYTHONPATH=/home/davide/sesasr_labs/build/examples_rclpy_executors/prefix_override:/home/davide/sesasr_labs/install/examples_rclpy_executors/lib/python3.10/site-packages:${PYTHONPATH} /usr/bin/python3 setup.py develop --editable --build-directory /home/davide/sesasr_labs/build/examples_rclpy_executors/build --no-deps install_data
[2.483s] running develop
[2.483s] /usr/lib/python3/dist-packages/setuptools/command/easy_install.py:158: EasyInstallDeprecationWarning: easy_install command is deprecated. Use build and pip and other standards-based tools.
[2.483s]   warnings.warn(
[2.485s] /usr/lib/python3/dist-packages/setuptools/command/install.py:34: SetuptoolsDeprecationWarning: setup.py install is deprecated. Use build and pip and other standards-based tools.
[2.485s]   warnings.warn(
[2.657s] running egg_info
[2.657s] writing examples_rclpy_executors.egg-info/PKG-INFO
[2.659s] writing dependency_links to examples_rclpy_executors.egg-info/dependency_links.txt
[2.659s] writing entry points to examples_rclpy_executors.egg-info/entry_points.txt
[2.659s] writing requirements to examples_rclpy_executors.egg-info/requires.txt
[2.659s] writing top-level names to examples_rclpy_executors.egg-info/top_level.txt
[2.662s] reading manifest file 'examples_rclpy_executors.egg-info/SOURCES.txt'
[2.662s] writing manifest file 'examples_rclpy_executors.egg-info/SOURCES.txt'
[2.664s] running build_ext
[2.664s] Creating /home/davide/sesasr_labs/install/examples_rclpy_executors/lib/python3.10/site-packages/examples-rclpy-executors.egg-link (link to .)
[2.665s] Installing callback_group script to /home/davide/sesasr_labs/install/examples_rclpy_executors/lib/examples_rclpy_executors
[2.665s] Installing composed script to /home/davide/sesasr_labs/install/examples_rclpy_executors/lib/examples_rclpy_executors
[2.665s] Installing custom_callback_group script to /home/davide/sesasr_labs/install/examples_rclpy_executors/lib/examples_rclpy_executors
[2.665s] Installing custom_executor script to /home/davide/sesasr_labs/install/examples_rclpy_executors/lib/examples_rclpy_executors
[2.665s] Installing listener script to /home/davide/sesasr_labs/install/examples_rclpy_executors/lib/examples_rclpy_executors
[2.665s] Installing talker script to /home/davide/sesasr_labs/install/examples_rclpy_executors/lib/examples_rclpy_executors
[2.665s] 
[2.665s] Installed /home/davide/sesasr_labs/build/examples_rclpy_executors
[2.665s] running install_data
[2.883s] Invoked command in '/home/davide/sesasr_labs/build/examples_rclpy_executors' returned '0': PYTHONPATH=/home/davide/sesasr_labs/build/examples_rclpy_executors/prefix_override:/home/davide/sesasr_labs/install/examples_rclpy_executors/lib/python3.10/site-packages:${PYTHONPATH} /usr/bin/python3 setup.py develop --editable --build-directory /home/davide/sesasr_labs/build/examples_rclpy_executors/build --no-deps install_data
