[0.098s] Invoking command in '/home/davide/sesasr_labs/build/examples_rclcpp_wait_set': CMAKE_PREFIX_PATH=${CMAKE_PREFIX_PATH}:/home/davide/sesasr_labs/install/launch_testing_examples:/home/davide/sesasr_labs/install/examples_rclpy_pointcloud_publisher:/home/davide/sesasr_labs/install/examples_rclpy_minimal_subscriber:/home/davide/sesasr_labs/install/examples_rclpy_minimal_service:/home/davide/sesasr_labs/install/examples_rclpy_minimal_publisher:/home/davide/sesasr_labs/install/examples_rclpy_minimal_client:/home/davide/sesasr_labs/install/examples_rclpy_minimal_action_server:/home/davide/sesasr_labs/install/examples_rclpy_minimal_action_client:/home/davide/sesasr_labs/install/examples_rclpy_guard_conditions:/home/davide/sesasr_labs/install/examples_rclpy_executors:/opt/ros/humble /usr/bin/cmake /home/davide/sesasr_labs/src/examples/rclcpp/wait_set -DCMAKE_INSTALL_PREFIX=/home/davide/sesasr_labs/install/examples_rclcpp_wait_set
[0.144s] -- Found ament_cmake: 1.3.6 (/opt/ros/humble/share/ament_cmake/cmake)
[0.295s] -- Override CMake install command with custom implementation using symlinks instead of copying resources
[0.301s] -- Found example_interfaces: 0.9.3 (/opt/ros/humble/share/example_interfaces/cmake)
[0.380s] -- Found rosidl_generator_c: 3.1.5 (/opt/ros/humble/share/rosidl_generator_c/cmake)
[0.382s] -- Found rosidl_adapter: 3.1.5 (/opt/ros/humble/share/rosidl_adapter/cmake)
[0.388s] -- Found rosidl_generator_cpp: 3.1.5 (/opt/ros/humble/share/rosidl_generator_cpp/cmake)
[0.398s] -- Using all available rosidl_typesupport_c: rosidl_typesupport_fastrtps_c;rosidl_typesupport_introspection_c
[0.414s] -- Using all available rosidl_typesupport_cpp: rosidl_typesupport_fastrtps_cpp;rosidl_typesupport_introspection_cpp
[0.804s] -- Found rclcpp: 16.0.7 (/opt/ros/humble/share/rclcpp/cmake)
[0.950s] -- Found rmw_implementation_cmake: 6.1.1 (/opt/ros/humble/share/rmw_implementation_cmake/cmake)
[0.955s] -- Found rmw_fastrtps_cpp: 6.2.5 (/opt/ros/humble/share/rmw_fastrtps_cpp/cmake)
[5.313s] -- Using RMW implementation 'rmw_fastrtps_cpp' as default
[5.473s] -- Found rclcpp_components: 16.0.7 (/opt/ros/humble/share/rclcpp_components/cmake)
[5.542s] -- Found ament_lint_auto: 0.12.9 (/opt/ros/humble/share/ament_lint_auto/cmake)
[5.613s] -- Added test 'copyright' to check source files copyright and LICENSE
[5.614s] -- Added test 'cppcheck' to perform static code analysis on C / C++ code
[5.614s] -- Configured cppcheck include dirs: /home/davide/sesasr_labs/src/examples/rclcpp/wait_set/include
[5.614s] -- Configured cppcheck exclude dirs and/or files: 
[5.615s] -- Added test 'cpplint' to check C / C++ code against the Google style
[5.615s] -- Configured cpplint exclude dirs and/or files: 
[5.615s] -- Added test 'lint_cmake' to check CMake code style
[5.616s] -- Added test 'uncrustify' to check C / C++ code style
[5.616s] -- Configured uncrustify additional arguments: 
[5.616s] -- Added test 'xmllint' to check XML markup files
[5.617s] -- Configuring done
[5.652s] -- Generating done
[5.652s] -- Build files have been written to: /home/davide/sesasr_labs/build/examples_rclcpp_wait_set
[5.846s] Invoked command in '/home/davide/sesasr_labs/build/examples_rclcpp_wait_set' returned '0': CMAKE_PREFIX_PATH=${CMAKE_PREFIX_PATH}:/home/davide/sesasr_labs/install/launch_testing_examples:/home/davide/sesasr_labs/install/examples_rclpy_pointcloud_publisher:/home/davide/sesasr_labs/install/examples_rclpy_minimal_subscriber:/home/davide/sesasr_labs/install/examples_rclpy_minimal_service:/home/davide/sesasr_labs/install/examples_rclpy_minimal_publisher:/home/davide/sesasr_labs/install/examples_rclpy_minimal_client:/home/davide/sesasr_labs/install/examples_rclpy_minimal_action_server:/home/davide/sesasr_labs/install/examples_rclpy_minimal_action_client:/home/davide/sesasr_labs/install/examples_rclpy_guard_conditions:/home/davide/sesasr_labs/install/examples_rclpy_executors:/opt/ros/humble /usr/bin/cmake /home/davide/sesasr_labs/src/examples/rclcpp/wait_set -DCMAKE_INSTALL_PREFIX=/home/davide/sesasr_labs/install/examples_rclcpp_wait_set
[5.847s] Invoking command in '/home/davide/sesasr_labs/build/examples_rclcpp_wait_set': CMAKE_PREFIX_PATH=${CMAKE_PREFIX_PATH}:/home/davide/sesasr_labs/install/launch_testing_examples:/home/davide/sesasr_labs/install/examples_rclpy_pointcloud_publisher:/home/davide/sesasr_labs/install/examples_rclpy_minimal_subscriber:/home/davide/sesasr_labs/install/examples_rclpy_minimal_service:/home/davide/sesasr_labs/install/examples_rclpy_minimal_publisher:/home/davide/sesasr_labs/install/examples_rclpy_minimal_client:/home/davide/sesasr_labs/install/examples_rclpy_minimal_action_server:/home/davide/sesasr_labs/install/examples_rclpy_minimal_action_client:/home/davide/sesasr_labs/install/examples_rclpy_guard_conditions:/home/davide/sesasr_labs/install/examples_rclpy_executors:/opt/ros/humble /usr/bin/cmake --build /home/davide/sesasr_labs/build/examples_rclcpp_wait_set -- -j8 -l8
[5.925s] [35m[1mConsolidate compiler generated dependencies of target wait_set_talker[0m
[5.926s] [35m[1mConsolidate compiler generated dependencies of target static_wait_set[0m
[5.926s] [35m[1mConsolidate compiler generated dependencies of target listener[0m
[5.926s] [35m[1mConsolidate compiler generated dependencies of target talker[0m
[5.927s] [35m[1mConsolidate compiler generated dependencies of target thread_safe_wait_set[0m
[5.927s] [35m[1mConsolidate compiler generated dependencies of target wait_set_listener[0m
[5.927s] [35m[1mConsolidate compiler generated dependencies of target wait_set[0m
[5.931s] [  8%] Built target wait_set_talker
[5.945s] [ 33%] Built target talker
[5.945s] [ 33%] Built target listener
[5.945s] [ 33%] Built target static_wait_set
[5.950s] [ 41%] Built target wait_set_listener
[5.966s] [ 58%] Built target thread_safe_wait_set
[5.967s] [ 58%] Built target wait_set
[5.988s] [35m[1mConsolidate compiler generated dependencies of target wait_set_topics_and_timer[0m
[5.989s] [35m[1mConsolidate compiler generated dependencies of target wait_set_random_order[0m
[5.999s] [35m[1mConsolidate compiler generated dependencies of target wait_set_topics_with_different_rates[0m
[5.999s] [35m[1mConsolidate compiler generated dependencies of target wait_set_composed[0m
[6.008s] [35m[1mConsolidate compiler generated dependencies of target executor_random_order[0m
[6.018s] [ 66%] Built target wait_set_topics_and_timer
[6.022s] [ 75%] Built target wait_set_random_order
[6.023s] [ 83%] Built target wait_set_composed
[6.024s] [ 91%] Built target wait_set_topics_with_different_rates
[6.027s] [100%] Built target executor_random_order
[6.326s] Invoked command in '/home/davide/sesasr_labs/build/examples_rclcpp_wait_set' returned '0': CMAKE_PREFIX_PATH=${CMAKE_PREFIX_PATH}:/home/davide/sesasr_labs/install/launch_testing_examples:/home/davide/sesasr_labs/install/examples_rclpy_pointcloud_publisher:/home/davide/sesasr_labs/install/examples_rclpy_minimal_subscriber:/home/davide/sesasr_labs/install/examples_rclpy_minimal_service:/home/davide/sesasr_labs/install/examples_rclpy_minimal_publisher:/home/davide/sesasr_labs/install/examples_rclpy_minimal_client:/home/davide/sesasr_labs/install/examples_rclpy_minimal_action_server:/home/davide/sesasr_labs/install/examples_rclpy_minimal_action_client:/home/davide/sesasr_labs/install/examples_rclpy_guard_conditions:/home/davide/sesasr_labs/install/examples_rclpy_executors:/opt/ros/humble /usr/bin/cmake --build /home/davide/sesasr_labs/build/examples_rclcpp_wait_set -- -j8 -l8
[6.790s] Invoking command in '/home/davide/sesasr_labs/build/examples_rclcpp_wait_set': CMAKE_PREFIX_PATH=${CMAKE_PREFIX_PATH}:/home/davide/sesasr_labs/install/launch_testing_examples:/home/davide/sesasr_labs/install/examples_rclpy_pointcloud_publisher:/home/davide/sesasr_labs/install/examples_rclpy_minimal_subscriber:/home/davide/sesasr_labs/install/examples_rclpy_minimal_service:/home/davide/sesasr_labs/install/examples_rclpy_minimal_publisher:/home/davide/sesasr_labs/install/examples_rclpy_minimal_client:/home/davide/sesasr_labs/install/examples_rclpy_minimal_action_server:/home/davide/sesasr_labs/install/examples_rclpy_minimal_action_client:/home/davide/sesasr_labs/install/examples_rclpy_guard_conditions:/home/davide/sesasr_labs/install/examples_rclpy_executors:/opt/ros/humble /usr/bin/cmake --install /home/davide/sesasr_labs/build/examples_rclcpp_wait_set
[6.793s] -- Install configuration: ""
[6.793s] -- Execute custom install script
[6.793s] -- Up-to-date symlink: /home/davide/sesasr_labs/install/examples_rclcpp_wait_set/lib/examples_rclcpp_wait_set/wait_set_talker
[6.794s] -- Up-to-date symlink: /home/davide/sesasr_labs/install/examples_rclcpp_wait_set/lib/examples_rclcpp_wait_set/wait_set_listener
[6.794s] -- Up-to-date symlink: /home/davide/sesasr_labs/install/examples_rclcpp_wait_set/lib/libtalker.so
[6.794s] -- Up-to-date symlink: /home/davide/sesasr_labs/install/examples_rclcpp_wait_set/lib/liblistener.so
[6.794s] -- Up-to-date symlink: /home/davide/sesasr_labs/install/examples_rclcpp_wait_set/lib/examples_rclcpp_wait_set/wait_set
[6.794s] -- Up-to-date symlink: /home/davide/sesasr_labs/install/examples_rclcpp_wait_set/lib/examples_rclcpp_wait_set/static_wait_set
[6.794s] -- Up-to-date symlink: /home/davide/sesasr_labs/install/examples_rclcpp_wait_set/lib/examples_rclcpp_wait_set/thread_safe_wait_set
[6.795s] -- Up-to-date symlink: /home/davide/sesasr_labs/install/examples_rclcpp_wait_set/lib/examples_rclcpp_wait_set/wait_set_topics_and_timer
[6.795s] -- Up-to-date symlink: /home/davide/sesasr_labs/install/examples_rclcpp_wait_set/lib/examples_rclcpp_wait_set/wait_set_random_order
[6.795s] -- Up-to-date symlink: /home/davide/sesasr_labs/install/examples_rclcpp_wait_set/lib/examples_rclcpp_wait_set/executor_random_order
[6.795s] -- Up-to-date symlink: /home/davide/sesasr_labs/install/examples_rclcpp_wait_set/lib/examples_rclcpp_wait_set/wait_set_topics_with_different_rates
[6.795s] -- Up-to-date symlink: /home/davide/sesasr_labs/install/examples_rclcpp_wait_set/lib/examples_rclcpp_wait_set/wait_set_composed
[6.795s] -- Up-to-date symlink: /home/davide/sesasr_labs/install/examples_rclcpp_wait_set/share/ament_index/resource_index/package_run_dependencies/examples_rclcpp_wait_set
[6.795s] -- Up-to-date symlink: /home/davide/sesasr_labs/install/examples_rclcpp_wait_set/share/ament_index/resource_index/parent_prefix_path/examples_rclcpp_wait_set
[6.795s] -- Up-to-date symlink: /home/davide/sesasr_labs/install/examples_rclcpp_wait_set/share/examples_rclcpp_wait_set/environment/ament_prefix_path.sh
[6.795s] -- Up-to-date symlink: /home/davide/sesasr_labs/install/examples_rclcpp_wait_set/share/examples_rclcpp_wait_set/environment/ament_prefix_path.dsv
[6.795s] -- Up-to-date symlink: /home/davide/sesasr_labs/install/examples_rclcpp_wait_set/share/examples_rclcpp_wait_set/environment/path.sh
[6.796s] -- Up-to-date symlink: /home/davide/sesasr_labs/install/examples_rclcpp_wait_set/share/examples_rclcpp_wait_set/environment/path.dsv
[6.796s] -- Up-to-date symlink: /home/davide/sesasr_labs/install/examples_rclcpp_wait_set/share/examples_rclcpp_wait_set/local_setup.bash
[6.796s] -- Up-to-date symlink: /home/davide/sesasr_labs/install/examples_rclcpp_wait_set/share/examples_rclcpp_wait_set/local_setup.sh
[6.796s] -- Up-to-date symlink: /home/davide/sesasr_labs/install/examples_rclcpp_wait_set/share/examples_rclcpp_wait_set/local_setup.zsh
[6.796s] -- Up-to-date symlink: /home/davide/sesasr_labs/install/examples_rclcpp_wait_set/share/examples_rclcpp_wait_set/local_setup.dsv
[6.796s] -- Symlinking: /home/davide/sesasr_labs/install/examples_rclcpp_wait_set/share/examples_rclcpp_wait_set/package.dsv
[6.802s] -- Up-to-date symlink: /home/davide/sesasr_labs/install/examples_rclcpp_wait_set/share/ament_index/resource_index/packages/examples_rclcpp_wait_set
[6.802s] -- Up-to-date symlink: /home/davide/sesasr_labs/install/examples_rclcpp_wait_set/share/ament_index/resource_index/rclcpp_components/examples_rclcpp_wait_set
[6.803s] -- Up-to-date symlink: /home/davide/sesasr_labs/install/examples_rclcpp_wait_set/share/examples_rclcpp_wait_set/cmake/examples_rclcpp_wait_setConfig.cmake
[6.803s] -- Up-to-date symlink: /home/davide/sesasr_labs/install/examples_rclcpp_wait_set/share/examples_rclcpp_wait_set/cmake/examples_rclcpp_wait_setConfig-version.cmake
[6.803s] -- Up-to-date symlink: /home/davide/sesasr_labs/install/examples_rclcpp_wait_set/share/examples_rclcpp_wait_set/package.xml
[6.804s] Invoked command in '/home/davide/sesasr_labs/build/examples_rclcpp_wait_set' returned '0': CMAKE_PREFIX_PATH=${CMAKE_PREFIX_PATH}:/home/davide/sesasr_labs/install/launch_testing_examples:/home/davide/sesasr_labs/install/examples_rclpy_pointcloud_publisher:/home/davide/sesasr_labs/install/examples_rclpy_minimal_subscriber:/home/davide/sesasr_labs/install/examples_rclpy_minimal_service:/home/davide/sesasr_labs/install/examples_rclpy_minimal_publisher:/home/davide/sesasr_labs/install/examples_rclpy_minimal_client:/home/davide/sesasr_labs/install/examples_rclpy_minimal_action_server:/home/davide/sesasr_labs/install/examples_rclpy_minimal_action_client:/home/davide/sesasr_labs/install/examples_rclpy_guard_conditions:/home/davide/sesasr_labs/install/examples_rclpy_executors:/opt/ros/humble /usr/bin/cmake --install /home/davide/sesasr_labs/build/examples_rclcpp_wait_set
