[2.556s] Invoking command in '/home/davide/sesasr_labs/src/examples/rclpy/services/minimal_client': PYTHONPATH=/home/davide/sesasr_labs/build/examples_rclpy_minimal_client/prefix_override:/home/davide/sesasr_labs/install/examples_rclpy_minimal_client/lib/python3.10/site-packages:${PYTHONPATH} /usr/bin/python3 setup.py egg_info --egg-base ../../../../../build/examples_rclpy_minimal_client build --build-base /home/davide/sesasr_labs/build/examples_rclpy_minimal_client/build install --record /home/davide/sesasr_labs/build/examples_rclpy_minimal_client/install.log --single-version-externally-managed
[2.760s] running egg_info
[2.761s] writing ../../../../../build/examples_rclpy_minimal_client/examples_rclpy_minimal_client.egg-info/PKG-INFO
[2.762s] writing dependency_links to ../../../../../build/examples_rclpy_minimal_client/examples_rclpy_minimal_client.egg-info/dependency_links.txt
[2.762s] writing entry points to ../../../../../build/examples_rclpy_minimal_client/examples_rclpy_minimal_client.egg-info/entry_points.txt
[2.762s] writing requirements to ../../../../../build/examples_rclpy_minimal_client/examples_rclpy_minimal_client.egg-info/requires.txt
[2.763s] writing top-level names to ../../../../../build/examples_rclpy_minimal_client/examples_rclpy_minimal_client.egg-info/top_level.txt
[2.764s] reading manifest file '../../../../../build/examples_rclpy_minimal_client/examples_rclpy_minimal_client.egg-info/SOURCES.txt'
[2.765s] writing manifest file '../../../../../build/examples_rclpy_minimal_client/examples_rclpy_minimal_client.egg-info/SOURCES.txt'
[2.766s] running build
[2.766s] running build_py
[2.767s] running install
[2.767s] /usr/lib/python3/dist-packages/setuptools/command/install.py:34: SetuptoolsDeprecationWarning: setup.py install is deprecated. Use build and pip and other standards-based tools.
[2.767s]   warnings.warn(
[2.767s] running install_lib
[2.769s] running install_data
[2.770s] running install_egg_info
[2.772s] removing '/home/davide/sesasr_labs/install/examples_rclpy_minimal_client/lib/python3.10/site-packages/examples_rclpy_minimal_client-0.15.1-py3.10.egg-info' (and everything under it)
[2.772s] Copying ../../../../../build/examples_rclpy_minimal_client/examples_rclpy_minimal_client.egg-info to /home/davide/sesasr_labs/install/examples_rclpy_minimal_client/lib/python3.10/site-packages/examples_rclpy_minimal_client-0.15.1-py3.10.egg-info
[2.776s] running install_scripts
[2.794s] Installing client script to /home/davide/sesasr_labs/install/examples_rclpy_minimal_client/lib/examples_rclpy_minimal_client
[2.794s] Installing client_async script to /home/davide/sesasr_labs/install/examples_rclpy_minimal_client/lib/examples_rclpy_minimal_client
[2.794s] Installing client_async_callback script to /home/davide/sesasr_labs/install/examples_rclpy_minimal_client/lib/examples_rclpy_minimal_client
[2.794s] Installing client_async_member_function script to /home/davide/sesasr_labs/install/examples_rclpy_minimal_client/lib/examples_rclpy_minimal_client
[2.795s] writing list of installed files to '/home/davide/sesasr_labs/build/examples_rclpy_minimal_client/install.log'
[2.889s] Invoked command in '/home/davide/sesasr_labs/src/examples/rclpy/services/minimal_client' returned '0': PYTHONPATH=/home/davide/sesasr_labs/build/examples_rclpy_minimal_client/prefix_override:/home/davide/sesasr_labs/install/examples_rclpy_minimal_client/lib/python3.10/site-packages:${PYTHONPATH} /usr/bin/python3 setup.py egg_info --egg-base ../../../../../build/examples_rclpy_minimal_client build --build-base /home/davide/sesasr_labs/build/examples_rclpy_minimal_client/build install --record /home/davide/sesasr_labs/build/examples_rclpy_minimal_client/install.log --single-version-externally-managed
