[1.033s] Invoking command in '/home/davide/sesasr_labs/build/turtlebot3_example': AMENT_PREFIX_PATH=/home/davide/sesasr_labs/install/turtlebot3_msgs:${AMENT_PREFIX_PATH} CMAKE_PREFIX_PATH=/home/davide/sesasr_labs/install/turtlebot3_msgs:${CMAKE_PREFIX_PATH} LD_LIBRARY_PATH=/home/davide/sesasr_labs/install/turtlebot3_msgs/lib:${LD_LIBRARY_PATH} PYTHONPATH=/home/davide/sesasr_labs/build/turtlebot3_example/prefix_override:/home/davide/sesasr_labs/install/turtlebot3_example/lib/python3.10/site-packages:/home/davide/sesasr_labs/install/turtlebot3_msgs/local/lib/python3.10/dist-packages:${PYTHONPATH} /usr/bin/python3 setup.py develop --editable --build-directory /home/davide/sesasr_labs/build/turtlebot3_example/build --no-deps install_data
[1.370s] running develop
[1.371s] /usr/lib/python3/dist-packages/setuptools/command/easy_install.py:158: EasyInstallDeprecationWarning: easy_install command is deprecated. Use build and pip and other standards-based tools.
[1.371s]   warnings.warn(
[1.372s] /usr/lib/python3/dist-packages/setuptools/command/install.py:34: SetuptoolsDeprecationWarning: setup.py install is deprecated. Use build and pip and other standards-based tools.
[1.372s]   warnings.warn(
[1.564s] running egg_info
[1.565s] creating turtlebot3_example.egg-info
[1.565s] writing turtlebot3_example.egg-info/PKG-INFO
[1.565s] writing dependency_links to turtlebot3_example.egg-info/dependency_links.txt
[1.566s] writing entry points to turtlebot3_example.egg-info/entry_points.txt
[1.566s] writing requirements to turtlebot3_example.egg-info/requires.txt
[1.566s] writing top-level names to turtlebot3_example.egg-info/top_level.txt
[1.566s] writing manifest file 'turtlebot3_example.egg-info/SOURCES.txt'
[1.569s] reading manifest file 'turtlebot3_example.egg-info/SOURCES.txt'
[1.569s] writing manifest file 'turtlebot3_example.egg-info/SOURCES.txt'
[1.572s] running build_ext
[1.572s] Creating /home/davide/sesasr_labs/install/turtlebot3_example/lib/python3.10/site-packages/turtlebot3-example.egg-link (link to .)
[1.572s] Installing turtlebot3_interactive_marker script to /home/davide/sesasr_labs/install/turtlebot3_example/lib/turtlebot3_example
[1.573s] Installing turtlebot3_obstacle_detection script to /home/davide/sesasr_labs/install/turtlebot3_example/lib/turtlebot3_example
[1.573s] Installing turtlebot3_patrol_client script to /home/davide/sesasr_labs/install/turtlebot3_example/lib/turtlebot3_example
[1.574s] Installing turtlebot3_patrol_server script to /home/davide/sesasr_labs/install/turtlebot3_example/lib/turtlebot3_example
[1.574s] Installing turtlebot3_position_control_pointop_key script to /home/davide/sesasr_labs/install/turtlebot3_example/lib/turtlebot3_example
[1.574s] 
[1.574s] Installed /home/davide/sesasr_labs/build/turtlebot3_example
[1.574s] running install_data
[1.574s] creating /home/davide/sesasr_labs/install/turtlebot3_example/share/ament_index
[1.574s] creating /home/davide/sesasr_labs/install/turtlebot3_example/share/ament_index/resource_index
[1.575s] creating /home/davide/sesasr_labs/install/turtlebot3_example/share/ament_index/resource_index/packages
[1.575s] copying resource/turtlebot3_example -> /home/davide/sesasr_labs/install/turtlebot3_example/share/ament_index/resource_index/packages
[1.575s] copying package.xml -> /home/davide/sesasr_labs/install/turtlebot3_example/share/turtlebot3_example
[1.643s] Invoked command in '/home/davide/sesasr_labs/build/turtlebot3_example' returned '0': AMENT_PREFIX_PATH=/home/davide/sesasr_labs/install/turtlebot3_msgs:${AMENT_PREFIX_PATH} CMAKE_PREFIX_PATH=/home/davide/sesasr_labs/install/turtlebot3_msgs:${CMAKE_PREFIX_PATH} LD_LIBRARY_PATH=/home/davide/sesasr_labs/install/turtlebot3_msgs/lib:${LD_LIBRARY_PATH} PYTHONPATH=/home/davide/sesasr_labs/build/turtlebot3_example/prefix_override:/home/davide/sesasr_labs/install/turtlebot3_example/lib/python3.10/site-packages:/home/davide/sesasr_labs/install/turtlebot3_msgs/local/lib/python3.10/dist-packages:${PYTHONPATH} /usr/bin/python3 setup.py develop --editable --build-directory /home/davide/sesasr_labs/build/turtlebot3_example/build --no-deps install_data
