[0.217s] Invoking command in '/home/davide/sesasr_labs/build/examples_rclcpp_wait_set': CMAKE_PREFIX_PATH=/opt/ros/humble /usr/bin/cmake /home/davide/sesasr_labs/src/examples/rclcpp/wait_set -DAMENT_CMAKE_SYMLINK_INSTALL=1 -DCMAKE_INSTALL_PREFIX=/home/davide/sesasr_labs/install/examples_rclcpp_wait_set
[0.981s] -- The C compiler identification is GNU 11.4.0
[0.981s] -- The CXX compiler identification is GNU 11.4.0
[1.243s] -- Detecting C compiler ABI info
[1.494s] -- Detecting C compiler ABI info - done
[1.502s] -- Check for working C compiler: /usr/bin/cc - skipped
[1.504s] -- Detecting C compile features
[1.504s] -- Detecting C compile features - done
[1.506s] -- Detecting CXX compiler ABI info
[1.751s] -- Detecting CXX compiler ABI info - done
[1.755s] -- Check for working CXX compiler: /usr/bin/c++ - skipped
[1.755s] -- Detecting CXX compile features
[1.755s] -- Detecting CXX compile features - done
[1.756s] -- Found ament_cmake: 1.3.6 (/opt/ros/humble/share/ament_cmake/cmake)
[2.026s] -- Found Python3: /usr/bin/python3.10 (found version "3.10.12") found components: Interpreter 
[2.195s] -- Override CMake install command with custom implementation using symlinks instead of copying resources
[2.201s] -- Found example_interfaces: 0.9.3 (/opt/ros/humble/share/example_interfaces/cmake)
[2.346s] -- Found rosidl_generator_c: 3.1.5 (/opt/ros/humble/share/rosidl_generator_c/cmake)
[2.351s] -- Found rosidl_adapter: 3.1.5 (/opt/ros/humble/share/rosidl_adapter/cmake)
[2.366s] -- Found rosidl_generator_cpp: 3.1.5 (/opt/ros/humble/share/rosidl_generator_cpp/cmake)
[2.461s] -- Using all available rosidl_typesupport_c: rosidl_typesupport_fastrtps_c;rosidl_typesupport_introspection_c
[2.535s] -- Using all available rosidl_typesupport_cpp: rosidl_typesupport_fastrtps_cpp;rosidl_typesupport_introspection_cpp
[2.907s] -- Found rclcpp: 16.0.7 (/opt/ros/humble/share/rclcpp/cmake)
[2.979s] -- Found rmw_implementation_cmake: 6.1.1 (/opt/ros/humble/share/rmw_implementation_cmake/cmake)
[2.981s] -- Found rmw_fastrtps_cpp: 6.2.5 (/opt/ros/humble/share/rmw_fastrtps_cpp/cmake)
[4.229s] -- Found OpenSSL: /usr/lib/x86_64-linux-gnu/libcrypto.so (found version "3.0.2")  
[5.128s] -- Found FastRTPS: /opt/ros/humble/include  
[8.108s] -- Using RMW implementation 'rmw_fastrtps_cpp' as default
[8.116s] -- Looking for pthread.h
[8.504s] -- Looking for pthread.h - found
[8.505s] -- Performing Test CMAKE_HAVE_LIBC_PTHREAD
[8.863s] -- Performing Test CMAKE_HAVE_LIBC_PTHREAD - Success
[8.863s] -- Found Threads: TRUE  
[9.179s] -- Found rclcpp_components: 16.0.7 (/opt/ros/humble/share/rclcpp_components/cmake)
[9.355s] -- Found ament_lint_auto: 0.12.9 (/opt/ros/humble/share/ament_lint_auto/cmake)
[9.547s] -- Added test 'copyright' to check source files copyright and LICENSE
[9.548s] -- Added test 'cppcheck' to perform static code analysis on C / C++ code
[9.548s] -- Configured cppcheck include dirs: /home/davide/sesasr_labs/src/examples/rclcpp/wait_set/include
[9.548s] -- Configured cppcheck exclude dirs and/or files: 
[9.549s] -- Added test 'cpplint' to check C / C++ code against the Google style
[9.549s] -- Configured cpplint exclude dirs and/or files: 
[9.550s] -- Added test 'lint_cmake' to check CMake code style
[9.555s] -- Added test 'uncrustify' to check C / C++ code style
[9.555s] -- Configured uncrustify additional arguments: 
[9.556s] -- Added test 'xmllint' to check XML markup files
[9.556s] -- Configuring done
[9.692s] -- Generating done
[9.700s] -- Build files have been written to: /home/davide/sesasr_labs/build/examples_rclcpp_wait_set
[10.697s] Invoked command in '/home/davide/sesasr_labs/build/examples_rclcpp_wait_set' returned '0': CMAKE_PREFIX_PATH=/opt/ros/humble /usr/bin/cmake /home/davide/sesasr_labs/src/examples/rclcpp/wait_set -DAMENT_CMAKE_SYMLINK_INSTALL=1 -DCMAKE_INSTALL_PREFIX=/home/davide/sesasr_labs/install/examples_rclcpp_wait_set
[10.707s] Invoking command in '/home/davide/sesasr_labs/build/examples_rclcpp_wait_set': CMAKE_PREFIX_PATH=/opt/ros/humble /usr/bin/cmake --build /home/davide/sesasr_labs/build/examples_rclcpp_wait_set -- -j8 -l8
[10.922s] [  4%] [32mBuilding CXX object CMakeFiles/talker.dir/src/talker.cpp.o[0m
[10.968s] [  8%] [32mBuilding CXX object CMakeFiles/wait_set_talker.dir/rclcpp_components/node_main_wait_set_talker.cpp.o[0m
[11.019s] [ 16%] [32mBuilding CXX object CMakeFiles/wait_set_listener.dir/rclcpp_components/node_main_wait_set_listener.cpp.o[0m
[11.029s] [ 16%] [32mBuilding CXX object CMakeFiles/listener.dir/src/listener.cpp.o[0m
[11.064s] [ 25%] [32mBuilding CXX object CMakeFiles/static_wait_set.dir/src/static_wait_set.cpp.o[0m
[11.064s] [ 25%] [32mBuilding CXX object CMakeFiles/wait_set.dir/src/wait_set.cpp.o[0m
[11.116s] [ 29%] [32mBuilding CXX object CMakeFiles/wait_set_topics_and_timer.dir/src/wait_set_topics_and_timer.cpp.o[0m
[11.199s] [ 33%] [32mBuilding CXX object CMakeFiles/thread_safe_wait_set.dir/src/thread_safe_wait_set.cpp.o[0m
[18.742s] [ 37%] [32m[1mLinking CXX executable wait_set_talker[0m
[19.152s] [ 37%] Built target wait_set_talker
[19.422s] [ 41%] [32m[1mLinking CXX executable wait_set_listener[0m
[19.802s] [ 41%] Built target wait_set_listener
[23.792s] [ 45%] [32m[1mLinking CXX shared library libtalker.so[0m
[24.288s] [ 45%] Built target talker
[28.502s] [ 50%] [32m[1mLinking CXX executable static_wait_set[0m
[28.955s] [ 50%] Built target static_wait_set
[29.654s] [ 54%] [32m[1mLinking CXX executable thread_safe_wait_set[0m
[29.798s] [ 58%] [32m[1mLinking CXX executable wait_set_topics_and_timer[0m
[29.826s] [ 62%] [32m[1mLinking CXX shared library liblistener.so[0m
[30.141s] [ 66%] [32m[1mLinking CXX executable wait_set[0m
[30.195s] [ 66%] Built target thread_safe_wait_set
[30.301s] [ 66%] Built target wait_set_topics_and_timer
[30.343s] [ 66%] Built target listener
[30.529s] [ 66%] Built target wait_set
[30.540s] [ 70%] [32mBuilding CXX object CMakeFiles/wait_set_composed.dir/src/wait_set_composed.cpp.o[0m
[32.829s] [ 75%] [32m[1mLinking CXX executable wait_set_composed[0m
[33.006s] [ 75%] Built target wait_set_composed
[33.018s] [ 79%] [32mBuilding CXX object CMakeFiles/wait_set_topics_with_different_rates.dir/src/wait_set_topics_with_different_rates.cpp.o[0m
[40.145s] [ 83%] [32m[1mLinking CXX executable wait_set_topics_with_different_rates[0m
[40.485s] [ 83%] Built target wait_set_topics_with_different_rates
[40.497s] [ 87%] [32mBuilding CXX object CMakeFiles/executor_random_order.dir/src/executor_random_order.cpp.o[0m
[47.404s] [ 91%] [32m[1mLinking CXX executable executor_random_order[0m
[47.739s] [ 91%] Built target executor_random_order
[47.750s] [ 95%] [32mBuilding CXX object CMakeFiles/wait_set_random_order.dir/src/wait_set_random_order.cpp.o[0m
[54.901s] [100%] [32m[1mLinking CXX executable wait_set_random_order[0m
[55.232s] [100%] Built target wait_set_random_order
[55.240s] Invoked command in '/home/davide/sesasr_labs/build/examples_rclcpp_wait_set' returned '0': CMAKE_PREFIX_PATH=/opt/ros/humble /usr/bin/cmake --build /home/davide/sesasr_labs/build/examples_rclcpp_wait_set -- -j8 -l8
[55.269s] Invoking command in '/home/davide/sesasr_labs/build/examples_rclcpp_wait_set': CMAKE_PREFIX_PATH=/opt/ros/humble /usr/bin/cmake --install /home/davide/sesasr_labs/build/examples_rclcpp_wait_set
[55.273s] -- Install configuration: ""
[55.273s] -- Execute custom install script
[55.273s] -- Symlinking: /home/davide/sesasr_labs/install/examples_rclcpp_wait_set/lib/examples_rclcpp_wait_set/wait_set_talker
[55.278s] -- Symlinking: /home/davide/sesasr_labs/install/examples_rclcpp_wait_set/lib/examples_rclcpp_wait_set/wait_set_listener
[55.283s] -- Symlinking: /home/davide/sesasr_labs/install/examples_rclcpp_wait_set/lib/libtalker.so
[55.288s] -- Symlinking: /home/davide/sesasr_labs/install/examples_rclcpp_wait_set/lib/liblistener.so
[55.293s] -- Symlinking: /home/davide/sesasr_labs/install/examples_rclcpp_wait_set/lib/examples_rclcpp_wait_set/wait_set
[55.298s] -- Symlinking: /home/davide/sesasr_labs/install/examples_rclcpp_wait_set/lib/examples_rclcpp_wait_set/static_wait_set
[55.303s] -- Symlinking: /home/davide/sesasr_labs/install/examples_rclcpp_wait_set/lib/examples_rclcpp_wait_set/thread_safe_wait_set
[55.308s] -- Symlinking: /home/davide/sesasr_labs/install/examples_rclcpp_wait_set/lib/examples_rclcpp_wait_set/wait_set_topics_and_timer
[55.313s] -- Symlinking: /home/davide/sesasr_labs/install/examples_rclcpp_wait_set/lib/examples_rclcpp_wait_set/wait_set_random_order
[55.318s] -- Symlinking: /home/davide/sesasr_labs/install/examples_rclcpp_wait_set/lib/examples_rclcpp_wait_set/executor_random_order
[55.323s] -- Symlinking: /home/davide/sesasr_labs/install/examples_rclcpp_wait_set/lib/examples_rclcpp_wait_set/wait_set_topics_with_different_rates
[55.327s] -- Symlinking: /home/davide/sesasr_labs/install/examples_rclcpp_wait_set/lib/examples_rclcpp_wait_set/wait_set_composed
[55.332s] -- Symlinking: /home/davide/sesasr_labs/install/examples_rclcpp_wait_set/share/ament_index/resource_index/package_run_dependencies/examples_rclcpp_wait_set
[55.337s] -- Symlinking: /home/davide/sesasr_labs/install/examples_rclcpp_wait_set/share/ament_index/resource_index/parent_prefix_path/examples_rclcpp_wait_set
[55.342s] -- Symlinking: /home/davide/sesasr_labs/install/examples_rclcpp_wait_set/share/examples_rclcpp_wait_set/environment/ament_prefix_path.sh
[55.346s] -- Symlinking: /home/davide/sesasr_labs/install/examples_rclcpp_wait_set/share/examples_rclcpp_wait_set/environment/ament_prefix_path.dsv
[55.351s] -- Symlinking: /home/davide/sesasr_labs/install/examples_rclcpp_wait_set/share/examples_rclcpp_wait_set/environment/path.sh
[55.356s] -- Symlinking: /home/davide/sesasr_labs/install/examples_rclcpp_wait_set/share/examples_rclcpp_wait_set/environment/path.dsv
[55.361s] -- Symlinking: /home/davide/sesasr_labs/install/examples_rclcpp_wait_set/share/examples_rclcpp_wait_set/local_setup.bash
[55.366s] -- Symlinking: /home/davide/sesasr_labs/install/examples_rclcpp_wait_set/share/examples_rclcpp_wait_set/local_setup.sh
[55.371s] -- Symlinking: /home/davide/sesasr_labs/install/examples_rclcpp_wait_set/share/examples_rclcpp_wait_set/local_setup.zsh
[55.375s] -- Symlinking: /home/davide/sesasr_labs/install/examples_rclcpp_wait_set/share/examples_rclcpp_wait_set/local_setup.dsv
[55.380s] -- Symlinking: /home/davide/sesasr_labs/install/examples_rclcpp_wait_set/share/examples_rclcpp_wait_set/package.dsv
[55.385s] -- Symlinking: /home/davide/sesasr_labs/install/examples_rclcpp_wait_set/share/ament_index/resource_index/packages/examples_rclcpp_wait_set
[55.390s] -- Symlinking: /home/davide/sesasr_labs/install/examples_rclcpp_wait_set/share/ament_index/resource_index/rclcpp_components/examples_rclcpp_wait_set
[55.395s] -- Symlinking: /home/davide/sesasr_labs/install/examples_rclcpp_wait_set/share/examples_rclcpp_wait_set/cmake/examples_rclcpp_wait_setConfig.cmake
[55.401s] -- Symlinking: /home/davide/sesasr_labs/install/examples_rclcpp_wait_set/share/examples_rclcpp_wait_set/cmake/examples_rclcpp_wait_setConfig-version.cmake
[55.406s] -- Symlinking: /home/davide/sesasr_labs/install/examples_rclcpp_wait_set/share/examples_rclcpp_wait_set/package.xml
[55.412s] Invoked command in '/home/davide/sesasr_labs/build/examples_rclcpp_wait_set' returned '0': CMAKE_PREFIX_PATH=/opt/ros/humble /usr/bin/cmake --install /home/davide/sesasr_labs/build/examples_rclcpp_wait_set
