[0.305s] Invoking command in '/home/davide/sesasr_labs/build/dynamixel_sdk_examples': AMENT_PREFIX_PATH=/home/davide/sesasr_labs/install/dynamixel_sdk_custom_interfaces:/home/davide/sesasr_labs/install/dynamixel_sdk:${AMENT_PREFIX_PATH} CMAKE_PREFIX_PATH=/home/davide/sesasr_labs/install/dynamixel_sdk_custom_interfaces:/home/davide/sesasr_labs/install/dynamixel_sdk:/home/davide/sesasr_labs/install/turtlesim:/home/davide/sesasr_labs/install/examples_rclcpp_wait_set:/home/davide/sesasr_labs/install/examples_rclcpp_multithreaded_executor:/home/davide/sesasr_labs/install/examples_rclcpp_minimal_timer:/home/davide/sesasr_labs/install/examples_rclcpp_minimal_subscriber:/home/davide/sesasr_labs/install/examples_rclcpp_minimal_service:/home/davide/sesasr_labs/install/examples_rclcpp_minimal_publisher:/home/davide/sesasr_labs/install/examples_rclcpp_minimal_composition:/home/davide/sesasr_labs/install/examples_rclcpp_minimal_client:/home/davide/sesasr_labs/install/examples_rclcpp_minimal_action_server:/home/davide/sesasr_labs/install/examples_rclcpp_minimal_action_client:/home/davide/sesasr_labs/install/examples_rclcpp_cbg_executor:/home/davide/sesasr_labs/install/examples_rclcpp_async_client:/home/davide/sesasr_labs/install/my_package:/home/davide/sesasr_labs/install/launch_testing_examples:/home/davide/sesasr_labs/install/examples_rclpy_pointcloud_publisher:/home/davide/sesasr_labs/install/examples_rclpy_minimal_subscriber:/home/davide/sesasr_labs/install/examples_rclpy_minimal_service:/home/davide/sesasr_labs/install/examples_rclpy_minimal_publisher:/home/davide/sesasr_labs/install/examples_rclpy_minimal_client:/home/davide/sesasr_labs/install/examples_rclpy_minimal_action_server:/home/davide/sesasr_labs/install/examples_rclpy_minimal_action_client:/home/davide/sesasr_labs/install/examples_rclpy_guard_conditions:/home/davide/sesasr_labs/install/examples_rclpy_executors:/opt/ros/humble LD_LIBRARY_PATH=/home/davide/sesasr_labs/install/dynamixel_sdk_custom_interfaces/lib:/home/davide/sesasr_labs/install/dynamixel_sdk/lib:${LD_LIBRARY_PATH} PYTHONPATH=/home/davide/sesasr_labs/install/dynamixel_sdk_custom_interfaces/local/lib/python3.10/dist-packages:${PYTHONPATH} /usr/bin/cmake /home/davide/sesasr_labs/src/turtlebot3/utils/DynamixelSDK/dynamixel_sdk_examples -DAMENT_CMAKE_SYMLINK_INSTALL=1 -DCMAKE_INSTALL_PREFIX=/home/davide/sesasr_labs/install/dynamixel_sdk_examples
[0.498s] -- The C compiler identification is GNU 11.4.0
[0.930s] -- The CXX compiler identification is GNU 11.4.0
[1.215s] -- Detecting C compiler ABI info
[1.370s] -- Detecting C compiler ABI info - done
[1.377s] -- Check for working C compiler: /usr/bin/cc - skipped
[1.377s] -- Detecting C compile features
[1.378s] -- Detecting C compile features - done
[1.380s] -- Detecting CXX compiler ABI info
[1.529s] -- Detecting CXX compiler ABI info - done
[1.534s] -- Check for working CXX compiler: /usr/bin/c++ - skipped
[1.534s] -- Detecting CXX compile features
[1.535s] -- Detecting CXX compile features - done
[1.538s] -- Found ament_cmake: 1.3.6 (/opt/ros/humble/share/ament_cmake/cmake)
[1.747s] -- Found Python3: /usr/bin/python3.10 (found version "3.10.12") found components: Interpreter 
[1.814s] -- Override CMake install command with custom implementation using symlinks instead of copying resources
[1.862s] -- Found dynamixel_sdk: 3.7.60 (/home/davide/sesasr_labs/install/dynamixel_sdk/share/dynamixel_sdk/cmake)
[1.862s] -- Found dynamixel_sdk_custom_interfaces: 3.7.60 (/home/davide/sesasr_labs/install/dynamixel_sdk_custom_interfaces/share/dynamixel_sdk_custom_interfaces/cmake)
[1.980s] -- Found rosidl_generator_c: 3.1.5 (/opt/ros/humble/share/rosidl_generator_c/cmake)
[1.987s] -- Found rosidl_adapter: 3.1.5 (/opt/ros/humble/share/rosidl_adapter/cmake)
[1.999s] -- Found rosidl_generator_cpp: 3.1.5 (/opt/ros/humble/share/rosidl_generator_cpp/cmake)
[2.015s] -- Using all available rosidl_typesupport_c: rosidl_typesupport_fastrtps_c;rosidl_typesupport_introspection_c
[2.039s] -- Using all available rosidl_typesupport_cpp: rosidl_typesupport_fastrtps_cpp;rosidl_typesupport_introspection_cpp
[2.102s] -- Found rclcpp: 16.0.7 (/opt/ros/humble/share/rclcpp/cmake)
[2.174s] -- Found rmw_implementation_cmake: 6.1.1 (/opt/ros/humble/share/rmw_implementation_cmake/cmake)
[2.182s] -- Found rmw_fastrtps_cpp: 6.2.5 (/opt/ros/humble/share/rmw_fastrtps_cpp/cmake)
[3.362s] -- Found OpenSSL: /usr/lib/x86_64-linux-gnu/libcrypto.so (found version "3.0.2")  
[4.474s] -- Found FastRTPS: /opt/ros/humble/include  
[6.168s] -- Using RMW implementation 'rmw_fastrtps_cpp' as default
[6.180s] -- Looking for pthread.h
[6.402s] -- Looking for pthread.h - found
[6.402s] -- Performing Test CMAKE_HAVE_LIBC_PTHREAD
[6.541s] -- Performing Test CMAKE_HAVE_LIBC_PTHREAD - Success
[6.543s] -- Found Threads: TRUE  
[6.715s] -- Found ament_lint_auto: 0.12.9 (/opt/ros/humble/share/ament_lint_auto/cmake)
[6.820s] -- Added test 'copyright' to check source files copyright and LICENSE
[6.821s] -- Added test 'cppcheck' to perform static code analysis on C / C++ code
[6.821s] -- Configured cppcheck include dirs: /home/davide/sesasr_labs/src/turtlebot3/utils/DynamixelSDK/dynamixel_sdk_examples/include
[6.822s] -- Configured cppcheck exclude dirs and/or files: 
[6.823s] -- Added test 'cpplint' to check C / C++ code against the Google style
[6.823s] -- Configured cpplint exclude dirs and/or files: 
[6.824s] -- Added test 'lint_cmake' to check CMake code style
[6.826s] -- Added test 'uncrustify' to check C / C++ code style
[6.826s] -- Configured uncrustify additional arguments: 
[6.827s] -- Added test 'xmllint' to check XML markup files
[6.831s] -- Configuring done
[6.837s] -- Generating done
[6.838s] -- Build files have been written to: /home/davide/sesasr_labs/build/dynamixel_sdk_examples
[6.854s] Invoked command in '/home/davide/sesasr_labs/build/dynamixel_sdk_examples' returned '0': AMENT_PREFIX_PATH=/home/davide/sesasr_labs/install/dynamixel_sdk_custom_interfaces:/home/davide/sesasr_labs/install/dynamixel_sdk:${AMENT_PREFIX_PATH} CMAKE_PREFIX_PATH=/home/davide/sesasr_labs/install/dynamixel_sdk_custom_interfaces:/home/davide/sesasr_labs/install/dynamixel_sdk:/home/davide/sesasr_labs/install/turtlesim:/home/davide/sesasr_labs/install/examples_rclcpp_wait_set:/home/davide/sesasr_labs/install/examples_rclcpp_multithreaded_executor:/home/davide/sesasr_labs/install/examples_rclcpp_minimal_timer:/home/davide/sesasr_labs/install/examples_rclcpp_minimal_subscriber:/home/davide/sesasr_labs/install/examples_rclcpp_minimal_service:/home/davide/sesasr_labs/install/examples_rclcpp_minimal_publisher:/home/davide/sesasr_labs/install/examples_rclcpp_minimal_composition:/home/davide/sesasr_labs/install/examples_rclcpp_minimal_client:/home/davide/sesasr_labs/install/examples_rclcpp_minimal_action_server:/home/davide/sesasr_labs/install/examples_rclcpp_minimal_action_client:/home/davide/sesasr_labs/install/examples_rclcpp_cbg_executor:/home/davide/sesasr_labs/install/examples_rclcpp_async_client:/home/davide/sesasr_labs/install/my_package:/home/davide/sesasr_labs/install/launch_testing_examples:/home/davide/sesasr_labs/install/examples_rclpy_pointcloud_publisher:/home/davide/sesasr_labs/install/examples_rclpy_minimal_subscriber:/home/davide/sesasr_labs/install/examples_rclpy_minimal_service:/home/davide/sesasr_labs/install/examples_rclpy_minimal_publisher:/home/davide/sesasr_labs/install/examples_rclpy_minimal_client:/home/davide/sesasr_labs/install/examples_rclpy_minimal_action_server:/home/davide/sesasr_labs/install/examples_rclpy_minimal_action_client:/home/davide/sesasr_labs/install/examples_rclpy_guard_conditions:/home/davide/sesasr_labs/install/examples_rclpy_executors:/opt/ros/humble LD_LIBRARY_PATH=/home/davide/sesasr_labs/install/dynamixel_sdk_custom_interfaces/lib:/home/davide/sesasr_labs/install/dynamixel_sdk/lib:${LD_LIBRARY_PATH} PYTHONPATH=/home/davide/sesasr_labs/install/dynamixel_sdk_custom_interfaces/local/lib/python3.10/dist-packages:${PYTHONPATH} /usr/bin/cmake /home/davide/sesasr_labs/src/turtlebot3/utils/DynamixelSDK/dynamixel_sdk_examples -DAMENT_CMAKE_SYMLINK_INSTALL=1 -DCMAKE_INSTALL_PREFIX=/home/davide/sesasr_labs/install/dynamixel_sdk_examples
[6.854s] Invoking command in '/home/davide/sesasr_labs/build/dynamixel_sdk_examples': AMENT_PREFIX_PATH=/home/davide/sesasr_labs/install/dynamixel_sdk_custom_interfaces:/home/davide/sesasr_labs/install/dynamixel_sdk:${AMENT_PREFIX_PATH} CMAKE_PREFIX_PATH=/home/davide/sesasr_labs/install/dynamixel_sdk_custom_interfaces:/home/davide/sesasr_labs/install/dynamixel_sdk:/home/davide/sesasr_labs/install/turtlesim:/home/davide/sesasr_labs/install/examples_rclcpp_wait_set:/home/davide/sesasr_labs/install/examples_rclcpp_multithreaded_executor:/home/davide/sesasr_labs/install/examples_rclcpp_minimal_timer:/home/davide/sesasr_labs/install/examples_rclcpp_minimal_subscriber:/home/davide/sesasr_labs/install/examples_rclcpp_minimal_service:/home/davide/sesasr_labs/install/examples_rclcpp_minimal_publisher:/home/davide/sesasr_labs/install/examples_rclcpp_minimal_composition:/home/davide/sesasr_labs/install/examples_rclcpp_minimal_client:/home/davide/sesasr_labs/install/examples_rclcpp_minimal_action_server:/home/davide/sesasr_labs/install/examples_rclcpp_minimal_action_client:/home/davide/sesasr_labs/install/examples_rclcpp_cbg_executor:/home/davide/sesasr_labs/install/examples_rclcpp_async_client:/home/davide/sesasr_labs/install/my_package:/home/davide/sesasr_labs/install/launch_testing_examples:/home/davide/sesasr_labs/install/examples_rclpy_pointcloud_publisher:/home/davide/sesasr_labs/install/examples_rclpy_minimal_subscriber:/home/davide/sesasr_labs/install/examples_rclpy_minimal_service:/home/davide/sesasr_labs/install/examples_rclpy_minimal_publisher:/home/davide/sesasr_labs/install/examples_rclpy_minimal_client:/home/davide/sesasr_labs/install/examples_rclpy_minimal_action_server:/home/davide/sesasr_labs/install/examples_rclpy_minimal_action_client:/home/davide/sesasr_labs/install/examples_rclpy_guard_conditions:/home/davide/sesasr_labs/install/examples_rclpy_executors:/opt/ros/humble LD_LIBRARY_PATH=/home/davide/sesasr_labs/install/dynamixel_sdk_custom_interfaces/lib:/home/davide/sesasr_labs/install/dynamixel_sdk/lib:${LD_LIBRARY_PATH} PYTHONPATH=/home/davide/sesasr_labs/install/dynamixel_sdk_custom_interfaces/local/lib/python3.10/dist-packages:${PYTHONPATH} /usr/bin/cmake --build /home/davide/sesasr_labs/build/dynamixel_sdk_examples -- -j8 -l8
[6.906s] [ 50%] [32mBuilding CXX object CMakeFiles/read_write_node.dir/src/read_write_node.cpp.o[0m
[14.847s] [100%] [32m[1mLinking CXX executable read_write_node[0m
[15.269s] [100%] Built target read_write_node
