[0.477s] Invoking command in '/home/davide/sesasr_labs/build/turtlebot3_msgs': CMAKE_PREFIX_PATH=${CMAKE_PREFIX_PATH}:/home/davide/sesasr_labs/install/my_package:/home/davide/sesasr_labs/install/launch_testing_examples:/home/davide/sesasr_labs/install/examples_rclpy_pointcloud_publisher:/home/davide/sesasr_labs/install/examples_rclpy_minimal_subscriber:/home/davide/sesasr_labs/install/examples_rclpy_minimal_service:/home/davide/sesasr_labs/install/examples_rclpy_minimal_publisher:/home/davide/sesasr_labs/install/examples_rclpy_minimal_client:/home/davide/sesasr_labs/install/examples_rclpy_minimal_action_server:/home/davide/sesasr_labs/install/examples_rclpy_minimal_action_client:/home/davide/sesasr_labs/install/examples_rclpy_guard_conditions:/home/davide/sesasr_labs/install/examples_rclpy_executors:/opt/ros/humble /usr/bin/cmake /home/davide/sesasr_labs/src/turtlebot3/turtlebot3_msgs -DAMENT_CMAKE_SYMLINK_INSTALL=1 -DCMAKE_INSTALL_PREFIX=/home/davide/sesasr_labs/install/turtlebot3_msgs
[0.569s] -- The C compiler identification is GNU 11.4.0
[1.008s] -- The CXX compiler identification is GNU 11.4.0
[1.332s] -- Detecting C compiler ABI info
[1.509s] -- Detecting C compiler ABI info - done
[1.535s] -- Check for working C compiler: /usr/bin/cc - skipped
[1.535s] -- Detecting C compile features
[1.535s] -- Detecting C compile features - done
[1.535s] -- Detecting CXX compiler ABI info
[1.686s] -- Detecting CXX compiler ABI info - done
[1.689s] -- Check for working CXX compiler: /usr/bin/c++ - skipped
[1.690s] -- Detecting CXX compile features
[1.691s] -- Detecting CXX compile features - done
[1.692s] -- Found action_msgs: 1.2.1 (/opt/ros/humble/share/action_msgs/cmake)
[1.892s] -- Found Python3: /usr/bin/python3.10 (found version "3.10.12") found components: Interpreter 
[1.951s] -- Override CMake install command with custom implementation using symlinks instead of copying resources
[2.095s] -- Found rosidl_generator_c: 3.1.5 (/opt/ros/humble/share/rosidl_generator_c/cmake)
[2.101s] -- Found rosidl_adapter: 3.1.5 (/opt/ros/humble/share/rosidl_adapter/cmake)
[2.110s] -- Found rosidl_generator_cpp: 3.1.5 (/opt/ros/humble/share/rosidl_generator_cpp/cmake)
[2.126s] -- Using all available rosidl_typesupport_c: rosidl_typesupport_fastrtps_c;rosidl_typesupport_introspection_c
[2.158s] -- Using all available rosidl_typesupport_cpp: rosidl_typesupport_fastrtps_cpp;rosidl_typesupport_introspection_cpp
[2.223s] -- Found rosidl_default_generators: 1.2.0 (/opt/ros/humble/share/rosidl_default_generators/cmake)
[2.235s] -- Found std_msgs: 4.2.3 (/opt/ros/humble/share/std_msgs/cmake)
[2.560s] -- Found ament_cmake_cppcheck: 0.12.9 (/opt/ros/humble/share/ament_cmake_cppcheck/cmake)
[2.565s] -- Found ament_cmake_cpplint: 0.12.9 (/opt/ros/humble/share/ament_cmake_cpplint/cmake)
[2.566s] -- Found ament_cmake_uncrustify: 0.12.9 (/opt/ros/humble/share/ament_cmake_uncrustify/cmake)
[2.570s] -- Found ament_cmake_ros: 0.10.0 (/opt/ros/humble/share/ament_cmake_ros/cmake)
[3.072s] -- Using all available rosidl_typesupport_c: rosidl_typesupport_fastrtps_c;rosidl_typesupport_introspection_c
[3.303s] -- Using all available rosidl_typesupport_cpp: rosidl_typesupport_fastrtps_cpp;rosidl_typesupport_introspection_cpp
[3.470s] -- Found PythonInterp: /usr/bin/python3 (found suitable version "3.10.12", minimum required is "3.6") 
[3.472s] -- Found python_cmake_module: 0.10.0 (/opt/ros/humble/share/python_cmake_module/cmake)
[3.880s] -- Found PythonLibs: /usr/lib/x86_64-linux-gnu/libpython3.10.so (found suitable version "3.10.12", minimum required is "3.5") 
[3.881s] -- Using PYTHON_EXECUTABLE: /usr/bin/python3
[3.881s] -- Using PYTHON_INCLUDE_DIRS: /usr/include/python3.10
[3.881s] -- Using PYTHON_LIBRARIES: /usr/lib/x86_64-linux-gnu/libpython3.10.so
[3.902s] -- Found PythonExtra: .so  
[4.009s] -- Found ament_cmake_flake8: 0.12.9 (/opt/ros/humble/share/ament_cmake_flake8/cmake)
[4.011s] -- Found ament_cmake_pep257: 0.12.9 (/opt/ros/humble/share/ament_cmake_pep257/cmake)
[4.021s] -- Configuring done
[4.065s] -- Generating done
[4.067s] -- Build files have been written to: /home/davide/sesasr_labs/build/turtlebot3_msgs
[4.082s] Invoked command in '/home/davide/sesasr_labs/build/turtlebot3_msgs' returned '0': CMAKE_PREFIX_PATH=${CMAKE_PREFIX_PATH}:/home/davide/sesasr_labs/install/my_package:/home/davide/sesasr_labs/install/launch_testing_examples:/home/davide/sesasr_labs/install/examples_rclpy_pointcloud_publisher:/home/davide/sesasr_labs/install/examples_rclpy_minimal_subscriber:/home/davide/sesasr_labs/install/examples_rclpy_minimal_service:/home/davide/sesasr_labs/install/examples_rclpy_minimal_publisher:/home/davide/sesasr_labs/install/examples_rclpy_minimal_client:/home/davide/sesasr_labs/install/examples_rclpy_minimal_action_server:/home/davide/sesasr_labs/install/examples_rclpy_minimal_action_client:/home/davide/sesasr_labs/install/examples_rclpy_guard_conditions:/home/davide/sesasr_labs/install/examples_rclpy_executors:/opt/ros/humble /usr/bin/cmake /home/davide/sesasr_labs/src/turtlebot3/turtlebot3_msgs -DAMENT_CMAKE_SYMLINK_INSTALL=1 -DCMAKE_INSTALL_PREFIX=/home/davide/sesasr_labs/install/turtlebot3_msgs
[4.083s] Invoking command in '/home/davide/sesasr_labs/build/turtlebot3_msgs': CMAKE_PREFIX_PATH=${CMAKE_PREFIX_PATH}:/home/davide/sesasr_labs/install/my_package:/home/davide/sesasr_labs/install/launch_testing_examples:/home/davide/sesasr_labs/install/examples_rclpy_pointcloud_publisher:/home/davide/sesasr_labs/install/examples_rclpy_minimal_subscriber:/home/davide/sesasr_labs/install/examples_rclpy_minimal_service:/home/davide/sesasr_labs/install/examples_rclpy_minimal_publisher:/home/davide/sesasr_labs/install/examples_rclpy_minimal_client:/home/davide/sesasr_labs/install/examples_rclpy_minimal_action_server:/home/davide/sesasr_labs/install/examples_rclpy_minimal_action_client:/home/davide/sesasr_labs/install/examples_rclpy_guard_conditions:/home/davide/sesasr_labs/install/examples_rclpy_executors:/opt/ros/humble /usr/bin/cmake --build /home/davide/sesasr_labs/build/turtlebot3_msgs -- -j8 -l8
[4.712s] [35m[1mConsolidate compiler generated dependencies of target turtlebot3_msgs__rosidl_generator_c[0m
[4.712s] [  1%] Built target turtlebot3_msgs__cpp
[4.712s] [ 12%] Built target turtlebot3_msgs__rosidl_generator_c
[4.712s] [35m[1mConsolidate compiler generated dependencies of target turtlebot3_msgs__rosidl_typesupport_introspection_cpp[0m
[4.712s] [35m[1mConsolidate compiler generated dependencies of target turtlebot3_msgs__rosidl_typesupport_fastrtps_cpp[0m
[4.712s] [35m[1mConsolidate compiler generated dependencies of target turtlebot3_msgs__rosidl_typesupport_cpp[0m
[4.712s] [ 12%] Built target ament_cmake_python_symlink_turtlebot3_msgs
[4.712s] [35m[1mConsolidate compiler generated dependencies of target turtlebot3_msgs__rosidl_typesupport_fastrtps_c[0m
[4.712s] [ 23%] Built target turtlebot3_msgs__rosidl_typesupport_fastrtps_cpp
[4.712s] [ 35%] Built target turtlebot3_msgs__rosidl_typesupport_introspection_cpp
[4.712s] [ 46%] Built target turtlebot3_msgs__rosidl_typesupport_cpp
[4.712s] [ 57%] Built target turtlebot3_msgs__rosidl_typesupport_fastrtps_c
[4.712s] [35m[1mConsolidate compiler generated dependencies of target turtlebot3_msgs__rosidl_typesupport_introspection_c[0m
[4.712s] [ 69%] Built target turtlebot3_msgs__rosidl_typesupport_introspection_c
[4.712s] [35m[1mConsolidate compiler generated dependencies of target turtlebot3_msgs__rosidl_typesupport_c[0m
[4.713s] [ 80%] Built target turtlebot3_msgs__rosidl_typesupport_c
[4.713s] [ 80%] Built target turtlebot3_msgs
[4.713s] [ 81%] Built target turtlebot3_msgs__py
[4.713s] [35m[1mConsolidate compiler generated dependencies of target turtlebot3_msgs__rosidl_generator_py[0m
[4.713s] [ 91%] Built target turtlebot3_msgs__rosidl_generator_py
[4.713s] [35m[1mConsolidate compiler generated dependencies of target turtlebot3_msgs__rosidl_typesupport_fastrtps_c__pyext[0m
[4.713s] [35m[1mConsolidate compiler generated dependencies of target turtlebot3_msgs__rosidl_typesupport_c__pyext[0m
[4.713s] [35m[1mConsolidate compiler generated dependencies of target turtlebot3_msgs__rosidl_typesupport_introspection_c__pyext[0m
[4.713s] [ 94%] Built target turtlebot3_msgs__rosidl_typesupport_fastrtps_c__pyext
[4.713s] [ 97%] Built target turtlebot3_msgs__rosidl_typesupport_c__pyext
[4.713s] [100%] Built target turtlebot3_msgs__rosidl_typesupport_introspection_c__pyext
[4.713s] running egg_info
[4.713s] writing turtlebot3_msgs.egg-info/PKG-INFO
[4.713s] writing dependency_links to turtlebot3_msgs.egg-info/dependency_links.txt
[4.713s] writing top-level names to turtlebot3_msgs.egg-info/top_level.txt
[4.713s] reading manifest file 'turtlebot3_msgs.egg-info/SOURCES.txt'
[4.713s] writing manifest file 'turtlebot3_msgs.egg-info/SOURCES.txt'
[4.713s] [100%] Built target ament_cmake_python_build_turtlebot3_msgs_egg
[4.727s] Invoked command in '/home/davide/sesasr_labs/build/turtlebot3_msgs' returned '0': CMAKE_PREFIX_PATH=${CMAKE_PREFIX_PATH}:/home/davide/sesasr_labs/install/my_package:/home/davide/sesasr_labs/install/launch_testing_examples:/home/davide/sesasr_labs/install/examples_rclpy_pointcloud_publisher:/home/davide/sesasr_labs/install/examples_rclpy_minimal_subscriber:/home/davide/sesasr_labs/install/examples_rclpy_minimal_service:/home/davide/sesasr_labs/install/examples_rclpy_minimal_publisher:/home/davide/sesasr_labs/install/examples_rclpy_minimal_client:/home/davide/sesasr_labs/install/examples_rclpy_minimal_action_server:/home/davide/sesasr_labs/install/examples_rclpy_minimal_action_client:/home/davide/sesasr_labs/install/examples_rclpy_guard_conditions:/home/davide/sesasr_labs/install/examples_rclpy_executors:/opt/ros/humble /usr/bin/cmake --build /home/davide/sesasr_labs/build/turtlebot3_msgs -- -j8 -l8
[5.129s] Invoking command in '/home/davide/sesasr_labs/build/turtlebot3_msgs': CMAKE_PREFIX_PATH=${CMAKE_PREFIX_PATH}:/home/davide/sesasr_labs/install/my_package:/home/davide/sesasr_labs/install/launch_testing_examples:/home/davide/sesasr_labs/install/examples_rclpy_pointcloud_publisher:/home/davide/sesasr_labs/install/examples_rclpy_minimal_subscriber:/home/davide/sesasr_labs/install/examples_rclpy_minimal_service:/home/davide/sesasr_labs/install/examples_rclpy_minimal_publisher:/home/davide/sesasr_labs/install/examples_rclpy_minimal_client:/home/davide/sesasr_labs/install/examples_rclpy_minimal_action_server:/home/davide/sesasr_labs/install/examples_rclpy_minimal_action_client:/home/davide/sesasr_labs/install/examples_rclpy_guard_conditions:/home/davide/sesasr_labs/install/examples_rclpy_executors:/opt/ros/humble /usr/bin/cmake --install /home/davide/sesasr_labs/build/turtlebot3_msgs
[5.140s] -- Install configuration: ""
[5.146s] -- Execute custom install script
[5.146s] -- Up-to-date symlink: /home/davide/sesasr_labs/install/turtlebot3_msgs/share/ament_index/resource_index/rosidl_interfaces/turtlebot3_msgs
[5.146s] -- Up-to-date symlink: /home/davide/sesasr_labs/install/turtlebot3_msgs/include/turtlebot3_msgs/turtlebot3_msgs/action/detail/patrol__functions.h
[5.146s] -- Up-to-date symlink: /home/davide/sesasr_labs/install/turtlebot3_msgs/include/turtlebot3_msgs/turtlebot3_msgs/action/detail/patrol__struct.h
[5.146s] -- Up-to-date symlink: /home/davide/sesasr_labs/install/turtlebot3_msgs/include/turtlebot3_msgs/turtlebot3_msgs/action/detail/patrol__type_support.h
[5.146s] -- Up-to-date symlink: /home/davide/sesasr_labs/install/turtlebot3_msgs/include/turtlebot3_msgs/turtlebot3_msgs/action/patrol.h
[5.146s] -- Up-to-date symlink: /home/davide/sesasr_labs/install/turtlebot3_msgs/include/turtlebot3_msgs/turtlebot3_msgs/msg/detail/sensor_state__functions.h
[5.146s] -- Up-to-date symlink: /home/davide/sesasr_labs/install/turtlebot3_msgs/include/turtlebot3_msgs/turtlebot3_msgs/msg/detail/sensor_state__struct.h
[5.146s] -- Up-to-date symlink: /home/davide/sesasr_labs/install/turtlebot3_msgs/include/turtlebot3_msgs/turtlebot3_msgs/msg/detail/sensor_state__type_support.h
[5.146s] -- Up-to-date symlink: /home/davide/sesasr_labs/install/turtlebot3_msgs/include/turtlebot3_msgs/turtlebot3_msgs/msg/detail/sound__functions.h
[5.146s] -- Up-to-date symlink: /home/davide/sesasr_labs/install/turtlebot3_msgs/include/turtlebot3_msgs/turtlebot3_msgs/msg/detail/sound__struct.h
[5.146s] -- Up-to-date symlink: /home/davide/sesasr_labs/install/turtlebot3_msgs/include/turtlebot3_msgs/turtlebot3_msgs/msg/detail/sound__type_support.h
[5.146s] -- Up-to-date symlink: /home/davide/sesasr_labs/install/turtlebot3_msgs/include/turtlebot3_msgs/turtlebot3_msgs/msg/detail/version_info__functions.h
[5.147s] -- Up-to-date symlink: /home/davide/sesasr_labs/install/turtlebot3_msgs/include/turtlebot3_msgs/turtlebot3_msgs/msg/detail/version_info__struct.h
[5.147s] -- Up-to-date symlink: /home/davide/sesasr_labs/install/turtlebot3_msgs/include/turtlebot3_msgs/turtlebot3_msgs/msg/detail/version_info__type_support.h
[5.147s] -- Up-to-date symlink: /home/davide/sesasr_labs/install/turtlebot3_msgs/include/turtlebot3_msgs/turtlebot3_msgs/msg/rosidl_generator_c__visibility_control.h
[5.147s] -- Up-to-date symlink: /home/davide/sesasr_labs/install/turtlebot3_msgs/include/turtlebot3_msgs/turtlebot3_msgs/msg/sensor_state.h
[5.147s] -- Up-to-date symlink: /home/davide/sesasr_labs/install/turtlebot3_msgs/include/turtlebot3_msgs/turtlebot3_msgs/msg/sound.h
[5.147s] -- Up-to-date symlink: /home/davide/sesasr_labs/install/turtlebot3_msgs/include/turtlebot3_msgs/turtlebot3_msgs/msg/version_info.h
[5.147s] -- Up-to-date symlink: /home/davide/sesasr_labs/install/turtlebot3_msgs/include/turtlebot3_msgs/turtlebot3_msgs/srv/detail/dqn__functions.h
[5.147s] -- Up-to-date symlink: /home/davide/sesasr_labs/install/turtlebot3_msgs/include/turtlebot3_msgs/turtlebot3_msgs/srv/detail/dqn__struct.h
[5.147s] -- Up-to-date symlink: /home/davide/sesasr_labs/install/turtlebot3_msgs/include/turtlebot3_msgs/turtlebot3_msgs/srv/detail/dqn__type_support.h
[5.147s] -- Up-to-date symlink: /home/davide/sesasr_labs/install/turtlebot3_msgs/include/turtlebot3_msgs/turtlebot3_msgs/srv/detail/sound__functions.h
[5.147s] -- Up-to-date symlink: /home/davide/sesasr_labs/install/turtlebot3_msgs/include/turtlebot3_msgs/turtlebot3_msgs/srv/detail/sound__struct.h
[5.147s] -- Up-to-date symlink: /home/davide/sesasr_labs/install/turtlebot3_msgs/include/turtlebot3_msgs/turtlebot3_msgs/srv/detail/sound__type_support.h
[5.147s] -- Up-to-date symlink: /home/davide/sesasr_labs/install/turtlebot3_msgs/include/turtlebot3_msgs/turtlebot3_msgs/srv/dqn.h
[5.147s] -- Up-to-date symlink: /home/davide/sesasr_labs/install/turtlebot3_msgs/include/turtlebot3_msgs/turtlebot3_msgs/srv/sound.h
[5.147s] -- Up-to-date symlink: /home/davide/sesasr_labs/install/turtlebot3_msgs/share/turtlebot3_msgs/environment/library_path.sh
[5.147s] -- Up-to-date symlink: /home/davide/sesasr_labs/install/turtlebot3_msgs/share/turtlebot3_msgs/environment/library_path.dsv
[5.147s] -- Up-to-date symlink: /home/davide/sesasr_labs/install/turtlebot3_msgs/include/turtlebot3_msgs/turtlebot3_msgs/action/detail/patrol__rosidl_typesupport_fastrtps_c.h
[5.147s] -- Up-to-date symlink: /home/davide/sesasr_labs/install/turtlebot3_msgs/include/turtlebot3_msgs/turtlebot3_msgs/msg/detail/sensor_state__rosidl_typesupport_fastrtps_c.h
[5.147s] -- Up-to-date symlink: /home/davide/sesasr_labs/install/turtlebot3_msgs/include/turtlebot3_msgs/turtlebot3_msgs/msg/detail/sound__rosidl_typesupport_fastrtps_c.h
[5.147s] -- Up-to-date symlink: /home/davide/sesasr_labs/install/turtlebot3_msgs/include/turtlebot3_msgs/turtlebot3_msgs/msg/detail/version_info__rosidl_typesupport_fastrtps_c.h
[5.148s] -- Up-to-date symlink: /home/davide/sesasr_labs/install/turtlebot3_msgs/include/turtlebot3_msgs/turtlebot3_msgs/msg/rosidl_typesupport_fastrtps_c__visibility_control.h
[5.148s] -- Up-to-date symlink: /home/davide/sesasr_labs/install/turtlebot3_msgs/include/turtlebot3_msgs/turtlebot3_msgs/srv/detail/dqn__rosidl_typesupport_fastrtps_c.h
[5.148s] -- Up-to-date symlink: /home/davide/sesasr_labs/install/turtlebot3_msgs/include/turtlebot3_msgs/turtlebot3_msgs/srv/detail/sound__rosidl_typesupport_fastrtps_c.h
[5.148s] -- Up-to-date symlink: /home/davide/sesasr_labs/install/turtlebot3_msgs/include/turtlebot3_msgs/turtlebot3_msgs/action/detail/patrol__builder.hpp
[5.148s] -- Up-to-date symlink: /home/davide/sesasr_labs/install/turtlebot3_msgs/include/turtlebot3_msgs/turtlebot3_msgs/action/detail/patrol__struct.hpp
[5.148s] -- Up-to-date symlink: /home/davide/sesasr_labs/install/turtlebot3_msgs/include/turtlebot3_msgs/turtlebot3_msgs/action/detail/patrol__traits.hpp
[5.148s] -- Up-to-date symlink: /home/davide/sesasr_labs/install/turtlebot3_msgs/include/turtlebot3_msgs/turtlebot3_msgs/action/patrol.hpp
[5.148s] -- Up-to-date symlink: /home/davide/sesasr_labs/install/turtlebot3_msgs/include/turtlebot3_msgs/turtlebot3_msgs/msg/detail/sensor_state__builder.hpp
[5.148s] -- Up-to-date symlink: /home/davide/sesasr_labs/install/turtlebot3_msgs/include/turtlebot3_msgs/turtlebot3_msgs/msg/detail/sensor_state__struct.hpp
[5.148s] -- Up-to-date symlink: /home/davide/sesasr_labs/install/turtlebot3_msgs/include/turtlebot3_msgs/turtlebot3_msgs/msg/detail/sensor_state__traits.hpp
[5.148s] -- Up-to-date symlink: /home/davide/sesasr_labs/install/turtlebot3_msgs/include/turtlebot3_msgs/turtlebot3_msgs/msg/detail/sound__builder.hpp
[5.148s] -- Up-to-date symlink: /home/davide/sesasr_labs/install/turtlebot3_msgs/include/turtlebot3_msgs/turtlebot3_msgs/msg/detail/sound__struct.hpp
[5.148s] -- Up-to-date symlink: /home/davide/sesasr_labs/install/turtlebot3_msgs/include/turtlebot3_msgs/turtlebot3_msgs/msg/detail/sound__traits.hpp
[5.149s] -- Up-to-date symlink: /home/davide/sesasr_labs/install/turtlebot3_msgs/include/turtlebot3_msgs/turtlebot3_msgs/msg/detail/version_info__builder.hpp
[5.149s] -- Up-to-date symlink: /home/davide/sesasr_labs/install/turtlebot3_msgs/include/turtlebot3_msgs/turtlebot3_msgs/msg/detail/version_info__struct.hpp
[5.149s] -- Up-to-date symlink: /home/davide/sesasr_labs/install/turtlebot3_msgs/include/turtlebot3_msgs/turtlebot3_msgs/msg/detail/version_info__traits.hpp
[5.149s] -- Up-to-date symlink: /home/davide/sesasr_labs/install/turtlebot3_msgs/include/turtlebot3_msgs/turtlebot3_msgs/msg/sensor_state.hpp
[5.149s] -- Up-to-date symlink: /home/davide/sesasr_labs/install/turtlebot3_msgs/include/turtlebot3_msgs/turtlebot3_msgs/msg/sound.hpp
[5.149s] -- Up-to-date symlink: /home/davide/sesasr_labs/install/turtlebot3_msgs/include/turtlebot3_msgs/turtlebot3_msgs/msg/version_info.hpp
[5.149s] -- Up-to-date symlink: /home/davide/sesasr_labs/install/turtlebot3_msgs/include/turtlebot3_msgs/turtlebot3_msgs/srv/detail/dqn__builder.hpp
[5.149s] -- Up-to-date symlink: /home/davide/sesasr_labs/install/turtlebot3_msgs/include/turtlebot3_msgs/turtlebot3_msgs/srv/detail/dqn__struct.hpp
[5.149s] -- Up-to-date symlink: /home/davide/sesasr_labs/install/turtlebot3_msgs/include/turtlebot3_msgs/turtlebot3_msgs/srv/detail/dqn__traits.hpp
[5.150s] -- Up-to-date symlink: /home/davide/sesasr_labs/install/turtlebot3_msgs/include/turtlebot3_msgs/turtlebot3_msgs/srv/detail/sound__builder.hpp
[5.150s] -- Up-to-date symlink: /home/davide/sesasr_labs/install/turtlebot3_msgs/include/turtlebot3_msgs/turtlebot3_msgs/srv/detail/sound__struct.hpp
[5.150s] -- Up-to-date symlink: /home/davide/sesasr_labs/install/turtlebot3_msgs/include/turtlebot3_msgs/turtlebot3_msgs/srv/detail/sound__traits.hpp
[5.150s] -- Up-to-date symlink: /home/davide/sesasr_labs/install/turtlebot3_msgs/include/turtlebot3_msgs/turtlebot3_msgs/srv/dqn.hpp
[5.150s] -- Up-to-date symlink: /home/davide/sesasr_labs/install/turtlebot3_msgs/include/turtlebot3_msgs/turtlebot3_msgs/srv/sound.hpp
[5.150s] -- Up-to-date symlink: /home/davide/sesasr_labs/install/turtlebot3_msgs/include/turtlebot3_msgs/turtlebot3_msgs/action/detail/patrol__rosidl_typesupport_fastrtps_cpp.hpp
[5.150s] -- Up-to-date symlink: /home/davide/sesasr_labs/install/turtlebot3_msgs/include/turtlebot3_msgs/turtlebot3_msgs/msg/detail/sensor_state__rosidl_typesupport_fastrtps_cpp.hpp
[5.150s] -- Up-to-date symlink: /home/davide/sesasr_labs/install/turtlebot3_msgs/include/turtlebot3_msgs/turtlebot3_msgs/msg/detail/sound__rosidl_typesupport_fastrtps_cpp.hpp
[5.150s] -- Up-to-date symlink: /home/davide/sesasr_labs/install/turtlebot3_msgs/include/turtlebot3_msgs/turtlebot3_msgs/msg/detail/version_info__rosidl_typesupport_fastrtps_cpp.hpp
[5.151s] -- Up-to-date symlink: /home/davide/sesasr_labs/install/turtlebot3_msgs/include/turtlebot3_msgs/turtlebot3_msgs/msg/rosidl_typesupport_fastrtps_cpp__visibility_control.h
[5.151s] -- Up-to-date symlink: /home/davide/sesasr_labs/install/turtlebot3_msgs/include/turtlebot3_msgs/turtlebot3_msgs/srv/detail/dqn__rosidl_typesupport_fastrtps_cpp.hpp
[5.151s] -- Up-to-date symlink: /home/davide/sesasr_labs/install/turtlebot3_msgs/include/turtlebot3_msgs/turtlebot3_msgs/srv/detail/sound__rosidl_typesupport_fastrtps_cpp.hpp
[5.151s] -- Up-to-date symlink: /home/davide/sesasr_labs/install/turtlebot3_msgs/include/turtlebot3_msgs/turtlebot3_msgs/action/detail/patrol__rosidl_typesupport_introspection_c.h
[5.152s] -- Up-to-date symlink: /home/davide/sesasr_labs/install/turtlebot3_msgs/include/turtlebot3_msgs/turtlebot3_msgs/msg/detail/sensor_state__rosidl_typesupport_introspection_c.h
[5.153s] -- Up-to-date symlink: /home/davide/sesasr_labs/install/turtlebot3_msgs/include/turtlebot3_msgs/turtlebot3_msgs/msg/detail/sound__rosidl_typesupport_introspection_c.h
[5.153s] -- Up-to-date symlink: /home/davide/sesasr_labs/install/turtlebot3_msgs/include/turtlebot3_msgs/turtlebot3_msgs/msg/detail/version_info__rosidl_typesupport_introspection_c.h
[5.153s] -- Up-to-date symlink: /home/davide/sesasr_labs/install/turtlebot3_msgs/include/turtlebot3_msgs/turtlebot3_msgs/msg/rosidl_typesupport_introspection_c__visibility_control.h
[5.153s] -- Up-to-date symlink: /home/davide/sesasr_labs/install/turtlebot3_msgs/include/turtlebot3_msgs/turtlebot3_msgs/srv/detail/dqn__rosidl_typesupport_introspection_c.h
[5.153s] -- Up-to-date symlink: /home/davide/sesasr_labs/install/turtlebot3_msgs/include/turtlebot3_msgs/turtlebot3_msgs/srv/detail/sound__rosidl_typesupport_introspection_c.h
[5.153s] -- Up-to-date symlink: /home/davide/sesasr_labs/install/turtlebot3_msgs/include/turtlebot3_msgs/turtlebot3_msgs/action/detail/patrol__rosidl_typesupport_introspection_cpp.hpp
[5.153s] -- Up-to-date symlink: /home/davide/sesasr_labs/install/turtlebot3_msgs/include/turtlebot3_msgs/turtlebot3_msgs/msg/detail/sensor_state__rosidl_typesupport_introspection_cpp.hpp
[5.154s] -- Up-to-date symlink: /home/davide/sesasr_labs/install/turtlebot3_msgs/include/turtlebot3_msgs/turtlebot3_msgs/msg/detail/sound__rosidl_typesupport_introspection_cpp.hpp
[5.154s] -- Up-to-date symlink: /home/davide/sesasr_labs/install/turtlebot3_msgs/include/turtlebot3_msgs/turtlebot3_msgs/msg/detail/version_info__rosidl_typesupport_introspection_cpp.hpp
[5.155s] -- Up-to-date symlink: /home/davide/sesasr_labs/install/turtlebot3_msgs/include/turtlebot3_msgs/turtlebot3_msgs/srv/detail/dqn__rosidl_typesupport_introspection_cpp.hpp
[5.155s] -- Up-to-date symlink: /home/davide/sesasr_labs/install/turtlebot3_msgs/include/turtlebot3_msgs/turtlebot3_msgs/srv/detail/sound__rosidl_typesupport_introspection_cpp.hpp
[5.155s] -- Up-to-date symlink: /home/davide/sesasr_labs/install/turtlebot3_msgs/share/turtlebot3_msgs/environment/pythonpath.sh
[5.156s] -- Up-to-date symlink: /home/davide/sesasr_labs/install/turtlebot3_msgs/share/turtlebot3_msgs/environment/pythonpath.dsv
[5.157s] -- Up-to-date symlink: /home/davide/sesasr_labs/install/turtlebot3_msgs/local/lib/python3.10/dist-packages/turtlebot3_msgs-2.2.3-py3.10.egg-info/PKG-INFO
[5.157s] -- Up-to-date symlink: /home/davide/sesasr_labs/install/turtlebot3_msgs/local/lib/python3.10/dist-packages/turtlebot3_msgs-2.2.3-py3.10.egg-info/SOURCES.txt
[5.157s] -- Up-to-date symlink: /home/davide/sesasr_labs/install/turtlebot3_msgs/local/lib/python3.10/dist-packages/turtlebot3_msgs-2.2.3-py3.10.egg-info/dependency_links.txt
[5.157s] -- Up-to-date symlink: /home/davide/sesasr_labs/install/turtlebot3_msgs/local/lib/python3.10/dist-packages/turtlebot3_msgs-2.2.3-py3.10.egg-info/top_level.txt
[5.157s] -- Up-to-date symlink: /home/davide/sesasr_labs/install/turtlebot3_msgs/local/lib/python3.10/dist-packages/turtlebot3_msgs/__init__.py
[5.157s] -- Up-to-date symlink: /home/davide/sesasr_labs/install/turtlebot3_msgs/local/lib/python3.10/dist-packages/turtlebot3_msgs/_turtlebot3_msgs_s.ep.rosidl_typesupport_c.c
[5.158s] -- Up-to-date symlink: /home/davide/sesasr_labs/install/turtlebot3_msgs/local/lib/python3.10/dist-packages/turtlebot3_msgs/_turtlebot3_msgs_s.ep.rosidl_typesupport_fastrtps_c.c
[5.158s] -- Up-to-date symlink: /home/davide/sesasr_labs/install/turtlebot3_msgs/local/lib/python3.10/dist-packages/turtlebot3_msgs/_turtlebot3_msgs_s.ep.rosidl_typesupport_introspection_c.c
[5.158s] -- Up-to-date symlink: /home/davide/sesasr_labs/install/turtlebot3_msgs/local/lib/python3.10/dist-packages/turtlebot3_msgs/action/__init__.py
[5.158s] -- Up-to-date symlink: /home/davide/sesasr_labs/install/turtlebot3_msgs/local/lib/python3.10/dist-packages/turtlebot3_msgs/action/_patrol.py
[5.158s] -- Up-to-date symlink: /home/davide/sesasr_labs/install/turtlebot3_msgs/local/lib/python3.10/dist-packages/turtlebot3_msgs/action/_patrol_s.c
[5.158s] -- Up-to-date symlink: /home/davide/sesasr_labs/install/turtlebot3_msgs/local/lib/python3.10/dist-packages/turtlebot3_msgs/libturtlebot3_msgs__rosidl_generator_py.so
[5.158s] -- Up-to-date symlink: /home/davide/sesasr_labs/install/turtlebot3_msgs/local/lib/python3.10/dist-packages/turtlebot3_msgs/msg/__init__.py
[5.158s] -- Up-to-date symlink: /home/davide/sesasr_labs/install/turtlebot3_msgs/local/lib/python3.10/dist-packages/turtlebot3_msgs/msg/_sensor_state.py
[5.158s] -- Up-to-date symlink: /home/davide/sesasr_labs/install/turtlebot3_msgs/local/lib/python3.10/dist-packages/turtlebot3_msgs/msg/_sensor_state_s.c
[5.158s] -- Up-to-date symlink: /home/davide/sesasr_labs/install/turtlebot3_msgs/local/lib/python3.10/dist-packages/turtlebot3_msgs/msg/_sound.py
[5.158s] -- Up-to-date symlink: /home/davide/sesasr_labs/install/turtlebot3_msgs/local/lib/python3.10/dist-packages/turtlebot3_msgs/msg/_sound_s.c
[5.158s] -- Up-to-date symlink: /home/davide/sesasr_labs/install/turtlebot3_msgs/local/lib/python3.10/dist-packages/turtlebot3_msgs/msg/_version_info.py
[5.158s] -- Up-to-date symlink: /home/davide/sesasr_labs/install/turtlebot3_msgs/local/lib/python3.10/dist-packages/turtlebot3_msgs/msg/_version_info_s.c
[5.158s] -- Up-to-date symlink: /home/davide/sesasr_labs/install/turtlebot3_msgs/local/lib/python3.10/dist-packages/turtlebot3_msgs/srv/__init__.py
[5.160s] -- Up-to-date symlink: /home/davide/sesasr_labs/install/turtlebot3_msgs/local/lib/python3.10/dist-packages/turtlebot3_msgs/srv/_dqn.py
[5.160s] -- Up-to-date symlink: /home/davide/sesasr_labs/install/turtlebot3_msgs/local/lib/python3.10/dist-packages/turtlebot3_msgs/srv/_dqn_s.c
[5.160s] -- Up-to-date symlink: /home/davide/sesasr_labs/install/turtlebot3_msgs/local/lib/python3.10/dist-packages/turtlebot3_msgs/srv/_sound.py
[5.160s] -- Up-to-date symlink: /home/davide/sesasr_labs/install/turtlebot3_msgs/local/lib/python3.10/dist-packages/turtlebot3_msgs/srv/_sound_s.c
[5.160s] -- Up-to-date symlink: /home/davide/sesasr_labs/install/turtlebot3_msgs/local/lib/python3.10/dist-packages/turtlebot3_msgs/turtlebot3_msgs_s__rosidl_typesupport_c.cpython-310-x86_64-linux-gnu.so
[5.160s] -- Up-to-date symlink: /home/davide/sesasr_labs/install/turtlebot3_msgs/local/lib/python3.10/dist-packages/turtlebot3_msgs/turtlebot3_msgs_s__rosidl_typesupport_fastrtps_c.cpython-310-x86_64-linux-gnu.so
[5.161s] -- Up-to-date symlink: /home/davide/sesasr_labs/install/turtlebot3_msgs/local/lib/python3.10/dist-packages/turtlebot3_msgs/turtlebot3_msgs_s__rosidl_typesupport_introspection_c.cpython-310-x86_64-linux-gnu.so
[5.161s] -- Up-to-date symlink: /home/davide/sesasr_labs/install/turtlebot3_msgs/local/lib/python3.10/dist-packages/turtlebot3_msgs/turtlebot3_msgs_s__rosidl_typesupport_fastrtps_c.cpython-310-x86_64-linux-gnu.so
[5.161s] -- Up-to-date symlink: /home/davide/sesasr_labs/install/turtlebot3_msgs/local/lib/python3.10/dist-packages/turtlebot3_msgs/turtlebot3_msgs_s__rosidl_typesupport_introspection_c.cpython-310-x86_64-linux-gnu.so
[5.161s] -- Up-to-date symlink: /home/davide/sesasr_labs/install/turtlebot3_msgs/local/lib/python3.10/dist-packages/turtlebot3_msgs/turtlebot3_msgs_s__rosidl_typesupport_c.cpython-310-x86_64-linux-gnu.so
[5.161s] -- Up-to-date symlink: /home/davide/sesasr_labs/install/turtlebot3_msgs/share/turtlebot3_msgs/msg/SensorState.idl
[5.161s] -- Up-to-date symlink: /home/davide/sesasr_labs/install/turtlebot3_msgs/share/turtlebot3_msgs/msg/Sound.idl
[5.161s] -- Up-to-date symlink: /home/davide/sesasr_labs/install/turtlebot3_msgs/share/turtlebot3_msgs/msg/VersionInfo.idl
[5.161s] -- Up-to-date symlink: /home/davide/sesasr_labs/install/turtlebot3_msgs/share/turtlebot3_msgs/srv/Sound.idl
[5.161s] -- Up-to-date symlink: /home/davide/sesasr_labs/install/turtlebot3_msgs/share/turtlebot3_msgs/srv/Dqn.idl
[5.161s] -- Up-to-date symlink: /home/davide/sesasr_labs/install/turtlebot3_msgs/share/turtlebot3_msgs/action/Patrol.idl
[5.161s] -- Up-to-date symlink: /home/davide/sesasr_labs/install/turtlebot3_msgs/share/turtlebot3_msgs/msg/SensorState.msg
[5.161s] -- Up-to-date symlink: /home/davide/sesasr_labs/install/turtlebot3_msgs/share/turtlebot3_msgs/msg/Sound.msg
[5.161s] -- Up-to-date symlink: /home/davide/sesasr_labs/install/turtlebot3_msgs/share/turtlebot3_msgs/msg/VersionInfo.msg
[5.161s] -- Up-to-date symlink: /home/davide/sesasr_labs/install/turtlebot3_msgs/share/turtlebot3_msgs/srv/Sound.srv
[5.161s] -- Up-to-date symlink: /home/davide/sesasr_labs/install/turtlebot3_msgs/share/turtlebot3_msgs/srv/Sound_Request.msg
[5.162s] -- Up-to-date symlink: /home/davide/sesasr_labs/install/turtlebot3_msgs/share/turtlebot3_msgs/srv/Sound_Response.msg
[5.162s] -- Up-to-date symlink: /home/davide/sesasr_labs/install/turtlebot3_msgs/share/turtlebot3_msgs/srv/Dqn.srv
[5.162s] -- Up-to-date symlink: /home/davide/sesasr_labs/install/turtlebot3_msgs/share/turtlebot3_msgs/srv/Dqn_Request.msg
[5.162s] -- Up-to-date symlink: /home/davide/sesasr_labs/install/turtlebot3_msgs/share/turtlebot3_msgs/srv/Dqn_Response.msg
[5.162s] -- Up-to-date symlink: /home/davide/sesasr_labs/install/turtlebot3_msgs/share/turtlebot3_msgs/action/Patrol.action
[5.162s] -- Up-to-date symlink: /home/davide/sesasr_labs/install/turtlebot3_msgs/share/ament_index/resource_index/package_run_dependencies/turtlebot3_msgs
[5.162s] -- Up-to-date symlink: /home/davide/sesasr_labs/install/turtlebot3_msgs/share/ament_index/resource_index/parent_prefix_path/turtlebot3_msgs
[5.162s] -- Up-to-date symlink: /home/davide/sesasr_labs/install/turtlebot3_msgs/share/turtlebot3_msgs/environment/ament_prefix_path.sh
[5.162s] -- Up-to-date symlink: /home/davide/sesasr_labs/install/turtlebot3_msgs/share/turtlebot3_msgs/environment/ament_prefix_path.dsv
[5.162s] -- Up-to-date symlink: /home/davide/sesasr_labs/install/turtlebot3_msgs/share/turtlebot3_msgs/environment/path.sh
[5.162s] -- Up-to-date symlink: /home/davide/sesasr_labs/install/turtlebot3_msgs/share/turtlebot3_msgs/environment/path.dsv
[5.162s] -- Up-to-date symlink: /home/davide/sesasr_labs/install/turtlebot3_msgs/share/turtlebot3_msgs/local_setup.bash
[5.162s] -- Up-to-date symlink: /home/davide/sesasr_labs/install/turtlebot3_msgs/share/turtlebot3_msgs/local_setup.sh
[5.163s] -- Up-to-date symlink: /home/davide/sesasr_labs/install/turtlebot3_msgs/share/turtlebot3_msgs/local_setup.zsh
[5.163s] -- Up-to-date symlink: /home/davide/sesasr_labs/install/turtlebot3_msgs/share/turtlebot3_msgs/local_setup.dsv
[5.163s] -- Symlinking: /home/davide/sesasr_labs/install/turtlebot3_msgs/share/turtlebot3_msgs/package.dsv
[5.168s] -- Up-to-date symlink: /home/davide/sesasr_labs/install/turtlebot3_msgs/share/ament_index/resource_index/packages/turtlebot3_msgs
[5.169s] -- Up-to-date symlink: /home/davide/sesasr_labs/install/turtlebot3_msgs/share/turtlebot3_msgs/cmake/rosidl_cmake-extras.cmake
[5.169s] -- Up-to-date symlink: /home/davide/sesasr_labs/install/turtlebot3_msgs/share/turtlebot3_msgs/cmake/ament_cmake_export_dependencies-extras.cmake
[5.169s] -- Up-to-date symlink: /home/davide/sesasr_labs/install/turtlebot3_msgs/share/turtlebot3_msgs/cmake/ament_cmake_export_include_directories-extras.cmake
[5.169s] -- Up-to-date symlink: /home/davide/sesasr_labs/install/turtlebot3_msgs/share/turtlebot3_msgs/cmake/ament_cmake_export_libraries-extras.cmake
[5.169s] -- Up-to-date symlink: /home/davide/sesasr_labs/install/turtlebot3_msgs/share/turtlebot3_msgs/cmake/ament_cmake_export_targets-extras.cmake
[5.169s] -- Up-to-date symlink: /home/davide/sesasr_labs/install/turtlebot3_msgs/share/turtlebot3_msgs/cmake/rosidl_cmake_export_typesupport_targets-extras.cmake
[5.169s] -- Up-to-date symlink: /home/davide/sesasr_labs/install/turtlebot3_msgs/share/turtlebot3_msgs/cmake/rosidl_cmake_export_typesupport_libraries-extras.cmake
[5.169s] -- Up-to-date symlink: /home/davide/sesasr_labs/install/turtlebot3_msgs/share/turtlebot3_msgs/cmake/turtlebot3_msgsConfig.cmake
[5.169s] -- Up-to-date symlink: /home/davide/sesasr_labs/install/turtlebot3_msgs/share/turtlebot3_msgs/cmake/turtlebot3_msgsConfig-version.cmake
[5.169s] -- Up-to-date symlink: /home/davide/sesasr_labs/install/turtlebot3_msgs/share/turtlebot3_msgs/package.xml
[5.169s] -- Up-to-date: /home/davide/sesasr_labs/install/turtlebot3_msgs/lib/libturtlebot3_msgs__rosidl_generator_c.so
[5.169s] -- Up-to-date: /home/davide/sesasr_labs/install/turtlebot3_msgs/lib/libturtlebot3_msgs__rosidl_typesupport_fastrtps_c.so
[5.170s] -- Up-to-date: /home/davide/sesasr_labs/install/turtlebot3_msgs/lib/libturtlebot3_msgs__rosidl_typesupport_fastrtps_cpp.so
[5.170s] -- Up-to-date: /home/davide/sesasr_labs/install/turtlebot3_msgs/lib/libturtlebot3_msgs__rosidl_typesupport_introspection_c.so
[5.170s] -- Up-to-date: /home/davide/sesasr_labs/install/turtlebot3_msgs/lib/libturtlebot3_msgs__rosidl_typesupport_c.so
[5.170s] -- Up-to-date: /home/davide/sesasr_labs/install/turtlebot3_msgs/lib/libturtlebot3_msgs__rosidl_typesupport_introspection_cpp.so
[5.170s] -- Up-to-date: /home/davide/sesasr_labs/install/turtlebot3_msgs/lib/libturtlebot3_msgs__rosidl_typesupport_cpp.so
[5.220s] Listing '/home/davide/sesasr_labs/install/turtlebot3_msgs/local/lib/python3.10/dist-packages/turtlebot3_msgs'...
[5.220s] Compiling '/home/davide/sesasr_labs/install/turtlebot3_msgs/local/lib/python3.10/dist-packages/turtlebot3_msgs/__init__.py'...
[5.220s] Listing '/home/davide/sesasr_labs/install/turtlebot3_msgs/local/lib/python3.10/dist-packages/turtlebot3_msgs/action'...
[5.220s] Listing '/home/davide/sesasr_labs/install/turtlebot3_msgs/local/lib/python3.10/dist-packages/turtlebot3_msgs/msg'...
[5.220s] Listing '/home/davide/sesasr_labs/install/turtlebot3_msgs/local/lib/python3.10/dist-packages/turtlebot3_msgs/srv'...
[5.232s] -- Up-to-date: /home/davide/sesasr_labs/install/turtlebot3_msgs/lib/libturtlebot3_msgs__rosidl_generator_py.so
[5.232s] -- Up-to-date: /home/davide/sesasr_labs/install/turtlebot3_msgs/share/turtlebot3_msgs/cmake/export_turtlebot3_msgs__rosidl_generator_cExport.cmake
[5.232s] -- Up-to-date: /home/davide/sesasr_labs/install/turtlebot3_msgs/share/turtlebot3_msgs/cmake/export_turtlebot3_msgs__rosidl_generator_cExport-noconfig.cmake
[5.232s] -- Up-to-date: /home/davide/sesasr_labs/install/turtlebot3_msgs/share/turtlebot3_msgs/cmake/export_turtlebot3_msgs__rosidl_typesupport_fastrtps_cExport.cmake
[5.232s] -- Up-to-date: /home/davide/sesasr_labs/install/turtlebot3_msgs/share/turtlebot3_msgs/cmake/export_turtlebot3_msgs__rosidl_typesupport_fastrtps_cExport-noconfig.cmake
[5.232s] -- Up-to-date: /home/davide/sesasr_labs/install/turtlebot3_msgs/share/turtlebot3_msgs/cmake/export_turtlebot3_msgs__rosidl_generator_cppExport.cmake
[5.232s] -- Up-to-date: /home/davide/sesasr_labs/install/turtlebot3_msgs/share/turtlebot3_msgs/cmake/export_turtlebot3_msgs__rosidl_typesupport_fastrtps_cppExport.cmake
[5.232s] -- Up-to-date: /home/davide/sesasr_labs/install/turtlebot3_msgs/share/turtlebot3_msgs/cmake/export_turtlebot3_msgs__rosidl_typesupport_fastrtps_cppExport-noconfig.cmake
[5.232s] -- Up-to-date: /home/davide/sesasr_labs/install/turtlebot3_msgs/share/turtlebot3_msgs/cmake/turtlebot3_msgs__rosidl_typesupport_introspection_cExport.cmake
[5.232s] -- Up-to-date: /home/davide/sesasr_labs/install/turtlebot3_msgs/share/turtlebot3_msgs/cmake/turtlebot3_msgs__rosidl_typesupport_introspection_cExport-noconfig.cmake
[5.233s] -- Up-to-date: /home/davide/sesasr_labs/install/turtlebot3_msgs/share/turtlebot3_msgs/cmake/turtlebot3_msgs__rosidl_typesupport_cExport.cmake
[5.233s] -- Up-to-date: /home/davide/sesasr_labs/install/turtlebot3_msgs/share/turtlebot3_msgs/cmake/turtlebot3_msgs__rosidl_typesupport_cExport-noconfig.cmake
[5.233s] -- Up-to-date: /home/davide/sesasr_labs/install/turtlebot3_msgs/share/turtlebot3_msgs/cmake/turtlebot3_msgs__rosidl_typesupport_introspection_cppExport.cmake
[5.233s] -- Up-to-date: /home/davide/sesasr_labs/install/turtlebot3_msgs/share/turtlebot3_msgs/cmake/turtlebot3_msgs__rosidl_typesupport_introspection_cppExport-noconfig.cmake
[5.233s] -- Up-to-date: /home/davide/sesasr_labs/install/turtlebot3_msgs/share/turtlebot3_msgs/cmake/turtlebot3_msgs__rosidl_typesupport_cppExport.cmake
[5.233s] -- Up-to-date: /home/davide/sesasr_labs/install/turtlebot3_msgs/share/turtlebot3_msgs/cmake/turtlebot3_msgs__rosidl_typesupport_cppExport-noconfig.cmake
[5.233s] -- Up-to-date: /home/davide/sesasr_labs/install/turtlebot3_msgs/share/turtlebot3_msgs/cmake/export_turtlebot3_msgs__rosidl_generator_pyExport.cmake
[5.233s] -- Up-to-date: /home/davide/sesasr_labs/install/turtlebot3_msgs/share/turtlebot3_msgs/cmake/export_turtlebot3_msgs__rosidl_generator_pyExport-noconfig.cmake
[5.248s] Invoked command in '/home/davide/sesasr_labs/build/turtlebot3_msgs' returned '0': CMAKE_PREFIX_PATH=${CMAKE_PREFIX_PATH}:/home/davide/sesasr_labs/install/my_package:/home/davide/sesasr_labs/install/launch_testing_examples:/home/davide/sesasr_labs/install/examples_rclpy_pointcloud_publisher:/home/davide/sesasr_labs/install/examples_rclpy_minimal_subscriber:/home/davide/sesasr_labs/install/examples_rclpy_minimal_service:/home/davide/sesasr_labs/install/examples_rclpy_minimal_publisher:/home/davide/sesasr_labs/install/examples_rclpy_minimal_client:/home/davide/sesasr_labs/install/examples_rclpy_minimal_action_server:/home/davide/sesasr_labs/install/examples_rclpy_minimal_action_client:/home/davide/sesasr_labs/install/examples_rclpy_guard_conditions:/home/davide/sesasr_labs/install/examples_rclpy_executors:/opt/ros/humble /usr/bin/cmake --install /home/davide/sesasr_labs/build/turtlebot3_msgs
