[0.301s] Invoking command in '/home/davide/sesasr_labs/build/examples_rclcpp_minimal_timer': CMAKE_PREFIX_PATH=${CMAKE_PREFIX_PATH}:/home/davide/sesasr_labs/install/launch_testing_examples:/home/davide/sesasr_labs/install/examples_rclpy_pointcloud_publisher:/home/davide/sesasr_labs/install/examples_rclpy_minimal_subscriber:/home/davide/sesasr_labs/install/examples_rclpy_minimal_service:/home/davide/sesasr_labs/install/examples_rclpy_minimal_publisher:/home/davide/sesasr_labs/install/examples_rclpy_minimal_client:/home/davide/sesasr_labs/install/examples_rclpy_minimal_action_server:/home/davide/sesasr_labs/install/examples_rclpy_minimal_action_client:/home/davide/sesasr_labs/install/examples_rclpy_guard_conditions:/home/davide/sesasr_labs/install/examples_rclpy_executors:/opt/ros/humble /usr/bin/cmake /home/davide/sesasr_labs/src/examples/rclcpp/timers/minimal_timer -DCMAKE_INSTALL_PREFIX=/home/davide/sesasr_labs/install/examples_rclcpp_minimal_timer
[0.370s] -- Found ament_cmake: 1.3.6 (/opt/ros/humble/share/ament_cmake/cmake)
[0.485s] -- Override CMake install command with custom implementation using symlinks instead of copying resources
[0.485s] -- Found rclcpp: 16.0.7 (/opt/ros/humble/share/rclcpp/cmake)
[0.604s] -- Found rosidl_generator_c: 3.1.5 (/opt/ros/humble/share/rosidl_generator_c/cmake)
[0.606s] -- Found rosidl_adapter: 3.1.5 (/opt/ros/humble/share/rosidl_adapter/cmake)
[0.610s] -- Found rosidl_generator_cpp: 3.1.5 (/opt/ros/humble/share/rosidl_generator_cpp/cmake)
[0.620s] -- Using all available rosidl_typesupport_c: rosidl_typesupport_fastrtps_c;rosidl_typesupport_introspection_c
[0.635s] -- Using all available rosidl_typesupport_cpp: rosidl_typesupport_fastrtps_cpp;rosidl_typesupport_introspection_cpp
[0.688s] -- Found rmw_implementation_cmake: 6.1.1 (/opt/ros/humble/share/rmw_implementation_cmake/cmake)
[0.690s] -- Found rmw_fastrtps_cpp: 6.2.5 (/opt/ros/humble/share/rmw_fastrtps_cpp/cmake)
[5.264s] -- Using RMW implementation 'rmw_fastrtps_cpp' as default
[5.407s] -- Found ament_lint_auto: 0.12.9 (/opt/ros/humble/share/ament_lint_auto/cmake)
[5.473s] -- Added test 'copyright' to check source files copyright and LICENSE
[5.475s] -- Added test 'cppcheck' to perform static code analysis on C / C++ code
[5.477s] -- Configured cppcheck include dirs: 
[5.478s] -- Configured cppcheck exclude dirs and/or files: 
[5.478s] -- Added test 'cpplint' to check C / C++ code against the Google style
[5.478s] -- Configured cpplint exclude dirs and/or files: 
[5.478s] -- Added test 'lint_cmake' to check CMake code style
[5.478s] -- Added test 'uncrustify' to check C / C++ code style
[5.479s] -- Configured uncrustify additional arguments: 
[5.479s] -- Added test 'xmllint' to check XML markup files
[5.479s] -- Configuring done
[5.485s] -- Generating done
[5.486s] -- Build files have been written to: /home/davide/sesasr_labs/build/examples_rclcpp_minimal_timer
[5.525s] Invoked command in '/home/davide/sesasr_labs/build/examples_rclcpp_minimal_timer' returned '0': CMAKE_PREFIX_PATH=${CMAKE_PREFIX_PATH}:/home/davide/sesasr_labs/install/launch_testing_examples:/home/davide/sesasr_labs/install/examples_rclpy_pointcloud_publisher:/home/davide/sesasr_labs/install/examples_rclpy_minimal_subscriber:/home/davide/sesasr_labs/install/examples_rclpy_minimal_service:/home/davide/sesasr_labs/install/examples_rclpy_minimal_publisher:/home/davide/sesasr_labs/install/examples_rclpy_minimal_client:/home/davide/sesasr_labs/install/examples_rclpy_minimal_action_server:/home/davide/sesasr_labs/install/examples_rclpy_minimal_action_client:/home/davide/sesasr_labs/install/examples_rclpy_guard_conditions:/home/davide/sesasr_labs/install/examples_rclpy_executors:/opt/ros/humble /usr/bin/cmake /home/davide/sesasr_labs/src/examples/rclcpp/timers/minimal_timer -DCMAKE_INSTALL_PREFIX=/home/davide/sesasr_labs/install/examples_rclcpp_minimal_timer
[5.527s] Invoking command in '/home/davide/sesasr_labs/build/examples_rclcpp_minimal_timer': CMAKE_PREFIX_PATH=${CMAKE_PREFIX_PATH}:/home/davide/sesasr_labs/install/launch_testing_examples:/home/davide/sesasr_labs/install/examples_rclpy_pointcloud_publisher:/home/davide/sesasr_labs/install/examples_rclpy_minimal_subscriber:/home/davide/sesasr_labs/install/examples_rclpy_minimal_service:/home/davide/sesasr_labs/install/examples_rclpy_minimal_publisher:/home/davide/sesasr_labs/install/examples_rclpy_minimal_client:/home/davide/sesasr_labs/install/examples_rclpy_minimal_action_server:/home/davide/sesasr_labs/install/examples_rclpy_minimal_action_client:/home/davide/sesasr_labs/install/examples_rclpy_guard_conditions:/home/davide/sesasr_labs/install/examples_rclpy_executors:/opt/ros/humble /usr/bin/cmake --build /home/davide/sesasr_labs/build/examples_rclcpp_minimal_timer -- -j8 -l8
[5.590s] [35m[1mConsolidate compiler generated dependencies of target timer_lambda[0m
[5.600s] [35m[1mConsolidate compiler generated dependencies of target timer_member_function[0m
[5.649s] [ 50%] Built target timer_lambda
[5.654s] [100%] Built target timer_member_function
[5.669s] Invoked command in '/home/davide/sesasr_labs/build/examples_rclcpp_minimal_timer' returned '0': CMAKE_PREFIX_PATH=${CMAKE_PREFIX_PATH}:/home/davide/sesasr_labs/install/launch_testing_examples:/home/davide/sesasr_labs/install/examples_rclpy_pointcloud_publisher:/home/davide/sesasr_labs/install/examples_rclpy_minimal_subscriber:/home/davide/sesasr_labs/install/examples_rclpy_minimal_service:/home/davide/sesasr_labs/install/examples_rclpy_minimal_publisher:/home/davide/sesasr_labs/install/examples_rclpy_minimal_client:/home/davide/sesasr_labs/install/examples_rclpy_minimal_action_server:/home/davide/sesasr_labs/install/examples_rclpy_minimal_action_client:/home/davide/sesasr_labs/install/examples_rclpy_guard_conditions:/home/davide/sesasr_labs/install/examples_rclpy_executors:/opt/ros/humble /usr/bin/cmake --build /home/davide/sesasr_labs/build/examples_rclcpp_minimal_timer -- -j8 -l8
[5.719s] Invoking command in '/home/davide/sesasr_labs/build/examples_rclcpp_minimal_timer': CMAKE_PREFIX_PATH=${CMAKE_PREFIX_PATH}:/home/davide/sesasr_labs/install/launch_testing_examples:/home/davide/sesasr_labs/install/examples_rclpy_pointcloud_publisher:/home/davide/sesasr_labs/install/examples_rclpy_minimal_subscriber:/home/davide/sesasr_labs/install/examples_rclpy_minimal_service:/home/davide/sesasr_labs/install/examples_rclpy_minimal_publisher:/home/davide/sesasr_labs/install/examples_rclpy_minimal_client:/home/davide/sesasr_labs/install/examples_rclpy_minimal_action_server:/home/davide/sesasr_labs/install/examples_rclpy_minimal_action_client:/home/davide/sesasr_labs/install/examples_rclpy_guard_conditions:/home/davide/sesasr_labs/install/examples_rclpy_executors:/opt/ros/humble /usr/bin/cmake --install /home/davide/sesasr_labs/build/examples_rclcpp_minimal_timer
[5.719s] -- Install configuration: ""
[5.719s] -- Execute custom install script
[5.719s] -- Up-to-date symlink: /home/davide/sesasr_labs/install/examples_rclcpp_minimal_timer/lib/examples_rclcpp_minimal_timer/timer_lambda
[5.719s] -- Up-to-date symlink: /home/davide/sesasr_labs/install/examples_rclcpp_minimal_timer/lib/examples_rclcpp_minimal_timer/timer_member_function
[5.720s] -- Up-to-date symlink: /home/davide/sesasr_labs/install/examples_rclcpp_minimal_timer/share/ament_index/resource_index/package_run_dependencies/examples_rclcpp_minimal_timer
[5.721s] -- Up-to-date symlink: /home/davide/sesasr_labs/install/examples_rclcpp_minimal_timer/share/ament_index/resource_index/parent_prefix_path/examples_rclcpp_minimal_timer
[5.721s] -- Up-to-date symlink: /home/davide/sesasr_labs/install/examples_rclcpp_minimal_timer/share/examples_rclcpp_minimal_timer/environment/ament_prefix_path.sh
[5.721s] -- Up-to-date symlink: /home/davide/sesasr_labs/install/examples_rclcpp_minimal_timer/share/examples_rclcpp_minimal_timer/environment/ament_prefix_path.dsv
[5.721s] -- Up-to-date symlink: /home/davide/sesasr_labs/install/examples_rclcpp_minimal_timer/share/examples_rclcpp_minimal_timer/environment/path.sh
[5.721s] -- Up-to-date symlink: /home/davide/sesasr_labs/install/examples_rclcpp_minimal_timer/share/examples_rclcpp_minimal_timer/environment/path.dsv
[5.721s] -- Up-to-date symlink: /home/davide/sesasr_labs/install/examples_rclcpp_minimal_timer/share/examples_rclcpp_minimal_timer/local_setup.bash
[5.721s] -- Up-to-date symlink: /home/davide/sesasr_labs/install/examples_rclcpp_minimal_timer/share/examples_rclcpp_minimal_timer/local_setup.sh
[5.721s] -- Up-to-date symlink: /home/davide/sesasr_labs/install/examples_rclcpp_minimal_timer/share/examples_rclcpp_minimal_timer/local_setup.zsh
[5.721s] -- Up-to-date symlink: /home/davide/sesasr_labs/install/examples_rclcpp_minimal_timer/share/examples_rclcpp_minimal_timer/local_setup.dsv
[5.721s] -- Symlinking: /home/davide/sesasr_labs/install/examples_rclcpp_minimal_timer/share/examples_rclcpp_minimal_timer/package.dsv
[5.734s] -- Up-to-date symlink: /home/davide/sesasr_labs/install/examples_rclcpp_minimal_timer/share/ament_index/resource_index/packages/examples_rclcpp_minimal_timer
[5.734s] -- Up-to-date symlink: /home/davide/sesasr_labs/install/examples_rclcpp_minimal_timer/share/examples_rclcpp_minimal_timer/cmake/examples_rclcpp_minimal_timerConfig.cmake
[5.734s] -- Up-to-date symlink: /home/davide/sesasr_labs/install/examples_rclcpp_minimal_timer/share/examples_rclcpp_minimal_timer/cmake/examples_rclcpp_minimal_timerConfig-version.cmake
[5.734s] -- Up-to-date symlink: /home/davide/sesasr_labs/install/examples_rclcpp_minimal_timer/share/examples_rclcpp_minimal_timer/package.xml
[5.735s] Invoked command in '/home/davide/sesasr_labs/build/examples_rclcpp_minimal_timer' returned '0': CMAKE_PREFIX_PATH=${CMAKE_PREFIX_PATH}:/home/davide/sesasr_labs/install/launch_testing_examples:/home/davide/sesasr_labs/install/examples_rclpy_pointcloud_publisher:/home/davide/sesasr_labs/install/examples_rclpy_minimal_subscriber:/home/davide/sesasr_labs/install/examples_rclpy_minimal_service:/home/davide/sesasr_labs/install/examples_rclpy_minimal_publisher:/home/davide/sesasr_labs/install/examples_rclpy_minimal_client:/home/davide/sesasr_labs/install/examples_rclpy_minimal_action_server:/home/davide/sesasr_labs/install/examples_rclpy_minimal_action_client:/home/davide/sesasr_labs/install/examples_rclpy_guard_conditions:/home/davide/sesasr_labs/install/examples_rclpy_executors:/opt/ros/humble /usr/bin/cmake --install /home/davide/sesasr_labs/build/examples_rclcpp_minimal_timer
