[0.981s] Invoking command in '/home/davide/sesasr_labs/build/turtlebot3_example': AMENT_PREFIX_PATH=/home/davide/sesasr_labs/install/turtlebot3_msgs:${AMENT_PREFIX_PATH} CMAKE_PREFIX_PATH=/home/davide/sesasr_labs/install/turtlebot3_msgs:${CMAKE_PREFIX_PATH} LD_LIBRARY_PATH=/home/davide/sesasr_labs/install/turtlebot3_msgs/lib:${LD_LIBRARY_PATH} PYTHONPATH=/home/davide/sesasr_labs/build/turtlebot3_example/prefix_override:/home/davide/sesasr_labs/install/turtlebot3_example/lib/python3.10/site-packages:/home/davide/sesasr_labs/install/turtlebot3_msgs/local/lib/python3.10/dist-packages:${PYTHONPATH} /usr/bin/python3 setup.py develop --editable --build-directory /home/davide/sesasr_labs/build/turtlebot3_example/build --no-deps install_data
[2.993s] /usr/lib/python3/dist-packages/setuptools/command/easy_install.py:158: EasyInstallDeprecationWarning: easy_install command is deprecated. Use build and pip and other standards-based tools.
[2.994s]   warnings.warn(
[2.995s] /usr/lib/python3/dist-packages/setuptools/command/install.py:34: SetuptoolsDeprecationWarning: setup.py install is deprecated. Use build and pip and other standards-based tools.
[2.995s]   warnings.warn(
[2.995s] running develop
[2.995s] running egg_info
[2.995s] writing turtlebot3_example.egg-info/PKG-INFO
[2.995s] writing dependency_links to turtlebot3_example.egg-info/dependency_links.txt
[2.995s] writing entry points to turtlebot3_example.egg-info/entry_points.txt
[2.995s] writing requirements to turtlebot3_example.egg-info/requires.txt
[2.995s] writing top-level names to turtlebot3_example.egg-info/top_level.txt
[2.995s] reading manifest file 'turtlebot3_example.egg-info/SOURCES.txt'
[2.995s] writing manifest file 'turtlebot3_example.egg-info/SOURCES.txt'
[2.995s] running build_ext
[2.995s] Creating /home/davide/sesasr_labs/install/turtlebot3_example/lib/python3.10/site-packages/turtlebot3-example.egg-link (link to .)
[2.995s] Installing turtlebot3_interactive_marker script to /home/davide/sesasr_labs/install/turtlebot3_example/lib/turtlebot3_example
[2.995s] Installing turtlebot3_obstacle_detection script to /home/davide/sesasr_labs/install/turtlebot3_example/lib/turtlebot3_example
[2.995s] Installing turtlebot3_patrol_client script to /home/davide/sesasr_labs/install/turtlebot3_example/lib/turtlebot3_example
[2.995s] Installing turtlebot3_patrol_server script to /home/davide/sesasr_labs/install/turtlebot3_example/lib/turtlebot3_example
[2.996s] Installing turtlebot3_position_control_pointop_key script to /home/davide/sesasr_labs/install/turtlebot3_example/lib/turtlebot3_example
[2.996s] 
[2.996s] Installed /home/davide/sesasr_labs/build/turtlebot3_example
[2.996s] running install_data
[2.996s] Invoked command in '/home/davide/sesasr_labs/build/turtlebot3_example' returned '0': AMENT_PREFIX_PATH=/home/davide/sesasr_labs/install/turtlebot3_msgs:${AMENT_PREFIX_PATH} CMAKE_PREFIX_PATH=/home/davide/sesasr_labs/install/turtlebot3_msgs:${CMAKE_PREFIX_PATH} LD_LIBRARY_PATH=/home/davide/sesasr_labs/install/turtlebot3_msgs/lib:${LD_LIBRARY_PATH} PYTHONPATH=/home/davide/sesasr_labs/build/turtlebot3_example/prefix_override:/home/davide/sesasr_labs/install/turtlebot3_example/lib/python3.10/site-packages:/home/davide/sesasr_labs/install/turtlebot3_msgs/local/lib/python3.10/dist-packages:${PYTHONPATH} /usr/bin/python3 setup.py develop --editable --build-directory /home/davide/sesasr_labs/build/turtlebot3_example/build --no-deps install_data
