[2.525s] Invoking command in '/home/davide/sesasr_labs/build/examples_rclpy_minimal_action_server': PYTHONPATH=/home/davide/sesasr_labs/build/examples_rclpy_minimal_action_server/prefix_override:/home/davide/sesasr_labs/install/examples_rclpy_minimal_action_server/lib/python3.10/site-packages:${PYTHONPATH} /usr/bin/python3 setup.py develop --editable --build-directory /home/davide/sesasr_labs/build/examples_rclpy_minimal_action_server/build --no-deps install_data
[3.282s] running develop
[3.282s] /usr/lib/python3/dist-packages/setuptools/command/easy_install.py:158: EasyInstallDeprecationWarning: easy_install command is deprecated. Use build and pip and other standards-based tools.
[3.282s]   warnings.warn(
[3.283s] /usr/lib/python3/dist-packages/setuptools/command/install.py:34: SetuptoolsDeprecationWarning: setup.py install is deprecated. Use build and pip and other standards-based tools.
[3.283s]   warnings.warn(
[3.610s] running egg_info
[3.610s] creating examples_rclpy_minimal_action_server.egg-info
[3.614s] writing examples_rclpy_minimal_action_server.egg-info/PKG-INFO
[3.614s] writing dependency_links to examples_rclpy_minimal_action_server.egg-info/dependency_links.txt
[3.614s] writing entry points to examples_rclpy_minimal_action_server.egg-info/entry_points.txt
[3.614s] writing requirements to examples_rclpy_minimal_action_server.egg-info/requires.txt
[3.614s] writing top-level names to examples_rclpy_minimal_action_server.egg-info/top_level.txt
[3.614s] writing manifest file 'examples_rclpy_minimal_action_server.egg-info/SOURCES.txt'
[3.615s] reading manifest file 'examples_rclpy_minimal_action_server.egg-info/SOURCES.txt'
[3.615s] writing manifest file 'examples_rclpy_minimal_action_server.egg-info/SOURCES.txt'
[3.621s] running build_ext
[3.621s] Creating /home/davide/sesasr_labs/install/examples_rclpy_minimal_action_server/lib/python3.10/site-packages/examples-rclpy-minimal-action-server.egg-link (link to .)
[3.622s] Installing server script to /home/davide/sesasr_labs/install/examples_rclpy_minimal_action_server/lib/examples_rclpy_minimal_action_server
[3.622s] Installing server_defer script to /home/davide/sesasr_labs/install/examples_rclpy_minimal_action_server/lib/examples_rclpy_minimal_action_server
[3.622s] Installing server_not_composable script to /home/davide/sesasr_labs/install/examples_rclpy_minimal_action_server/lib/examples_rclpy_minimal_action_server
[3.622s] Installing server_queue_goals script to /home/davide/sesasr_labs/install/examples_rclpy_minimal_action_server/lib/examples_rclpy_minimal_action_server
[3.623s] Installing server_single_goal script to /home/davide/sesasr_labs/install/examples_rclpy_minimal_action_server/lib/examples_rclpy_minimal_action_server
[3.623s] 
[3.623s] Installed /home/davide/sesasr_labs/build/examples_rclpy_minimal_action_server
[3.623s] running install_data
[3.623s] creating /home/davide/sesasr_labs/install/examples_rclpy_minimal_action_server/share/ament_index
[3.624s] creating /home/davide/sesasr_labs/install/examples_rclpy_minimal_action_server/share/ament_index/resource_index
[3.624s] creating /home/davide/sesasr_labs/install/examples_rclpy_minimal_action_server/share/ament_index/resource_index/packages
[3.624s] copying resource/examples_rclpy_minimal_action_server -> /home/davide/sesasr_labs/install/examples_rclpy_minimal_action_server/share/ament_index/resource_index/packages
[3.629s] copying package.xml -> /home/davide/sesasr_labs/install/examples_rclpy_minimal_action_server/share/examples_rclpy_minimal_action_server
[3.947s] Invoked command in '/home/davide/sesasr_labs/build/examples_rclpy_minimal_action_server' returned '0': PYTHONPATH=/home/davide/sesasr_labs/build/examples_rclpy_minimal_action_server/prefix_override:/home/davide/sesasr_labs/install/examples_rclpy_minimal_action_server/lib/python3.10/site-packages:${PYTHONPATH} /usr/bin/python3 setup.py develop --editable --build-directory /home/davide/sesasr_labs/build/examples_rclpy_minimal_action_server/build --no-deps install_data
