[0.156s] Invoking command in '/home/davide/sesasr_labs/build/turtlebot3_navigation2': CMAKE_PREFIX_PATH=${CMAKE_PREFIX_PATH}:/home/davide/sesasr_labs/install/my_package:/home/davide/sesasr_labs/install/launch_testing_examples:/home/davide/sesasr_labs/install/examples_rclpy_pointcloud_publisher:/home/davide/sesasr_labs/install/examples_rclpy_minimal_subscriber:/home/davide/sesasr_labs/install/examples_rclpy_minimal_service:/home/davide/sesasr_labs/install/examples_rclpy_minimal_publisher:/home/davide/sesasr_labs/install/examples_rclpy_minimal_client:/home/davide/sesasr_labs/install/examples_rclpy_minimal_action_server:/home/davide/sesasr_labs/install/examples_rclpy_minimal_action_client:/home/davide/sesasr_labs/install/examples_rclpy_guard_conditions:/home/davide/sesasr_labs/install/examples_rclpy_executors:/opt/ros/humble /usr/bin/cmake /home/davide/sesasr_labs/src/turtlebot3/turtlebot3_navigation2 -DAMENT_CMAKE_SYMLINK_INSTALL=1 -DCMAKE_INSTALL_PREFIX=/home/davide/sesasr_labs/install/turtlebot3_navigation2
[1.710s] -- The C compiler identification is GNU 11.4.0
[1.710s] -- The CXX compiler identification is GNU 11.4.0
[1.710s] -- Detecting C compiler ABI info
[1.711s] -- Detecting C compiler ABI info - done
[1.711s] -- Check for working C compiler: /usr/bin/cc - skipped
[1.711s] -- Detecting C compile features
[1.711s] -- Detecting C compile features - done
[1.711s] -- Detecting CXX compiler ABI info
[1.711s] -- Detecting CXX compiler ABI info - done
[1.711s] -- Check for working CXX compiler: /usr/bin/c++ - skipped
[1.711s] -- Detecting CXX compile features
[1.711s] -- Detecting CXX compile features - done
[1.711s] -- Found ament_cmake: 1.3.6 (/opt/ros/humble/share/ament_cmake/cmake)
[1.711s] -- Found Python3: /usr/bin/python3.10 (found version "3.10.12") found components: Interpreter 
[1.711s] -- Override CMake install command with custom implementation using symlinks instead of copying resources
[1.808s] -- Configuring done
[1.818s] -- Generating done
[1.818s] -- Build files have been written to: /home/davide/sesasr_labs/build/turtlebot3_navigation2
[1.955s] Invoked command in '/home/davide/sesasr_labs/build/turtlebot3_navigation2' returned '0': CMAKE_PREFIX_PATH=${CMAKE_PREFIX_PATH}:/home/davide/sesasr_labs/install/my_package:/home/davide/sesasr_labs/install/launch_testing_examples:/home/davide/sesasr_labs/install/examples_rclpy_pointcloud_publisher:/home/davide/sesasr_labs/install/examples_rclpy_minimal_subscriber:/home/davide/sesasr_labs/install/examples_rclpy_minimal_service:/home/davide/sesasr_labs/install/examples_rclpy_minimal_publisher:/home/davide/sesasr_labs/install/examples_rclpy_minimal_client:/home/davide/sesasr_labs/install/examples_rclpy_minimal_action_server:/home/davide/sesasr_labs/install/examples_rclpy_minimal_action_client:/home/davide/sesasr_labs/install/examples_rclpy_guard_conditions:/home/davide/sesasr_labs/install/examples_rclpy_executors:/opt/ros/humble /usr/bin/cmake /home/davide/sesasr_labs/src/turtlebot3/turtlebot3_navigation2 -DAMENT_CMAKE_SYMLINK_INSTALL=1 -DCMAKE_INSTALL_PREFIX=/home/davide/sesasr_labs/install/turtlebot3_navigation2
[1.957s] Invoking command in '/home/davide/sesasr_labs/build/turtlebot3_navigation2': CMAKE_PREFIX_PATH=${CMAKE_PREFIX_PATH}:/home/davide/sesasr_labs/install/my_package:/home/davide/sesasr_labs/install/launch_testing_examples:/home/davide/sesasr_labs/install/examples_rclpy_pointcloud_publisher:/home/davide/sesasr_labs/install/examples_rclpy_minimal_subscriber:/home/davide/sesasr_labs/install/examples_rclpy_minimal_service:/home/davide/sesasr_labs/install/examples_rclpy_minimal_publisher:/home/davide/sesasr_labs/install/examples_rclpy_minimal_client:/home/davide/sesasr_labs/install/examples_rclpy_minimal_action_server:/home/davide/sesasr_labs/install/examples_rclpy_minimal_action_client:/home/davide/sesasr_labs/install/examples_rclpy_guard_conditions:/home/davide/sesasr_labs/install/examples_rclpy_executors:/opt/ros/humble /usr/bin/cmake --build /home/davide/sesasr_labs/build/turtlebot3_navigation2 -- -j8 -l8
[1.990s] Invoked command in '/home/davide/sesasr_labs/build/turtlebot3_navigation2' returned '0': CMAKE_PREFIX_PATH=${CMAKE_PREFIX_PATH}:/home/davide/sesasr_labs/install/my_package:/home/davide/sesasr_labs/install/launch_testing_examples:/home/davide/sesasr_labs/install/examples_rclpy_pointcloud_publisher:/home/davide/sesasr_labs/install/examples_rclpy_minimal_subscriber:/home/davide/sesasr_labs/install/examples_rclpy_minimal_service:/home/davide/sesasr_labs/install/examples_rclpy_minimal_publisher:/home/davide/sesasr_labs/install/examples_rclpy_minimal_client:/home/davide/sesasr_labs/install/examples_rclpy_minimal_action_server:/home/davide/sesasr_labs/install/examples_rclpy_minimal_action_client:/home/davide/sesasr_labs/install/examples_rclpy_guard_conditions:/home/davide/sesasr_labs/install/examples_rclpy_executors:/opt/ros/humble /usr/bin/cmake --build /home/davide/sesasr_labs/build/turtlebot3_navigation2 -- -j8 -l8
[2.031s] Invoking command in '/home/davide/sesasr_labs/build/turtlebot3_navigation2': CMAKE_PREFIX_PATH=${CMAKE_PREFIX_PATH}:/home/davide/sesasr_labs/install/my_package:/home/davide/sesasr_labs/install/launch_testing_examples:/home/davide/sesasr_labs/install/examples_rclpy_pointcloud_publisher:/home/davide/sesasr_labs/install/examples_rclpy_minimal_subscriber:/home/davide/sesasr_labs/install/examples_rclpy_minimal_service:/home/davide/sesasr_labs/install/examples_rclpy_minimal_publisher:/home/davide/sesasr_labs/install/examples_rclpy_minimal_client:/home/davide/sesasr_labs/install/examples_rclpy_minimal_action_server:/home/davide/sesasr_labs/install/examples_rclpy_minimal_action_client:/home/davide/sesasr_labs/install/examples_rclpy_guard_conditions:/home/davide/sesasr_labs/install/examples_rclpy_executors:/opt/ros/humble /usr/bin/cmake --install /home/davide/sesasr_labs/build/turtlebot3_navigation2
[2.507s] -- Install configuration: ""
[2.507s] -- Execute custom install script
[2.507s] -- Symlinking: /home/davide/sesasr_labs/install/turtlebot3_navigation2/share/turtlebot3_navigation2/launch/navigation2.launch.py
[2.507s] -- Symlinking: /home/davide/sesasr_labs/install/turtlebot3_navigation2/share/turtlebot3_navigation2/launch/navigation2_use_sim_time.launch.py
[2.507s] -- Symlinking: /home/davide/sesasr_labs/install/turtlebot3_navigation2/share/turtlebot3_navigation2/map/turtlebot3_world.pgm
[2.507s] -- Symlinking: /home/davide/sesasr_labs/install/turtlebot3_navigation2/share/turtlebot3_navigation2/map/turtlebot3_world.yaml
[2.507s] -- Symlinking: /home/davide/sesasr_labs/install/turtlebot3_navigation2/share/turtlebot3_navigation2/param/burger.yaml
[2.507s] -- Symlinking: /home/davide/sesasr_labs/install/turtlebot3_navigation2/share/turtlebot3_navigation2/param/burger_use_sim_time.yaml
[2.507s] -- Symlinking: /home/davide/sesasr_labs/install/turtlebot3_navigation2/share/turtlebot3_navigation2/param/waffle_pi.yaml
[2.508s] -- Symlinking: /home/davide/sesasr_labs/install/turtlebot3_navigation2/share/turtlebot3_navigation2/param/waffle_pi_use_sim_time.yaml
[2.508s] -- Symlinking: /home/davide/sesasr_labs/install/turtlebot3_navigation2/share/turtlebot3_navigation2/rviz/navigation2.rviz
[2.508s] -- Symlinking: /home/davide/sesasr_labs/install/turtlebot3_navigation2/share/ament_index/resource_index/package_run_dependencies/turtlebot3_navigation2
[2.508s] -- Symlinking: /home/davide/sesasr_labs/install/turtlebot3_navigation2/share/ament_index/resource_index/parent_prefix_path/turtlebot3_navigation2
[2.508s] -- Symlinking: /home/davide/sesasr_labs/install/turtlebot3_navigation2/share/turtlebot3_navigation2/environment/ament_prefix_path.sh
[2.508s] -- Symlinking: /home/davide/sesasr_labs/install/turtlebot3_navigation2/share/turtlebot3_navigation2/environment/ament_prefix_path.dsv
[2.508s] -- Symlinking: /home/davide/sesasr_labs/install/turtlebot3_navigation2/share/turtlebot3_navigation2/environment/path.sh
[2.508s] -- Symlinking: /home/davide/sesasr_labs/install/turtlebot3_navigation2/share/turtlebot3_navigation2/environment/path.dsv
[2.508s] -- Symlinking: /home/davide/sesasr_labs/install/turtlebot3_navigation2/share/turtlebot3_navigation2/local_setup.bash
[2.508s] -- Symlinking: /home/davide/sesasr_labs/install/turtlebot3_navigation2/share/turtlebot3_navigation2/local_setup.sh
[2.508s] -- Symlinking: /home/davide/sesasr_labs/install/turtlebot3_navigation2/share/turtlebot3_navigation2/local_setup.zsh
[2.508s] -- Symlinking: /home/davide/sesasr_labs/install/turtlebot3_navigation2/share/turtlebot3_navigation2/local_setup.dsv
[2.508s] -- Symlinking: /home/davide/sesasr_labs/install/turtlebot3_navigation2/share/turtlebot3_navigation2/package.dsv
[2.508s] -- Symlinking: /home/davide/sesasr_labs/install/turtlebot3_navigation2/share/ament_index/resource_index/packages/turtlebot3_navigation2
[2.508s] -- Symlinking: /home/davide/sesasr_labs/install/turtlebot3_navigation2/share/turtlebot3_navigation2/cmake/turtlebot3_navigation2Config.cmake
[2.508s] -- Symlinking: /home/davide/sesasr_labs/install/turtlebot3_navigation2/share/turtlebot3_navigation2/cmake/turtlebot3_navigation2Config-version.cmake
[2.508s] -- Symlinking: /home/davide/sesasr_labs/install/turtlebot3_navigation2/share/turtlebot3_navigation2/package.xml
[2.751s] Invoked command in '/home/davide/sesasr_labs/build/turtlebot3_navigation2' returned '0': CMAKE_PREFIX_PATH=${CMAKE_PREFIX_PATH}:/home/davide/sesasr_labs/install/my_package:/home/davide/sesasr_labs/install/launch_testing_examples:/home/davide/sesasr_labs/install/examples_rclpy_pointcloud_publisher:/home/davide/sesasr_labs/install/examples_rclpy_minimal_subscriber:/home/davide/sesasr_labs/install/examples_rclpy_minimal_service:/home/davide/sesasr_labs/install/examples_rclpy_minimal_publisher:/home/davide/sesasr_labs/install/examples_rclpy_minimal_client:/home/davide/sesasr_labs/install/examples_rclpy_minimal_action_server:/home/davide/sesasr_labs/install/examples_rclpy_minimal_action_client:/home/davide/sesasr_labs/install/examples_rclpy_guard_conditions:/home/davide/sesasr_labs/install/examples_rclpy_executors:/opt/ros/humble /usr/bin/cmake --install /home/davide/sesasr_labs/build/turtlebot3_navigation2
