[1.622s] Invoking command in '/home/davide/sesasr_labs/build/examples_rclpy_minimal_service': PYTHONPATH=/home/davide/sesasr_labs/build/examples_rclpy_minimal_service/prefix_override:/home/davide/sesasr_labs/install/examples_rclpy_minimal_service/lib/python3.10/site-packages:${PYTHONPATH} /usr/bin/python3 setup.py develop --editable --build-directory /home/davide/sesasr_labs/build/examples_rclpy_minimal_service/build --no-deps install_data
[1.850s] running develop
[1.850s] /usr/lib/python3/dist-packages/setuptools/command/easy_install.py:158: EasyInstallDeprecationWarning: easy_install command is deprecated. Use build and pip and other standards-based tools.
[1.850s]   warnings.warn(
[1.852s] /usr/lib/python3/dist-packages/setuptools/command/install.py:34: SetuptoolsDeprecationWarning: setup.py install is deprecated. Use build and pip and other standards-based tools.
[1.852s]   warnings.warn(
[1.989s] running egg_info
[1.989s] writing examples_rclpy_minimal_service.egg-info/PKG-INFO
[1.989s] writing dependency_links to examples_rclpy_minimal_service.egg-info/dependency_links.txt
[1.989s] writing entry points to examples_rclpy_minimal_service.egg-info/entry_points.txt
[1.989s] writing requirements to examples_rclpy_minimal_service.egg-info/requires.txt
[1.989s] writing top-level names to examples_rclpy_minimal_service.egg-info/top_level.txt
[1.990s] reading manifest file 'examples_rclpy_minimal_service.egg-info/SOURCES.txt'
[1.990s] writing manifest file 'examples_rclpy_minimal_service.egg-info/SOURCES.txt'
[1.992s] running build_ext
[1.992s] Creating /home/davide/sesasr_labs/install/examples_rclpy_minimal_service/lib/python3.10/site-packages/examples-rclpy-minimal-service.egg-link (link to .)
[1.992s] Installing service script to /home/davide/sesasr_labs/install/examples_rclpy_minimal_service/lib/examples_rclpy_minimal_service
[1.993s] Installing service_member_function script to /home/davide/sesasr_labs/install/examples_rclpy_minimal_service/lib/examples_rclpy_minimal_service
[1.993s] 
[1.993s] Installed /home/davide/sesasr_labs/build/examples_rclpy_minimal_service
[1.993s] running install_data
[2.119s] Invoked command in '/home/davide/sesasr_labs/build/examples_rclpy_minimal_service' returned '0': PYTHONPATH=/home/davide/sesasr_labs/build/examples_rclpy_minimal_service/prefix_override:/home/davide/sesasr_labs/install/examples_rclpy_minimal_service/lib/python3.10/site-packages:${PYTHONPATH} /usr/bin/python3 setup.py develop --editable --build-directory /home/davide/sesasr_labs/build/examples_rclpy_minimal_service/build --no-deps install_data
