[1.375s] Invoking command in '/home/davide/sesasr_labs/src/my_package': PYTHONPATH=/home/davide/sesasr_labs/build/my_package/prefix_override:/home/davide/sesasr_labs/install/my_package/lib/python3.10/site-packages:${PYTHONPATH} /usr/bin/python3 setup.py egg_info --egg-base ../../build/my_package build --build-base /home/davide/sesasr_labs/build/my_package/build install --record /home/davide/sesasr_labs/build/my_package/install.log --single-version-externally-managed
[1.571s] running egg_info
[1.571s] creating ../../build/my_package/my_package.egg-info
[1.571s] writing ../../build/my_package/my_package.egg-info/PKG-INFO
[1.571s] writing dependency_links to ../../build/my_package/my_package.egg-info/dependency_links.txt
[1.571s] writing entry points to ../../build/my_package/my_package.egg-info/entry_points.txt
[1.571s] writing requirements to ../../build/my_package/my_package.egg-info/requires.txt
[1.571s] writing top-level names to ../../build/my_package/my_package.egg-info/top_level.txt
[1.571s] writing manifest file '../../build/my_package/my_package.egg-info/SOURCES.txt'
[1.573s] reading manifest file '../../build/my_package/my_package.egg-info/SOURCES.txt'
[1.573s] writing manifest file '../../build/my_package/my_package.egg-info/SOURCES.txt'
[1.573s] running build
[1.573s] running build_py
[1.573s] creating /home/davide/sesasr_labs/build/my_package/build
[1.573s] creating /home/davide/sesasr_labs/build/my_package/build/lib
[1.573s] creating /home/davide/sesasr_labs/build/my_package/build/lib/my_package
[1.573s] copying my_package/__init__.py -> /home/davide/sesasr_labs/build/my_package/build/lib/my_package
[1.573s] copying my_package/my_node.py -> /home/davide/sesasr_labs/build/my_package/build/lib/my_package
[1.573s] running install
[1.573s] /usr/lib/python3/dist-packages/setuptools/command/install.py:34: SetuptoolsDeprecationWarning: setup.py install is deprecated. Use build and pip and other standards-based tools.
[1.573s]   warnings.warn(
[1.574s] running install_lib
[1.574s] creating /home/davide/sesasr_labs/install/my_package/lib/python3.10/site-packages/my_package
[1.574s] copying /home/davide/sesasr_labs/build/my_package/build/lib/my_package/__init__.py -> /home/davide/sesasr_labs/install/my_package/lib/python3.10/site-packages/my_package
[1.574s] copying /home/davide/sesasr_labs/build/my_package/build/lib/my_package/my_node.py -> /home/davide/sesasr_labs/install/my_package/lib/python3.10/site-packages/my_package
[1.574s] byte-compiling /home/davide/sesasr_labs/install/my_package/lib/python3.10/site-packages/my_package/__init__.py to __init__.cpython-310.pyc
[1.575s] byte-compiling /home/davide/sesasr_labs/install/my_package/lib/python3.10/site-packages/my_package/my_node.py to my_node.cpython-310.pyc
[1.576s] running install_data
[1.576s] creating /home/davide/sesasr_labs/install/my_package/share/ament_index
[1.577s] creating /home/davide/sesasr_labs/install/my_package/share/ament_index/resource_index
[1.577s] creating /home/davide/sesasr_labs/install/my_package/share/ament_index/resource_index/packages
[1.577s] copying resource/my_package -> /home/davide/sesasr_labs/install/my_package/share/ament_index/resource_index/packages
[1.578s] copying package.xml -> /home/davide/sesasr_labs/install/my_package/share/my_package
[1.578s] running install_egg_info
[1.578s] Copying ../../build/my_package/my_package.egg-info to /home/davide/sesasr_labs/install/my_package/lib/python3.10/site-packages/my_package-0.0.0-py3.10.egg-info
[1.579s] running install_scripts
[1.596s] Installing my_node script to /home/davide/sesasr_labs/install/my_package/lib/my_package
[1.596s] writing list of installed files to '/home/davide/sesasr_labs/build/my_package/install.log'
[1.726s] Invoked command in '/home/davide/sesasr_labs/src/my_package' returned '0': PYTHONPATH=/home/davide/sesasr_labs/build/my_package/prefix_override:/home/davide/sesasr_labs/install/my_package/lib/python3.10/site-packages:${PYTHONPATH} /usr/bin/python3 setup.py egg_info --egg-base ../../build/my_package build --build-base /home/davide/sesasr_labs/build/my_package/build install --record /home/davide/sesasr_labs/build/my_package/install.log --single-version-externally-managed
