[0.138s] Invoking command in '/home/davide/sesasr_labs/build/examples_rclcpp_minimal_composition': CMAKE_PREFIX_PATH=/opt/ros/humble /usr/bin/cmake /home/davide/sesasr_labs/src/examples/rclcpp/composition/minimal_composition -DCMAKE_INSTALL_PREFIX=/home/davide/sesasr_labs/install/examples_rclcpp_minimal_composition
[0.196s] -- Found ament_cmake: 1.3.6 (/opt/ros/humble/share/ament_cmake/cmake)
[0.265s] -- Override CMake install command with custom implementation using symlinks instead of copying resources
[0.265s] -- Found rclcpp: 16.0.7 (/opt/ros/humble/share/rclcpp/cmake)
[0.384s] -- Found rosidl_generator_c: 3.1.5 (/opt/ros/humble/share/rosidl_generator_c/cmake)
[0.386s] -- Found rosidl_adapter: 3.1.5 (/opt/ros/humble/share/rosidl_adapter/cmake)
[0.392s] -- Found rosidl_generator_cpp: 3.1.5 (/opt/ros/humble/share/rosidl_generator_cpp/cmake)
[0.402s] -- Using all available rosidl_typesupport_c: rosidl_typesupport_fastrtps_c;rosidl_typesupport_introspection_c
[0.413s] -- Using all available rosidl_typesupport_cpp: rosidl_typesupport_fastrtps_cpp;rosidl_typesupport_introspection_cpp
[0.459s] -- Found rmw_implementation_cmake: 6.1.1 (/opt/ros/humble/share/rmw_implementation_cmake/cmake)
[0.460s] -- Found rmw_fastrtps_cpp: 6.2.5 (/opt/ros/humble/share/rmw_fastrtps_cpp/cmake)
[3.363s] -- Using RMW implementation 'rmw_fastrtps_cpp' as default
[3.501s] -- Found rclcpp_components: 16.0.7 (/opt/ros/humble/share/rclcpp_components/cmake)
[3.557s] -- Found ament_lint_auto: 0.12.9 (/opt/ros/humble/share/ament_lint_auto/cmake)
[3.624s] -- Added test 'copyright' to check source files copyright and LICENSE
[3.625s] -- Added test 'cppcheck' to perform static code analysis on C / C++ code
[3.625s] -- Configured cppcheck include dirs: /home/davide/sesasr_labs/src/examples/rclcpp/composition/minimal_composition/include
[3.625s] -- Configured cppcheck exclude dirs and/or files: 
[3.627s] -- Added test 'cpplint' to check C / C++ code against the Google style
[3.627s] -- Configured cpplint exclude dirs and/or files: 
[3.628s] -- Added test 'lint_cmake' to check CMake code style
[3.628s] -- Added test 'uncrustify' to check C / C++ code style
[3.629s] -- Configured uncrustify additional arguments: 
[3.629s] -- Added test 'xmllint' to check XML markup files
[3.629s] -- Configuring done
[3.645s] -- Generating done
[3.646s] -- Build files have been written to: /home/davide/sesasr_labs/build/examples_rclcpp_minimal_composition
[3.662s] Invoked command in '/home/davide/sesasr_labs/build/examples_rclcpp_minimal_composition' returned '0': CMAKE_PREFIX_PATH=/opt/ros/humble /usr/bin/cmake /home/davide/sesasr_labs/src/examples/rclcpp/composition/minimal_composition -DCMAKE_INSTALL_PREFIX=/home/davide/sesasr_labs/install/examples_rclcpp_minimal_composition
[3.663s] Invoking command in '/home/davide/sesasr_labs/build/examples_rclcpp_minimal_composition': CMAKE_PREFIX_PATH=/opt/ros/humble /usr/bin/cmake --build /home/davide/sesasr_labs/build/examples_rclcpp_minimal_composition -- -j8 -l8
[3.689s] [35m[1mConsolidate compiler generated dependencies of target composition_nodes[0m
[3.703s] [ 33%] Built target composition_nodes
[3.712s] [35m[1mConsolidate compiler generated dependencies of target composition_publisher[0m
[3.713s] [35m[1mConsolidate compiler generated dependencies of target composition_subscriber[0m
[3.715s] [35m[1mConsolidate compiler generated dependencies of target composition_composed[0m
[3.728s] [ 77%] Built target composition_subscriber
[3.728s] [ 77%] Built target composition_composed
[3.728s] [100%] Built target composition_publisher
[3.737s] Invoked command in '/home/davide/sesasr_labs/build/examples_rclcpp_minimal_composition' returned '0': CMAKE_PREFIX_PATH=/opt/ros/humble /usr/bin/cmake --build /home/davide/sesasr_labs/build/examples_rclcpp_minimal_composition -- -j8 -l8
[3.818s] Invoking command in '/home/davide/sesasr_labs/build/examples_rclcpp_minimal_composition': CMAKE_PREFIX_PATH=/opt/ros/humble /usr/bin/cmake --install /home/davide/sesasr_labs/build/examples_rclcpp_minimal_composition
[3.826s] -- Install configuration: ""
[3.826s] -- Execute custom install script
[3.827s] -- Up-to-date symlink: /home/davide/sesasr_labs/install/examples_rclcpp_minimal_composition/share/examples_rclcpp_minimal_composition/environment/library_path.sh
[3.827s] -- Up-to-date symlink: /home/davide/sesasr_labs/install/examples_rclcpp_minimal_composition/share/examples_rclcpp_minimal_composition/environment/library_path.dsv
[3.827s] -- Up-to-date symlink: /home/davide/sesasr_labs/install/examples_rclcpp_minimal_composition/lib/libcomposition_nodes.so
[3.827s] -- Up-to-date symlink: /home/davide/sesasr_labs/install/examples_rclcpp_minimal_composition/lib/examples_rclcpp_minimal_composition/composition_publisher
[3.828s] -- Up-to-date symlink: /home/davide/sesasr_labs/install/examples_rclcpp_minimal_composition/lib/examples_rclcpp_minimal_composition/composition_subscriber
[3.828s] -- Up-to-date symlink: /home/davide/sesasr_labs/install/examples_rclcpp_minimal_composition/lib/examples_rclcpp_minimal_composition/composition_composed
[3.828s] -- Up-to-date symlink: /home/davide/sesasr_labs/install/examples_rclcpp_minimal_composition/share/ament_index/resource_index/package_run_dependencies/examples_rclcpp_minimal_composition
[3.828s] -- Up-to-date symlink: /home/davide/sesasr_labs/install/examples_rclcpp_minimal_composition/share/ament_index/resource_index/parent_prefix_path/examples_rclcpp_minimal_composition
[3.828s] -- Up-to-date symlink: /home/davide/sesasr_labs/install/examples_rclcpp_minimal_composition/share/examples_rclcpp_minimal_composition/environment/ament_prefix_path.sh
[3.828s] -- Up-to-date symlink: /home/davide/sesasr_labs/install/examples_rclcpp_minimal_composition/share/examples_rclcpp_minimal_composition/environment/ament_prefix_path.dsv
[3.828s] -- Up-to-date symlink: /home/davide/sesasr_labs/install/examples_rclcpp_minimal_composition/share/examples_rclcpp_minimal_composition/environment/path.sh
[3.828s] -- Up-to-date symlink: /home/davide/sesasr_labs/install/examples_rclcpp_minimal_composition/share/examples_rclcpp_minimal_composition/environment/path.dsv
[3.829s] -- Up-to-date symlink: /home/davide/sesasr_labs/install/examples_rclcpp_minimal_composition/share/examples_rclcpp_minimal_composition/local_setup.bash
[3.829s] -- Up-to-date symlink: /home/davide/sesasr_labs/install/examples_rclcpp_minimal_composition/share/examples_rclcpp_minimal_composition/local_setup.sh
[3.829s] -- Up-to-date symlink: /home/davide/sesasr_labs/install/examples_rclcpp_minimal_composition/share/examples_rclcpp_minimal_composition/local_setup.zsh
[3.829s] -- Up-to-date symlink: /home/davide/sesasr_labs/install/examples_rclcpp_minimal_composition/share/examples_rclcpp_minimal_composition/local_setup.dsv
[3.829s] -- Symlinking: /home/davide/sesasr_labs/install/examples_rclcpp_minimal_composition/share/examples_rclcpp_minimal_composition/package.dsv
[3.842s] -- Up-to-date symlink: /home/davide/sesasr_labs/install/examples_rclcpp_minimal_composition/share/ament_index/resource_index/packages/examples_rclcpp_minimal_composition
[3.842s] -- Up-to-date symlink: /home/davide/sesasr_labs/install/examples_rclcpp_minimal_composition/share/examples_rclcpp_minimal_composition/cmake/examples_rclcpp_minimal_compositionConfig.cmake
[3.842s] -- Up-to-date symlink: /home/davide/sesasr_labs/install/examples_rclcpp_minimal_composition/share/examples_rclcpp_minimal_composition/cmake/examples_rclcpp_minimal_compositionConfig-version.cmake
[3.843s] -- Up-to-date symlink: /home/davide/sesasr_labs/install/examples_rclcpp_minimal_composition/share/examples_rclcpp_minimal_composition/package.xml
[3.971s] Invoked command in '/home/davide/sesasr_labs/build/examples_rclcpp_minimal_composition' returned '0': CMAKE_PREFIX_PATH=/opt/ros/humble /usr/bin/cmake --install /home/davide/sesasr_labs/build/examples_rclcpp_minimal_composition
