[0.276s] Invoking command in '/home/davide/sesasr_labs/build/turtlebot3_bringup': AMENT_PREFIX_PATH=/home/davide/sesasr_labs/install/turtlebot3_description:${AMENT_PREFIX_PATH} CMAKE_PREFIX_PATH=/home/davide/sesasr_labs/install/turtlebot3_description:/home/davide/sesasr_labs/install/turtlesim:/home/davide/sesasr_labs/install/examples_rclcpp_wait_set:/home/davide/sesasr_labs/install/examples_rclcpp_multithreaded_executor:/home/davide/sesasr_labs/install/examples_rclcpp_minimal_timer:/home/davide/sesasr_labs/install/examples_rclcpp_minimal_subscriber:/home/davide/sesasr_labs/install/examples_rclcpp_minimal_service:/home/davide/sesasr_labs/install/examples_rclcpp_minimal_publisher:/home/davide/sesasr_labs/install/examples_rclcpp_minimal_composition:/home/davide/sesasr_labs/install/examples_rclcpp_minimal_client:/home/davide/sesasr_labs/install/examples_rclcpp_minimal_action_server:/home/davide/sesasr_labs/install/examples_rclcpp_minimal_action_client:/home/davide/sesasr_labs/install/examples_rclcpp_cbg_executor:/home/davide/sesasr_labs/install/examples_rclcpp_async_client:/home/davide/sesasr_labs/install/my_package:/home/davide/sesasr_labs/install/launch_testing_examples:/home/davide/sesasr_labs/install/examples_rclpy_pointcloud_publisher:/home/davide/sesasr_labs/install/examples_rclpy_minimal_subscriber:/home/davide/sesasr_labs/install/examples_rclpy_minimal_service:/home/davide/sesasr_labs/install/examples_rclpy_minimal_publisher:/home/davide/sesasr_labs/install/examples_rclpy_minimal_client:/home/davide/sesasr_labs/install/examples_rclpy_minimal_action_server:/home/davide/sesasr_labs/install/examples_rclpy_minimal_action_client:/home/davide/sesasr_labs/install/examples_rclpy_guard_conditions:/home/davide/sesasr_labs/install/examples_rclpy_executors:/opt/ros/humble /usr/bin/cmake /home/davide/sesasr_labs/src/turtlebot3/turtlebot3_bringup -DAMENT_CMAKE_SYMLINK_INSTALL=1 -DCMAKE_INSTALL_PREFIX=/home/davide/sesasr_labs/install/turtlebot3_bringup
[0.439s] -- The C compiler identification is GNU 11.4.0
[1.015s] -- The CXX compiler identification is GNU 11.4.0
[1.452s] -- Detecting C compiler ABI info
[1.871s] -- Detecting C compiler ABI info - done
[1.882s] -- Check for working C compiler: /usr/bin/cc - skipped
[1.882s] -- Detecting C compile features
[1.882s] -- Detecting C compile features - done
[1.885s] -- Detecting CXX compiler ABI info
[2.246s] -- Detecting CXX compiler ABI info - done
[2.253s] -- Check for working CXX compiler: /usr/bin/c++ - skipped
[2.254s] -- Detecting CXX compile features
[2.255s] -- Detecting CXX compile features - done
[2.257s] -- Found ament_cmake: 1.3.6 (/opt/ros/humble/share/ament_cmake/cmake)
[2.775s] -- Found Python3: /usr/bin/python3.10 (found version "3.10.12") found components: Interpreter 
[2.896s] -- Override CMake install command with custom implementation using symlinks instead of copying resources
[3.033s] -- Configuring done
[3.037s] -- Generating done
[3.038s] -- Build files have been written to: /home/davide/sesasr_labs/build/turtlebot3_bringup
[3.050s] Invoked command in '/home/davide/sesasr_labs/build/turtlebot3_bringup' returned '0': AMENT_PREFIX_PATH=/home/davide/sesasr_labs/install/turtlebot3_description:${AMENT_PREFIX_PATH} CMAKE_PREFIX_PATH=/home/davide/sesasr_labs/install/turtlebot3_description:/home/davide/sesasr_labs/install/turtlesim:/home/davide/sesasr_labs/install/examples_rclcpp_wait_set:/home/davide/sesasr_labs/install/examples_rclcpp_multithreaded_executor:/home/davide/sesasr_labs/install/examples_rclcpp_minimal_timer:/home/davide/sesasr_labs/install/examples_rclcpp_minimal_subscriber:/home/davide/sesasr_labs/install/examples_rclcpp_minimal_service:/home/davide/sesasr_labs/install/examples_rclcpp_minimal_publisher:/home/davide/sesasr_labs/install/examples_rclcpp_minimal_composition:/home/davide/sesasr_labs/install/examples_rclcpp_minimal_client:/home/davide/sesasr_labs/install/examples_rclcpp_minimal_action_server:/home/davide/sesasr_labs/install/examples_rclcpp_minimal_action_client:/home/davide/sesasr_labs/install/examples_rclcpp_cbg_executor:/home/davide/sesasr_labs/install/examples_rclcpp_async_client:/home/davide/sesasr_labs/install/my_package:/home/davide/sesasr_labs/install/launch_testing_examples:/home/davide/sesasr_labs/install/examples_rclpy_pointcloud_publisher:/home/davide/sesasr_labs/install/examples_rclpy_minimal_subscriber:/home/davide/sesasr_labs/install/examples_rclpy_minimal_service:/home/davide/sesasr_labs/install/examples_rclpy_minimal_publisher:/home/davide/sesasr_labs/install/examples_rclpy_minimal_client:/home/davide/sesasr_labs/install/examples_rclpy_minimal_action_server:/home/davide/sesasr_labs/install/examples_rclpy_minimal_action_client:/home/davide/sesasr_labs/install/examples_rclpy_guard_conditions:/home/davide/sesasr_labs/install/examples_rclpy_executors:/opt/ros/humble /usr/bin/cmake /home/davide/sesasr_labs/src/turtlebot3/turtlebot3_bringup -DAMENT_CMAKE_SYMLINK_INSTALL=1 -DCMAKE_INSTALL_PREFIX=/home/davide/sesasr_labs/install/turtlebot3_bringup
[3.050s] Invoking command in '/home/davide/sesasr_labs/build/turtlebot3_bringup': AMENT_PREFIX_PATH=/home/davide/sesasr_labs/install/turtlebot3_description:${AMENT_PREFIX_PATH} CMAKE_PREFIX_PATH=/home/davide/sesasr_labs/install/turtlebot3_description:/home/davide/sesasr_labs/install/turtlesim:/home/davide/sesasr_labs/install/examples_rclcpp_wait_set:/home/davide/sesasr_labs/install/examples_rclcpp_multithreaded_executor:/home/davide/sesasr_labs/install/examples_rclcpp_minimal_timer:/home/davide/sesasr_labs/install/examples_rclcpp_minimal_subscriber:/home/davide/sesasr_labs/install/examples_rclcpp_minimal_service:/home/davide/sesasr_labs/install/examples_rclcpp_minimal_publisher:/home/davide/sesasr_labs/install/examples_rclcpp_minimal_composition:/home/davide/sesasr_labs/install/examples_rclcpp_minimal_client:/home/davide/sesasr_labs/install/examples_rclcpp_minimal_action_server:/home/davide/sesasr_labs/install/examples_rclcpp_minimal_action_client:/home/davide/sesasr_labs/install/examples_rclcpp_cbg_executor:/home/davide/sesasr_labs/install/examples_rclcpp_async_client:/home/davide/sesasr_labs/install/my_package:/home/davide/sesasr_labs/install/launch_testing_examples:/home/davide/sesasr_labs/install/examples_rclpy_pointcloud_publisher:/home/davide/sesasr_labs/install/examples_rclpy_minimal_subscriber:/home/davide/sesasr_labs/install/examples_rclpy_minimal_service:/home/davide/sesasr_labs/install/examples_rclpy_minimal_publisher:/home/davide/sesasr_labs/install/examples_rclpy_minimal_client:/home/davide/sesasr_labs/install/examples_rclpy_minimal_action_server:/home/davide/sesasr_labs/install/examples_rclpy_minimal_action_client:/home/davide/sesasr_labs/install/examples_rclpy_guard_conditions:/home/davide/sesasr_labs/install/examples_rclpy_executors:/opt/ros/humble /usr/bin/cmake --build /home/davide/sesasr_labs/build/turtlebot3_bringup -- -j8 -l8
[4.903s] Invoked command in '/home/davide/sesasr_labs/build/turtlebot3_bringup' returned '0': AMENT_PREFIX_PATH=/home/davide/sesasr_labs/install/turtlebot3_description:${AMENT_PREFIX_PATH} CMAKE_PREFIX_PATH=/home/davide/sesasr_labs/install/turtlebot3_description:/home/davide/sesasr_labs/install/turtlesim:/home/davide/sesasr_labs/install/examples_rclcpp_wait_set:/home/davide/sesasr_labs/install/examples_rclcpp_multithreaded_executor:/home/davide/sesasr_labs/install/examples_rclcpp_minimal_timer:/home/davide/sesasr_labs/install/examples_rclcpp_minimal_subscriber:/home/davide/sesasr_labs/install/examples_rclcpp_minimal_service:/home/davide/sesasr_labs/install/examples_rclcpp_minimal_publisher:/home/davide/sesasr_labs/install/examples_rclcpp_minimal_composition:/home/davide/sesasr_labs/install/examples_rclcpp_minimal_client:/home/davide/sesasr_labs/install/examples_rclcpp_minimal_action_server:/home/davide/sesasr_labs/install/examples_rclcpp_minimal_action_client:/home/davide/sesasr_labs/install/examples_rclcpp_cbg_executor:/home/davide/sesasr_labs/install/examples_rclcpp_async_client:/home/davide/sesasr_labs/install/my_package:/home/davide/sesasr_labs/install/launch_testing_examples:/home/davide/sesasr_labs/install/examples_rclpy_pointcloud_publisher:/home/davide/sesasr_labs/install/examples_rclpy_minimal_subscriber:/home/davide/sesasr_labs/install/examples_rclpy_minimal_service:/home/davide/sesasr_labs/install/examples_rclpy_minimal_publisher:/home/davide/sesasr_labs/install/examples_rclpy_minimal_client:/home/davide/sesasr_labs/install/examples_rclpy_minimal_action_server:/home/davide/sesasr_labs/install/examples_rclpy_minimal_action_client:/home/davide/sesasr_labs/install/examples_rclpy_guard_conditions:/home/davide/sesasr_labs/install/examples_rclpy_executors:/opt/ros/humble /usr/bin/cmake --build /home/davide/sesasr_labs/build/turtlebot3_bringup -- -j8 -l8
[5.115s] Invoking command in '/home/davide/sesasr_labs/build/turtlebot3_bringup': AMENT_PREFIX_PATH=/home/davide/sesasr_labs/install/turtlebot3_description:${AMENT_PREFIX_PATH} CMAKE_PREFIX_PATH=/home/davide/sesasr_labs/install/turtlebot3_description:/home/davide/sesasr_labs/install/turtlesim:/home/davide/sesasr_labs/install/examples_rclcpp_wait_set:/home/davide/sesasr_labs/install/examples_rclcpp_multithreaded_executor:/home/davide/sesasr_labs/install/examples_rclcpp_minimal_timer:/home/davide/sesasr_labs/install/examples_rclcpp_minimal_subscriber:/home/davide/sesasr_labs/install/examples_rclcpp_minimal_service:/home/davide/sesasr_labs/install/examples_rclcpp_minimal_publisher:/home/davide/sesasr_labs/install/examples_rclcpp_minimal_composition:/home/davide/sesasr_labs/install/examples_rclcpp_minimal_client:/home/davide/sesasr_labs/install/examples_rclcpp_minimal_action_server:/home/davide/sesasr_labs/install/examples_rclcpp_minimal_action_client:/home/davide/sesasr_labs/install/examples_rclcpp_cbg_executor:/home/davide/sesasr_labs/install/examples_rclcpp_async_client:/home/davide/sesasr_labs/install/my_package:/home/davide/sesasr_labs/install/launch_testing_examples:/home/davide/sesasr_labs/install/examples_rclpy_pointcloud_publisher:/home/davide/sesasr_labs/install/examples_rclpy_minimal_subscriber:/home/davide/sesasr_labs/install/examples_rclpy_minimal_service:/home/davide/sesasr_labs/install/examples_rclpy_minimal_publisher:/home/davide/sesasr_labs/install/examples_rclpy_minimal_client:/home/davide/sesasr_labs/install/examples_rclpy_minimal_action_server:/home/davide/sesasr_labs/install/examples_rclpy_minimal_action_client:/home/davide/sesasr_labs/install/examples_rclpy_guard_conditions:/home/davide/sesasr_labs/install/examples_rclpy_executors:/opt/ros/humble /usr/bin/cmake --install /home/davide/sesasr_labs/build/turtlebot3_bringup
[5.278s] -- Install configuration: ""
[5.278s] -- Execute custom install script
[5.278s] -- Symlinking: /home/davide/sesasr_labs/install/turtlebot3_bringup/share/turtlebot3_bringup/launch/base.launch.py
[5.278s] -- Symlinking: /home/davide/sesasr_labs/install/turtlebot3_bringup/share/turtlebot3_bringup/launch/fake.launch.py
[5.278s] -- Symlinking: /home/davide/sesasr_labs/install/turtlebot3_bringup/share/turtlebot3_bringup/launch/gazebo.launch.py
[5.278s] -- Symlinking: /home/davide/sesasr_labs/install/turtlebot3_bringup/share/turtlebot3_bringup/launch/hardware.launch.py
[5.278s] -- Symlinking: /home/davide/sesasr_labs/install/turtlebot3_bringup/share/turtlebot3_bringup/launch/lab03.launch.py
[5.279s] -- Symlinking: /home/davide/sesasr_labs/install/turtlebot3_bringup/share/turtlebot3_bringup/config/burger/gazebo_controller_manager.yaml
[5.279s] -- Symlinking: /home/davide/sesasr_labs/install/turtlebot3_bringup/share/turtlebot3_bringup/config/burger/hardware_controller_manager.yaml
[5.279s] -- Symlinking: /home/davide/sesasr_labs/install/turtlebot3_bringup/share/turtlebot3_bringup/config/burger/twist_mux.yaml
[5.310s] -- Symlinking: /home/davide/sesasr_labs/install/turtlebot3_bringup/share/turtlebot3_bringup/config/waffle_pi/gazebo_controller_manager.yaml
[5.331s] -- Symlinking: /home/davide/sesasr_labs/install/turtlebot3_bringup/share/turtlebot3_bringup/config/waffle_pi/hardware_controller_manager.yaml
[5.335s] -- Symlinking: /home/davide/sesasr_labs/install/turtlebot3_bringup/share/turtlebot3_bringup/config/waffle_pi/twist_mux.yaml
[5.347s] -- Symlinking: /home/davide/sesasr_labs/install/turtlebot3_bringup/share/turtlebot3_bringup/script/99-turtlebot3-cdc.rules
[5.356s] -- Symlinking: /home/davide/sesasr_labs/install/turtlebot3_bringup/share/turtlebot3_bringup/script/create_udev_rules
[5.368s] -- Symlinking: /home/davide/sesasr_labs/install/turtlebot3_bringup/share/turtlebot3_bringup/worlds/empty_world.model
[5.379s] -- Symlinking: /home/davide/sesasr_labs/install/turtlebot3_bringup/share/turtlebot3_bringup/worlds/lab03.world
[5.389s] -- Symlinking: /home/davide/sesasr_labs/install/turtlebot3_bringup/share/turtlebot3_bringup/worlds/turtlebot3_world.model
[5.405s] -- Symlinking: /home/davide/sesasr_labs/install/turtlebot3_bringup/share/turtlebot3_bringup/worlds/turtlebot3_world/meshes/hexagon.dae
[5.417s] -- Symlinking: /home/davide/sesasr_labs/install/turtlebot3_bringup/share/turtlebot3_bringup/worlds/turtlebot3_world/meshes/wall.dae
[5.426s] -- Symlinking: /home/davide/sesasr_labs/install/turtlebot3_bringup/share/turtlebot3_bringup/worlds/turtlebot3_world/model-1_4.sdf
[5.436s] -- Symlinking: /home/davide/sesasr_labs/install/turtlebot3_bringup/share/turtlebot3_bringup/worlds/turtlebot3_world/model.config
[5.444s] -- Symlinking: /home/davide/sesasr_labs/install/turtlebot3_bringup/share/turtlebot3_bringup/worlds/turtlebot3_world/model.sdf
[5.456s] -- Symlinking: /home/davide/sesasr_labs/install/turtlebot3_bringup/share/turtlebot3_bringup/rviz/turtlebot3.rviz
[5.467s] -- Symlinking: /home/davide/sesasr_labs/install/turtlebot3_bringup/share/turtlebot3_bringup/environment/turtlebot3_bringup.dsv
[5.493s] -- Symlinking: /home/davide/sesasr_labs/install/turtlebot3_bringup/share/ament_index/resource_index/package_run_dependencies/turtlebot3_bringup
[5.513s] -- Symlinking: /home/davide/sesasr_labs/install/turtlebot3_bringup/share/ament_index/resource_index/parent_prefix_path/turtlebot3_bringup
[5.550s] -- Symlinking: /home/davide/sesasr_labs/install/turtlebot3_bringup/share/turtlebot3_bringup/environment/ament_prefix_path.sh
[5.565s] -- Symlinking: /home/davide/sesasr_labs/install/turtlebot3_bringup/share/turtlebot3_bringup/environment/ament_prefix_path.dsv
[5.602s] -- Symlinking: /home/davide/sesasr_labs/install/turtlebot3_bringup/share/turtlebot3_bringup/environment/path.sh
[5.610s] -- Symlinking: /home/davide/sesasr_labs/install/turtlebot3_bringup/share/turtlebot3_bringup/environment/path.dsv
[5.634s] -- Symlinking: /home/davide/sesasr_labs/install/turtlebot3_bringup/share/turtlebot3_bringup/local_setup.bash
[5.658s] -- Symlinking: /home/davide/sesasr_labs/install/turtlebot3_bringup/share/turtlebot3_bringup/local_setup.sh
[5.696s] -- Symlinking: /home/davide/sesasr_labs/install/turtlebot3_bringup/share/turtlebot3_bringup/local_setup.zsh
[5.726s] -- Symlinking: /home/davide/sesasr_labs/install/turtlebot3_bringup/share/turtlebot3_bringup/local_setup.dsv
[5.748s] -- Symlinking: /home/davide/sesasr_labs/install/turtlebot3_bringup/share/turtlebot3_bringup/package.dsv
[5.763s] -- Symlinking: /home/davide/sesasr_labs/install/turtlebot3_bringup/share/ament_index/resource_index/packages/turtlebot3_bringup
[5.777s] -- Symlinking: /home/davide/sesasr_labs/install/turtlebot3_bringup/share/turtlebot3_bringup/cmake/turtlebot3_bringupConfig.cmake
[5.802s] -- Symlinking: /home/davide/sesasr_labs/install/turtlebot3_bringup/share/turtlebot3_bringup/cmake/turtlebot3_bringupConfig-version.cmake
[5.832s] -- Symlinking: /home/davide/sesasr_labs/install/turtlebot3_bringup/share/turtlebot3_bringup/package.xml
[6.021s] Invoked command in '/home/davide/sesasr_labs/build/turtlebot3_bringup' returned '0': AMENT_PREFIX_PATH=/home/davide/sesasr_labs/install/turtlebot3_description:${AMENT_PREFIX_PATH} CMAKE_PREFIX_PATH=/home/davide/sesasr_labs/install/turtlebot3_description:/home/davide/sesasr_labs/install/turtlesim:/home/davide/sesasr_labs/install/examples_rclcpp_wait_set:/home/davide/sesasr_labs/install/examples_rclcpp_multithreaded_executor:/home/davide/sesasr_labs/install/examples_rclcpp_minimal_timer:/home/davide/sesasr_labs/install/examples_rclcpp_minimal_subscriber:/home/davide/sesasr_labs/install/examples_rclcpp_minimal_service:/home/davide/sesasr_labs/install/examples_rclcpp_minimal_publisher:/home/davide/sesasr_labs/install/examples_rclcpp_minimal_composition:/home/davide/sesasr_labs/install/examples_rclcpp_minimal_client:/home/davide/sesasr_labs/install/examples_rclcpp_minimal_action_server:/home/davide/sesasr_labs/install/examples_rclcpp_minimal_action_client:/home/davide/sesasr_labs/install/examples_rclcpp_cbg_executor:/home/davide/sesasr_labs/install/examples_rclcpp_async_client:/home/davide/sesasr_labs/install/my_package:/home/davide/sesasr_labs/install/launch_testing_examples:/home/davide/sesasr_labs/install/examples_rclpy_pointcloud_publisher:/home/davide/sesasr_labs/install/examples_rclpy_minimal_subscriber:/home/davide/sesasr_labs/install/examples_rclpy_minimal_service:/home/davide/sesasr_labs/install/examples_rclpy_minimal_publisher:/home/davide/sesasr_labs/install/examples_rclpy_minimal_client:/home/davide/sesasr_labs/install/examples_rclpy_minimal_action_server:/home/davide/sesasr_labs/install/examples_rclpy_minimal_action_client:/home/davide/sesasr_labs/install/examples_rclpy_guard_conditions:/home/davide/sesasr_labs/install/examples_rclpy_executors:/opt/ros/humble /usr/bin/cmake --install /home/davide/sesasr_labs/build/turtlebot3_bringup
