[0.286s] Invoking command in '/home/davide/sesasr_labs/build/dynamixel_sdk_examples': AMENT_PREFIX_PATH=/home/davide/sesasr_labs/install/dynamixel_sdk_custom_interfaces:/home/davide/sesasr_labs/install/dynamixel_sdk:${AMENT_PREFIX_PATH} CMAKE_PREFIX_PATH=/home/davide/sesasr_labs/install/dynamixel_sdk_custom_interfaces:/home/davide/sesasr_labs/install/dynamixel_sdk:/home/davide/sesasr_labs/install/turtlesim:/home/davide/sesasr_labs/install/examples_rclcpp_wait_set:/home/davide/sesasr_labs/install/examples_rclcpp_multithreaded_executor:/home/davide/sesasr_labs/install/examples_rclcpp_minimal_timer:/home/davide/sesasr_labs/install/examples_rclcpp_minimal_subscriber:/home/davide/sesasr_labs/install/examples_rclcpp_minimal_service:/home/davide/sesasr_labs/install/examples_rclcpp_minimal_publisher:/home/davide/sesasr_labs/install/examples_rclcpp_minimal_composition:/home/davide/sesasr_labs/install/examples_rclcpp_minimal_client:/home/davide/sesasr_labs/install/examples_rclcpp_minimal_action_server:/home/davide/sesasr_labs/install/examples_rclcpp_minimal_action_client:/home/davide/sesasr_labs/install/examples_rclcpp_cbg_executor:/home/davide/sesasr_labs/install/examples_rclcpp_async_client:/home/davide/sesasr_labs/install/my_package:/home/davide/sesasr_labs/install/launch_testing_examples:/home/davide/sesasr_labs/install/examples_rclpy_pointcloud_publisher:/home/davide/sesasr_labs/install/examples_rclpy_minimal_subscriber:/home/davide/sesasr_labs/install/examples_rclpy_minimal_service:/home/davide/sesasr_labs/install/examples_rclpy_minimal_publisher:/home/davide/sesasr_labs/install/examples_rclpy_minimal_client:/home/davide/sesasr_labs/install/examples_rclpy_minimal_action_server:/home/davide/sesasr_labs/install/examples_rclpy_minimal_action_client:/home/davide/sesasr_labs/install/examples_rclpy_guard_conditions:/home/davide/sesasr_labs/install/examples_rclpy_executors:/opt/ros/humble LD_LIBRARY_PATH=/home/davide/sesasr_labs/install/dynamixel_sdk_custom_interfaces/lib:/home/davide/sesasr_labs/install/dynamixel_sdk/lib:${LD_LIBRARY_PATH} PYTHONPATH=/home/davide/sesasr_labs/install/dynamixel_sdk_custom_interfaces/local/lib/python3.10/dist-packages:${PYTHONPATH} /usr/bin/cmake /home/davide/sesasr_labs/src/turtlebot3/utils/DynamixelSDK/dynamixel_sdk_examples -DAMENT_CMAKE_SYMLINK_INSTALL=1 -DCMAKE_INSTALL_PREFIX=/home/davide/sesasr_labs/install/dynamixel_sdk_examples
[0.401s] -- The C compiler identification is GNU 11.4.0
[0.775s] -- The CXX compiler identification is GNU 11.4.0
[1.068s] -- Detecting C compiler ABI info
[1.185s] -- Detecting C compiler ABI info - done
[1.202s] -- Check for working C compiler: /usr/bin/cc - skipped
[1.203s] -- Detecting C compile features
[1.203s] -- Detecting C compile features - done
[1.210s] -- Detecting CXX compiler ABI info
[1.347s] -- Detecting CXX compiler ABI info - done
[1.355s] -- Check for working CXX compiler: /usr/bin/c++ - skipped
[1.355s] -- Detecting CXX compile features
[1.356s] -- Detecting CXX compile features - done
[1.363s] -- Found ament_cmake: 1.3.6 (/opt/ros/humble/share/ament_cmake/cmake)
[1.631s] -- Found Python3: /usr/bin/python3.10 (found version "3.10.12") found components: Interpreter 
[1.704s] -- Override CMake install command with custom implementation using symlinks instead of copying resources
[1.741s] -- Found dynamixel_sdk: 3.7.60 (/home/davide/sesasr_labs/install/dynamixel_sdk/share/dynamixel_sdk/cmake)
[1.742s] -- Found dynamixel_sdk_custom_interfaces: 3.7.60 (/home/davide/sesasr_labs/install/dynamixel_sdk_custom_interfaces/share/dynamixel_sdk_custom_interfaces/cmake)
[1.864s] -- Found rosidl_generator_c: 3.1.5 (/opt/ros/humble/share/rosidl_generator_c/cmake)
[1.871s] -- Found rosidl_adapter: 3.1.5 (/opt/ros/humble/share/rosidl_adapter/cmake)
[1.881s] -- Found rosidl_generator_cpp: 3.1.5 (/opt/ros/humble/share/rosidl_generator_cpp/cmake)
[1.896s] -- Using all available rosidl_typesupport_c: rosidl_typesupport_fastrtps_c;rosidl_typesupport_introspection_c
[1.918s] -- Using all available rosidl_typesupport_cpp: rosidl_typesupport_fastrtps_cpp;rosidl_typesupport_introspection_cpp
[1.977s] -- Found rclcpp: 16.0.7 (/opt/ros/humble/share/rclcpp/cmake)
[2.040s] -- Found rmw_implementation_cmake: 6.1.1 (/opt/ros/humble/share/rmw_implementation_cmake/cmake)
[2.045s] -- Found rmw_fastrtps_cpp: 6.2.5 (/opt/ros/humble/share/rmw_fastrtps_cpp/cmake)
[3.130s] -- Found OpenSSL: /usr/lib/x86_64-linux-gnu/libcrypto.so (found version "3.0.2")  
[4.172s] -- Found FastRTPS: /opt/ros/humble/include  
[6.059s] -- Using RMW implementation 'rmw_fastrtps_cpp' as default
[6.071s] -- Looking for pthread.h
[6.172s] -- Looking for pthread.h - found
[6.172s] -- Performing Test CMAKE_HAVE_LIBC_PTHREAD
[6.273s] -- Performing Test CMAKE_HAVE_LIBC_PTHREAD - Success
[6.274s] -- Found Threads: TRUE  
[6.430s] -- Found ament_lint_auto: 0.12.9 (/opt/ros/humble/share/ament_lint_auto/cmake)
[6.524s] -- Added test 'copyright' to check source files copyright and LICENSE
[6.524s] -- Added test 'cppcheck' to perform static code analysis on C / C++ code
[6.524s] -- Configured cppcheck include dirs: /home/davide/sesasr_labs/src/turtlebot3/utils/DynamixelSDK/dynamixel_sdk_examples/include
[6.524s] -- Configured cppcheck exclude dirs and/or files: 
[6.525s] -- Added test 'cpplint' to check C / C++ code against the Google style
[6.525s] -- Configured cpplint exclude dirs and/or files: 
[6.526s] -- Added test 'lint_cmake' to check CMake code style
[6.527s] -- Added test 'uncrustify' to check C / C++ code style
[6.528s] -- Configured uncrustify additional arguments: 
[6.528s] -- Added test 'xmllint' to check XML markup files
[6.531s] -- Configuring done
[6.542s] -- Generating done
[6.542s] -- Build files have been written to: /home/davide/sesasr_labs/build/dynamixel_sdk_examples
[6.553s] Invoked command in '/home/davide/sesasr_labs/build/dynamixel_sdk_examples' returned '0': AMENT_PREFIX_PATH=/home/davide/sesasr_labs/install/dynamixel_sdk_custom_interfaces:/home/davide/sesasr_labs/install/dynamixel_sdk:${AMENT_PREFIX_PATH} CMAKE_PREFIX_PATH=/home/davide/sesasr_labs/install/dynamixel_sdk_custom_interfaces:/home/davide/sesasr_labs/install/dynamixel_sdk:/home/davide/sesasr_labs/install/turtlesim:/home/davide/sesasr_labs/install/examples_rclcpp_wait_set:/home/davide/sesasr_labs/install/examples_rclcpp_multithreaded_executor:/home/davide/sesasr_labs/install/examples_rclcpp_minimal_timer:/home/davide/sesasr_labs/install/examples_rclcpp_minimal_subscriber:/home/davide/sesasr_labs/install/examples_rclcpp_minimal_service:/home/davide/sesasr_labs/install/examples_rclcpp_minimal_publisher:/home/davide/sesasr_labs/install/examples_rclcpp_minimal_composition:/home/davide/sesasr_labs/install/examples_rclcpp_minimal_client:/home/davide/sesasr_labs/install/examples_rclcpp_minimal_action_server:/home/davide/sesasr_labs/install/examples_rclcpp_minimal_action_client:/home/davide/sesasr_labs/install/examples_rclcpp_cbg_executor:/home/davide/sesasr_labs/install/examples_rclcpp_async_client:/home/davide/sesasr_labs/install/my_package:/home/davide/sesasr_labs/install/launch_testing_examples:/home/davide/sesasr_labs/install/examples_rclpy_pointcloud_publisher:/home/davide/sesasr_labs/install/examples_rclpy_minimal_subscriber:/home/davide/sesasr_labs/install/examples_rclpy_minimal_service:/home/davide/sesasr_labs/install/examples_rclpy_minimal_publisher:/home/davide/sesasr_labs/install/examples_rclpy_minimal_client:/home/davide/sesasr_labs/install/examples_rclpy_minimal_action_server:/home/davide/sesasr_labs/install/examples_rclpy_minimal_action_client:/home/davide/sesasr_labs/install/examples_rclpy_guard_conditions:/home/davide/sesasr_labs/install/examples_rclpy_executors:/opt/ros/humble LD_LIBRARY_PATH=/home/davide/sesasr_labs/install/dynamixel_sdk_custom_interfaces/lib:/home/davide/sesasr_labs/install/dynamixel_sdk/lib:${LD_LIBRARY_PATH} PYTHONPATH=/home/davide/sesasr_labs/install/dynamixel_sdk_custom_interfaces/local/lib/python3.10/dist-packages:${PYTHONPATH} /usr/bin/cmake /home/davide/sesasr_labs/src/turtlebot3/utils/DynamixelSDK/dynamixel_sdk_examples -DAMENT_CMAKE_SYMLINK_INSTALL=1 -DCMAKE_INSTALL_PREFIX=/home/davide/sesasr_labs/install/dynamixel_sdk_examples
[6.554s] Invoking command in '/home/davide/sesasr_labs/build/dynamixel_sdk_examples': AMENT_PREFIX_PATH=/home/davide/sesasr_labs/install/dynamixel_sdk_custom_interfaces:/home/davide/sesasr_labs/install/dynamixel_sdk:${AMENT_PREFIX_PATH} CMAKE_PREFIX_PATH=/home/davide/sesasr_labs/install/dynamixel_sdk_custom_interfaces:/home/davide/sesasr_labs/install/dynamixel_sdk:/home/davide/sesasr_labs/install/turtlesim:/home/davide/sesasr_labs/install/examples_rclcpp_wait_set:/home/davide/sesasr_labs/install/examples_rclcpp_multithreaded_executor:/home/davide/sesasr_labs/install/examples_rclcpp_minimal_timer:/home/davide/sesasr_labs/install/examples_rclcpp_minimal_subscriber:/home/davide/sesasr_labs/install/examples_rclcpp_minimal_service:/home/davide/sesasr_labs/install/examples_rclcpp_minimal_publisher:/home/davide/sesasr_labs/install/examples_rclcpp_minimal_composition:/home/davide/sesasr_labs/install/examples_rclcpp_minimal_client:/home/davide/sesasr_labs/install/examples_rclcpp_minimal_action_server:/home/davide/sesasr_labs/install/examples_rclcpp_minimal_action_client:/home/davide/sesasr_labs/install/examples_rclcpp_cbg_executor:/home/davide/sesasr_labs/install/examples_rclcpp_async_client:/home/davide/sesasr_labs/install/my_package:/home/davide/sesasr_labs/install/launch_testing_examples:/home/davide/sesasr_labs/install/examples_rclpy_pointcloud_publisher:/home/davide/sesasr_labs/install/examples_rclpy_minimal_subscriber:/home/davide/sesasr_labs/install/examples_rclpy_minimal_service:/home/davide/sesasr_labs/install/examples_rclpy_minimal_publisher:/home/davide/sesasr_labs/install/examples_rclpy_minimal_client:/home/davide/sesasr_labs/install/examples_rclpy_minimal_action_server:/home/davide/sesasr_labs/install/examples_rclpy_minimal_action_client:/home/davide/sesasr_labs/install/examples_rclpy_guard_conditions:/home/davide/sesasr_labs/install/examples_rclpy_executors:/opt/ros/humble LD_LIBRARY_PATH=/home/davide/sesasr_labs/install/dynamixel_sdk_custom_interfaces/lib:/home/davide/sesasr_labs/install/dynamixel_sdk/lib:${LD_LIBRARY_PATH} PYTHONPATH=/home/davide/sesasr_labs/install/dynamixel_sdk_custom_interfaces/local/lib/python3.10/dist-packages:${PYTHONPATH} /usr/bin/cmake --build /home/davide/sesasr_labs/build/dynamixel_sdk_examples -- -j8 -l8
[6.604s] [ 50%] [32mBuilding CXX object CMakeFiles/read_write_node.dir/src/read_write_node.cpp.o[0m
[21.154s] [100%] [32m[1mLinking CXX executable read_write_node[0m
[22.031s] [100%] Built target read_write_node
[22.061s] Invoked command in '/home/davide/sesasr_labs/build/dynamixel_sdk_examples' returned '0': AMENT_PREFIX_PATH=/home/davide/sesasr_labs/install/dynamixel_sdk_custom_interfaces:/home/davide/sesasr_labs/install/dynamixel_sdk:${AMENT_PREFIX_PATH} CMAKE_PREFIX_PATH=/home/davide/sesasr_labs/install/dynamixel_sdk_custom_interfaces:/home/davide/sesasr_labs/install/dynamixel_sdk:/home/davide/sesasr_labs/install/turtlesim:/home/davide/sesasr_labs/install/examples_rclcpp_wait_set:/home/davide/sesasr_labs/install/examples_rclcpp_multithreaded_executor:/home/davide/sesasr_labs/install/examples_rclcpp_minimal_timer:/home/davide/sesasr_labs/install/examples_rclcpp_minimal_subscriber:/home/davide/sesasr_labs/install/examples_rclcpp_minimal_service:/home/davide/sesasr_labs/install/examples_rclcpp_minimal_publisher:/home/davide/sesasr_labs/install/examples_rclcpp_minimal_composition:/home/davide/sesasr_labs/install/examples_rclcpp_minimal_client:/home/davide/sesasr_labs/install/examples_rclcpp_minimal_action_server:/home/davide/sesasr_labs/install/examples_rclcpp_minimal_action_client:/home/davide/sesasr_labs/install/examples_rclcpp_cbg_executor:/home/davide/sesasr_labs/install/examples_rclcpp_async_client:/home/davide/sesasr_labs/install/my_package:/home/davide/sesasr_labs/install/launch_testing_examples:/home/davide/sesasr_labs/install/examples_rclpy_pointcloud_publisher:/home/davide/sesasr_labs/install/examples_rclpy_minimal_subscriber:/home/davide/sesasr_labs/install/examples_rclpy_minimal_service:/home/davide/sesasr_labs/install/examples_rclpy_minimal_publisher:/home/davide/sesasr_labs/install/examples_rclpy_minimal_client:/home/davide/sesasr_labs/install/examples_rclpy_minimal_action_server:/home/davide/sesasr_labs/install/examples_rclpy_minimal_action_client:/home/davide/sesasr_labs/install/examples_rclpy_guard_conditions:/home/davide/sesasr_labs/install/examples_rclpy_executors:/opt/ros/humble LD_LIBRARY_PATH=/home/davide/sesasr_labs/install/dynamixel_sdk_custom_interfaces/lib:/home/davide/sesasr_labs/install/dynamixel_sdk/lib:${LD_LIBRARY_PATH} PYTHONPATH=/home/davide/sesasr_labs/install/dynamixel_sdk_custom_interfaces/local/lib/python3.10/dist-packages:${PYTHONPATH} /usr/bin/cmake --build /home/davide/sesasr_labs/build/dynamixel_sdk_examples -- -j8 -l8
[22.089s] Invoking command in '/home/davide/sesasr_labs/build/dynamixel_sdk_examples': AMENT_PREFIX_PATH=/home/davide/sesasr_labs/install/dynamixel_sdk_custom_interfaces:/home/davide/sesasr_labs/install/dynamixel_sdk:${AMENT_PREFIX_PATH} CMAKE_PREFIX_PATH=/home/davide/sesasr_labs/install/dynamixel_sdk_custom_interfaces:/home/davide/sesasr_labs/install/dynamixel_sdk:/home/davide/sesasr_labs/install/turtlesim:/home/davide/sesasr_labs/install/examples_rclcpp_wait_set:/home/davide/sesasr_labs/install/examples_rclcpp_multithreaded_executor:/home/davide/sesasr_labs/install/examples_rclcpp_minimal_timer:/home/davide/sesasr_labs/install/examples_rclcpp_minimal_subscriber:/home/davide/sesasr_labs/install/examples_rclcpp_minimal_service:/home/davide/sesasr_labs/install/examples_rclcpp_minimal_publisher:/home/davide/sesasr_labs/install/examples_rclcpp_minimal_composition:/home/davide/sesasr_labs/install/examples_rclcpp_minimal_client:/home/davide/sesasr_labs/install/examples_rclcpp_minimal_action_server:/home/davide/sesasr_labs/install/examples_rclcpp_minimal_action_client:/home/davide/sesasr_labs/install/examples_rclcpp_cbg_executor:/home/davide/sesasr_labs/install/examples_rclcpp_async_client:/home/davide/sesasr_labs/install/my_package:/home/davide/sesasr_labs/install/launch_testing_examples:/home/davide/sesasr_labs/install/examples_rclpy_pointcloud_publisher:/home/davide/sesasr_labs/install/examples_rclpy_minimal_subscriber:/home/davide/sesasr_labs/install/examples_rclpy_minimal_service:/home/davide/sesasr_labs/install/examples_rclpy_minimal_publisher:/home/davide/sesasr_labs/install/examples_rclpy_minimal_client:/home/davide/sesasr_labs/install/examples_rclpy_minimal_action_server:/home/davide/sesasr_labs/install/examples_rclpy_minimal_action_client:/home/davide/sesasr_labs/install/examples_rclpy_guard_conditions:/home/davide/sesasr_labs/install/examples_rclpy_executors:/opt/ros/humble LD_LIBRARY_PATH=/home/davide/sesasr_labs/install/dynamixel_sdk_custom_interfaces/lib:/home/davide/sesasr_labs/install/dynamixel_sdk/lib:${LD_LIBRARY_PATH} PYTHONPATH=/home/davide/sesasr_labs/install/dynamixel_sdk_custom_interfaces/local/lib/python3.10/dist-packages:${PYTHONPATH} /usr/bin/cmake --install /home/davide/sesasr_labs/build/dynamixel_sdk_examples
[22.098s] -- Install configuration: ""
[22.098s] -- Execute custom install script
[22.098s] -- Symlinking: /home/davide/sesasr_labs/install/dynamixel_sdk_examples/lib/dynamixel_sdk_examples/read_write_node
[22.107s] -- Symlinking: /home/davide/sesasr_labs/install/dynamixel_sdk_examples/share/ament_index/resource_index/package_run_dependencies/dynamixel_sdk_examples
[22.114s] -- Symlinking: /home/davide/sesasr_labs/install/dynamixel_sdk_examples/share/ament_index/resource_index/parent_prefix_path/dynamixel_sdk_examples
[22.122s] -- Symlinking: /home/davide/sesasr_labs/install/dynamixel_sdk_examples/share/dynamixel_sdk_examples/environment/ament_prefix_path.sh
[22.129s] -- Symlinking: /home/davide/sesasr_labs/install/dynamixel_sdk_examples/share/dynamixel_sdk_examples/environment/ament_prefix_path.dsv
[22.136s] -- Symlinking: /home/davide/sesasr_labs/install/dynamixel_sdk_examples/share/dynamixel_sdk_examples/environment/path.sh
[22.144s] -- Symlinking: /home/davide/sesasr_labs/install/dynamixel_sdk_examples/share/dynamixel_sdk_examples/environment/path.dsv
[22.152s] -- Symlinking: /home/davide/sesasr_labs/install/dynamixel_sdk_examples/share/dynamixel_sdk_examples/local_setup.bash
[22.160s] -- Symlinking: /home/davide/sesasr_labs/install/dynamixel_sdk_examples/share/dynamixel_sdk_examples/local_setup.sh
[22.167s] -- Symlinking: /home/davide/sesasr_labs/install/dynamixel_sdk_examples/share/dynamixel_sdk_examples/local_setup.zsh
[22.174s] -- Symlinking: /home/davide/sesasr_labs/install/dynamixel_sdk_examples/share/dynamixel_sdk_examples/local_setup.dsv
[22.182s] -- Symlinking: /home/davide/sesasr_labs/install/dynamixel_sdk_examples/share/dynamixel_sdk_examples/package.dsv
[22.189s] -- Symlinking: /home/davide/sesasr_labs/install/dynamixel_sdk_examples/share/ament_index/resource_index/packages/dynamixel_sdk_examples
[22.203s] -- Symlinking: /home/davide/sesasr_labs/install/dynamixel_sdk_examples/share/dynamixel_sdk_examples/cmake/dynamixel_sdk_examplesConfig.cmake
[22.210s] -- Symlinking: /home/davide/sesasr_labs/install/dynamixel_sdk_examples/share/dynamixel_sdk_examples/cmake/dynamixel_sdk_examplesConfig-version.cmake
[22.217s] -- Symlinking: /home/davide/sesasr_labs/install/dynamixel_sdk_examples/share/dynamixel_sdk_examples/package.xml
[22.238s] Invoked command in '/home/davide/sesasr_labs/build/dynamixel_sdk_examples' returned '0': AMENT_PREFIX_PATH=/home/davide/sesasr_labs/install/dynamixel_sdk_custom_interfaces:/home/davide/sesasr_labs/install/dynamixel_sdk:${AMENT_PREFIX_PATH} CMAKE_PREFIX_PATH=/home/davide/sesasr_labs/install/dynamixel_sdk_custom_interfaces:/home/davide/sesasr_labs/install/dynamixel_sdk:/home/davide/sesasr_labs/install/turtlesim:/home/davide/sesasr_labs/install/examples_rclcpp_wait_set:/home/davide/sesasr_labs/install/examples_rclcpp_multithreaded_executor:/home/davide/sesasr_labs/install/examples_rclcpp_minimal_timer:/home/davide/sesasr_labs/install/examples_rclcpp_minimal_subscriber:/home/davide/sesasr_labs/install/examples_rclcpp_minimal_service:/home/davide/sesasr_labs/install/examples_rclcpp_minimal_publisher:/home/davide/sesasr_labs/install/examples_rclcpp_minimal_composition:/home/davide/sesasr_labs/install/examples_rclcpp_minimal_client:/home/davide/sesasr_labs/install/examples_rclcpp_minimal_action_server:/home/davide/sesasr_labs/install/examples_rclcpp_minimal_action_client:/home/davide/sesasr_labs/install/examples_rclcpp_cbg_executor:/home/davide/sesasr_labs/install/examples_rclcpp_async_client:/home/davide/sesasr_labs/install/my_package:/home/davide/sesasr_labs/install/launch_testing_examples:/home/davide/sesasr_labs/install/examples_rclpy_pointcloud_publisher:/home/davide/sesasr_labs/install/examples_rclpy_minimal_subscriber:/home/davide/sesasr_labs/install/examples_rclpy_minimal_service:/home/davide/sesasr_labs/install/examples_rclpy_minimal_publisher:/home/davide/sesasr_labs/install/examples_rclpy_minimal_client:/home/davide/sesasr_labs/install/examples_rclpy_minimal_action_server:/home/davide/sesasr_labs/install/examples_rclpy_minimal_action_client:/home/davide/sesasr_labs/install/examples_rclpy_guard_conditions:/home/davide/sesasr_labs/install/examples_rclpy_executors:/opt/ros/humble LD_LIBRARY_PATH=/home/davide/sesasr_labs/install/dynamixel_sdk_custom_interfaces/lib:/home/davide/sesasr_labs/install/dynamixel_sdk/lib:${LD_LIBRARY_PATH} PYTHONPATH=/home/davide/sesasr_labs/install/dynamixel_sdk_custom_interfaces/local/lib/python3.10/dist-packages:${PYTHONPATH} /usr/bin/cmake --install /home/davide/sesasr_labs/build/dynamixel_sdk_examples
