[1.559s] Invoking command in '/home/davide/sesasr_labs/build/examples_rclpy_minimal_publisher': PYTHONPATH=/home/davide/sesasr_labs/build/examples_rclpy_minimal_publisher/prefix_override:/home/davide/sesasr_labs/install/examples_rclpy_minimal_publisher/lib/python3.10/site-packages:${PYTHONPATH} /usr/bin/python3 setup.py develop --editable --build-directory /home/davide/sesasr_labs/build/examples_rclpy_minimal_publisher/build --no-deps install_data
[1.974s] /usr/lib/python3/dist-packages/setuptools/command/easy_install.py:158: EasyInstallDeprecationWarning: easy_install command is deprecated. Use build and pip and other standards-based tools.
[1.975s]   warnings.warn(
[1.975s] /usr/lib/python3/dist-packages/setuptools/command/install.py:34: SetuptoolsDeprecationWarning: setup.py install is deprecated. Use build and pip and other standards-based tools.
[1.975s]   warnings.warn(
[1.976s] running develop
[1.976s] running egg_info
[1.977s] writing examples_rclpy_minimal_publisher.egg-info/PKG-INFO
[1.978s] writing dependency_links to examples_rclpy_minimal_publisher.egg-info/dependency_links.txt
[1.979s] writing entry points to examples_rclpy_minimal_publisher.egg-info/entry_points.txt
[1.979s] writing requirements to examples_rclpy_minimal_publisher.egg-info/requires.txt
[1.980s] writing top-level names to examples_rclpy_minimal_publisher.egg-info/top_level.txt
[1.980s] reading manifest file 'examples_rclpy_minimal_publisher.egg-info/SOURCES.txt'
[1.981s] writing manifest file 'examples_rclpy_minimal_publisher.egg-info/SOURCES.txt'
[1.982s] running build_ext
[1.982s] Creating /home/davide/sesasr_labs/install/examples_rclpy_minimal_publisher/lib/python3.10/site-packages/examples-rclpy-minimal-publisher.egg-link (link to .)
[1.983s] Installing publisher_local_function script to /home/davide/sesasr_labs/install/examples_rclpy_minimal_publisher/lib/examples_rclpy_minimal_publisher
[1.984s] Installing publisher_member_function script to /home/davide/sesasr_labs/install/examples_rclpy_minimal_publisher/lib/examples_rclpy_minimal_publisher
[1.984s] Installing publisher_old_school script to /home/davide/sesasr_labs/install/examples_rclpy_minimal_publisher/lib/examples_rclpy_minimal_publisher
[1.984s] 
[1.984s] Installed /home/davide/sesasr_labs/build/examples_rclpy_minimal_publisher
[1.985s] running install_data
[2.259s] Invoked command in '/home/davide/sesasr_labs/build/examples_rclpy_minimal_publisher' returned '0': PYTHONPATH=/home/davide/sesasr_labs/build/examples_rclpy_minimal_publisher/prefix_override:/home/davide/sesasr_labs/install/examples_rclpy_minimal_publisher/lib/python3.10/site-packages:${PYTHONPATH} /usr/bin/python3 setup.py develop --editable --build-directory /home/davide/sesasr_labs/build/examples_rclpy_minimal_publisher/build --no-deps install_data
