[2.099s] Invoking command in '/home/davide/sesasr_labs/build/examples_rclpy_minimal_publisher': PYTHONPATH=/home/davide/sesasr_labs/build/examples_rclpy_minimal_publisher/prefix_override:/home/davide/sesasr_labs/install/examples_rclpy_minimal_publisher/lib/python3.10/site-packages:${PYTHONPATH} /usr/bin/python3 setup.py develop --uninstall --editable --build-directory /home/davide/sesasr_labs/build/examples_rclpy_minimal_publisher/build
[2.313s] running develop
[2.313s] /usr/lib/python3/dist-packages/setuptools/command/easy_install.py:158: EasyInstallDeprecationWarning: easy_install command is deprecated. Use build and pip and other standards-based tools.
[2.313s]   warnings.warn(
[2.314s] /usr/lib/python3/dist-packages/setuptools/command/install.py:34: SetuptoolsDeprecationWarning: setup.py install is deprecated. Use build and pip and other standards-based tools.
[2.314s]   warnings.warn(
[2.456s] Removing /home/davide/sesasr_labs/install/examples_rclpy_minimal_publisher/lib/python3.10/site-packages/examples-rclpy-minimal-publisher.egg-link (link to .)
[2.709s] Invoked command in '/home/davide/sesasr_labs/build/examples_rclpy_minimal_publisher' returned '0': PYTHONPATH=/home/davide/sesasr_labs/build/examples_rclpy_minimal_publisher/prefix_override:/home/davide/sesasr_labs/install/examples_rclpy_minimal_publisher/lib/python3.10/site-packages:${PYTHONPATH} /usr/bin/python3 setup.py develop --uninstall --editable --build-directory /home/davide/sesasr_labs/build/examples_rclpy_minimal_publisher/build
[2.712s] Invoking command in '/home/davide/sesasr_labs/src/examples/rclpy/topics/minimal_publisher': PYTHONPATH=/home/davide/sesasr_labs/build/examples_rclpy_minimal_publisher/prefix_override:/home/davide/sesasr_labs/install/examples_rclpy_minimal_publisher/lib/python3.10/site-packages:${PYTHONPATH} /usr/bin/python3 setup.py egg_info --egg-base ../../../../../build/examples_rclpy_minimal_publisher build --build-base /home/davide/sesasr_labs/build/examples_rclpy_minimal_publisher/build install --record /home/davide/sesasr_labs/build/examples_rclpy_minimal_publisher/install.log --single-version-externally-managed
[2.900s] running egg_info
[2.901s] writing ../../../../../build/examples_rclpy_minimal_publisher/examples_rclpy_minimal_publisher.egg-info/PKG-INFO
[2.901s] writing dependency_links to ../../../../../build/examples_rclpy_minimal_publisher/examples_rclpy_minimal_publisher.egg-info/dependency_links.txt
[2.902s] writing entry points to ../../../../../build/examples_rclpy_minimal_publisher/examples_rclpy_minimal_publisher.egg-info/entry_points.txt
[2.902s] writing requirements to ../../../../../build/examples_rclpy_minimal_publisher/examples_rclpy_minimal_publisher.egg-info/requires.txt
[2.902s] writing top-level names to ../../../../../build/examples_rclpy_minimal_publisher/examples_rclpy_minimal_publisher.egg-info/top_level.txt
[2.903s] reading manifest file '../../../../../build/examples_rclpy_minimal_publisher/examples_rclpy_minimal_publisher.egg-info/SOURCES.txt'
[2.904s] writing manifest file '../../../../../build/examples_rclpy_minimal_publisher/examples_rclpy_minimal_publisher.egg-info/SOURCES.txt'
[2.905s] running build
[2.905s] running build_py
[2.906s] creating /home/davide/sesasr_labs/build/examples_rclpy_minimal_publisher/build
[2.906s] creating /home/davide/sesasr_labs/build/examples_rclpy_minimal_publisher/build/lib
[2.906s] creating /home/davide/sesasr_labs/build/examples_rclpy_minimal_publisher/build/lib/examples_rclpy_minimal_publisher
[2.906s] copying examples_rclpy_minimal_publisher/publisher_local_function.py -> /home/davide/sesasr_labs/build/examples_rclpy_minimal_publisher/build/lib/examples_rclpy_minimal_publisher
[2.907s] copying examples_rclpy_minimal_publisher/publisher_old_school.py -> /home/davide/sesasr_labs/build/examples_rclpy_minimal_publisher/build/lib/examples_rclpy_minimal_publisher
[2.907s] copying examples_rclpy_minimal_publisher/__init__.py -> /home/davide/sesasr_labs/build/examples_rclpy_minimal_publisher/build/lib/examples_rclpy_minimal_publisher
[2.907s] copying examples_rclpy_minimal_publisher/publisher_member_function.py -> /home/davide/sesasr_labs/build/examples_rclpy_minimal_publisher/build/lib/examples_rclpy_minimal_publisher
[2.908s] running install
[2.908s] /usr/lib/python3/dist-packages/setuptools/command/install.py:34: SetuptoolsDeprecationWarning: setup.py install is deprecated. Use build and pip and other standards-based tools.
[2.908s]   warnings.warn(
[2.909s] running install_lib
[2.909s] creating /home/davide/sesasr_labs/install/examples_rclpy_minimal_publisher/lib/python3.10/site-packages/examples_rclpy_minimal_publisher
[2.909s] copying /home/davide/sesasr_labs/build/examples_rclpy_minimal_publisher/build/lib/examples_rclpy_minimal_publisher/publisher_local_function.py -> /home/davide/sesasr_labs/install/examples_rclpy_minimal_publisher/lib/python3.10/site-packages/examples_rclpy_minimal_publisher
[2.909s] copying /home/davide/sesasr_labs/build/examples_rclpy_minimal_publisher/build/lib/examples_rclpy_minimal_publisher/publisher_old_school.py -> /home/davide/sesasr_labs/install/examples_rclpy_minimal_publisher/lib/python3.10/site-packages/examples_rclpy_minimal_publisher
[2.910s] copying /home/davide/sesasr_labs/build/examples_rclpy_minimal_publisher/build/lib/examples_rclpy_minimal_publisher/__init__.py -> /home/davide/sesasr_labs/install/examples_rclpy_minimal_publisher/lib/python3.10/site-packages/examples_rclpy_minimal_publisher
[2.911s] copying /home/davide/sesasr_labs/build/examples_rclpy_minimal_publisher/build/lib/examples_rclpy_minimal_publisher/publisher_member_function.py -> /home/davide/sesasr_labs/install/examples_rclpy_minimal_publisher/lib/python3.10/site-packages/examples_rclpy_minimal_publisher
[2.912s] byte-compiling /home/davide/sesasr_labs/install/examples_rclpy_minimal_publisher/lib/python3.10/site-packages/examples_rclpy_minimal_publisher/publisher_local_function.py to publisher_local_function.cpython-310.pyc
[2.912s] byte-compiling /home/davide/sesasr_labs/install/examples_rclpy_minimal_publisher/lib/python3.10/site-packages/examples_rclpy_minimal_publisher/publisher_old_school.py to publisher_old_school.cpython-310.pyc
[2.912s] byte-compiling /home/davide/sesasr_labs/install/examples_rclpy_minimal_publisher/lib/python3.10/site-packages/examples_rclpy_minimal_publisher/__init__.py to __init__.cpython-310.pyc
[2.913s] byte-compiling /home/davide/sesasr_labs/install/examples_rclpy_minimal_publisher/lib/python3.10/site-packages/examples_rclpy_minimal_publisher/publisher_member_function.py to publisher_member_function.cpython-310.pyc
[2.913s] running install_data
[2.913s] running install_egg_info
[2.914s] Copying ../../../../../build/examples_rclpy_minimal_publisher/examples_rclpy_minimal_publisher.egg-info to /home/davide/sesasr_labs/install/examples_rclpy_minimal_publisher/lib/python3.10/site-packages/examples_rclpy_minimal_publisher-0.15.1-py3.10.egg-info
[2.914s] running install_scripts
[2.927s] Installing publisher_local_function script to /home/davide/sesasr_labs/install/examples_rclpy_minimal_publisher/lib/examples_rclpy_minimal_publisher
[2.927s] Installing publisher_member_function script to /home/davide/sesasr_labs/install/examples_rclpy_minimal_publisher/lib/examples_rclpy_minimal_publisher
[2.928s] Installing publisher_old_school script to /home/davide/sesasr_labs/install/examples_rclpy_minimal_publisher/lib/examples_rclpy_minimal_publisher
[2.929s] writing list of installed files to '/home/davide/sesasr_labs/build/examples_rclpy_minimal_publisher/install.log'
[3.180s] Invoked command in '/home/davide/sesasr_labs/src/examples/rclpy/topics/minimal_publisher' returned '0': PYTHONPATH=/home/davide/sesasr_labs/build/examples_rclpy_minimal_publisher/prefix_override:/home/davide/sesasr_labs/install/examples_rclpy_minimal_publisher/lib/python3.10/site-packages:${PYTHONPATH} /usr/bin/python3 setup.py egg_info --egg-base ../../../../../build/examples_rclpy_minimal_publisher build --build-base /home/davide/sesasr_labs/build/examples_rclpy_minimal_publisher/build install --record /home/davide/sesasr_labs/build/examples_rclpy_minimal_publisher/install.log --single-version-externally-managed
