[1.762s] Invoking command in '/home/davide/sesasr_labs/build/examples_rclpy_executors': PYTHONPATH=/home/davide/sesasr_labs/build/examples_rclpy_executors/prefix_override:/home/davide/sesasr_labs/install/examples_rclpy_executors/lib/python3.10/site-packages:${PYTHONPATH} /usr/bin/python3 setup.py develop --editable --build-directory /home/davide/sesasr_labs/build/examples_rclpy_executors/build --no-deps install_data
[2.122s] running develop
[2.122s] /usr/lib/python3/dist-packages/setuptools/command/easy_install.py:158: EasyInstallDeprecationWarning: easy_install command is deprecated. Use build and pip and other standards-based tools.
[2.122s]   warnings.warn(
[2.124s] /usr/lib/python3/dist-packages/setuptools/command/install.py:34: SetuptoolsDeprecationWarning: setup.py install is deprecated. Use build and pip and other standards-based tools.
[2.124s]   warnings.warn(
[2.309s] running egg_info
[2.309s] writing examples_rclpy_executors.egg-info/PKG-INFO
[2.310s] writing dependency_links to examples_rclpy_executors.egg-info/dependency_links.txt
[2.310s] writing entry points to examples_rclpy_executors.egg-info/entry_points.txt
[2.310s] writing requirements to examples_rclpy_executors.egg-info/requires.txt
[2.310s] writing top-level names to examples_rclpy_executors.egg-info/top_level.txt
[2.313s] reading manifest file 'examples_rclpy_executors.egg-info/SOURCES.txt'
[2.315s] writing manifest file 'examples_rclpy_executors.egg-info/SOURCES.txt'
[2.316s] running build_ext
[2.317s] Creating /home/davide/sesasr_labs/install/examples_rclpy_executors/lib/python3.10/site-packages/examples-rclpy-executors.egg-link (link to .)
[2.318s] Installing callback_group script to /home/davide/sesasr_labs/install/examples_rclpy_executors/lib/examples_rclpy_executors
[2.318s] Installing composed script to /home/davide/sesasr_labs/install/examples_rclpy_executors/lib/examples_rclpy_executors
[2.318s] Installing custom_callback_group script to /home/davide/sesasr_labs/install/examples_rclpy_executors/lib/examples_rclpy_executors
[2.318s] Installing custom_executor script to /home/davide/sesasr_labs/install/examples_rclpy_executors/lib/examples_rclpy_executors
[2.318s] Installing listener script to /home/davide/sesasr_labs/install/examples_rclpy_executors/lib/examples_rclpy_executors
[2.319s] Installing talker script to /home/davide/sesasr_labs/install/examples_rclpy_executors/lib/examples_rclpy_executors
[2.319s] 
[2.319s] Installed /home/davide/sesasr_labs/build/examples_rclpy_executors
[2.319s] running install_data
[2.491s] Invoked command in '/home/davide/sesasr_labs/build/examples_rclpy_executors' returned '0': PYTHONPATH=/home/davide/sesasr_labs/build/examples_rclpy_executors/prefix_override:/home/davide/sesasr_labs/install/examples_rclpy_executors/lib/python3.10/site-packages:${PYTHONPATH} /usr/bin/python3 setup.py develop --editable --build-directory /home/davide/sesasr_labs/build/examples_rclpy_executors/build --no-deps install_data
